[2024-09-21 22:46:47,695][main][INFO] - Experiment name is RSD
[2024-09-21 22:46:49,021][main][INFO] - Model loaded
[2024-09-21 22:46:50,153][main][INFO] - Degradation model loaded. The experiment corresponds to phase_retrieval
[2024-09-21 22:46:50,154][main][INFO] - Dataset size is 1000
[2024-09-21 22:46:50,410][main][INFO] - Input image:00000.png
[2024-09-21 22:46:50,458][main][INFO] - Images loaded and measurements generated
[2024-09-21 22:46:50,593][main][INFO] - Degradated image y saved in /home/nicolas/Repulsive-score-distillation-RSD-/constrained_sampling/_exp/deg/x_deg.png
[2024-09-21 22:46:50,593][main][INFO] - Running setting with coeff: 0,                             lr: (0.3, 0.6),                             rho_reg: 0.08,                             w_t: 0.02
[2024-09-21 23:03:25,707][main][INFO] - Done. You can fine the generated images in /home/nicolas/Repulsive-score-distillation-RSD-/constrained_sampling/_exp/output/rsd_stable/phase_retrieval
[2024-09-21 23:03:25,708][main][INFO] - Input image:00001.png
[2024-09-21 23:03:25,711][main][INFO] - Images loaded and measurements generated
[2024-09-21 23:03:25,829][main][INFO] - Degradated image y saved in /home/nicolas/Repulsive-score-distillation-RSD-/constrained_sampling/_exp/deg/x_deg.png
[2024-09-21 23:03:25,830][main][INFO] - Running setting with coeff: 0,                             lr: (0.3, 0.6),                             rho_reg: 0.08,                             w_t: 0.02
[2024-09-21 23:20:01,448][main][INFO] - Done. You can fine the generated images in /home/nicolas/Repulsive-score-distillation-RSD-/constrained_sampling/_exp/output/rsd_stable/phase_retrieval
[2024-09-21 23:20:01,449][main][INFO] - Input image:00002.png
[2024-09-21 23:20:01,452][main][INFO] - Images loaded and measurements generated
[2024-09-21 23:20:01,559][main][INFO] - Degradated image y saved in /home/nicolas/Repulsive-score-distillation-RSD-/constrained_sampling/_exp/deg/x_deg.png
[2024-09-21 23:20:01,559][main][INFO] - Running setting with coeff: 0,                             lr: (0.3, 0.6),                             rho_reg: 0.08,                             w_t: 0.02
[2024-09-21 23:36:40,856][main][INFO] - Done. You can fine the generated images in /home/nicolas/Repulsive-score-distillation-RSD-/constrained_sampling/_exp/output/rsd_stable/phase_retrieval
[2024-09-21 23:36:40,856][main][INFO] - Input image:00003.png
[2024-09-21 23:36:40,859][main][INFO] - Images loaded and measurements generated
[2024-09-21 23:36:40,972][main][INFO] - Degradated image y saved in /home/nicolas/Repulsive-score-distillation-RSD-/constrained_sampling/_exp/deg/x_deg.png
[2024-09-21 23:36:40,972][main][INFO] - Running setting with coeff: 0,                             lr: (0.3, 0.6),                             rho_reg: 0.08,                             w_t: 0.02
[2024-09-21 23:53:18,828][main][INFO] - Done. You can fine the generated images in /home/nicolas/Repulsive-score-distillation-RSD-/constrained_sampling/_exp/output/rsd_stable/phase_retrieval
[2024-09-21 23:53:18,828][main][INFO] - Input image:00004.png
[2024-09-21 23:53:18,831][main][INFO] - Images loaded and measurements generated
[2024-09-21 23:53:18,958][main][INFO] - Degradated image y saved in /home/nicolas/Repulsive-score-distillation-RSD-/constrained_sampling/_exp/deg/x_deg.png
[2024-09-21 23:53:18,958][main][INFO] - Running setting with coeff: 0,                             lr: (0.3, 0.6),                             rho_reg: 0.08,                             w_t: 0.02
[2024-09-22 00:09:55,124][main][INFO] - Done. You can fine the generated images in /home/nicolas/Repulsive-score-distillation-RSD-/constrained_sampling/_exp/output/rsd_stable/phase_retrieval
[2024-09-22 00:09:55,124][main][INFO] - Input image:00005.png
[2024-09-22 00:09:55,127][main][INFO] - Images loaded and measurements generated
[2024-09-22 00:09:55,247][main][INFO] - Degradated image y saved in /home/nicolas/Repulsive-score-distillation-RSD-/constrained_sampling/_exp/deg/x_deg.png
[2024-09-22 00:09:55,247][main][INFO] - Running setting with coeff: 0,                             lr: (0.3, 0.6),                             rho_reg: 0.08,                             w_t: 0.02
[2024-09-22 00:26:34,142][main][INFO] - Done. You can fine the generated images in /home/nicolas/Repulsive-score-distillation-RSD-/constrained_sampling/_exp/output/rsd_stable/phase_retrieval
[2024-09-22 00:26:34,142][main][INFO] - Input image:00006.png
[2024-09-22 00:26:34,146][main][INFO] - Images loaded and measurements generated
[2024-09-22 00:26:34,248][main][INFO] - Degradated image y saved in /home/nicolas/Repulsive-score-distillation-RSD-/constrained_sampling/_exp/deg/x_deg.png
[2024-09-22 00:26:34,248][main][INFO] - Running setting with coeff: 0,                             lr: (0.3, 0.6),                             rho_reg: 0.08,                             w_t: 0.02
[2024-09-22 00:43:14,719][main][INFO] - Done. You can fine the generated images in /home/nicolas/Repulsive-score-distillation-RSD-/constrained_sampling/_exp/output/rsd_stable/phase_retrieval
[2024-09-22 00:43:14,720][main][INFO] - Input image:00007.png
[2024-09-22 00:43:14,723][main][INFO] - Images loaded and measurements generated
[2024-09-22 00:43:14,843][main][INFO] - Degradated image y saved in /home/nicolas/Repulsive-score-distillation-RSD-/constrained_sampling/_exp/deg/x_deg.png
[2024-09-22 00:43:14,844][main][INFO] - Running setting with coeff: 0,                             lr: (0.3, 0.6),                             rho_reg: 0.08,                             w_t: 0.02
[2024-09-22 00:59:53,464][main][INFO] - Done. You can fine the generated images in /home/nicolas/Repulsive-score-distillation-RSD-/constrained_sampling/_exp/output/rsd_stable/phase_retrieval
[2024-09-22 00:59:53,465][main][INFO] - Input image:00008.png
[2024-09-22 00:59:53,468][main][INFO] - Images loaded and measurements generated
[2024-09-22 00:59:53,591][main][INFO] - Degradated image y saved in /home/nicolas/Repulsive-score-distillation-RSD-/constrained_sampling/_exp/deg/x_deg.png
[2024-09-22 00:59:53,591][main][INFO] - Running setting with coeff: 0,                             lr: (0.3, 0.6),                             rho_reg: 0.08,                             w_t: 0.02
[2024-09-22 01:16:32,113][main][INFO] - Done. You can fine the generated images in /home/nicolas/Repulsive-score-distillation-RSD-/constrained_sampling/_exp/output/rsd_stable/phase_retrieval
[2024-09-22 01:16:32,114][main][INFO] - Input image:00009.png
[2024-09-22 01:16:32,117][main][INFO] - Images loaded and measurements generated
[2024-09-22 01:16:32,223][main][INFO] - Degradated image y saved in /home/nicolas/Repulsive-score-distillation-RSD-/constrained_sampling/_exp/deg/x_deg.png
[2024-09-22 01:16:32,223][main][INFO] - Running setting with coeff: 0,                             lr: (0.3, 0.6),                             rho_reg: 0.08,                             w_t: 0.02
[2024-09-22 01:33:12,363][main][INFO] - Done. You can fine the generated images in /home/nicolas/Repulsive-score-distillation-RSD-/constrained_sampling/_exp/output/rsd_stable/phase_retrieval
[2024-09-22 01:33:12,364][main][INFO] - Input image:00010.png
[2024-09-22 01:33:12,372][main][INFO] - Images loaded and measurements generated
[2024-09-22 01:33:12,495][main][INFO] - Degradated image y saved in /home/nicolas/Repulsive-score-distillation-RSD-/constrained_sampling/_exp/deg/x_deg.png
[2024-09-22 01:33:12,495][main][INFO] - Running setting with coeff: 0,                             lr: (0.3, 0.6),                             rho_reg: 0.08,                             w_t: 0.02
[2024-09-22 01:49:50,529][main][INFO] - Done. You can fine the generated images in /home/nicolas/Repulsive-score-distillation-RSD-/constrained_sampling/_exp/output/rsd_stable/phase_retrieval
[2024-09-22 01:49:50,529][main][INFO] - Input image:00011.png
[2024-09-22 01:49:50,532][main][INFO] - Images loaded and measurements generated
[2024-09-22 01:49:50,646][main][INFO] - Degradated image y saved in /home/nicolas/Repulsive-score-distillation-RSD-/constrained_sampling/_exp/deg/x_deg.png
[2024-09-22 01:49:50,646][main][INFO] - Running setting with coeff: 0,                             lr: (0.3, 0.6),                             rho_reg: 0.08,                             w_t: 0.02
[2024-09-22 02:06:30,578][main][INFO] - Done. You can fine the generated images in /home/nicolas/Repulsive-score-distillation-RSD-/constrained_sampling/_exp/output/rsd_stable/phase_retrieval
[2024-09-22 02:06:30,578][main][INFO] - Input image:00012.png
[2024-09-22 02:06:30,581][main][INFO] - Images loaded and measurements generated
[2024-09-22 02:06:30,695][main][INFO] - Degradated image y saved in /home/nicolas/Repulsive-score-distillation-RSD-/constrained_sampling/_exp/deg/x_deg.png
[2024-09-22 02:06:30,695][main][INFO] - Running setting with coeff: 0,                             lr: (0.3, 0.6),                             rho_reg: 0.08,                             w_t: 0.02
[2024-09-22 02:23:12,709][main][INFO] - Done. You can fine the generated images in /home/nicolas/Repulsive-score-distillation-RSD-/constrained_sampling/_exp/output/rsd_stable/phase_retrieval
[2024-09-22 02:23:12,709][main][INFO] - Input image:00013.png
[2024-09-22 02:23:12,712][main][INFO] - Images loaded and measurements generated
[2024-09-22 02:23:12,829][main][INFO] - Degradated image y saved in /home/nicolas/Repulsive-score-distillation-RSD-/constrained_sampling/_exp/deg/x_deg.png
[2024-09-22 02:23:12,830][main][INFO] - Running setting with coeff: 0,                             lr: (0.3, 0.6),                             rho_reg: 0.08,                             w_t: 0.02
[2024-09-22 02:39:52,157][main][INFO] - Done. You can fine the generated images in /home/nicolas/Repulsive-score-distillation-RSD-/constrained_sampling/_exp/output/rsd_stable/phase_retrieval
[2024-09-22 02:39:52,157][main][INFO] - Input image:00014.png
[2024-09-22 02:39:52,160][main][INFO] - Images loaded and measurements generated
[2024-09-22 02:39:52,278][main][INFO] - Degradated image y saved in /home/nicolas/Repulsive-score-distillation-RSD-/constrained_sampling/_exp/deg/x_deg.png
[2024-09-22 02:39:52,278][main][INFO] - Running setting with coeff: 0,                             lr: (0.3, 0.6),                             rho_reg: 0.08,                             w_t: 0.02
[2024-09-22 02:56:32,532][main][INFO] - Done. You can fine the generated images in /home/nicolas/Repulsive-score-distillation-RSD-/constrained_sampling/_exp/output/rsd_stable/phase_retrieval
[2024-09-22 02:56:32,532][main][INFO] - Input image:00015.png
[2024-09-22 02:56:32,535][main][INFO] - Images loaded and measurements generated
[2024-09-22 02:56:32,646][main][INFO] - Degradated image y saved in /home/nicolas/Repulsive-score-distillation-RSD-/constrained_sampling/_exp/deg/x_deg.png
[2024-09-22 02:56:32,646][main][INFO] - Running setting with coeff: 0,                             lr: (0.3, 0.6),                             rho_reg: 0.08,                             w_t: 0.02
[2024-09-22 03:13:15,477][main][INFO] - Done. You can fine the generated images in /home/nicolas/Repulsive-score-distillation-RSD-/constrained_sampling/_exp/output/rsd_stable/phase_retrieval
[2024-09-22 03:13:15,477][main][INFO] - Input image:00016.png
[2024-09-22 03:13:15,480][main][INFO] - Images loaded and measurements generated
[2024-09-22 03:13:15,595][main][INFO] - Degradated image y saved in /home/nicolas/Repulsive-score-distillation-RSD-/constrained_sampling/_exp/deg/x_deg.png
[2024-09-22 03:13:15,595][main][INFO] - Running setting with coeff: 0,                             lr: (0.3, 0.6),                             rho_reg: 0.08,                             w_t: 0.02
[2024-09-22 03:29:56,210][main][INFO] - Done. You can fine the generated images in /home/nicolas/Repulsive-score-distillation-RSD-/constrained_sampling/_exp/output/rsd_stable/phase_retrieval
[2024-09-22 03:29:56,210][main][INFO] - Input image:00017.png
[2024-09-22 03:29:56,213][main][INFO] - Images loaded and measurements generated
[2024-09-22 03:29:56,317][main][INFO] - Degradated image y saved in /home/nicolas/Repulsive-score-distillation-RSD-/constrained_sampling/_exp/deg/x_deg.png
[2024-09-22 03:29:56,317][main][INFO] - Running setting with coeff: 0,                             lr: (0.3, 0.6),                             rho_reg: 0.08,                             w_t: 0.02
[2024-09-22 03:46:37,150][main][INFO] - Done. You can fine the generated images in /home/nicolas/Repulsive-score-distillation-RSD-/constrained_sampling/_exp/output/rsd_stable/phase_retrieval
[2024-09-22 03:46:37,150][main][INFO] - Input image:00018.png
[2024-09-22 03:46:37,154][main][INFO] - Images loaded and measurements generated
[2024-09-22 03:46:37,270][main][INFO] - Degradated image y saved in /home/nicolas/Repulsive-score-distillation-RSD-/constrained_sampling/_exp/deg/x_deg.png
[2024-09-22 03:46:37,270][main][INFO] - Running setting with coeff: 0,                             lr: (0.3, 0.6),                             rho_reg: 0.08,                             w_t: 0.02
[2024-09-22 04:03:18,964][main][INFO] - Done. You can fine the generated images in /home/nicolas/Repulsive-score-distillation-RSD-/constrained_sampling/_exp/output/rsd_stable/phase_retrieval
[2024-09-22 04:03:18,965][main][INFO] - Input image:00019.png
[2024-09-22 04:03:18,967][main][INFO] - Images loaded and measurements generated
[2024-09-22 04:03:19,088][main][INFO] - Degradated image y saved in /home/nicolas/Repulsive-score-distillation-RSD-/constrained_sampling/_exp/deg/x_deg.png
[2024-09-22 04:03:19,088][main][INFO] - Running setting with coeff: 0,                             lr: (0.3, 0.6),                             rho_reg: 0.08,                             w_t: 0.02
[2024-09-22 04:20:00,427][main][INFO] - Done. You can fine the generated images in /home/nicolas/Repulsive-score-distillation-RSD-/constrained_sampling/_exp/output/rsd_stable/phase_retrieval
[2024-09-22 04:20:00,427][main][INFO] - Input image:00020.png
[2024-09-22 04:20:00,431][main][INFO] - Images loaded and measurements generated
[2024-09-22 04:20:00,546][main][INFO] - Degradated image y saved in /home/nicolas/Repulsive-score-distillation-RSD-/constrained_sampling/_exp/deg/x_deg.png
[2024-09-22 04:20:00,547][main][INFO] - Running setting with coeff: 0,                             lr: (0.3, 0.6),                             rho_reg: 0.08,                             w_t: 0.02
[2024-09-22 04:36:43,694][main][INFO] - Done. You can fine the generated images in /home/nicolas/Repulsive-score-distillation-RSD-/constrained_sampling/_exp/output/rsd_stable/phase_retrieval
[2024-09-22 04:36:43,695][main][INFO] - Input image:00021.png
[2024-09-22 04:36:43,697][main][INFO] - Images loaded and measurements generated
[2024-09-22 04:36:43,807][main][INFO] - Degradated image y saved in /home/nicolas/Repulsive-score-distillation-RSD-/constrained_sampling/_exp/deg/x_deg.png
[2024-09-22 04:36:43,807][main][INFO] - Running setting with coeff: 0,                             lr: (0.3, 0.6),                             rho_reg: 0.08,                             w_t: 0.02
[2024-09-22 04:53:26,767][main][INFO] - Done. You can fine the generated images in /home/nicolas/Repulsive-score-distillation-RSD-/constrained_sampling/_exp/output/rsd_stable/phase_retrieval
[2024-09-22 04:53:26,767][main][INFO] - Input image:00022.png
[2024-09-22 04:53:26,771][main][INFO] - Images loaded and measurements generated
[2024-09-22 04:53:26,904][main][INFO] - Degradated image y saved in /home/nicolas/Repulsive-score-distillation-RSD-/constrained_sampling/_exp/deg/x_deg.png
[2024-09-22 04:53:26,904][main][INFO] - Running setting with coeff: 0,                             lr: (0.3, 0.6),                             rho_reg: 0.08,                             w_t: 0.02
[2024-09-22 05:10:06,897][main][INFO] - Done. You can fine the generated images in /home/nicolas/Repulsive-score-distillation-RSD-/constrained_sampling/_exp/output/rsd_stable/phase_retrieval
[2024-09-22 05:10:06,897][main][INFO] - Input image:00023.png
[2024-09-22 05:10:06,901][main][INFO] - Images loaded and measurements generated
[2024-09-22 05:10:07,018][main][INFO] - Degradated image y saved in /home/nicolas/Repulsive-score-distillation-RSD-/constrained_sampling/_exp/deg/x_deg.png
[2024-09-22 05:10:07,018][main][INFO] - Running setting with coeff: 0,                             lr: (0.3, 0.6),                             rho_reg: 0.08,                             w_t: 0.02
[2024-09-22 05:26:50,365][main][INFO] - Done. You can fine the generated images in /home/nicolas/Repulsive-score-distillation-RSD-/constrained_sampling/_exp/output/rsd_stable/phase_retrieval
[2024-09-22 05:26:50,365][main][INFO] - Input image:00024.png
[2024-09-22 05:26:50,368][main][INFO] - Images loaded and measurements generated
[2024-09-22 05:26:50,491][main][INFO] - Degradated image y saved in /home/nicolas/Repulsive-score-distillation-RSD-/constrained_sampling/_exp/deg/x_deg.png
[2024-09-22 05:26:50,491][main][INFO] - Running setting with coeff: 0,                             lr: (0.3, 0.6),                             rho_reg: 0.08,                             w_t: 0.02
[2024-09-22 05:43:31,236][main][INFO] - Done. You can fine the generated images in /home/nicolas/Repulsive-score-distillation-RSD-/constrained_sampling/_exp/output/rsd_stable/phase_retrieval
[2024-09-22 05:43:31,236][main][INFO] - Input image:00025.png
[2024-09-22 05:43:31,239][main][INFO] - Images loaded and measurements generated
[2024-09-22 05:43:31,365][main][INFO] - Degradated image y saved in /home/nicolas/Repulsive-score-distillation-RSD-/constrained_sampling/_exp/deg/x_deg.png
[2024-09-22 05:43:31,366][main][INFO] - Running setting with coeff: 0,                             lr: (0.3, 0.6),                             rho_reg: 0.08,                             w_t: 0.02
[2024-09-22 06:00:12,189][main][INFO] - Done. You can fine the generated images in /home/nicolas/Repulsive-score-distillation-RSD-/constrained_sampling/_exp/output/rsd_stable/phase_retrieval
[2024-09-22 06:00:12,190][main][INFO] - Input image:00026.png
[2024-09-22 06:00:12,199][main][INFO] - Images loaded and measurements generated
[2024-09-22 06:00:12,313][main][INFO] - Degradated image y saved in /home/nicolas/Repulsive-score-distillation-RSD-/constrained_sampling/_exp/deg/x_deg.png
[2024-09-22 06:00:12,313][main][INFO] - Running setting with coeff: 0,                             lr: (0.3, 0.6),                             rho_reg: 0.08,                             w_t: 0.02
[2024-09-22 06:16:53,713][main][INFO] - Done. You can fine the generated images in /home/nicolas/Repulsive-score-distillation-RSD-/constrained_sampling/_exp/output/rsd_stable/phase_retrieval
[2024-09-22 06:16:53,713][main][INFO] - Input image:00027.png
[2024-09-22 06:16:53,716][main][INFO] - Images loaded and measurements generated
[2024-09-22 06:16:53,844][main][INFO] - Degradated image y saved in /home/nicolas/Repulsive-score-distillation-RSD-/constrained_sampling/_exp/deg/x_deg.png
[2024-09-22 06:16:53,844][main][INFO] - Running setting with coeff: 0,                             lr: (0.3, 0.6),                             rho_reg: 0.08,                             w_t: 0.02
[2024-09-22 06:33:24,140][main][INFO] - Done. You can fine the generated images in /home/nicolas/Repulsive-score-distillation-RSD-/constrained_sampling/_exp/output/rsd_stable/phase_retrieval
[2024-09-22 06:33:24,141][main][INFO] - Input image:00028.png
[2024-09-22 06:33:24,144][main][INFO] - Images loaded and measurements generated
[2024-09-22 06:33:24,256][main][INFO] - Degradated image y saved in /home/nicolas/Repulsive-score-distillation-RSD-/constrained_sampling/_exp/deg/x_deg.png
[2024-09-22 06:33:24,256][main][INFO] - Running setting with coeff: 0,                             lr: (0.3, 0.6),                             rho_reg: 0.08,                             w_t: 0.02
[2024-09-22 06:49:55,632][main][INFO] - Done. You can fine the generated images in /home/nicolas/Repulsive-score-distillation-RSD-/constrained_sampling/_exp/output/rsd_stable/phase_retrieval
[2024-09-22 06:49:55,632][main][INFO] - Input image:00029.png
[2024-09-22 06:49:55,635][main][INFO] - Images loaded and measurements generated
[2024-09-22 06:49:55,744][main][INFO] - Degradated image y saved in /home/nicolas/Repulsive-score-distillation-RSD-/constrained_sampling/_exp/deg/x_deg.png
[2024-09-22 06:49:55,744][main][INFO] - Running setting with coeff: 0,                             lr: (0.3, 0.6),                             rho_reg: 0.08,                             w_t: 0.02
[2024-09-22 07:06:25,123][main][INFO] - Done. You can fine the generated images in /home/nicolas/Repulsive-score-distillation-RSD-/constrained_sampling/_exp/output/rsd_stable/phase_retrieval
[2024-09-22 07:06:25,123][main][INFO] - Input image:00030.png
[2024-09-22 07:06:25,126][main][INFO] - Images loaded and measurements generated
[2024-09-22 07:06:25,245][main][INFO] - Degradated image y saved in /home/nicolas/Repulsive-score-distillation-RSD-/constrained_sampling/_exp/deg/x_deg.png
[2024-09-22 07:06:25,245][main][INFO] - Running setting with coeff: 0,                             lr: (0.3, 0.6),                             rho_reg: 0.08,                             w_t: 0.02
[2024-09-22 07:22:51,885][main][INFO] - Done. You can fine the generated images in /home/nicolas/Repulsive-score-distillation-RSD-/constrained_sampling/_exp/output/rsd_stable/phase_retrieval
[2024-09-22 07:22:51,885][main][INFO] - Input image:00031.png
[2024-09-22 07:22:51,889][main][INFO] - Images loaded and measurements generated
[2024-09-22 07:22:52,015][main][INFO] - Degradated image y saved in /home/nicolas/Repulsive-score-distillation-RSD-/constrained_sampling/_exp/deg/x_deg.png
[2024-09-22 07:22:52,015][main][INFO] - Running setting with coeff: 0,                             lr: (0.3, 0.6),                             rho_reg: 0.08,                             w_t: 0.02
[2024-09-22 07:39:14,906][main][INFO] - Done. You can fine the generated images in /home/nicolas/Repulsive-score-distillation-RSD-/constrained_sampling/_exp/output/rsd_stable/phase_retrieval
[2024-09-22 07:39:14,906][main][INFO] - Input image:00032.png
[2024-09-22 07:39:14,909][main][INFO] - Images loaded and measurements generated
[2024-09-22 07:39:15,018][main][INFO] - Degradated image y saved in /home/nicolas/Repulsive-score-distillation-RSD-/constrained_sampling/_exp/deg/x_deg.png
[2024-09-22 07:39:15,018][main][INFO] - Running setting with coeff: 0,                             lr: (0.3, 0.6),                             rho_reg: 0.08,                             w_t: 0.02
[2024-09-22 07:55:40,983][main][INFO] - Done. You can fine the generated images in /home/nicolas/Repulsive-score-distillation-RSD-/constrained_sampling/_exp/output/rsd_stable/phase_retrieval
[2024-09-22 07:55:40,984][main][INFO] - Input image:00033.png
[2024-09-22 07:55:40,987][main][INFO] - Images loaded and measurements generated
[2024-09-22 07:55:41,089][main][INFO] - Degradated image y saved in /home/nicolas/Repulsive-score-distillation-RSD-/constrained_sampling/_exp/deg/x_deg.png
[2024-09-22 07:55:41,089][main][INFO] - Running setting with coeff: 0,                             lr: (0.3, 0.6),                             rho_reg: 0.08,                             w_t: 0.02
[2024-09-22 08:12:06,645][main][INFO] - Done. You can fine the generated images in /home/nicolas/Repulsive-score-distillation-RSD-/constrained_sampling/_exp/output/rsd_stable/phase_retrieval
[2024-09-22 08:12:06,645][main][INFO] - Input image:00034.png
[2024-09-22 08:12:06,649][main][INFO] - Images loaded and measurements generated
[2024-09-22 08:12:06,754][main][INFO] - Degradated image y saved in /home/nicolas/Repulsive-score-distillation-RSD-/constrained_sampling/_exp/deg/x_deg.png
[2024-09-22 08:12:06,754][main][INFO] - Running setting with coeff: 0,                             lr: (0.3, 0.6),                             rho_reg: 0.08,                             w_t: 0.02
[2024-09-22 08:28:31,320][main][INFO] - Done. You can fine the generated images in /home/nicolas/Repulsive-score-distillation-RSD-/constrained_sampling/_exp/output/rsd_stable/phase_retrieval
[2024-09-22 08:28:31,321][main][INFO] - Input image:00035.png
[2024-09-22 08:28:31,329][main][INFO] - Images loaded and measurements generated
[2024-09-22 08:28:31,434][main][INFO] - Degradated image y saved in /home/nicolas/Repulsive-score-distillation-RSD-/constrained_sampling/_exp/deg/x_deg.png
[2024-09-22 08:28:31,434][main][INFO] - Running setting with coeff: 0,                             lr: (0.3, 0.6),                             rho_reg: 0.08,                             w_t: 0.02
[2024-09-22 08:44:55,480][main][INFO] - Done. You can fine the generated images in /home/nicolas/Repulsive-score-distillation-RSD-/constrained_sampling/_exp/output/rsd_stable/phase_retrieval
[2024-09-22 08:44:55,481][main][INFO] - Input image:00036.png
[2024-09-22 08:44:55,484][main][INFO] - Images loaded and measurements generated
[2024-09-22 08:44:55,627][main][INFO] - Degradated image y saved in /home/nicolas/Repulsive-score-distillation-RSD-/constrained_sampling/_exp/deg/x_deg.png
[2024-09-22 08:44:55,627][main][INFO] - Running setting with coeff: 0,                             lr: (0.3, 0.6),                             rho_reg: 0.08,                             w_t: 0.02
[2024-09-22 09:01:13,822][main][INFO] - Done. You can fine the generated images in /home/nicolas/Repulsive-score-distillation-RSD-/constrained_sampling/_exp/output/rsd_stable/phase_retrieval
[2024-09-22 09:01:13,822][main][INFO] - Input image:00037.png
[2024-09-22 09:01:13,826][main][INFO] - Images loaded and measurements generated
[2024-09-22 09:01:13,937][main][INFO] - Degradated image y saved in /home/nicolas/Repulsive-score-distillation-RSD-/constrained_sampling/_exp/deg/x_deg.png
[2024-09-22 09:01:13,938][main][INFO] - Running setting with coeff: 0,                             lr: (0.3, 0.6),                             rho_reg: 0.08,                             w_t: 0.02
[2024-09-22 09:17:38,560][main][INFO] - Done. You can fine the generated images in /home/nicolas/Repulsive-score-distillation-RSD-/constrained_sampling/_exp/output/rsd_stable/phase_retrieval
[2024-09-22 09:17:38,561][main][INFO] - Input image:00038.png
[2024-09-22 09:17:38,565][main][INFO] - Images loaded and measurements generated
[2024-09-22 09:17:38,683][main][INFO] - Degradated image y saved in /home/nicolas/Repulsive-score-distillation-RSD-/constrained_sampling/_exp/deg/x_deg.png
[2024-09-22 09:17:38,683][main][INFO] - Running setting with coeff: 0,                             lr: (0.3, 0.6),                             rho_reg: 0.08,                             w_t: 0.02
[2024-09-22 09:34:00,552][main][INFO] - Done. You can fine the generated images in /home/nicolas/Repulsive-score-distillation-RSD-/constrained_sampling/_exp/output/rsd_stable/phase_retrieval
[2024-09-22 09:34:00,552][main][INFO] - Input image:00039.png
[2024-09-22 09:34:00,555][main][INFO] - Images loaded and measurements generated
[2024-09-22 09:34:00,671][main][INFO] - Degradated image y saved in /home/nicolas/Repulsive-score-distillation-RSD-/constrained_sampling/_exp/deg/x_deg.png
[2024-09-22 09:34:00,671][main][INFO] - Running setting with coeff: 0,                             lr: (0.3, 0.6),                             rho_reg: 0.08,                             w_t: 0.02
[2024-09-22 09:50:22,452][main][INFO] - Done. You can fine the generated images in /home/nicolas/Repulsive-score-distillation-RSD-/constrained_sampling/_exp/output/rsd_stable/phase_retrieval
[2024-09-22 09:50:22,453][main][INFO] - Input image:00040.png
[2024-09-22 09:50:22,455][main][INFO] - Images loaded and measurements generated
[2024-09-22 09:50:22,584][main][INFO] - Degradated image y saved in /home/nicolas/Repulsive-score-distillation-RSD-/constrained_sampling/_exp/deg/x_deg.png
[2024-09-22 09:50:22,585][main][INFO] - Running setting with coeff: 0,                             lr: (0.3, 0.6),                             rho_reg: 0.08,                             w_t: 0.02
[2024-09-22 10:06:43,037][main][INFO] - Done. You can fine the generated images in /home/nicolas/Repulsive-score-distillation-RSD-/constrained_sampling/_exp/output/rsd_stable/phase_retrieval
[2024-09-22 10:06:43,037][main][INFO] - Input image:00041.png
[2024-09-22 10:06:43,040][main][INFO] - Images loaded and measurements generated
[2024-09-22 10:06:43,160][main][INFO] - Degradated image y saved in /home/nicolas/Repulsive-score-distillation-RSD-/constrained_sampling/_exp/deg/x_deg.png
[2024-09-22 10:06:43,160][main][INFO] - Running setting with coeff: 0,                             lr: (0.3, 0.6),                             rho_reg: 0.08,                             w_t: 0.02
[2024-09-22 10:23:04,593][main][INFO] - Done. You can fine the generated images in /home/nicolas/Repulsive-score-distillation-RSD-/constrained_sampling/_exp/output/rsd_stable/phase_retrieval
[2024-09-22 10:23:04,593][main][INFO] - Input image:00042.png
[2024-09-22 10:23:04,596][main][INFO] - Images loaded and measurements generated
[2024-09-22 10:23:04,712][main][INFO] - Degradated image y saved in /home/nicolas/Repulsive-score-distillation-RSD-/constrained_sampling/_exp/deg/x_deg.png
[2024-09-22 10:23:04,713][main][INFO] - Running setting with coeff: 0,                             lr: (0.3, 0.6),                             rho_reg: 0.08,                             w_t: 0.02
[2024-09-22 10:39:36,008][main][INFO] - Done. You can fine the generated images in /home/nicolas/Repulsive-score-distillation-RSD-/constrained_sampling/_exp/output/rsd_stable/phase_retrieval
[2024-09-22 10:39:36,008][main][INFO] - Input image:00043.png
[2024-09-22 10:39:36,016][main][INFO] - Images loaded and measurements generated
[2024-09-22 10:39:36,138][main][INFO] - Degradated image y saved in /home/nicolas/Repulsive-score-distillation-RSD-/constrained_sampling/_exp/deg/x_deg.png
[2024-09-22 10:39:36,138][main][INFO] - Running setting with coeff: 0,                             lr: (0.3, 0.6),                             rho_reg: 0.08,                             w_t: 0.02
[2024-09-22 10:56:05,237][main][INFO] - Done. You can fine the generated images in /home/nicolas/Repulsive-score-distillation-RSD-/constrained_sampling/_exp/output/rsd_stable/phase_retrieval
[2024-09-22 10:56:05,238][main][INFO] - Input image:00044.png
[2024-09-22 10:56:05,240][main][INFO] - Images loaded and measurements generated
[2024-09-22 10:56:05,350][main][INFO] - Degradated image y saved in /home/nicolas/Repulsive-score-distillation-RSD-/constrained_sampling/_exp/deg/x_deg.png
[2024-09-22 10:56:05,350][main][INFO] - Running setting with coeff: 0,                             lr: (0.3, 0.6),                             rho_reg: 0.08,                             w_t: 0.02
[2024-09-22 11:12:37,095][main][INFO] - Done. You can fine the generated images in /home/nicolas/Repulsive-score-distillation-RSD-/constrained_sampling/_exp/output/rsd_stable/phase_retrieval
[2024-09-22 11:12:37,095][main][INFO] - Input image:00045.png
[2024-09-22 11:12:37,098][main][INFO] - Images loaded and measurements generated
[2024-09-22 11:12:37,211][main][INFO] - Degradated image y saved in /home/nicolas/Repulsive-score-distillation-RSD-/constrained_sampling/_exp/deg/x_deg.png
[2024-09-22 11:12:37,211][main][INFO] - Running setting with coeff: 0,                             lr: (0.3, 0.6),                             rho_reg: 0.08,                             w_t: 0.02
[2024-09-22 11:29:10,026][main][INFO] - Done. You can fine the generated images in /home/nicolas/Repulsive-score-distillation-RSD-/constrained_sampling/_exp/output/rsd_stable/phase_retrieval
[2024-09-22 11:29:10,027][main][INFO] - Input image:00046.png
[2024-09-22 11:29:10,030][main][INFO] - Images loaded and measurements generated
[2024-09-22 11:29:10,146][main][INFO] - Degradated image y saved in /home/nicolas/Repulsive-score-distillation-RSD-/constrained_sampling/_exp/deg/x_deg.png
[2024-09-22 11:29:10,146][main][INFO] - Running setting with coeff: 0,                             lr: (0.3, 0.6),                             rho_reg: 0.08,                             w_t: 0.02
[2024-09-22 11:45:38,709][main][INFO] - Done. You can fine the generated images in /home/nicolas/Repulsive-score-distillation-RSD-/constrained_sampling/_exp/output/rsd_stable/phase_retrieval
[2024-09-22 11:45:38,710][main][INFO] - Input image:00047.png
[2024-09-22 11:45:38,713][main][INFO] - Images loaded and measurements generated
[2024-09-22 11:45:38,847][main][INFO] - Degradated image y saved in /home/nicolas/Repulsive-score-distillation-RSD-/constrained_sampling/_exp/deg/x_deg.png
[2024-09-22 11:45:38,847][main][INFO] - Running setting with coeff: 0,                             lr: (0.3, 0.6),                             rho_reg: 0.08,                             w_t: 0.02
[2024-09-22 12:02:04,533][main][INFO] - Done. You can fine the generated images in /home/nicolas/Repulsive-score-distillation-RSD-/constrained_sampling/_exp/output/rsd_stable/phase_retrieval
[2024-09-22 12:02:04,534][main][INFO] - Input image:00048.png
[2024-09-22 12:02:04,537][main][INFO] - Images loaded and measurements generated
[2024-09-22 12:02:04,648][main][INFO] - Degradated image y saved in /home/nicolas/Repulsive-score-distillation-RSD-/constrained_sampling/_exp/deg/x_deg.png
[2024-09-22 12:02:04,648][main][INFO] - Running setting with coeff: 0,                             lr: (0.3, 0.6),                             rho_reg: 0.08,                             w_t: 0.02
[2024-09-22 12:18:37,399][main][INFO] - Done. You can fine the generated images in /home/nicolas/Repulsive-score-distillation-RSD-/constrained_sampling/_exp/output/rsd_stable/phase_retrieval
[2024-09-22 12:18:37,399][main][INFO] - Input image:00049.png
[2024-09-22 12:18:37,402][main][INFO] - Images loaded and measurements generated
[2024-09-22 12:18:37,520][main][INFO] - Degradated image y saved in /home/nicolas/Repulsive-score-distillation-RSD-/constrained_sampling/_exp/deg/x_deg.png
[2024-09-22 12:18:37,520][main][INFO] - Running setting with coeff: 0,                             lr: (0.3, 0.6),                             rho_reg: 0.08,                             w_t: 0.02
[2024-09-22 12:35:09,728][main][INFO] - Done. You can fine the generated images in /home/nicolas/Repulsive-score-distillation-RSD-/constrained_sampling/_exp/output/rsd_stable/phase_retrieval
[2024-09-22 12:35:09,728][main][INFO] - Input image:00050.png
[2024-09-22 12:35:09,731][main][INFO] - Images loaded and measurements generated
[2024-09-22 12:35:09,850][main][INFO] - Degradated image y saved in /home/nicolas/Repulsive-score-distillation-RSD-/constrained_sampling/_exp/deg/x_deg.png
[2024-09-22 12:35:09,850][main][INFO] - Running setting with coeff: 0,                             lr: (0.3, 0.6),                             rho_reg: 0.08,                             w_t: 0.02
[2024-09-22 12:51:40,461][main][INFO] - Done. You can fine the generated images in /home/nicolas/Repulsive-score-distillation-RSD-/constrained_sampling/_exp/output/rsd_stable/phase_retrieval
[2024-09-22 12:51:40,462][main][INFO] - Input image:00051.png
[2024-09-22 12:51:40,467][main][INFO] - Images loaded and measurements generated
[2024-09-22 12:51:40,570][main][INFO] - Degradated image y saved in /home/nicolas/Repulsive-score-distillation-RSD-/constrained_sampling/_exp/deg/x_deg.png
[2024-09-22 12:51:40,570][main][INFO] - Running setting with coeff: 0,                             lr: (0.3, 0.6),                             rho_reg: 0.08,                             w_t: 0.02
[2024-09-22 13:08:15,982][main][INFO] - Done. You can fine the generated images in /home/nicolas/Repulsive-score-distillation-RSD-/constrained_sampling/_exp/output/rsd_stable/phase_retrieval
[2024-09-22 13:08:15,982][main][INFO] - Input image:00052.png
[2024-09-22 13:08:15,985][main][INFO] - Images loaded and measurements generated
[2024-09-22 13:08:16,122][main][INFO] - Degradated image y saved in /home/nicolas/Repulsive-score-distillation-RSD-/constrained_sampling/_exp/deg/x_deg.png
[2024-09-22 13:08:16,122][main][INFO] - Running setting with coeff: 0,                             lr: (0.3, 0.6),                             rho_reg: 0.08,                             w_t: 0.02
[2024-09-22 13:24:46,343][main][INFO] - Done. You can fine the generated images in /home/nicolas/Repulsive-score-distillation-RSD-/constrained_sampling/_exp/output/rsd_stable/phase_retrieval
[2024-09-22 13:24:46,343][main][INFO] - Input image:00053.png
[2024-09-22 13:24:46,346][main][INFO] - Images loaded and measurements generated
[2024-09-22 13:24:46,460][main][INFO] - Degradated image y saved in /home/nicolas/Repulsive-score-distillation-RSD-/constrained_sampling/_exp/deg/x_deg.png
[2024-09-22 13:24:46,460][main][INFO] - Running setting with coeff: 0,                             lr: (0.3, 0.6),                             rho_reg: 0.08,                             w_t: 0.02
[2024-09-22 13:41:19,186][main][INFO] - Done. You can fine the generated images in /home/nicolas/Repulsive-score-distillation-RSD-/constrained_sampling/_exp/output/rsd_stable/phase_retrieval
[2024-09-22 13:41:19,187][main][INFO] - Input image:00054.png
[2024-09-22 13:41:19,189][main][INFO] - Images loaded and measurements generated
[2024-09-22 13:41:19,305][main][INFO] - Degradated image y saved in /home/nicolas/Repulsive-score-distillation-RSD-/constrained_sampling/_exp/deg/x_deg.png
[2024-09-22 13:41:19,305][main][INFO] - Running setting with coeff: 0,                             lr: (0.3, 0.6),                             rho_reg: 0.08,                             w_t: 0.02
[2024-09-22 13:57:51,274][main][INFO] - Done. You can fine the generated images in /home/nicolas/Repulsive-score-distillation-RSD-/constrained_sampling/_exp/output/rsd_stable/phase_retrieval
[2024-09-22 13:57:51,274][main][INFO] - Input image:00055.png
[2024-09-22 13:57:51,278][main][INFO] - Images loaded and measurements generated
[2024-09-22 13:57:51,397][main][INFO] - Degradated image y saved in /home/nicolas/Repulsive-score-distillation-RSD-/constrained_sampling/_exp/deg/x_deg.png
[2024-09-22 13:57:51,398][main][INFO] - Running setting with coeff: 0,                             lr: (0.3, 0.6),                             rho_reg: 0.08,                             w_t: 0.02
