[2024-09-21 13:39:51,354][main][INFO] - Experiment name is RSD
[2024-09-21 13:39:53,061][main][INFO] - Model loaded
[2024-09-21 13:39:54,120][main][INFO] - Degradation model loaded. The experiment corresponds to deblur_motion
[2024-09-21 13:39:54,121][main][INFO] - Dataset size is 1000
[2024-09-21 13:39:54,326][main][INFO] - Input image:00000.png
[2024-09-21 13:39:54,346][main][INFO] - Images loaded and measurements generated
[2024-09-21 13:39:54,468][main][INFO] - Degradated image y saved in /home/nicolas/Repulsive-score-distillation-RSD-/constrained_sampling/_exp/deg/x_deg.png
[2024-09-21 13:39:54,468][main][INFO] - Running setting with coeff: 0,                             lr: (0.3, 0.3),                             rho_reg: 0.009,                             w_t: 0.0001
[2024-09-21 13:48:58,017][main][INFO] - Done. You can fine the generated images in /home/nicolas/Repulsive-score-distillation-RSD-/constrained_sampling/_exp/output/rsd_stable/deblur_motion
[2024-09-21 13:48:58,018][main][INFO] - Input image:00001.png
[2024-09-21 13:48:58,020][main][INFO] - Images loaded and measurements generated
[2024-09-21 13:48:58,126][main][INFO] - Degradated image y saved in /home/nicolas/Repulsive-score-distillation-RSD-/constrained_sampling/_exp/deg/x_deg.png
[2024-09-21 13:48:58,127][main][INFO] - Running setting with coeff: 0,                             lr: (0.3, 0.3),                             rho_reg: 0.009,                             w_t: 0.0001
[2024-09-21 13:58:00,869][main][INFO] - Done. You can fine the generated images in /home/nicolas/Repulsive-score-distillation-RSD-/constrained_sampling/_exp/output/rsd_stable/deblur_motion
[2024-09-21 13:58:00,870][main][INFO] - Input image:00002.png
[2024-09-21 13:58:00,873][main][INFO] - Images loaded and measurements generated
[2024-09-21 13:58:00,972][main][INFO] - Degradated image y saved in /home/nicolas/Repulsive-score-distillation-RSD-/constrained_sampling/_exp/deg/x_deg.png
[2024-09-21 13:58:00,972][main][INFO] - Running setting with coeff: 0,                             lr: (0.3, 0.3),                             rho_reg: 0.009,                             w_t: 0.0001
[2024-09-21 14:07:04,775][main][INFO] - Done. You can fine the generated images in /home/nicolas/Repulsive-score-distillation-RSD-/constrained_sampling/_exp/output/rsd_stable/deblur_motion
[2024-09-21 14:07:04,776][main][INFO] - Input image:00003.png
[2024-09-21 14:07:04,778][main][INFO] - Images loaded and measurements generated
[2024-09-21 14:07:04,878][main][INFO] - Degradated image y saved in /home/nicolas/Repulsive-score-distillation-RSD-/constrained_sampling/_exp/deg/x_deg.png
[2024-09-21 14:07:04,878][main][INFO] - Running setting with coeff: 0,                             lr: (0.3, 0.3),                             rho_reg: 0.009,                             w_t: 0.0001
[2024-09-21 14:16:08,251][main][INFO] - Done. You can fine the generated images in /home/nicolas/Repulsive-score-distillation-RSD-/constrained_sampling/_exp/output/rsd_stable/deblur_motion
[2024-09-21 14:16:08,252][main][INFO] - Input image:00004.png
[2024-09-21 14:16:08,255][main][INFO] - Images loaded and measurements generated
[2024-09-21 14:16:08,368][main][INFO] - Degradated image y saved in /home/nicolas/Repulsive-score-distillation-RSD-/constrained_sampling/_exp/deg/x_deg.png
[2024-09-21 14:16:08,368][main][INFO] - Running setting with coeff: 0,                             lr: (0.3, 0.3),                             rho_reg: 0.009,                             w_t: 0.0001
[2024-09-21 14:25:11,988][main][INFO] - Done. You can fine the generated images in /home/nicolas/Repulsive-score-distillation-RSD-/constrained_sampling/_exp/output/rsd_stable/deblur_motion
[2024-09-21 14:25:11,988][main][INFO] - Input image:00005.png
[2024-09-21 14:25:11,992][main][INFO] - Images loaded and measurements generated
[2024-09-21 14:25:12,090][main][INFO] - Degradated image y saved in /home/nicolas/Repulsive-score-distillation-RSD-/constrained_sampling/_exp/deg/x_deg.png
[2024-09-21 14:25:12,090][main][INFO] - Running setting with coeff: 0,                             lr: (0.3, 0.3),                             rho_reg: 0.009,                             w_t: 0.0001
[2024-09-21 14:34:15,456][main][INFO] - Done. You can fine the generated images in /home/nicolas/Repulsive-score-distillation-RSD-/constrained_sampling/_exp/output/rsd_stable/deblur_motion
[2024-09-21 14:34:15,456][main][INFO] - Input image:00006.png
[2024-09-21 14:34:15,458][main][INFO] - Images loaded and measurements generated
[2024-09-21 14:34:15,560][main][INFO] - Degradated image y saved in /home/nicolas/Repulsive-score-distillation-RSD-/constrained_sampling/_exp/deg/x_deg.png
[2024-09-21 14:34:15,560][main][INFO] - Running setting with coeff: 0,                             lr: (0.3, 0.3),                             rho_reg: 0.009,                             w_t: 0.0001
