[2024-09-21 12:14:44,896][main][INFO] - Experiment name is RED-diff
[2024-09-21 12:14:45,628][model][INFO] - Loading model from /home/nicolas/Repulsive-score-distillation-RSD-/constrained_sampling/_exp/ckpts/ffhq/ffhq_10m.pt..
[2024-09-21 12:14:46,415][main][INFO] - Dataset size is 1000
[2024-09-21 12:14:46,613][main][INFO] - Input image:00000.png
[2024-09-21 12:14:46,704][main][INFO] - Degradated image y saved in /home/nicolas/Repulsive-score-distillation-RSD-/constrained_sampling/_exp/deg/x_deg.png
[2024-09-21 12:15:17,847][main][INFO] - Input image:00001.png
[2024-09-21 12:15:17,857][main][INFO] - Degradated image y saved in /home/nicolas/Repulsive-score-distillation-RSD-/constrained_sampling/_exp/deg/x_deg.png
[2024-09-21 12:15:48,325][main][INFO] - Input image:00002.png
[2024-09-21 12:15:48,333][main][INFO] - Degradated image y saved in /home/nicolas/Repulsive-score-distillation-RSD-/constrained_sampling/_exp/deg/x_deg.png
[2024-09-21 12:16:18,778][main][INFO] - Input image:00003.png
[2024-09-21 12:16:18,787][main][INFO] - Degradated image y saved in /home/nicolas/Repulsive-score-distillation-RSD-/constrained_sampling/_exp/deg/x_deg.png
[2024-09-21 12:16:49,242][main][INFO] - Input image:00004.png
[2024-09-21 12:16:49,250][main][INFO] - Degradated image y saved in /home/nicolas/Repulsive-score-distillation-RSD-/constrained_sampling/_exp/deg/x_deg.png
[2024-09-21 12:17:19,708][main][INFO] - Input image:00005.png
[2024-09-21 12:17:19,717][main][INFO] - Degradated image y saved in /home/nicolas/Repulsive-score-distillation-RSD-/constrained_sampling/_exp/deg/x_deg.png
[2024-09-21 12:17:50,196][main][INFO] - Input image:00006.png
[2024-09-21 12:17:50,207][main][INFO] - Degradated image y saved in /home/nicolas/Repulsive-score-distillation-RSD-/constrained_sampling/_exp/deg/x_deg.png
[2024-09-21 12:18:20,643][main][INFO] - Input image:00007.png
[2024-09-21 12:18:20,651][main][INFO] - Degradated image y saved in /home/nicolas/Repulsive-score-distillation-RSD-/constrained_sampling/_exp/deg/x_deg.png
[2024-09-21 12:18:51,115][main][INFO] - Input image:00008.png
[2024-09-21 12:18:51,124][main][INFO] - Degradated image y saved in /home/nicolas/Repulsive-score-distillation-RSD-/constrained_sampling/_exp/deg/x_deg.png
[2024-09-21 12:19:21,578][main][INFO] - Input image:00009.png
[2024-09-21 12:19:21,587][main][INFO] - Degradated image y saved in /home/nicolas/Repulsive-score-distillation-RSD-/constrained_sampling/_exp/deg/x_deg.png
[2024-09-21 12:19:52,051][main][INFO] - Input image:00010.png
[2024-09-21 12:19:52,059][main][INFO] - Degradated image y saved in /home/nicolas/Repulsive-score-distillation-RSD-/constrained_sampling/_exp/deg/x_deg.png
[2024-09-21 12:20:22,496][main][INFO] - Input image:00011.png
[2024-09-21 12:20:22,505][main][INFO] - Degradated image y saved in /home/nicolas/Repulsive-score-distillation-RSD-/constrained_sampling/_exp/deg/x_deg.png
[2024-09-21 12:20:52,975][main][INFO] - Input image:00012.png
[2024-09-21 12:20:52,984][main][INFO] - Degradated image y saved in /home/nicolas/Repulsive-score-distillation-RSD-/constrained_sampling/_exp/deg/x_deg.png
[2024-09-21 12:21:23,428][main][INFO] - Input image:00013.png
[2024-09-21 12:21:23,437][main][INFO] - Degradated image y saved in /home/nicolas/Repulsive-score-distillation-RSD-/constrained_sampling/_exp/deg/x_deg.png
[2024-09-21 12:21:53,905][main][INFO] - Input image:00014.png
[2024-09-21 12:21:53,915][main][INFO] - Degradated image y saved in /home/nicolas/Repulsive-score-distillation-RSD-/constrained_sampling/_exp/deg/x_deg.png
[2024-09-21 12:22:24,404][main][INFO] - Input image:00015.png
[2024-09-21 12:22:24,412][main][INFO] - Degradated image y saved in /home/nicolas/Repulsive-score-distillation-RSD-/constrained_sampling/_exp/deg/x_deg.png
[2024-09-21 12:22:54,901][main][INFO] - Input image:00016.png
[2024-09-21 12:22:54,910][main][INFO] - Degradated image y saved in /home/nicolas/Repulsive-score-distillation-RSD-/constrained_sampling/_exp/deg/x_deg.png
[2024-09-21 12:23:25,337][main][INFO] - Input image:00017.png
[2024-09-21 12:23:25,345][main][INFO] - Degradated image y saved in /home/nicolas/Repulsive-score-distillation-RSD-/constrained_sampling/_exp/deg/x_deg.png
[2024-09-21 12:23:55,805][main][INFO] - Input image:00018.png
[2024-09-21 12:23:55,814][main][INFO] - Degradated image y saved in /home/nicolas/Repulsive-score-distillation-RSD-/constrained_sampling/_exp/deg/x_deg.png
[2024-09-21 12:24:26,288][main][INFO] - Input image:00019.png
[2024-09-21 12:24:26,297][main][INFO] - Degradated image y saved in /home/nicolas/Repulsive-score-distillation-RSD-/constrained_sampling/_exp/deg/x_deg.png
[2024-09-21 12:24:56,791][main][INFO] - Input image:00020.png
[2024-09-21 12:24:56,799][main][INFO] - Degradated image y saved in /home/nicolas/Repulsive-score-distillation-RSD-/constrained_sampling/_exp/deg/x_deg.png
[2024-09-21 12:25:27,304][main][INFO] - Input image:00021.png
[2024-09-21 12:25:27,312][main][INFO] - Degradated image y saved in /home/nicolas/Repulsive-score-distillation-RSD-/constrained_sampling/_exp/deg/x_deg.png
[2024-09-21 12:25:57,787][main][INFO] - Input image:00022.png
[2024-09-21 12:25:57,796][main][INFO] - Degradated image y saved in /home/nicolas/Repulsive-score-distillation-RSD-/constrained_sampling/_exp/deg/x_deg.png
[2024-09-21 12:26:28,326][main][INFO] - Input image:00023.png
[2024-09-21 12:26:28,336][main][INFO] - Degradated image y saved in /home/nicolas/Repulsive-score-distillation-RSD-/constrained_sampling/_exp/deg/x_deg.png
[2024-09-21 12:26:58,837][main][INFO] - Input image:00024.png
[2024-09-21 12:26:58,845][main][INFO] - Degradated image y saved in /home/nicolas/Repulsive-score-distillation-RSD-/constrained_sampling/_exp/deg/x_deg.png
[2024-09-21 12:27:29,380][main][INFO] - Input image:00025.png
[2024-09-21 12:27:29,389][main][INFO] - Degradated image y saved in /home/nicolas/Repulsive-score-distillation-RSD-/constrained_sampling/_exp/deg/x_deg.png
[2024-09-21 12:27:59,803][main][INFO] - Input image:00026.png
[2024-09-21 12:27:59,812][main][INFO] - Degradated image y saved in /home/nicolas/Repulsive-score-distillation-RSD-/constrained_sampling/_exp/deg/x_deg.png
[2024-09-21 12:28:30,251][main][INFO] - Input image:00027.png
[2024-09-21 12:28:30,259][main][INFO] - Degradated image y saved in /home/nicolas/Repulsive-score-distillation-RSD-/constrained_sampling/_exp/deg/x_deg.png
[2024-09-21 12:29:00,710][main][INFO] - Input image:00028.png
[2024-09-21 12:29:00,719][main][INFO] - Degradated image y saved in /home/nicolas/Repulsive-score-distillation-RSD-/constrained_sampling/_exp/deg/x_deg.png
[2024-09-21 12:29:31,199][main][INFO] - Input image:00029.png
[2024-09-21 12:29:31,209][main][INFO] - Degradated image y saved in /home/nicolas/Repulsive-score-distillation-RSD-/constrained_sampling/_exp/deg/x_deg.png
[2024-09-21 12:30:01,801][main][INFO] - Input image:00030.png
[2024-09-21 12:30:01,809][main][INFO] - Degradated image y saved in /home/nicolas/Repulsive-score-distillation-RSD-/constrained_sampling/_exp/deg/x_deg.png
[2024-09-21 12:30:32,389][main][INFO] - Input image:00031.png
[2024-09-21 12:30:32,397][main][INFO] - Degradated image y saved in /home/nicolas/Repulsive-score-distillation-RSD-/constrained_sampling/_exp/deg/x_deg.png
[2024-09-21 12:31:02,948][main][INFO] - Input image:00032.png
[2024-09-21 12:31:02,957][main][INFO] - Degradated image y saved in /home/nicolas/Repulsive-score-distillation-RSD-/constrained_sampling/_exp/deg/x_deg.png
[2024-09-21 12:31:33,568][main][INFO] - Input image:00033.png
[2024-09-21 12:31:33,578][main][INFO] - Degradated image y saved in /home/nicolas/Repulsive-score-distillation-RSD-/constrained_sampling/_exp/deg/x_deg.png
[2024-09-21 12:32:04,175][main][INFO] - Input image:00034.png
[2024-09-21 12:32:04,183][main][INFO] - Degradated image y saved in /home/nicolas/Repulsive-score-distillation-RSD-/constrained_sampling/_exp/deg/x_deg.png
[2024-09-21 12:32:34,804][main][INFO] - Input image:00035.png
[2024-09-21 12:32:34,814][main][INFO] - Degradated image y saved in /home/nicolas/Repulsive-score-distillation-RSD-/constrained_sampling/_exp/deg/x_deg.png
[2024-09-21 12:33:05,420][main][INFO] - Input image:00036.png
[2024-09-21 12:33:05,429][main][INFO] - Degradated image y saved in /home/nicolas/Repulsive-score-distillation-RSD-/constrained_sampling/_exp/deg/x_deg.png
[2024-09-21 12:33:35,973][main][INFO] - Input image:00037.png
[2024-09-21 12:33:35,981][main][INFO] - Degradated image y saved in /home/nicolas/Repulsive-score-distillation-RSD-/constrained_sampling/_exp/deg/x_deg.png
[2024-09-21 12:34:06,520][main][INFO] - Input image:00038.png
[2024-09-21 12:34:06,528][main][INFO] - Degradated image y saved in /home/nicolas/Repulsive-score-distillation-RSD-/constrained_sampling/_exp/deg/x_deg.png
[2024-09-21 12:34:37,069][main][INFO] - Input image:00039.png
[2024-09-21 12:34:37,077][main][INFO] - Degradated image y saved in /home/nicolas/Repulsive-score-distillation-RSD-/constrained_sampling/_exp/deg/x_deg.png
[2024-09-21 12:35:07,655][main][INFO] - Input image:00040.png
[2024-09-21 12:35:07,663][main][INFO] - Degradated image y saved in /home/nicolas/Repulsive-score-distillation-RSD-/constrained_sampling/_exp/deg/x_deg.png
[2024-09-21 12:35:38,226][main][INFO] - Input image:00041.png
[2024-09-21 12:35:38,234][main][INFO] - Degradated image y saved in /home/nicolas/Repulsive-score-distillation-RSD-/constrained_sampling/_exp/deg/x_deg.png
[2024-09-21 12:36:08,787][main][INFO] - Input image:00042.png
[2024-09-21 12:36:08,796][main][INFO] - Degradated image y saved in /home/nicolas/Repulsive-score-distillation-RSD-/constrained_sampling/_exp/deg/x_deg.png
[2024-09-21 12:36:39,361][main][INFO] - Input image:00043.png
[2024-09-21 12:36:39,371][main][INFO] - Degradated image y saved in /home/nicolas/Repulsive-score-distillation-RSD-/constrained_sampling/_exp/deg/x_deg.png
[2024-09-21 12:37:09,980][main][INFO] - Input image:00044.png
[2024-09-21 12:37:09,989][main][INFO] - Degradated image y saved in /home/nicolas/Repulsive-score-distillation-RSD-/constrained_sampling/_exp/deg/x_deg.png
[2024-09-21 12:37:40,567][main][INFO] - Input image:00045.png
[2024-09-21 12:37:40,575][main][INFO] - Degradated image y saved in /home/nicolas/Repulsive-score-distillation-RSD-/constrained_sampling/_exp/deg/x_deg.png
[2024-09-21 12:38:11,172][main][INFO] - Input image:00046.png
[2024-09-21 12:38:11,181][main][INFO] - Degradated image y saved in /home/nicolas/Repulsive-score-distillation-RSD-/constrained_sampling/_exp/deg/x_deg.png
[2024-09-21 12:38:41,752][main][INFO] - Input image:00047.png
[2024-09-21 12:38:41,760][main][INFO] - Degradated image y saved in /home/nicolas/Repulsive-score-distillation-RSD-/constrained_sampling/_exp/deg/x_deg.png
[2024-09-21 12:39:12,350][main][INFO] - Input image:00048.png
[2024-09-21 12:39:12,360][main][INFO] - Degradated image y saved in /home/nicolas/Repulsive-score-distillation-RSD-/constrained_sampling/_exp/deg/x_deg.png
[2024-09-21 12:39:42,917][main][INFO] - Input image:00049.png
[2024-09-21 12:39:42,925][main][INFO] - Degradated image y saved in /home/nicolas/Repulsive-score-distillation-RSD-/constrained_sampling/_exp/deg/x_deg.png
[2024-09-21 12:40:13,536][main][INFO] - Input image:00050.png
[2024-09-21 12:40:13,544][main][INFO] - Degradated image y saved in /home/nicolas/Repulsive-score-distillation-RSD-/constrained_sampling/_exp/deg/x_deg.png
[2024-09-21 12:40:44,131][main][INFO] - Input image:00051.png
[2024-09-21 12:40:44,140][main][INFO] - Degradated image y saved in /home/nicolas/Repulsive-score-distillation-RSD-/constrained_sampling/_exp/deg/x_deg.png
[2024-09-21 12:41:14,726][main][INFO] - Input image:00052.png
[2024-09-21 12:41:14,735][main][INFO] - Degradated image y saved in /home/nicolas/Repulsive-score-distillation-RSD-/constrained_sampling/_exp/deg/x_deg.png
[2024-09-21 12:41:45,314][main][INFO] - Input image:00053.png
[2024-09-21 12:41:45,324][main][INFO] - Degradated image y saved in /home/nicolas/Repulsive-score-distillation-RSD-/constrained_sampling/_exp/deg/x_deg.png
[2024-09-21 12:42:15,936][main][INFO] - Input image:00054.png
[2024-09-21 12:42:15,946][main][INFO] - Degradated image y saved in /home/nicolas/Repulsive-score-distillation-RSD-/constrained_sampling/_exp/deg/x_deg.png
[2024-09-21 12:42:46,485][main][INFO] - Input image:00055.png
[2024-09-21 12:42:46,494][main][INFO] - Degradated image y saved in /home/nicolas/Repulsive-score-distillation-RSD-/constrained_sampling/_exp/deg/x_deg.png
[2024-09-21 12:43:17,039][main][INFO] - Input image:00056.png
[2024-09-21 12:43:17,047][main][INFO] - Degradated image y saved in /home/nicolas/Repulsive-score-distillation-RSD-/constrained_sampling/_exp/deg/x_deg.png
[2024-09-21 12:43:47,647][main][INFO] - Input image:00057.png
[2024-09-21 12:43:47,657][main][INFO] - Degradated image y saved in /home/nicolas/Repulsive-score-distillation-RSD-/constrained_sampling/_exp/deg/x_deg.png
[2024-09-21 12:44:18,232][main][INFO] - Input image:00058.png
[2024-09-21 12:44:18,240][main][INFO] - Degradated image y saved in /home/nicolas/Repulsive-score-distillation-RSD-/constrained_sampling/_exp/deg/x_deg.png
[2024-09-21 12:44:48,777][main][INFO] - Input image:00059.png
[2024-09-21 12:44:48,785][main][INFO] - Degradated image y saved in /home/nicolas/Repulsive-score-distillation-RSD-/constrained_sampling/_exp/deg/x_deg.png
[2024-09-21 12:45:19,324][main][INFO] - Input image:00060.png
[2024-09-21 12:45:19,333][main][INFO] - Degradated image y saved in /home/nicolas/Repulsive-score-distillation-RSD-/constrained_sampling/_exp/deg/x_deg.png
[2024-09-21 12:45:49,888][main][INFO] - Input image:00061.png
[2024-09-21 12:45:49,896][main][INFO] - Degradated image y saved in /home/nicolas/Repulsive-score-distillation-RSD-/constrained_sampling/_exp/deg/x_deg.png
[2024-09-21 12:46:20,469][main][INFO] - Input image:00062.png
[2024-09-21 12:46:20,478][main][INFO] - Degradated image y saved in /home/nicolas/Repulsive-score-distillation-RSD-/constrained_sampling/_exp/deg/x_deg.png
[2024-09-21 12:46:51,048][main][INFO] - Input image:00063.png
[2024-09-21 12:46:51,056][main][INFO] - Degradated image y saved in /home/nicolas/Repulsive-score-distillation-RSD-/constrained_sampling/_exp/deg/x_deg.png
[2024-09-21 12:47:21,640][main][INFO] - Input image:00064.png
[2024-09-21 12:47:21,649][main][INFO] - Degradated image y saved in /home/nicolas/Repulsive-score-distillation-RSD-/constrained_sampling/_exp/deg/x_deg.png
[2024-09-21 12:47:52,136][main][INFO] - Input image:00065.png
[2024-09-21 12:47:52,145][main][INFO] - Degradated image y saved in /home/nicolas/Repulsive-score-distillation-RSD-/constrained_sampling/_exp/deg/x_deg.png
[2024-09-21 12:48:22,756][main][INFO] - Input image:00066.png
[2024-09-21 12:48:22,764][main][INFO] - Degradated image y saved in /home/nicolas/Repulsive-score-distillation-RSD-/constrained_sampling/_exp/deg/x_deg.png
[2024-09-21 12:48:53,334][main][INFO] - Input image:00067.png
[2024-09-21 12:48:53,342][main][INFO] - Degradated image y saved in /home/nicolas/Repulsive-score-distillation-RSD-/constrained_sampling/_exp/deg/x_deg.png
[2024-09-21 12:49:23,919][main][INFO] - Input image:00068.png
[2024-09-21 12:49:23,928][main][INFO] - Degradated image y saved in /home/nicolas/Repulsive-score-distillation-RSD-/constrained_sampling/_exp/deg/x_deg.png
[2024-09-21 12:49:54,517][main][INFO] - Input image:00069.png
[2024-09-21 12:49:54,527][main][INFO] - Degradated image y saved in /home/nicolas/Repulsive-score-distillation-RSD-/constrained_sampling/_exp/deg/x_deg.png
[2024-09-21 12:50:25,118][main][INFO] - Input image:00070.png
[2024-09-21 12:50:25,126][main][INFO] - Degradated image y saved in /home/nicolas/Repulsive-score-distillation-RSD-/constrained_sampling/_exp/deg/x_deg.png
[2024-09-21 12:50:55,770][main][INFO] - Input image:00071.png
[2024-09-21 12:50:55,780][main][INFO] - Degradated image y saved in /home/nicolas/Repulsive-score-distillation-RSD-/constrained_sampling/_exp/deg/x_deg.png
[2024-09-21 12:51:26,418][main][INFO] - Input image:00072.png
[2024-09-21 12:51:26,427][main][INFO] - Degradated image y saved in /home/nicolas/Repulsive-score-distillation-RSD-/constrained_sampling/_exp/deg/x_deg.png
[2024-09-21 12:51:57,061][main][INFO] - Input image:00073.png
[2024-09-21 12:51:57,071][main][INFO] - Degradated image y saved in /home/nicolas/Repulsive-score-distillation-RSD-/constrained_sampling/_exp/deg/x_deg.png
[2024-09-21 12:52:27,713][main][INFO] - Input image:00074.png
[2024-09-21 12:52:27,721][main][INFO] - Degradated image y saved in /home/nicolas/Repulsive-score-distillation-RSD-/constrained_sampling/_exp/deg/x_deg.png
[2024-09-21 12:52:58,350][main][INFO] - Input image:00075.png
[2024-09-21 12:52:58,358][main][INFO] - Degradated image y saved in /home/nicolas/Repulsive-score-distillation-RSD-/constrained_sampling/_exp/deg/x_deg.png
[2024-09-21 12:53:28,965][main][INFO] - Input image:00076.png
[2024-09-21 12:53:28,974][main][INFO] - Degradated image y saved in /home/nicolas/Repulsive-score-distillation-RSD-/constrained_sampling/_exp/deg/x_deg.png
[2024-09-21 12:53:59,581][main][INFO] - Input image:00077.png
[2024-09-21 12:53:59,589][main][INFO] - Degradated image y saved in /home/nicolas/Repulsive-score-distillation-RSD-/constrained_sampling/_exp/deg/x_deg.png
[2024-09-21 12:54:30,185][main][INFO] - Input image:00078.png
[2024-09-21 12:54:30,193][main][INFO] - Degradated image y saved in /home/nicolas/Repulsive-score-distillation-RSD-/constrained_sampling/_exp/deg/x_deg.png
[2024-09-21 12:55:00,785][main][INFO] - Input image:00079.png
[2024-09-21 12:55:00,794][main][INFO] - Degradated image y saved in /home/nicolas/Repulsive-score-distillation-RSD-/constrained_sampling/_exp/deg/x_deg.png
[2024-09-21 12:55:31,407][main][INFO] - Input image:00080.png
[2024-09-21 12:55:31,415][main][INFO] - Degradated image y saved in /home/nicolas/Repulsive-score-distillation-RSD-/constrained_sampling/_exp/deg/x_deg.png
[2024-09-21 12:56:02,055][main][INFO] - Input image:00081.png
[2024-09-21 12:56:02,063][main][INFO] - Degradated image y saved in /home/nicolas/Repulsive-score-distillation-RSD-/constrained_sampling/_exp/deg/x_deg.png
[2024-09-21 12:56:32,648][main][INFO] - Input image:00082.png
[2024-09-21 12:56:32,656][main][INFO] - Degradated image y saved in /home/nicolas/Repulsive-score-distillation-RSD-/constrained_sampling/_exp/deg/x_deg.png
[2024-09-21 12:57:03,289][main][INFO] - Input image:00083.png
[2024-09-21 12:57:03,298][main][INFO] - Degradated image y saved in /home/nicolas/Repulsive-score-distillation-RSD-/constrained_sampling/_exp/deg/x_deg.png
[2024-09-21 12:57:33,906][main][INFO] - Input image:00084.png
[2024-09-21 12:57:33,914][main][INFO] - Degradated image y saved in /home/nicolas/Repulsive-score-distillation-RSD-/constrained_sampling/_exp/deg/x_deg.png
[2024-09-21 12:58:04,527][main][INFO] - Input image:00085.png
[2024-09-21 12:58:04,535][main][INFO] - Degradated image y saved in /home/nicolas/Repulsive-score-distillation-RSD-/constrained_sampling/_exp/deg/x_deg.png
[2024-09-21 12:58:35,144][main][INFO] - Input image:00086.png
[2024-09-21 12:58:35,152][main][INFO] - Degradated image y saved in /home/nicolas/Repulsive-score-distillation-RSD-/constrained_sampling/_exp/deg/x_deg.png
[2024-09-21 12:59:05,757][main][INFO] - Input image:00087.png
[2024-09-21 12:59:05,767][main][INFO] - Degradated image y saved in /home/nicolas/Repulsive-score-distillation-RSD-/constrained_sampling/_exp/deg/x_deg.png
[2024-09-21 12:59:36,390][main][INFO] - Input image:00088.png
[2024-09-21 12:59:36,398][main][INFO] - Degradated image y saved in /home/nicolas/Repulsive-score-distillation-RSD-/constrained_sampling/_exp/deg/x_deg.png
[2024-09-21 13:00:07,016][main][INFO] - Input image:00089.png
[2024-09-21 13:00:07,025][main][INFO] - Degradated image y saved in /home/nicolas/Repulsive-score-distillation-RSD-/constrained_sampling/_exp/deg/x_deg.png
[2024-09-21 13:00:37,616][main][INFO] - Input image:00090.png
[2024-09-21 13:00:37,626][main][INFO] - Degradated image y saved in /home/nicolas/Repulsive-score-distillation-RSD-/constrained_sampling/_exp/deg/x_deg.png
[2024-09-21 13:01:08,215][main][INFO] - Input image:00091.png
[2024-09-21 13:01:08,224][main][INFO] - Degradated image y saved in /home/nicolas/Repulsive-score-distillation-RSD-/constrained_sampling/_exp/deg/x_deg.png
[2024-09-21 13:01:38,805][main][INFO] - Input image:00092.png
[2024-09-21 13:01:38,814][main][INFO] - Degradated image y saved in /home/nicolas/Repulsive-score-distillation-RSD-/constrained_sampling/_exp/deg/x_deg.png
[2024-09-21 13:02:09,425][main][INFO] - Input image:00093.png
[2024-09-21 13:02:09,434][main][INFO] - Degradated image y saved in /home/nicolas/Repulsive-score-distillation-RSD-/constrained_sampling/_exp/deg/x_deg.png
[2024-09-21 13:02:40,076][main][INFO] - Input image:00094.png
[2024-09-21 13:02:40,085][main][INFO] - Degradated image y saved in /home/nicolas/Repulsive-score-distillation-RSD-/constrained_sampling/_exp/deg/x_deg.png
[2024-09-21 13:03:10,683][main][INFO] - Input image:00095.png
[2024-09-21 13:03:10,693][main][INFO] - Degradated image y saved in /home/nicolas/Repulsive-score-distillation-RSD-/constrained_sampling/_exp/deg/x_deg.png
[2024-09-21 13:03:41,323][main][INFO] - Input image:00096.png
[2024-09-21 13:03:41,331][main][INFO] - Degradated image y saved in /home/nicolas/Repulsive-score-distillation-RSD-/constrained_sampling/_exp/deg/x_deg.png
[2024-09-21 13:04:11,999][main][INFO] - Input image:00097.png
[2024-09-21 13:04:12,008][main][INFO] - Degradated image y saved in /home/nicolas/Repulsive-score-distillation-RSD-/constrained_sampling/_exp/deg/x_deg.png
[2024-09-21 13:04:42,583][main][INFO] - Input image:00098.png
[2024-09-21 13:04:42,591][main][INFO] - Degradated image y saved in /home/nicolas/Repulsive-score-distillation-RSD-/constrained_sampling/_exp/deg/x_deg.png
[2024-09-21 13:05:13,187][main][INFO] - Input image:00099.png
[2024-09-21 13:05:13,196][main][INFO] - Degradated image y saved in /home/nicolas/Repulsive-score-distillation-RSD-/constrained_sampling/_exp/deg/x_deg.png
[2024-09-21 13:05:43,788][main][INFO] - Input image:00100.png
[2024-09-21 13:05:43,797][main][INFO] - Degradated image y saved in /home/nicolas/Repulsive-score-distillation-RSD-/constrained_sampling/_exp/deg/x_deg.png
[2024-09-21 13:06:14,380][main][INFO] - Input image:00101.png
[2024-09-21 13:06:14,390][main][INFO] - Degradated image y saved in /home/nicolas/Repulsive-score-distillation-RSD-/constrained_sampling/_exp/deg/x_deg.png
[2024-09-21 13:06:45,008][main][INFO] - Input image:00102.png
[2024-09-21 13:06:45,017][main][INFO] - Degradated image y saved in /home/nicolas/Repulsive-score-distillation-RSD-/constrained_sampling/_exp/deg/x_deg.png
[2024-09-21 13:07:15,601][main][INFO] - Input image:00103.png
[2024-09-21 13:07:15,610][main][INFO] - Degradated image y saved in /home/nicolas/Repulsive-score-distillation-RSD-/constrained_sampling/_exp/deg/x_deg.png
[2024-09-21 13:07:46,196][main][INFO] - Input image:00104.png
[2024-09-21 13:07:46,205][main][INFO] - Degradated image y saved in /home/nicolas/Repulsive-score-distillation-RSD-/constrained_sampling/_exp/deg/x_deg.png
[2024-09-21 13:08:16,746][main][INFO] - Input image:00105.png
[2024-09-21 13:08:16,755][main][INFO] - Degradated image y saved in /home/nicolas/Repulsive-score-distillation-RSD-/constrained_sampling/_exp/deg/x_deg.png
[2024-09-21 13:08:47,264][main][INFO] - Input image:00106.png
[2024-09-21 13:08:47,273][main][INFO] - Degradated image y saved in /home/nicolas/Repulsive-score-distillation-RSD-/constrained_sampling/_exp/deg/x_deg.png
[2024-09-21 13:09:17,820][main][INFO] - Input image:00107.png
[2024-09-21 13:09:17,828][main][INFO] - Degradated image y saved in /home/nicolas/Repulsive-score-distillation-RSD-/constrained_sampling/_exp/deg/x_deg.png
[2024-09-21 13:09:48,369][main][INFO] - Input image:00108.png
[2024-09-21 13:09:48,377][main][INFO] - Degradated image y saved in /home/nicolas/Repulsive-score-distillation-RSD-/constrained_sampling/_exp/deg/x_deg.png
