[2024-09-26 00:58:03,706][main][INFO] - Experiment name is RSD
[2024-09-26 00:58:05,020][main][INFO] - Model loaded
[2024-09-26 00:58:06,418][main][INFO] - Degradation model loaded. The experiment corresponds to phase_retrieval
[2024-09-26 00:58:06,419][main][INFO] - Dataset size is 1000
[2024-09-26 00:58:06,645][main][INFO] - Input image:00000.png
[2024-09-26 00:58:06,699][main][INFO] - Images loaded and measurements generated
[2024-09-26 00:58:06,829][main][INFO] - Degradated image y saved in /home/nicolas/Repulsive-score-distillation-RSD-/constrained_sampling/_exp/deg/x_deg.png
[2024-09-26 00:58:06,830][main][INFO] - Running setting with coeff: 30,                             lr: (0.4, 1),                             rho_reg: 0.07,                             w_t: 0.15
[2024-09-26 01:30:42,177][main][INFO] - Done. You can fine the generated images in /home/nicolas/Repulsive-score-distillation-RSD-/constrained_sampling/_exp/output/rsd_stable_repulsion_gamma30/phase_retrieval
[2024-09-26 01:30:42,178][main][INFO] - Input image:00001.png
[2024-09-26 01:30:42,181][main][INFO] - Images loaded and measurements generated
[2024-09-26 01:30:42,296][main][INFO] - Degradated image y saved in /home/nicolas/Repulsive-score-distillation-RSD-/constrained_sampling/_exp/deg/x_deg.png
[2024-09-26 01:30:42,297][main][INFO] - Running setting with coeff: 30,                             lr: (0.4, 1),                             rho_reg: 0.07,                             w_t: 0.15
[2024-09-26 02:03:14,578][main][INFO] - Done. You can fine the generated images in /home/nicolas/Repulsive-score-distillation-RSD-/constrained_sampling/_exp/output/rsd_stable_repulsion_gamma30/phase_retrieval
[2024-09-26 02:03:14,579][main][INFO] - Input image:00002.png
[2024-09-26 02:03:14,594][main][INFO] - Images loaded and measurements generated
[2024-09-26 02:03:14,702][main][INFO] - Degradated image y saved in /home/nicolas/Repulsive-score-distillation-RSD-/constrained_sampling/_exp/deg/x_deg.png
[2024-09-26 02:03:14,703][main][INFO] - Running setting with coeff: 30,                             lr: (0.4, 1),                             rho_reg: 0.07,                             w_t: 0.15
[2024-09-26 02:35:52,950][main][INFO] - Done. You can fine the generated images in /home/nicolas/Repulsive-score-distillation-RSD-/constrained_sampling/_exp/output/rsd_stable_repulsion_gamma30/phase_retrieval
[2024-09-26 02:35:52,950][main][INFO] - Input image:00003.png
[2024-09-26 02:35:52,953][main][INFO] - Images loaded and measurements generated
[2024-09-26 02:35:53,065][main][INFO] - Degradated image y saved in /home/nicolas/Repulsive-score-distillation-RSD-/constrained_sampling/_exp/deg/x_deg.png
[2024-09-26 02:35:53,066][main][INFO] - Running setting with coeff: 30,                             lr: (0.4, 1),                             rho_reg: 0.07,                             w_t: 0.15
[2024-09-26 03:08:28,833][main][INFO] - Done. You can fine the generated images in /home/nicolas/Repulsive-score-distillation-RSD-/constrained_sampling/_exp/output/rsd_stable_repulsion_gamma30/phase_retrieval
[2024-09-26 03:08:28,834][main][INFO] - Input image:00004.png
[2024-09-26 03:08:28,837][main][INFO] - Images loaded and measurements generated
[2024-09-26 03:08:28,965][main][INFO] - Degradated image y saved in /home/nicolas/Repulsive-score-distillation-RSD-/constrained_sampling/_exp/deg/x_deg.png
[2024-09-26 03:08:28,965][main][INFO] - Running setting with coeff: 30,                             lr: (0.4, 1),                             rho_reg: 0.07,                             w_t: 0.15
[2024-09-26 03:41:12,067][main][INFO] - Done. You can fine the generated images in /home/nicolas/Repulsive-score-distillation-RSD-/constrained_sampling/_exp/output/rsd_stable_repulsion_gamma30/phase_retrieval
[2024-09-26 03:41:12,068][main][INFO] - Input image:00005.png
[2024-09-26 03:41:12,084][main][INFO] - Images loaded and measurements generated
[2024-09-26 03:41:12,202][main][INFO] - Degradated image y saved in /home/nicolas/Repulsive-score-distillation-RSD-/constrained_sampling/_exp/deg/x_deg.png
[2024-09-26 03:41:12,202][main][INFO] - Running setting with coeff: 30,                             lr: (0.4, 1),                             rho_reg: 0.07,                             w_t: 0.15
[2024-09-26 04:14:14,746][main][INFO] - Done. You can fine the generated images in /home/nicolas/Repulsive-score-distillation-RSD-/constrained_sampling/_exp/output/rsd_stable_repulsion_gamma30/phase_retrieval
[2024-09-26 04:14:14,746][main][INFO] - Input image:00006.png
[2024-09-26 04:14:14,749][main][INFO] - Images loaded and measurements generated
[2024-09-26 04:14:14,852][main][INFO] - Degradated image y saved in /home/nicolas/Repulsive-score-distillation-RSD-/constrained_sampling/_exp/deg/x_deg.png
[2024-09-26 04:14:14,852][main][INFO] - Running setting with coeff: 30,                             lr: (0.4, 1),                             rho_reg: 0.07,                             w_t: 0.15
[2024-09-26 04:47:29,121][main][INFO] - Done. You can fine the generated images in /home/nicolas/Repulsive-score-distillation-RSD-/constrained_sampling/_exp/output/rsd_stable_repulsion_gamma30/phase_retrieval
[2024-09-26 04:47:29,121][main][INFO] - Input image:00007.png
[2024-09-26 04:47:29,125][main][INFO] - Images loaded and measurements generated
[2024-09-26 04:47:29,244][main][INFO] - Degradated image y saved in /home/nicolas/Repulsive-score-distillation-RSD-/constrained_sampling/_exp/deg/x_deg.png
[2024-09-26 04:47:29,244][main][INFO] - Running setting with coeff: 30,                             lr: (0.4, 1),                             rho_reg: 0.07,                             w_t: 0.15
[2024-09-26 05:20:47,291][main][INFO] - Done. You can fine the generated images in /home/nicolas/Repulsive-score-distillation-RSD-/constrained_sampling/_exp/output/rsd_stable_repulsion_gamma30/phase_retrieval
[2024-09-26 05:20:47,291][main][INFO] - Input image:00008.png
[2024-09-26 05:20:47,294][main][INFO] - Images loaded and measurements generated
[2024-09-26 05:20:47,412][main][INFO] - Degradated image y saved in /home/nicolas/Repulsive-score-distillation-RSD-/constrained_sampling/_exp/deg/x_deg.png
[2024-09-26 05:20:47,412][main][INFO] - Running setting with coeff: 30,                             lr: (0.4, 1),                             rho_reg: 0.07,                             w_t: 0.15
[2024-09-26 05:54:17,254][main][INFO] - Done. You can fine the generated images in /home/nicolas/Repulsive-score-distillation-RSD-/constrained_sampling/_exp/output/rsd_stable_repulsion_gamma30/phase_retrieval
[2024-09-26 05:54:17,254][main][INFO] - Input image:00009.png
[2024-09-26 05:54:17,257][main][INFO] - Images loaded and measurements generated
[2024-09-26 05:54:17,362][main][INFO] - Degradated image y saved in /home/nicolas/Repulsive-score-distillation-RSD-/constrained_sampling/_exp/deg/x_deg.png
[2024-09-26 05:54:17,362][main][INFO] - Running setting with coeff: 30,                             lr: (0.4, 1),                             rho_reg: 0.07,                             w_t: 0.15
[2024-09-26 06:27:44,064][main][INFO] - Done. You can fine the generated images in /home/nicolas/Repulsive-score-distillation-RSD-/constrained_sampling/_exp/output/rsd_stable_repulsion_gamma30/phase_retrieval
[2024-09-26 06:27:44,064][main][INFO] - Input image:00010.png
[2024-09-26 06:27:44,068][main][INFO] - Images loaded and measurements generated
[2024-09-26 06:27:44,193][main][INFO] - Degradated image y saved in /home/nicolas/Repulsive-score-distillation-RSD-/constrained_sampling/_exp/deg/x_deg.png
[2024-09-26 06:27:44,194][main][INFO] - Running setting with coeff: 30,                             lr: (0.4, 1),                             rho_reg: 0.07,                             w_t: 0.15
[2024-09-26 07:00:33,065][main][INFO] - Done. You can fine the generated images in /home/nicolas/Repulsive-score-distillation-RSD-/constrained_sampling/_exp/output/rsd_stable_repulsion_gamma30/phase_retrieval
[2024-09-26 07:00:33,065][main][INFO] - Input image:00011.png
[2024-09-26 07:00:33,068][main][INFO] - Images loaded and measurements generated
[2024-09-26 07:00:33,180][main][INFO] - Degradated image y saved in /home/nicolas/Repulsive-score-distillation-RSD-/constrained_sampling/_exp/deg/x_deg.png
[2024-09-26 07:00:33,181][main][INFO] - Running setting with coeff: 30,                             lr: (0.4, 1),                             rho_reg: 0.07,                             w_t: 0.15
[2024-09-26 07:33:11,552][main][INFO] - Done. You can fine the generated images in /home/nicolas/Repulsive-score-distillation-RSD-/constrained_sampling/_exp/output/rsd_stable_repulsion_gamma30/phase_retrieval
[2024-09-26 07:33:11,553][main][INFO] - Input image:00012.png
[2024-09-26 07:33:11,556][main][INFO] - Images loaded and measurements generated
[2024-09-26 07:33:11,666][main][INFO] - Degradated image y saved in /home/nicolas/Repulsive-score-distillation-RSD-/constrained_sampling/_exp/deg/x_deg.png
[2024-09-26 07:33:11,666][main][INFO] - Running setting with coeff: 30,                             lr: (0.4, 1),                             rho_reg: 0.07,                             w_t: 0.15
[2024-09-26 08:05:46,332][main][INFO] - Done. You can fine the generated images in /home/nicolas/Repulsive-score-distillation-RSD-/constrained_sampling/_exp/output/rsd_stable_repulsion_gamma30/phase_retrieval
[2024-09-26 08:05:46,332][main][INFO] - Input image:00013.png
[2024-09-26 08:05:46,335][main][INFO] - Images loaded and measurements generated
[2024-09-26 08:05:46,453][main][INFO] - Degradated image y saved in /home/nicolas/Repulsive-score-distillation-RSD-/constrained_sampling/_exp/deg/x_deg.png
[2024-09-26 08:05:46,453][main][INFO] - Running setting with coeff: 30,                             lr: (0.4, 1),                             rho_reg: 0.07,                             w_t: 0.15
