[2024-09-29 19:20:46,778][main][INFO] - Experiment name is RSD
[2024-09-29 19:20:48,199][main][INFO] - Model loaded
[2024-09-29 19:21:28,452][main][INFO] - Degradation model loaded. The experiment corresponds to inp_large_box
[2024-09-29 19:21:28,453][main][INFO] - Dataset size is 1000
[2024-09-29 19:21:28,621][main][INFO] - Input image:00000.png
[2024-09-29 19:21:28,655][main][INFO] - Images loaded and measurements generated
[2024-09-29 19:21:28,723][main][INFO] - Degradated image y saved in /home/nicolas/Repulsive-score-distillation-RSD-/constrained_sampling/_exp/deg/x_deg.png
[2024-09-29 19:21:28,724][main][INFO] - Running setting with coeff: 0,                             lr: (0.4, 0.6),                             rho_reg: 0.075,                             w_t: 0.1,                             sigma_break: 999
[2024-09-29 19:27:47,191][main][INFO] - Done. You can fine the generated images in /home/nicolas/Repulsive-score-distillation-RSD-/constrained_sampling/_exp/output/rsd_stable_nonaug/inp_large_box
[2024-09-29 19:27:47,191][main][INFO] - Input image:00001.png
[2024-09-29 19:27:47,194][main][INFO] - Images loaded and measurements generated
[2024-09-29 19:27:47,236][main][INFO] - Degradated image y saved in /home/nicolas/Repulsive-score-distillation-RSD-/constrained_sampling/_exp/deg/x_deg.png
[2024-09-29 19:27:47,236][main][INFO] - Running setting with coeff: 0,                             lr: (0.4, 0.6),                             rho_reg: 0.075,                             w_t: 0.1,                             sigma_break: 999
[2024-09-29 19:34:06,088][main][INFO] - Done. You can fine the generated images in /home/nicolas/Repulsive-score-distillation-RSD-/constrained_sampling/_exp/output/rsd_stable_nonaug/inp_large_box
[2024-09-29 19:34:06,089][main][INFO] - Input image:00002.png
[2024-09-29 19:34:06,091][main][INFO] - Images loaded and measurements generated
[2024-09-29 19:34:06,129][main][INFO] - Degradated image y saved in /home/nicolas/Repulsive-score-distillation-RSD-/constrained_sampling/_exp/deg/x_deg.png
[2024-09-29 19:34:06,130][main][INFO] - Running setting with coeff: 0,                             lr: (0.4, 0.6),                             rho_reg: 0.075,                             w_t: 0.1,                             sigma_break: 999
[2024-09-29 19:40:26,279][main][INFO] - Done. You can fine the generated images in /home/nicolas/Repulsive-score-distillation-RSD-/constrained_sampling/_exp/output/rsd_stable_nonaug/inp_large_box
[2024-09-29 19:40:26,279][main][INFO] - Input image:00003.png
[2024-09-29 19:40:26,283][main][INFO] - Images loaded and measurements generated
[2024-09-29 19:40:26,322][main][INFO] - Degradated image y saved in /home/nicolas/Repulsive-score-distillation-RSD-/constrained_sampling/_exp/deg/x_deg.png
[2024-09-29 19:40:26,322][main][INFO] - Running setting with coeff: 0,                             lr: (0.4, 0.6),                             rho_reg: 0.075,                             w_t: 0.1,                             sigma_break: 999
[2024-09-29 19:46:46,282][main][INFO] - Done. You can fine the generated images in /home/nicolas/Repulsive-score-distillation-RSD-/constrained_sampling/_exp/output/rsd_stable_nonaug/inp_large_box
[2024-09-29 19:46:46,282][main][INFO] - Input image:00004.png
[2024-09-29 19:46:46,285][main][INFO] - Images loaded and measurements generated
[2024-09-29 19:46:46,335][main][INFO] - Degradated image y saved in /home/nicolas/Repulsive-score-distillation-RSD-/constrained_sampling/_exp/deg/x_deg.png
[2024-09-29 19:46:46,335][main][INFO] - Running setting with coeff: 0,                             lr: (0.4, 0.6),                             rho_reg: 0.075,                             w_t: 0.1,                             sigma_break: 999
[2024-09-29 19:53:06,598][main][INFO] - Done. You can fine the generated images in /home/nicolas/Repulsive-score-distillation-RSD-/constrained_sampling/_exp/output/rsd_stable_nonaug/inp_large_box
[2024-09-29 19:53:06,598][main][INFO] - Input image:00005.png
[2024-09-29 19:53:06,601][main][INFO] - Images loaded and measurements generated
[2024-09-29 19:53:06,639][main][INFO] - Degradated image y saved in /home/nicolas/Repulsive-score-distillation-RSD-/constrained_sampling/_exp/deg/x_deg.png
[2024-09-29 19:53:06,639][main][INFO] - Running setting with coeff: 0,                             lr: (0.4, 0.6),                             rho_reg: 0.075,                             w_t: 0.1,                             sigma_break: 999
[2024-09-29 19:59:27,025][main][INFO] - Done. You can fine the generated images in /home/nicolas/Repulsive-score-distillation-RSD-/constrained_sampling/_exp/output/rsd_stable_nonaug/inp_large_box
[2024-09-29 19:59:27,025][main][INFO] - Input image:00006.png
[2024-09-29 19:59:27,029][main][INFO] - Images loaded and measurements generated
[2024-09-29 19:59:27,075][main][INFO] - Degradated image y saved in /home/nicolas/Repulsive-score-distillation-RSD-/constrained_sampling/_exp/deg/x_deg.png
[2024-09-29 19:59:27,075][main][INFO] - Running setting with coeff: 0,                             lr: (0.4, 0.6),                             rho_reg: 0.075,                             w_t: 0.1,                             sigma_break: 999
[2024-09-29 20:05:47,714][main][INFO] - Done. You can fine the generated images in /home/nicolas/Repulsive-score-distillation-RSD-/constrained_sampling/_exp/output/rsd_stable_nonaug/inp_large_box
[2024-09-29 20:05:47,714][main][INFO] - Input image:00007.png
[2024-09-29 20:05:47,717][main][INFO] - Images loaded and measurements generated
[2024-09-29 20:05:47,761][main][INFO] - Degradated image y saved in /home/nicolas/Repulsive-score-distillation-RSD-/constrained_sampling/_exp/deg/x_deg.png
[2024-09-29 20:05:47,761][main][INFO] - Running setting with coeff: 0,                             lr: (0.4, 0.6),                             rho_reg: 0.075,                             w_t: 0.1,                             sigma_break: 999
[2024-09-29 20:12:08,268][main][INFO] - Done. You can fine the generated images in /home/nicolas/Repulsive-score-distillation-RSD-/constrained_sampling/_exp/output/rsd_stable_nonaug/inp_large_box
[2024-09-29 20:12:08,268][main][INFO] - Input image:00008.png
[2024-09-29 20:12:08,271][main][INFO] - Images loaded and measurements generated
[2024-09-29 20:12:08,315][main][INFO] - Degradated image y saved in /home/nicolas/Repulsive-score-distillation-RSD-/constrained_sampling/_exp/deg/x_deg.png
[2024-09-29 20:12:08,315][main][INFO] - Running setting with coeff: 0,                             lr: (0.4, 0.6),                             rho_reg: 0.075,                             w_t: 0.1,                             sigma_break: 999
[2024-09-29 20:18:29,088][main][INFO] - Done. You can fine the generated images in /home/nicolas/Repulsive-score-distillation-RSD-/constrained_sampling/_exp/output/rsd_stable_nonaug/inp_large_box
[2024-09-29 20:18:29,088][main][INFO] - Input image:00009.png
[2024-09-29 20:18:29,091][main][INFO] - Images loaded and measurements generated
[2024-09-29 20:18:29,126][main][INFO] - Degradated image y saved in /home/nicolas/Repulsive-score-distillation-RSD-/constrained_sampling/_exp/deg/x_deg.png
[2024-09-29 20:18:29,126][main][INFO] - Running setting with coeff: 0,                             lr: (0.4, 0.6),                             rho_reg: 0.075,                             w_t: 0.1,                             sigma_break: 999
[2024-09-29 20:24:49,394][main][INFO] - Done. You can fine the generated images in /home/nicolas/Repulsive-score-distillation-RSD-/constrained_sampling/_exp/output/rsd_stable_nonaug/inp_large_box
[2024-09-29 20:24:49,394][main][INFO] - Input image:00010.png
[2024-09-29 20:24:49,397][main][INFO] - Images loaded and measurements generated
[2024-09-29 20:24:49,442][main][INFO] - Degradated image y saved in /home/nicolas/Repulsive-score-distillation-RSD-/constrained_sampling/_exp/deg/x_deg.png
[2024-09-29 20:24:49,443][main][INFO] - Running setting with coeff: 0,                             lr: (0.4, 0.6),                             rho_reg: 0.075,                             w_t: 0.1,                             sigma_break: 999
[2024-09-29 20:31:10,158][main][INFO] - Done. You can fine the generated images in /home/nicolas/Repulsive-score-distillation-RSD-/constrained_sampling/_exp/output/rsd_stable_nonaug/inp_large_box
[2024-09-29 20:31:10,158][main][INFO] - Input image:00011.png
[2024-09-29 20:31:10,162][main][INFO] - Images loaded and measurements generated
[2024-09-29 20:31:10,205][main][INFO] - Degradated image y saved in /home/nicolas/Repulsive-score-distillation-RSD-/constrained_sampling/_exp/deg/x_deg.png
[2024-09-29 20:31:10,205][main][INFO] - Running setting with coeff: 0,                             lr: (0.4, 0.6),                             rho_reg: 0.075,                             w_t: 0.1,                             sigma_break: 999
[2024-09-29 20:37:30,856][main][INFO] - Done. You can fine the generated images in /home/nicolas/Repulsive-score-distillation-RSD-/constrained_sampling/_exp/output/rsd_stable_nonaug/inp_large_box
[2024-09-29 20:37:30,856][main][INFO] - Input image:00012.png
[2024-09-29 20:37:30,860][main][INFO] - Images loaded and measurements generated
[2024-09-29 20:37:30,898][main][INFO] - Degradated image y saved in /home/nicolas/Repulsive-score-distillation-RSD-/constrained_sampling/_exp/deg/x_deg.png
[2024-09-29 20:37:30,898][main][INFO] - Running setting with coeff: 0,                             lr: (0.4, 0.6),                             rho_reg: 0.075,                             w_t: 0.1,                             sigma_break: 999
[2024-09-29 20:43:51,844][main][INFO] - Done. You can fine the generated images in /home/nicolas/Repulsive-score-distillation-RSD-/constrained_sampling/_exp/output/rsd_stable_nonaug/inp_large_box
[2024-09-29 20:43:51,844][main][INFO] - Input image:00013.png
[2024-09-29 20:43:51,848][main][INFO] - Images loaded and measurements generated
[2024-09-29 20:43:51,896][main][INFO] - Degradated image y saved in /home/nicolas/Repulsive-score-distillation-RSD-/constrained_sampling/_exp/deg/x_deg.png
[2024-09-29 20:43:51,897][main][INFO] - Running setting with coeff: 0,                             lr: (0.4, 0.6),                             rho_reg: 0.075,                             w_t: 0.1,                             sigma_break: 999
[2024-09-29 20:50:12,696][main][INFO] - Done. You can fine the generated images in /home/nicolas/Repulsive-score-distillation-RSD-/constrained_sampling/_exp/output/rsd_stable_nonaug/inp_large_box
[2024-09-29 20:50:12,696][main][INFO] - Input image:00014.png
[2024-09-29 20:50:12,699][main][INFO] - Images loaded and measurements generated
[2024-09-29 20:50:12,747][main][INFO] - Degradated image y saved in /home/nicolas/Repulsive-score-distillation-RSD-/constrained_sampling/_exp/deg/x_deg.png
[2024-09-29 20:50:12,748][main][INFO] - Running setting with coeff: 0,                             lr: (0.4, 0.6),                             rho_reg: 0.075,                             w_t: 0.1,                             sigma_break: 999
[2024-09-29 20:56:34,576][main][INFO] - Done. You can fine the generated images in /home/nicolas/Repulsive-score-distillation-RSD-/constrained_sampling/_exp/output/rsd_stable_nonaug/inp_large_box
[2024-09-29 20:56:34,576][main][INFO] - Input image:00015.png
[2024-09-29 20:56:34,579][main][INFO] - Images loaded and measurements generated
[2024-09-29 20:56:34,621][main][INFO] - Degradated image y saved in /home/nicolas/Repulsive-score-distillation-RSD-/constrained_sampling/_exp/deg/x_deg.png
[2024-09-29 20:56:34,621][main][INFO] - Running setting with coeff: 0,                             lr: (0.4, 0.6),                             rho_reg: 0.075,                             w_t: 0.1,                             sigma_break: 999
[2024-09-29 21:02:55,910][main][INFO] - Done. You can fine the generated images in /home/nicolas/Repulsive-score-distillation-RSD-/constrained_sampling/_exp/output/rsd_stable_nonaug/inp_large_box
[2024-09-29 21:02:55,910][main][INFO] - Input image:00016.png
[2024-09-29 21:02:55,913][main][INFO] - Images loaded and measurements generated
[2024-09-29 21:02:55,957][main][INFO] - Degradated image y saved in /home/nicolas/Repulsive-score-distillation-RSD-/constrained_sampling/_exp/deg/x_deg.png
[2024-09-29 21:02:55,957][main][INFO] - Running setting with coeff: 0,                             lr: (0.4, 0.6),                             rho_reg: 0.075,                             w_t: 0.1,                             sigma_break: 999
[2024-09-29 21:09:18,194][main][INFO] - Done. You can fine the generated images in /home/nicolas/Repulsive-score-distillation-RSD-/constrained_sampling/_exp/output/rsd_stable_nonaug/inp_large_box
[2024-09-29 21:09:18,194][main][INFO] - Input image:00017.png
[2024-09-29 21:09:18,197][main][INFO] - Images loaded and measurements generated
[2024-09-29 21:09:18,233][main][INFO] - Degradated image y saved in /home/nicolas/Repulsive-score-distillation-RSD-/constrained_sampling/_exp/deg/x_deg.png
[2024-09-29 21:09:18,234][main][INFO] - Running setting with coeff: 0,                             lr: (0.4, 0.6),                             rho_reg: 0.075,                             w_t: 0.1,                             sigma_break: 999
[2024-09-29 21:15:39,328][main][INFO] - Done. You can fine the generated images in /home/nicolas/Repulsive-score-distillation-RSD-/constrained_sampling/_exp/output/rsd_stable_nonaug/inp_large_box
[2024-09-29 21:15:39,329][main][INFO] - Input image:00018.png
[2024-09-29 21:15:39,332][main][INFO] - Images loaded and measurements generated
[2024-09-29 21:15:39,372][main][INFO] - Degradated image y saved in /home/nicolas/Repulsive-score-distillation-RSD-/constrained_sampling/_exp/deg/x_deg.png
[2024-09-29 21:15:39,372][main][INFO] - Running setting with coeff: 0,                             lr: (0.4, 0.6),                             rho_reg: 0.075,                             w_t: 0.1,                             sigma_break: 999
[2024-09-29 21:22:01,577][main][INFO] - Done. You can fine the generated images in /home/nicolas/Repulsive-score-distillation-RSD-/constrained_sampling/_exp/output/rsd_stable_nonaug/inp_large_box
[2024-09-29 21:22:01,578][main][INFO] - Input image:00019.png
[2024-09-29 21:22:01,581][main][INFO] - Images loaded and measurements generated
[2024-09-29 21:22:01,626][main][INFO] - Degradated image y saved in /home/nicolas/Repulsive-score-distillation-RSD-/constrained_sampling/_exp/deg/x_deg.png
[2024-09-29 21:22:01,626][main][INFO] - Running setting with coeff: 0,                             lr: (0.4, 0.6),                             rho_reg: 0.075,                             w_t: 0.1,                             sigma_break: 999
[2024-09-29 21:28:23,853][main][INFO] - Done. You can fine the generated images in /home/nicolas/Repulsive-score-distillation-RSD-/constrained_sampling/_exp/output/rsd_stable_nonaug/inp_large_box
[2024-09-29 21:28:23,853][main][INFO] - Input image:00020.png
[2024-09-29 21:28:23,856][main][INFO] - Images loaded and measurements generated
[2024-09-29 21:28:23,900][main][INFO] - Degradated image y saved in /home/nicolas/Repulsive-score-distillation-RSD-/constrained_sampling/_exp/deg/x_deg.png
[2024-09-29 21:28:23,900][main][INFO] - Running setting with coeff: 0,                             lr: (0.4, 0.6),                             rho_reg: 0.075,                             w_t: 0.1,                             sigma_break: 999
[2024-09-29 21:34:46,776][main][INFO] - Done. You can fine the generated images in /home/nicolas/Repulsive-score-distillation-RSD-/constrained_sampling/_exp/output/rsd_stable_nonaug/inp_large_box
[2024-09-29 21:34:46,776][main][INFO] - Input image:00021.png
[2024-09-29 21:34:46,779][main][INFO] - Images loaded and measurements generated
[2024-09-29 21:34:46,818][main][INFO] - Degradated image y saved in /home/nicolas/Repulsive-score-distillation-RSD-/constrained_sampling/_exp/deg/x_deg.png
[2024-09-29 21:34:46,818][main][INFO] - Running setting with coeff: 0,                             lr: (0.4, 0.6),                             rho_reg: 0.075,                             w_t: 0.1,                             sigma_break: 999
[2024-09-29 21:41:09,257][main][INFO] - Done. You can fine the generated images in /home/nicolas/Repulsive-score-distillation-RSD-/constrained_sampling/_exp/output/rsd_stable_nonaug/inp_large_box
[2024-09-29 21:41:09,258][main][INFO] - Input image:00022.png
[2024-09-29 21:41:09,261][main][INFO] - Images loaded and measurements generated
[2024-09-29 21:41:09,308][main][INFO] - Degradated image y saved in /home/nicolas/Repulsive-score-distillation-RSD-/constrained_sampling/_exp/deg/x_deg.png
[2024-09-29 21:41:09,309][main][INFO] - Running setting with coeff: 0,                             lr: (0.4, 0.6),                             rho_reg: 0.075,                             w_t: 0.1,                             sigma_break: 999
[2024-09-29 21:47:32,039][main][INFO] - Done. You can fine the generated images in /home/nicolas/Repulsive-score-distillation-RSD-/constrained_sampling/_exp/output/rsd_stable_nonaug/inp_large_box
[2024-09-29 21:47:32,039][main][INFO] - Input image:00023.png
[2024-09-29 21:47:32,042][main][INFO] - Images loaded and measurements generated
[2024-09-29 21:47:32,082][main][INFO] - Degradated image y saved in /home/nicolas/Repulsive-score-distillation-RSD-/constrained_sampling/_exp/deg/x_deg.png
[2024-09-29 21:47:32,082][main][INFO] - Running setting with coeff: 0,                             lr: (0.4, 0.6),                             rho_reg: 0.075,                             w_t: 0.1,                             sigma_break: 999
[2024-09-29 21:53:54,334][main][INFO] - Done. You can fine the generated images in /home/nicolas/Repulsive-score-distillation-RSD-/constrained_sampling/_exp/output/rsd_stable_nonaug/inp_large_box
[2024-09-29 21:53:54,335][main][INFO] - Input image:00024.png
[2024-09-29 21:53:54,337][main][INFO] - Images loaded and measurements generated
[2024-09-29 21:53:54,381][main][INFO] - Degradated image y saved in /home/nicolas/Repulsive-score-distillation-RSD-/constrained_sampling/_exp/deg/x_deg.png
[2024-09-29 21:53:54,381][main][INFO] - Running setting with coeff: 0,                             lr: (0.4, 0.6),                             rho_reg: 0.075,                             w_t: 0.1,                             sigma_break: 999
[2024-09-29 22:00:16,898][main][INFO] - Done. You can fine the generated images in /home/nicolas/Repulsive-score-distillation-RSD-/constrained_sampling/_exp/output/rsd_stable_nonaug/inp_large_box
[2024-09-29 22:00:16,898][main][INFO] - Input image:00025.png
[2024-09-29 22:00:16,901][main][INFO] - Images loaded and measurements generated
[2024-09-29 22:00:16,947][main][INFO] - Degradated image y saved in /home/nicolas/Repulsive-score-distillation-RSD-/constrained_sampling/_exp/deg/x_deg.png
[2024-09-29 22:00:16,947][main][INFO] - Running setting with coeff: 0,                             lr: (0.4, 0.6),                             rho_reg: 0.075,                             w_t: 0.1,                             sigma_break: 999
[2024-09-29 22:06:41,582][main][INFO] - Done. You can fine the generated images in /home/nicolas/Repulsive-score-distillation-RSD-/constrained_sampling/_exp/output/rsd_stable_nonaug/inp_large_box
[2024-09-29 22:06:41,582][main][INFO] - Input image:00026.png
[2024-09-29 22:06:41,586][main][INFO] - Images loaded and measurements generated
[2024-09-29 22:06:41,636][main][INFO] - Degradated image y saved in /home/nicolas/Repulsive-score-distillation-RSD-/constrained_sampling/_exp/deg/x_deg.png
[2024-09-29 22:06:41,636][main][INFO] - Running setting with coeff: 0,                             lr: (0.4, 0.6),                             rho_reg: 0.075,                             w_t: 0.1,                             sigma_break: 999
[2024-09-29 22:13:10,283][main][INFO] - Done. You can fine the generated images in /home/nicolas/Repulsive-score-distillation-RSD-/constrained_sampling/_exp/output/rsd_stable_nonaug/inp_large_box
[2024-09-29 22:13:10,284][main][INFO] - Input image:00027.png
[2024-09-29 22:13:10,287][main][INFO] - Images loaded and measurements generated
[2024-09-29 22:13:10,332][main][INFO] - Degradated image y saved in /home/nicolas/Repulsive-score-distillation-RSD-/constrained_sampling/_exp/deg/x_deg.png
[2024-09-29 22:13:10,332][main][INFO] - Running setting with coeff: 0,                             lr: (0.4, 0.6),                             rho_reg: 0.075,                             w_t: 0.1,                             sigma_break: 999
[2024-09-29 22:19:35,822][main][INFO] - Done. You can fine the generated images in /home/nicolas/Repulsive-score-distillation-RSD-/constrained_sampling/_exp/output/rsd_stable_nonaug/inp_large_box
[2024-09-29 22:19:35,823][main][INFO] - Input image:00028.png
[2024-09-29 22:19:35,825][main][INFO] - Images loaded and measurements generated
[2024-09-29 22:19:35,864][main][INFO] - Degradated image y saved in /home/nicolas/Repulsive-score-distillation-RSD-/constrained_sampling/_exp/deg/x_deg.png
[2024-09-29 22:19:35,864][main][INFO] - Running setting with coeff: 0,                             lr: (0.4, 0.6),                             rho_reg: 0.075,                             w_t: 0.1,                             sigma_break: 999
[2024-09-29 22:26:03,912][main][INFO] - Done. You can fine the generated images in /home/nicolas/Repulsive-score-distillation-RSD-/constrained_sampling/_exp/output/rsd_stable_nonaug/inp_large_box
[2024-09-29 22:26:03,912][main][INFO] - Input image:00029.png
[2024-09-29 22:26:03,915][main][INFO] - Images loaded and measurements generated
[2024-09-29 22:26:03,953][main][INFO] - Degradated image y saved in /home/nicolas/Repulsive-score-distillation-RSD-/constrained_sampling/_exp/deg/x_deg.png
[2024-09-29 22:26:03,953][main][INFO] - Running setting with coeff: 0,                             lr: (0.4, 0.6),                             rho_reg: 0.075,                             w_t: 0.1,                             sigma_break: 999
[2024-09-29 22:32:32,344][main][INFO] - Done. You can fine the generated images in /home/nicolas/Repulsive-score-distillation-RSD-/constrained_sampling/_exp/output/rsd_stable_nonaug/inp_large_box
[2024-09-29 22:32:32,345][main][INFO] - Input image:00030.png
[2024-09-29 22:32:32,347][main][INFO] - Images loaded and measurements generated
[2024-09-29 22:32:32,391][main][INFO] - Degradated image y saved in /home/nicolas/Repulsive-score-distillation-RSD-/constrained_sampling/_exp/deg/x_deg.png
[2024-09-29 22:32:32,391][main][INFO] - Running setting with coeff: 0,                             lr: (0.4, 0.6),                             rho_reg: 0.075,                             w_t: 0.1,                             sigma_break: 999
[2024-09-29 22:39:02,198][main][INFO] - Done. You can fine the generated images in /home/nicolas/Repulsive-score-distillation-RSD-/constrained_sampling/_exp/output/rsd_stable_nonaug/inp_large_box
[2024-09-29 22:39:02,198][main][INFO] - Input image:00031.png
[2024-09-29 22:39:02,201][main][INFO] - Images loaded and measurements generated
[2024-09-29 22:39:02,239][main][INFO] - Degradated image y saved in /home/nicolas/Repulsive-score-distillation-RSD-/constrained_sampling/_exp/deg/x_deg.png
[2024-09-29 22:39:02,239][main][INFO] - Running setting with coeff: 0,                             lr: (0.4, 0.6),                             rho_reg: 0.075,                             w_t: 0.1,                             sigma_break: 999
[2024-09-29 22:45:32,076][main][INFO] - Done. You can fine the generated images in /home/nicolas/Repulsive-score-distillation-RSD-/constrained_sampling/_exp/output/rsd_stable_nonaug/inp_large_box
[2024-09-29 22:45:32,077][main][INFO] - Input image:00032.png
[2024-09-29 22:45:32,080][main][INFO] - Images loaded and measurements generated
[2024-09-29 22:45:32,129][main][INFO] - Degradated image y saved in /home/nicolas/Repulsive-score-distillation-RSD-/constrained_sampling/_exp/deg/x_deg.png
[2024-09-29 22:45:32,130][main][INFO] - Running setting with coeff: 0,                             lr: (0.4, 0.6),                             rho_reg: 0.075,                             w_t: 0.1,                             sigma_break: 999
[2024-09-29 22:52:02,679][main][INFO] - Done. You can fine the generated images in /home/nicolas/Repulsive-score-distillation-RSD-/constrained_sampling/_exp/output/rsd_stable_nonaug/inp_large_box
[2024-09-29 22:52:02,679][main][INFO] - Input image:00033.png
[2024-09-29 22:52:02,683][main][INFO] - Images loaded and measurements generated
[2024-09-29 22:52:02,726][main][INFO] - Degradated image y saved in /home/nicolas/Repulsive-score-distillation-RSD-/constrained_sampling/_exp/deg/x_deg.png
[2024-09-29 22:52:02,727][main][INFO] - Running setting with coeff: 0,                             lr: (0.4, 0.6),                             rho_reg: 0.075,                             w_t: 0.1,                             sigma_break: 999
[2024-09-29 22:58:31,558][main][INFO] - Done. You can fine the generated images in /home/nicolas/Repulsive-score-distillation-RSD-/constrained_sampling/_exp/output/rsd_stable_nonaug/inp_large_box
[2024-09-29 22:58:31,558][main][INFO] - Input image:00034.png
[2024-09-29 22:58:31,561][main][INFO] - Images loaded and measurements generated
[2024-09-29 22:58:31,597][main][INFO] - Degradated image y saved in /home/nicolas/Repulsive-score-distillation-RSD-/constrained_sampling/_exp/deg/x_deg.png
[2024-09-29 22:58:31,598][main][INFO] - Running setting with coeff: 0,                             lr: (0.4, 0.6),                             rho_reg: 0.075,                             w_t: 0.1,                             sigma_break: 999
[2024-09-29 23:04:56,109][main][INFO] - Done. You can fine the generated images in /home/nicolas/Repulsive-score-distillation-RSD-/constrained_sampling/_exp/output/rsd_stable_nonaug/inp_large_box
[2024-09-29 23:04:56,110][main][INFO] - Input image:00035.png
[2024-09-29 23:04:56,113][main][INFO] - Images loaded and measurements generated
[2024-09-29 23:04:56,150][main][INFO] - Degradated image y saved in /home/nicolas/Repulsive-score-distillation-RSD-/constrained_sampling/_exp/deg/x_deg.png
[2024-09-29 23:04:56,150][main][INFO] - Running setting with coeff: 0,                             lr: (0.4, 0.6),                             rho_reg: 0.075,                             w_t: 0.1,                             sigma_break: 999
[2024-09-29 23:11:19,669][main][INFO] - Done. You can fine the generated images in /home/nicolas/Repulsive-score-distillation-RSD-/constrained_sampling/_exp/output/rsd_stable_nonaug/inp_large_box
[2024-09-29 23:11:19,670][main][INFO] - Input image:00036.png
[2024-09-29 23:11:19,673][main][INFO] - Images loaded and measurements generated
[2024-09-29 23:11:19,721][main][INFO] - Degradated image y saved in /home/nicolas/Repulsive-score-distillation-RSD-/constrained_sampling/_exp/deg/x_deg.png
[2024-09-29 23:11:19,721][main][INFO] - Running setting with coeff: 0,                             lr: (0.4, 0.6),                             rho_reg: 0.075,                             w_t: 0.1,                             sigma_break: 999
[2024-09-29 23:17:47,782][main][INFO] - Done. You can fine the generated images in /home/nicolas/Repulsive-score-distillation-RSD-/constrained_sampling/_exp/output/rsd_stable_nonaug/inp_large_box
[2024-09-29 23:17:47,782][main][INFO] - Input image:00037.png
[2024-09-29 23:17:47,784][main][INFO] - Images loaded and measurements generated
[2024-09-29 23:17:47,827][main][INFO] - Degradated image y saved in /home/nicolas/Repulsive-score-distillation-RSD-/constrained_sampling/_exp/deg/x_deg.png
[2024-09-29 23:17:47,827][main][INFO] - Running setting with coeff: 0,                             lr: (0.4, 0.6),                             rho_reg: 0.075,                             w_t: 0.1,                             sigma_break: 999
[2024-09-29 23:24:17,406][main][INFO] - Done. You can fine the generated images in /home/nicolas/Repulsive-score-distillation-RSD-/constrained_sampling/_exp/output/rsd_stable_nonaug/inp_large_box
[2024-09-29 23:24:17,407][main][INFO] - Input image:00038.png
[2024-09-29 23:24:17,410][main][INFO] - Images loaded and measurements generated
[2024-09-29 23:24:17,454][main][INFO] - Degradated image y saved in /home/nicolas/Repulsive-score-distillation-RSD-/constrained_sampling/_exp/deg/x_deg.png
[2024-09-29 23:24:17,454][main][INFO] - Running setting with coeff: 0,                             lr: (0.4, 0.6),                             rho_reg: 0.075,                             w_t: 0.1,                             sigma_break: 999
[2024-09-29 23:30:48,690][main][INFO] - Done. You can fine the generated images in /home/nicolas/Repulsive-score-distillation-RSD-/constrained_sampling/_exp/output/rsd_stable_nonaug/inp_large_box
[2024-09-29 23:30:48,690][main][INFO] - Input image:00039.png
[2024-09-29 23:30:48,693][main][INFO] - Images loaded and measurements generated
[2024-09-29 23:30:48,729][main][INFO] - Degradated image y saved in /home/nicolas/Repulsive-score-distillation-RSD-/constrained_sampling/_exp/deg/x_deg.png
[2024-09-29 23:30:48,730][main][INFO] - Running setting with coeff: 0,                             lr: (0.4, 0.6),                             rho_reg: 0.075,                             w_t: 0.1,                             sigma_break: 999
[2024-09-29 23:37:19,335][main][INFO] - Done. You can fine the generated images in /home/nicolas/Repulsive-score-distillation-RSD-/constrained_sampling/_exp/output/rsd_stable_nonaug/inp_large_box
[2024-09-29 23:37:19,335][main][INFO] - Input image:00040.png
[2024-09-29 23:37:19,338][main][INFO] - Images loaded and measurements generated
[2024-09-29 23:37:19,388][main][INFO] - Degradated image y saved in /home/nicolas/Repulsive-score-distillation-RSD-/constrained_sampling/_exp/deg/x_deg.png
[2024-09-29 23:37:19,389][main][INFO] - Running setting with coeff: 0,                             lr: (0.4, 0.6),                             rho_reg: 0.075,                             w_t: 0.1,                             sigma_break: 999
[2024-09-29 23:43:51,728][main][INFO] - Done. You can fine the generated images in /home/nicolas/Repulsive-score-distillation-RSD-/constrained_sampling/_exp/output/rsd_stable_nonaug/inp_large_box
[2024-09-29 23:43:51,729][main][INFO] - Input image:00041.png
[2024-09-29 23:43:51,732][main][INFO] - Images loaded and measurements generated
[2024-09-29 23:43:51,777][main][INFO] - Degradated image y saved in /home/nicolas/Repulsive-score-distillation-RSD-/constrained_sampling/_exp/deg/x_deg.png
[2024-09-29 23:43:51,777][main][INFO] - Running setting with coeff: 0,                             lr: (0.4, 0.6),                             rho_reg: 0.075,                             w_t: 0.1,                             sigma_break: 999
[2024-09-29 23:50:24,408][main][INFO] - Done. You can fine the generated images in /home/nicolas/Repulsive-score-distillation-RSD-/constrained_sampling/_exp/output/rsd_stable_nonaug/inp_large_box
[2024-09-29 23:50:24,408][main][INFO] - Input image:00042.png
[2024-09-29 23:50:24,411][main][INFO] - Images loaded and measurements generated
[2024-09-29 23:50:24,449][main][INFO] - Degradated image y saved in /home/nicolas/Repulsive-score-distillation-RSD-/constrained_sampling/_exp/deg/x_deg.png
[2024-09-29 23:50:24,449][main][INFO] - Running setting with coeff: 0,                             lr: (0.4, 0.6),                             rho_reg: 0.075,                             w_t: 0.1,                             sigma_break: 999
[2024-09-29 23:56:55,593][main][INFO] - Done. You can fine the generated images in /home/nicolas/Repulsive-score-distillation-RSD-/constrained_sampling/_exp/output/rsd_stable_nonaug/inp_large_box
[2024-09-29 23:56:55,593][main][INFO] - Input image:00043.png
[2024-09-29 23:56:55,597][main][INFO] - Images loaded and measurements generated
[2024-09-29 23:56:55,637][main][INFO] - Degradated image y saved in /home/nicolas/Repulsive-score-distillation-RSD-/constrained_sampling/_exp/deg/x_deg.png
[2024-09-29 23:56:55,638][main][INFO] - Running setting with coeff: 0,                             lr: (0.4, 0.6),                             rho_reg: 0.075,                             w_t: 0.1,                             sigma_break: 999
[2024-09-30 00:03:28,623][main][INFO] - Done. You can fine the generated images in /home/nicolas/Repulsive-score-distillation-RSD-/constrained_sampling/_exp/output/rsd_stable_nonaug/inp_large_box
[2024-09-30 00:03:28,624][main][INFO] - Input image:00044.png
[2024-09-30 00:03:28,626][main][INFO] - Images loaded and measurements generated
[2024-09-30 00:03:28,667][main][INFO] - Degradated image y saved in /home/nicolas/Repulsive-score-distillation-RSD-/constrained_sampling/_exp/deg/x_deg.png
[2024-09-30 00:03:28,667][main][INFO] - Running setting with coeff: 0,                             lr: (0.4, 0.6),                             rho_reg: 0.075,                             w_t: 0.1,                             sigma_break: 999
[2024-09-30 00:09:59,648][main][INFO] - Done. You can fine the generated images in /home/nicolas/Repulsive-score-distillation-RSD-/constrained_sampling/_exp/output/rsd_stable_nonaug/inp_large_box
[2024-09-30 00:09:59,648][main][INFO] - Input image:00045.png
[2024-09-30 00:09:59,651][main][INFO] - Images loaded and measurements generated
[2024-09-30 00:09:59,695][main][INFO] - Degradated image y saved in /home/nicolas/Repulsive-score-distillation-RSD-/constrained_sampling/_exp/deg/x_deg.png
[2024-09-30 00:09:59,695][main][INFO] - Running setting with coeff: 0,                             lr: (0.4, 0.6),                             rho_reg: 0.075,                             w_t: 0.1,                             sigma_break: 999
[2024-09-30 00:16:31,754][main][INFO] - Done. You can fine the generated images in /home/nicolas/Repulsive-score-distillation-RSD-/constrained_sampling/_exp/output/rsd_stable_nonaug/inp_large_box
[2024-09-30 00:16:31,754][main][INFO] - Input image:00046.png
[2024-09-30 00:16:31,758][main][INFO] - Images loaded and measurements generated
[2024-09-30 00:16:31,800][main][INFO] - Degradated image y saved in /home/nicolas/Repulsive-score-distillation-RSD-/constrained_sampling/_exp/deg/x_deg.png
[2024-09-30 00:16:31,801][main][INFO] - Running setting with coeff: 0,                             lr: (0.4, 0.6),                             rho_reg: 0.075,                             w_t: 0.1,                             sigma_break: 999
[2024-09-30 00:23:03,508][main][INFO] - Done. You can fine the generated images in /home/nicolas/Repulsive-score-distillation-RSD-/constrained_sampling/_exp/output/rsd_stable_nonaug/inp_large_box
[2024-09-30 00:23:03,508][main][INFO] - Input image:00047.png
[2024-09-30 00:23:03,511][main][INFO] - Images loaded and measurements generated
[2024-09-30 00:23:03,565][main][INFO] - Degradated image y saved in /home/nicolas/Repulsive-score-distillation-RSD-/constrained_sampling/_exp/deg/x_deg.png
[2024-09-30 00:23:03,565][main][INFO] - Running setting with coeff: 0,                             lr: (0.4, 0.6),                             rho_reg: 0.075,                             w_t: 0.1,                             sigma_break: 999
[2024-09-30 00:29:36,706][main][INFO] - Done. You can fine the generated images in /home/nicolas/Repulsive-score-distillation-RSD-/constrained_sampling/_exp/output/rsd_stable_nonaug/inp_large_box
[2024-09-30 00:29:36,706][main][INFO] - Input image:00048.png
[2024-09-30 00:29:36,709][main][INFO] - Images loaded and measurements generated
[2024-09-30 00:29:36,745][main][INFO] - Degradated image y saved in /home/nicolas/Repulsive-score-distillation-RSD-/constrained_sampling/_exp/deg/x_deg.png
[2024-09-30 00:29:36,745][main][INFO] - Running setting with coeff: 0,                             lr: (0.4, 0.6),                             rho_reg: 0.075,                             w_t: 0.1,                             sigma_break: 999
[2024-09-30 00:36:07,659][main][INFO] - Done. You can fine the generated images in /home/nicolas/Repulsive-score-distillation-RSD-/constrained_sampling/_exp/output/rsd_stable_nonaug/inp_large_box
[2024-09-30 00:36:07,660][main][INFO] - Input image:00049.png
[2024-09-30 00:36:07,663][main][INFO] - Images loaded and measurements generated
[2024-09-30 00:36:07,706][main][INFO] - Degradated image y saved in /home/nicolas/Repulsive-score-distillation-RSD-/constrained_sampling/_exp/deg/x_deg.png
[2024-09-30 00:36:07,707][main][INFO] - Running setting with coeff: 0,                             lr: (0.4, 0.6),                             rho_reg: 0.075,                             w_t: 0.1,                             sigma_break: 999
[2024-09-30 00:42:41,483][main][INFO] - Done. You can fine the generated images in /home/nicolas/Repulsive-score-distillation-RSD-/constrained_sampling/_exp/output/rsd_stable_nonaug/inp_large_box
[2024-09-30 00:42:41,483][main][INFO] - Input image:00050.png
[2024-09-30 00:42:41,486][main][INFO] - Images loaded and measurements generated
[2024-09-30 00:42:41,531][main][INFO] - Degradated image y saved in /home/nicolas/Repulsive-score-distillation-RSD-/constrained_sampling/_exp/deg/x_deg.png
[2024-09-30 00:42:41,531][main][INFO] - Running setting with coeff: 0,                             lr: (0.4, 0.6),                             rho_reg: 0.075,                             w_t: 0.1,                             sigma_break: 999
[2024-09-30 00:49:15,693][main][INFO] - Done. You can fine the generated images in /home/nicolas/Repulsive-score-distillation-RSD-/constrained_sampling/_exp/output/rsd_stable_nonaug/inp_large_box
[2024-09-30 00:49:15,694][main][INFO] - Input image:00051.png
[2024-09-30 00:49:15,698][main][INFO] - Images loaded and measurements generated
[2024-09-30 00:49:15,738][main][INFO] - Degradated image y saved in /home/nicolas/Repulsive-score-distillation-RSD-/constrained_sampling/_exp/deg/x_deg.png
[2024-09-30 00:49:15,738][main][INFO] - Running setting with coeff: 0,                             lr: (0.4, 0.6),                             rho_reg: 0.075,                             w_t: 0.1,                             sigma_break: 999
[2024-09-30 00:55:49,962][main][INFO] - Done. You can fine the generated images in /home/nicolas/Repulsive-score-distillation-RSD-/constrained_sampling/_exp/output/rsd_stable_nonaug/inp_large_box
[2024-09-30 00:55:49,962][main][INFO] - Input image:00052.png
[2024-09-30 00:55:49,965][main][INFO] - Images loaded and measurements generated
[2024-09-30 00:55:50,012][main][INFO] - Degradated image y saved in /home/nicolas/Repulsive-score-distillation-RSD-/constrained_sampling/_exp/deg/x_deg.png
[2024-09-30 00:55:50,012][main][INFO] - Running setting with coeff: 0,                             lr: (0.4, 0.6),                             rho_reg: 0.075,                             w_t: 0.1,                             sigma_break: 999
[2024-09-30 01:02:24,640][main][INFO] - Done. You can fine the generated images in /home/nicolas/Repulsive-score-distillation-RSD-/constrained_sampling/_exp/output/rsd_stable_nonaug/inp_large_box
[2024-09-30 01:02:24,641][main][INFO] - Input image:00053.png
[2024-09-30 01:02:24,643][main][INFO] - Images loaded and measurements generated
[2024-09-30 01:02:24,688][main][INFO] - Degradated image y saved in /home/nicolas/Repulsive-score-distillation-RSD-/constrained_sampling/_exp/deg/x_deg.png
[2024-09-30 01:02:24,688][main][INFO] - Running setting with coeff: 0,                             lr: (0.4, 0.6),                             rho_reg: 0.075,                             w_t: 0.1,                             sigma_break: 999
[2024-09-30 01:08:59,226][main][INFO] - Done. You can fine the generated images in /home/nicolas/Repulsive-score-distillation-RSD-/constrained_sampling/_exp/output/rsd_stable_nonaug/inp_large_box
[2024-09-30 01:08:59,226][main][INFO] - Input image:00054.png
[2024-09-30 01:08:59,229][main][INFO] - Images loaded and measurements generated
[2024-09-30 01:08:59,269][main][INFO] - Degradated image y saved in /home/nicolas/Repulsive-score-distillation-RSD-/constrained_sampling/_exp/deg/x_deg.png
[2024-09-30 01:08:59,269][main][INFO] - Running setting with coeff: 0,                             lr: (0.4, 0.6),                             rho_reg: 0.075,                             w_t: 0.1,                             sigma_break: 999
[2024-09-30 01:15:32,896][main][INFO] - Done. You can fine the generated images in /home/nicolas/Repulsive-score-distillation-RSD-/constrained_sampling/_exp/output/rsd_stable_nonaug/inp_large_box
[2024-09-30 01:15:32,897][main][INFO] - Input image:00055.png
[2024-09-30 01:15:32,899][main][INFO] - Images loaded and measurements generated
[2024-09-30 01:15:32,940][main][INFO] - Degradated image y saved in /home/nicolas/Repulsive-score-distillation-RSD-/constrained_sampling/_exp/deg/x_deg.png
[2024-09-30 01:15:32,940][main][INFO] - Running setting with coeff: 0,                             lr: (0.4, 0.6),                             rho_reg: 0.075,                             w_t: 0.1,                             sigma_break: 999
[2024-09-30 01:22:05,215][main][INFO] - Done. You can fine the generated images in /home/nicolas/Repulsive-score-distillation-RSD-/constrained_sampling/_exp/output/rsd_stable_nonaug/inp_large_box
[2024-09-30 01:22:05,215][main][INFO] - Input image:00056.png
[2024-09-30 01:22:05,218][main][INFO] - Images loaded and measurements generated
[2024-09-30 01:22:05,260][main][INFO] - Degradated image y saved in /home/nicolas/Repulsive-score-distillation-RSD-/constrained_sampling/_exp/deg/x_deg.png
[2024-09-30 01:22:05,260][main][INFO] - Running setting with coeff: 0,                             lr: (0.4, 0.6),                             rho_reg: 0.075,                             w_t: 0.1,                             sigma_break: 999
[2024-09-30 01:28:39,753][main][INFO] - Done. You can fine the generated images in /home/nicolas/Repulsive-score-distillation-RSD-/constrained_sampling/_exp/output/rsd_stable_nonaug/inp_large_box
[2024-09-30 01:28:39,753][main][INFO] - Input image:00057.png
[2024-09-30 01:28:39,756][main][INFO] - Images loaded and measurements generated
[2024-09-30 01:28:39,802][main][INFO] - Degradated image y saved in /home/nicolas/Repulsive-score-distillation-RSD-/constrained_sampling/_exp/deg/x_deg.png
[2024-09-30 01:28:39,802][main][INFO] - Running setting with coeff: 0,                             lr: (0.4, 0.6),                             rho_reg: 0.075,                             w_t: 0.1,                             sigma_break: 999
[2024-09-30 01:35:14,775][main][INFO] - Done. You can fine the generated images in /home/nicolas/Repulsive-score-distillation-RSD-/constrained_sampling/_exp/output/rsd_stable_nonaug/inp_large_box
[2024-09-30 01:35:14,776][main][INFO] - Input image:00058.png
[2024-09-30 01:35:14,779][main][INFO] - Images loaded and measurements generated
[2024-09-30 01:35:14,814][main][INFO] - Degradated image y saved in /home/nicolas/Repulsive-score-distillation-RSD-/constrained_sampling/_exp/deg/x_deg.png
[2024-09-30 01:35:14,814][main][INFO] - Running setting with coeff: 0,                             lr: (0.4, 0.6),                             rho_reg: 0.075,                             w_t: 0.1,                             sigma_break: 999
[2024-09-30 01:41:48,689][main][INFO] - Done. You can fine the generated images in /home/nicolas/Repulsive-score-distillation-RSD-/constrained_sampling/_exp/output/rsd_stable_nonaug/inp_large_box
[2024-09-30 01:41:48,690][main][INFO] - Input image:00059.png
[2024-09-30 01:41:48,692][main][INFO] - Images loaded and measurements generated
[2024-09-30 01:41:48,734][main][INFO] - Degradated image y saved in /home/nicolas/Repulsive-score-distillation-RSD-/constrained_sampling/_exp/deg/x_deg.png
[2024-09-30 01:41:48,734][main][INFO] - Running setting with coeff: 0,                             lr: (0.4, 0.6),                             rho_reg: 0.075,                             w_t: 0.1,                             sigma_break: 999
[2024-09-30 01:48:22,270][main][INFO] - Done. You can fine the generated images in /home/nicolas/Repulsive-score-distillation-RSD-/constrained_sampling/_exp/output/rsd_stable_nonaug/inp_large_box
[2024-09-30 01:48:22,270][main][INFO] - Input image:00060.png
[2024-09-30 01:48:22,273][main][INFO] - Images loaded and measurements generated
[2024-09-30 01:48:22,311][main][INFO] - Degradated image y saved in /home/nicolas/Repulsive-score-distillation-RSD-/constrained_sampling/_exp/deg/x_deg.png
[2024-09-30 01:48:22,311][main][INFO] - Running setting with coeff: 0,                             lr: (0.4, 0.6),                             rho_reg: 0.075,                             w_t: 0.1,                             sigma_break: 999
[2024-09-30 01:54:54,936][main][INFO] - Done. You can fine the generated images in /home/nicolas/Repulsive-score-distillation-RSD-/constrained_sampling/_exp/output/rsd_stable_nonaug/inp_large_box
[2024-09-30 01:54:54,936][main][INFO] - Input image:00061.png
[2024-09-30 01:54:54,939][main][INFO] - Images loaded and measurements generated
[2024-09-30 01:54:54,980][main][INFO] - Degradated image y saved in /home/nicolas/Repulsive-score-distillation-RSD-/constrained_sampling/_exp/deg/x_deg.png
[2024-09-30 01:54:54,981][main][INFO] - Running setting with coeff: 0,                             lr: (0.4, 0.6),                             rho_reg: 0.075,                             w_t: 0.1,                             sigma_break: 999
[2024-09-30 02:01:29,625][main][INFO] - Done. You can fine the generated images in /home/nicolas/Repulsive-score-distillation-RSD-/constrained_sampling/_exp/output/rsd_stable_nonaug/inp_large_box
[2024-09-30 02:01:29,625][main][INFO] - Input image:00062.png
[2024-09-30 02:01:29,628][main][INFO] - Images loaded and measurements generated
[2024-09-30 02:01:29,672][main][INFO] - Degradated image y saved in /home/nicolas/Repulsive-score-distillation-RSD-/constrained_sampling/_exp/deg/x_deg.png
[2024-09-30 02:01:29,672][main][INFO] - Running setting with coeff: 0,                             lr: (0.4, 0.6),                             rho_reg: 0.075,                             w_t: 0.1,                             sigma_break: 999
[2024-09-30 02:07:57,715][main][INFO] - Done. You can fine the generated images in /home/nicolas/Repulsive-score-distillation-RSD-/constrained_sampling/_exp/output/rsd_stable_nonaug/inp_large_box
[2024-09-30 02:07:57,715][main][INFO] - Input image:00063.png
[2024-09-30 02:07:57,719][main][INFO] - Images loaded and measurements generated
[2024-09-30 02:07:57,756][main][INFO] - Degradated image y saved in /home/nicolas/Repulsive-score-distillation-RSD-/constrained_sampling/_exp/deg/x_deg.png
[2024-09-30 02:07:57,756][main][INFO] - Running setting with coeff: 0,                             lr: (0.4, 0.6),                             rho_reg: 0.075,                             w_t: 0.1,                             sigma_break: 999
[2024-09-30 02:14:24,638][main][INFO] - Done. You can fine the generated images in /home/nicolas/Repulsive-score-distillation-RSD-/constrained_sampling/_exp/output/rsd_stable_nonaug/inp_large_box
[2024-09-30 02:14:24,638][main][INFO] - Input image:00064.png
[2024-09-30 02:14:24,641][main][INFO] - Images loaded and measurements generated
[2024-09-30 02:14:24,673][main][INFO] - Degradated image y saved in /home/nicolas/Repulsive-score-distillation-RSD-/constrained_sampling/_exp/deg/x_deg.png
[2024-09-30 02:14:24,673][main][INFO] - Running setting with coeff: 0,                             lr: (0.4, 0.6),                             rho_reg: 0.075,                             w_t: 0.1,                             sigma_break: 999
[2024-09-30 02:20:48,343][main][INFO] - Done. You can fine the generated images in /home/nicolas/Repulsive-score-distillation-RSD-/constrained_sampling/_exp/output/rsd_stable_nonaug/inp_large_box
[2024-09-30 02:20:48,344][main][INFO] - Input image:00065.png
[2024-09-30 02:20:48,347][main][INFO] - Images loaded and measurements generated
[2024-09-30 02:20:48,386][main][INFO] - Degradated image y saved in /home/nicolas/Repulsive-score-distillation-RSD-/constrained_sampling/_exp/deg/x_deg.png
[2024-09-30 02:20:48,386][main][INFO] - Running setting with coeff: 0,                             lr: (0.4, 0.6),                             rho_reg: 0.075,                             w_t: 0.1,                             sigma_break: 999
[2024-09-30 02:27:14,443][main][INFO] - Done. You can fine the generated images in /home/nicolas/Repulsive-score-distillation-RSD-/constrained_sampling/_exp/output/rsd_stable_nonaug/inp_large_box
[2024-09-30 02:27:14,443][main][INFO] - Input image:00066.png
[2024-09-30 02:27:14,447][main][INFO] - Images loaded and measurements generated
[2024-09-30 02:27:14,483][main][INFO] - Degradated image y saved in /home/nicolas/Repulsive-score-distillation-RSD-/constrained_sampling/_exp/deg/x_deg.png
[2024-09-30 02:27:14,484][main][INFO] - Running setting with coeff: 0,                             lr: (0.4, 0.6),                             rho_reg: 0.075,                             w_t: 0.1,                             sigma_break: 999
[2024-09-30 02:33:40,349][main][INFO] - Done. You can fine the generated images in /home/nicolas/Repulsive-score-distillation-RSD-/constrained_sampling/_exp/output/rsd_stable_nonaug/inp_large_box
[2024-09-30 02:33:40,349][main][INFO] - Input image:00067.png
[2024-09-30 02:33:40,352][main][INFO] - Images loaded and measurements generated
[2024-09-30 02:33:40,394][main][INFO] - Degradated image y saved in /home/nicolas/Repulsive-score-distillation-RSD-/constrained_sampling/_exp/deg/x_deg.png
[2024-09-30 02:33:40,395][main][INFO] - Running setting with coeff: 0,                             lr: (0.4, 0.6),                             rho_reg: 0.075,                             w_t: 0.1,                             sigma_break: 999
[2024-09-30 02:40:05,779][main][INFO] - Done. You can fine the generated images in /home/nicolas/Repulsive-score-distillation-RSD-/constrained_sampling/_exp/output/rsd_stable_nonaug/inp_large_box
[2024-09-30 02:40:05,779][main][INFO] - Input image:00068.png
[2024-09-30 02:40:05,782][main][INFO] - Images loaded and measurements generated
[2024-09-30 02:40:05,825][main][INFO] - Degradated image y saved in /home/nicolas/Repulsive-score-distillation-RSD-/constrained_sampling/_exp/deg/x_deg.png
[2024-09-30 02:40:05,825][main][INFO] - Running setting with coeff: 0,                             lr: (0.4, 0.6),                             rho_reg: 0.075,                             w_t: 0.1,                             sigma_break: 999
[2024-09-30 02:46:30,935][main][INFO] - Done. You can fine the generated images in /home/nicolas/Repulsive-score-distillation-RSD-/constrained_sampling/_exp/output/rsd_stable_nonaug/inp_large_box
[2024-09-30 02:46:30,935][main][INFO] - Input image:00069.png
[2024-09-30 02:46:30,938][main][INFO] - Images loaded and measurements generated
[2024-09-30 02:46:30,978][main][INFO] - Degradated image y saved in /home/nicolas/Repulsive-score-distillation-RSD-/constrained_sampling/_exp/deg/x_deg.png
[2024-09-30 02:46:30,978][main][INFO] - Running setting with coeff: 0,                             lr: (0.4, 0.6),                             rho_reg: 0.075,                             w_t: 0.1,                             sigma_break: 999
[2024-09-30 02:52:55,508][main][INFO] - Done. You can fine the generated images in /home/nicolas/Repulsive-score-distillation-RSD-/constrained_sampling/_exp/output/rsd_stable_nonaug/inp_large_box
[2024-09-30 02:52:55,508][main][INFO] - Input image:00070.png
[2024-09-30 02:52:55,511][main][INFO] - Images loaded and measurements generated
[2024-09-30 02:52:55,553][main][INFO] - Degradated image y saved in /home/nicolas/Repulsive-score-distillation-RSD-/constrained_sampling/_exp/deg/x_deg.png
[2024-09-30 02:52:55,553][main][INFO] - Running setting with coeff: 0,                             lr: (0.4, 0.6),                             rho_reg: 0.075,                             w_t: 0.1,                             sigma_break: 999
[2024-09-30 02:59:21,132][main][INFO] - Done. You can fine the generated images in /home/nicolas/Repulsive-score-distillation-RSD-/constrained_sampling/_exp/output/rsd_stable_nonaug/inp_large_box
[2024-09-30 02:59:21,132][main][INFO] - Input image:00071.png
[2024-09-30 02:59:21,135][main][INFO] - Images loaded and measurements generated
[2024-09-30 02:59:21,177][main][INFO] - Degradated image y saved in /home/nicolas/Repulsive-score-distillation-RSD-/constrained_sampling/_exp/deg/x_deg.png
[2024-09-30 02:59:21,177][main][INFO] - Running setting with coeff: 0,                             lr: (0.4, 0.6),                             rho_reg: 0.075,                             w_t: 0.1,                             sigma_break: 999
[2024-09-30 03:05:47,034][main][INFO] - Done. You can fine the generated images in /home/nicolas/Repulsive-score-distillation-RSD-/constrained_sampling/_exp/output/rsd_stable_nonaug/inp_large_box
[2024-09-30 03:05:47,035][main][INFO] - Input image:00072.png
[2024-09-30 03:05:47,038][main][INFO] - Images loaded and measurements generated
[2024-09-30 03:05:47,079][main][INFO] - Degradated image y saved in /home/nicolas/Repulsive-score-distillation-RSD-/constrained_sampling/_exp/deg/x_deg.png
[2024-09-30 03:05:47,079][main][INFO] - Running setting with coeff: 0,                             lr: (0.4, 0.6),                             rho_reg: 0.075,                             w_t: 0.1,                             sigma_break: 999
[2024-09-30 03:12:12,919][main][INFO] - Done. You can fine the generated images in /home/nicolas/Repulsive-score-distillation-RSD-/constrained_sampling/_exp/output/rsd_stable_nonaug/inp_large_box
[2024-09-30 03:12:12,920][main][INFO] - Input image:00073.png
[2024-09-30 03:12:12,922][main][INFO] - Images loaded and measurements generated
[2024-09-30 03:12:12,966][main][INFO] - Degradated image y saved in /home/nicolas/Repulsive-score-distillation-RSD-/constrained_sampling/_exp/deg/x_deg.png
[2024-09-30 03:12:12,966][main][INFO] - Running setting with coeff: 0,                             lr: (0.4, 0.6),                             rho_reg: 0.075,                             w_t: 0.1,                             sigma_break: 999
[2024-09-30 03:18:38,308][main][INFO] - Done. You can fine the generated images in /home/nicolas/Repulsive-score-distillation-RSD-/constrained_sampling/_exp/output/rsd_stable_nonaug/inp_large_box
[2024-09-30 03:18:38,308][main][INFO] - Input image:00074.png
[2024-09-30 03:18:38,311][main][INFO] - Images loaded and measurements generated
[2024-09-30 03:18:38,353][main][INFO] - Degradated image y saved in /home/nicolas/Repulsive-score-distillation-RSD-/constrained_sampling/_exp/deg/x_deg.png
[2024-09-30 03:18:38,354][main][INFO] - Running setting with coeff: 0,                             lr: (0.4, 0.6),                             rho_reg: 0.075,                             w_t: 0.1,                             sigma_break: 999
[2024-09-30 03:25:04,009][main][INFO] - Done. You can fine the generated images in /home/nicolas/Repulsive-score-distillation-RSD-/constrained_sampling/_exp/output/rsd_stable_nonaug/inp_large_box
[2024-09-30 03:25:04,010][main][INFO] - Input image:00075.png
[2024-09-30 03:25:04,013][main][INFO] - Images loaded and measurements generated
[2024-09-30 03:25:04,055][main][INFO] - Degradated image y saved in /home/nicolas/Repulsive-score-distillation-RSD-/constrained_sampling/_exp/deg/x_deg.png
[2024-09-30 03:25:04,055][main][INFO] - Running setting with coeff: 0,                             lr: (0.4, 0.6),                             rho_reg: 0.075,                             w_t: 0.1,                             sigma_break: 999
[2024-09-30 03:31:28,702][main][INFO] - Done. You can fine the generated images in /home/nicolas/Repulsive-score-distillation-RSD-/constrained_sampling/_exp/output/rsd_stable_nonaug/inp_large_box
[2024-09-30 03:31:28,703][main][INFO] - Input image:00076.png
[2024-09-30 03:31:28,705][main][INFO] - Images loaded and measurements generated
[2024-09-30 03:31:28,748][main][INFO] - Degradated image y saved in /home/nicolas/Repulsive-score-distillation-RSD-/constrained_sampling/_exp/deg/x_deg.png
[2024-09-30 03:31:28,748][main][INFO] - Running setting with coeff: 0,                             lr: (0.4, 0.6),                             rho_reg: 0.075,                             w_t: 0.1,                             sigma_break: 999
[2024-09-30 03:37:54,296][main][INFO] - Done. You can fine the generated images in /home/nicolas/Repulsive-score-distillation-RSD-/constrained_sampling/_exp/output/rsd_stable_nonaug/inp_large_box
[2024-09-30 03:37:54,296][main][INFO] - Input image:00077.png
[2024-09-30 03:37:54,299][main][INFO] - Images loaded and measurements generated
[2024-09-30 03:37:54,342][main][INFO] - Degradated image y saved in /home/nicolas/Repulsive-score-distillation-RSD-/constrained_sampling/_exp/deg/x_deg.png
[2024-09-30 03:37:54,342][main][INFO] - Running setting with coeff: 0,                             lr: (0.4, 0.6),                             rho_reg: 0.075,                             w_t: 0.1,                             sigma_break: 999
[2024-09-30 03:44:19,322][main][INFO] - Done. You can fine the generated images in /home/nicolas/Repulsive-score-distillation-RSD-/constrained_sampling/_exp/output/rsd_stable_nonaug/inp_large_box
[2024-09-30 03:44:19,323][main][INFO] - Input image:00078.png
[2024-09-30 03:44:19,325][main][INFO] - Images loaded and measurements generated
[2024-09-30 03:44:19,369][main][INFO] - Degradated image y saved in /home/nicolas/Repulsive-score-distillation-RSD-/constrained_sampling/_exp/deg/x_deg.png
[2024-09-30 03:44:19,369][main][INFO] - Running setting with coeff: 0,                             lr: (0.4, 0.6),                             rho_reg: 0.075,                             w_t: 0.1,                             sigma_break: 999
[2024-09-30 03:50:44,158][main][INFO] - Done. You can fine the generated images in /home/nicolas/Repulsive-score-distillation-RSD-/constrained_sampling/_exp/output/rsd_stable_nonaug/inp_large_box
[2024-09-30 03:50:44,158][main][INFO] - Input image:00079.png
[2024-09-30 03:50:44,161][main][INFO] - Images loaded and measurements generated
[2024-09-30 03:50:44,201][main][INFO] - Degradated image y saved in /home/nicolas/Repulsive-score-distillation-RSD-/constrained_sampling/_exp/deg/x_deg.png
[2024-09-30 03:50:44,201][main][INFO] - Running setting with coeff: 0,                             lr: (0.4, 0.6),                             rho_reg: 0.075,                             w_t: 0.1,                             sigma_break: 999
[2024-09-30 03:57:08,753][main][INFO] - Done. You can fine the generated images in /home/nicolas/Repulsive-score-distillation-RSD-/constrained_sampling/_exp/output/rsd_stable_nonaug/inp_large_box
[2024-09-30 03:57:08,754][main][INFO] - Input image:00080.png
[2024-09-30 03:57:08,756][main][INFO] - Images loaded and measurements generated
[2024-09-30 03:57:08,796][main][INFO] - Degradated image y saved in /home/nicolas/Repulsive-score-distillation-RSD-/constrained_sampling/_exp/deg/x_deg.png
[2024-09-30 03:57:08,796][main][INFO] - Running setting with coeff: 0,                             lr: (0.4, 0.6),                             rho_reg: 0.075,                             w_t: 0.1,                             sigma_break: 999
[2024-09-30 04:03:33,926][main][INFO] - Done. You can fine the generated images in /home/nicolas/Repulsive-score-distillation-RSD-/constrained_sampling/_exp/output/rsd_stable_nonaug/inp_large_box
[2024-09-30 04:03:33,927][main][INFO] - Input image:00081.png
[2024-09-30 04:03:33,929][main][INFO] - Images loaded and measurements generated
[2024-09-30 04:03:33,963][main][INFO] - Degradated image y saved in /home/nicolas/Repulsive-score-distillation-RSD-/constrained_sampling/_exp/deg/x_deg.png
[2024-09-30 04:03:33,964][main][INFO] - Running setting with coeff: 0,                             lr: (0.4, 0.6),                             rho_reg: 0.075,                             w_t: 0.1,                             sigma_break: 999
[2024-09-30 04:09:57,550][main][INFO] - Done. You can fine the generated images in /home/nicolas/Repulsive-score-distillation-RSD-/constrained_sampling/_exp/output/rsd_stable_nonaug/inp_large_box
[2024-09-30 04:09:57,551][main][INFO] - Input image:00082.png
[2024-09-30 04:09:57,553][main][INFO] - Images loaded and measurements generated
[2024-09-30 04:09:57,590][main][INFO] - Degradated image y saved in /home/nicolas/Repulsive-score-distillation-RSD-/constrained_sampling/_exp/deg/x_deg.png
[2024-09-30 04:09:57,591][main][INFO] - Running setting with coeff: 0,                             lr: (0.4, 0.6),                             rho_reg: 0.075,                             w_t: 0.1,                             sigma_break: 999
[2024-09-30 04:16:23,733][main][INFO] - Done. You can fine the generated images in /home/nicolas/Repulsive-score-distillation-RSD-/constrained_sampling/_exp/output/rsd_stable_nonaug/inp_large_box
[2024-09-30 04:16:23,734][main][INFO] - Input image:00083.png
[2024-09-30 04:16:23,737][main][INFO] - Images loaded and measurements generated
[2024-09-30 04:16:23,776][main][INFO] - Degradated image y saved in /home/nicolas/Repulsive-score-distillation-RSD-/constrained_sampling/_exp/deg/x_deg.png
[2024-09-30 04:16:23,776][main][INFO] - Running setting with coeff: 0,                             lr: (0.4, 0.6),                             rho_reg: 0.075,                             w_t: 0.1,                             sigma_break: 999
[2024-09-30 04:22:49,657][main][INFO] - Done. You can fine the generated images in /home/nicolas/Repulsive-score-distillation-RSD-/constrained_sampling/_exp/output/rsd_stable_nonaug/inp_large_box
[2024-09-30 04:22:49,658][main][INFO] - Input image:00084.png
[2024-09-30 04:22:49,660][main][INFO] - Images loaded and measurements generated
[2024-09-30 04:22:49,698][main][INFO] - Degradated image y saved in /home/nicolas/Repulsive-score-distillation-RSD-/constrained_sampling/_exp/deg/x_deg.png
[2024-09-30 04:22:49,698][main][INFO] - Running setting with coeff: 0,                             lr: (0.4, 0.6),                             rho_reg: 0.075,                             w_t: 0.1,                             sigma_break: 999
[2024-09-30 04:29:14,683][main][INFO] - Done. You can fine the generated images in /home/nicolas/Repulsive-score-distillation-RSD-/constrained_sampling/_exp/output/rsd_stable_nonaug/inp_large_box
[2024-09-30 04:29:14,684][main][INFO] - Input image:00085.png
[2024-09-30 04:29:14,688][main][INFO] - Images loaded and measurements generated
[2024-09-30 04:29:14,729][main][INFO] - Degradated image y saved in /home/nicolas/Repulsive-score-distillation-RSD-/constrained_sampling/_exp/deg/x_deg.png
[2024-09-30 04:29:14,729][main][INFO] - Running setting with coeff: 0,                             lr: (0.4, 0.6),                             rho_reg: 0.075,                             w_t: 0.1,                             sigma_break: 999
[2024-09-30 04:35:40,210][main][INFO] - Done. You can fine the generated images in /home/nicolas/Repulsive-score-distillation-RSD-/constrained_sampling/_exp/output/rsd_stable_nonaug/inp_large_box
[2024-09-30 04:35:40,211][main][INFO] - Input image:00086.png
[2024-09-30 04:35:40,214][main][INFO] - Images loaded and measurements generated
[2024-09-30 04:35:40,249][main][INFO] - Degradated image y saved in /home/nicolas/Repulsive-score-distillation-RSD-/constrained_sampling/_exp/deg/x_deg.png
[2024-09-30 04:35:40,249][main][INFO] - Running setting with coeff: 0,                             lr: (0.4, 0.6),                             rho_reg: 0.075,                             w_t: 0.1,                             sigma_break: 999
[2024-09-30 04:42:04,764][main][INFO] - Done. You can fine the generated images in /home/nicolas/Repulsive-score-distillation-RSD-/constrained_sampling/_exp/output/rsd_stable_nonaug/inp_large_box
[2024-09-30 04:42:04,764][main][INFO] - Input image:00087.png
[2024-09-30 04:42:04,767][main][INFO] - Images loaded and measurements generated
[2024-09-30 04:42:04,812][main][INFO] - Degradated image y saved in /home/nicolas/Repulsive-score-distillation-RSD-/constrained_sampling/_exp/deg/x_deg.png
[2024-09-30 04:42:04,812][main][INFO] - Running setting with coeff: 0,                             lr: (0.4, 0.6),                             rho_reg: 0.075,                             w_t: 0.1,                             sigma_break: 999
[2024-09-30 04:48:30,116][main][INFO] - Done. You can fine the generated images in /home/nicolas/Repulsive-score-distillation-RSD-/constrained_sampling/_exp/output/rsd_stable_nonaug/inp_large_box
[2024-09-30 04:48:30,116][main][INFO] - Input image:00088.png
[2024-09-30 04:48:30,119][main][INFO] - Images loaded and measurements generated
[2024-09-30 04:48:30,160][main][INFO] - Degradated image y saved in /home/nicolas/Repulsive-score-distillation-RSD-/constrained_sampling/_exp/deg/x_deg.png
[2024-09-30 04:48:30,160][main][INFO] - Running setting with coeff: 0,                             lr: (0.4, 0.6),                             rho_reg: 0.075,                             w_t: 0.1,                             sigma_break: 999
[2024-09-30 04:54:55,570][main][INFO] - Done. You can fine the generated images in /home/nicolas/Repulsive-score-distillation-RSD-/constrained_sampling/_exp/output/rsd_stable_nonaug/inp_large_box
[2024-09-30 04:54:55,571][main][INFO] - Input image:00089.png
[2024-09-30 04:54:55,574][main][INFO] - Images loaded and measurements generated
[2024-09-30 04:54:55,613][main][INFO] - Degradated image y saved in /home/nicolas/Repulsive-score-distillation-RSD-/constrained_sampling/_exp/deg/x_deg.png
[2024-09-30 04:54:55,613][main][INFO] - Running setting with coeff: 0,                             lr: (0.4, 0.6),                             rho_reg: 0.075,                             w_t: 0.1,                             sigma_break: 999
[2024-09-30 05:01:21,473][main][INFO] - Done. You can fine the generated images in /home/nicolas/Repulsive-score-distillation-RSD-/constrained_sampling/_exp/output/rsd_stable_nonaug/inp_large_box
[2024-09-30 05:01:21,473][main][INFO] - Input image:00090.png
[2024-09-30 05:01:21,476][main][INFO] - Images loaded and measurements generated
[2024-09-30 05:01:21,521][main][INFO] - Degradated image y saved in /home/nicolas/Repulsive-score-distillation-RSD-/constrained_sampling/_exp/deg/x_deg.png
[2024-09-30 05:01:21,522][main][INFO] - Running setting with coeff: 0,                             lr: (0.4, 0.6),                             rho_reg: 0.075,                             w_t: 0.1,                             sigma_break: 999
[2024-09-30 05:07:47,212][main][INFO] - Done. You can fine the generated images in /home/nicolas/Repulsive-score-distillation-RSD-/constrained_sampling/_exp/output/rsd_stable_nonaug/inp_large_box
[2024-09-30 05:07:47,212][main][INFO] - Input image:00091.png
[2024-09-30 05:07:47,215][main][INFO] - Images loaded and measurements generated
[2024-09-30 05:07:47,259][main][INFO] - Degradated image y saved in /home/nicolas/Repulsive-score-distillation-RSD-/constrained_sampling/_exp/deg/x_deg.png
[2024-09-30 05:07:47,259][main][INFO] - Running setting with coeff: 0,                             lr: (0.4, 0.6),                             rho_reg: 0.075,                             w_t: 0.1,                             sigma_break: 999
[2024-09-30 05:14:12,963][main][INFO] - Done. You can fine the generated images in /home/nicolas/Repulsive-score-distillation-RSD-/constrained_sampling/_exp/output/rsd_stable_nonaug/inp_large_box
[2024-09-30 05:14:12,963][main][INFO] - Input image:00092.png
[2024-09-30 05:14:12,966][main][INFO] - Images loaded and measurements generated
[2024-09-30 05:14:13,012][main][INFO] - Degradated image y saved in /home/nicolas/Repulsive-score-distillation-RSD-/constrained_sampling/_exp/deg/x_deg.png
[2024-09-30 05:14:13,012][main][INFO] - Running setting with coeff: 0,                             lr: (0.4, 0.6),                             rho_reg: 0.075,                             w_t: 0.1,                             sigma_break: 999
[2024-09-30 05:20:38,507][main][INFO] - Done. You can fine the generated images in /home/nicolas/Repulsive-score-distillation-RSD-/constrained_sampling/_exp/output/rsd_stable_nonaug/inp_large_box
[2024-09-30 05:20:38,508][main][INFO] - Input image:00093.png
[2024-09-30 05:20:38,511][main][INFO] - Images loaded and measurements generated
[2024-09-30 05:20:38,552][main][INFO] - Degradated image y saved in /home/nicolas/Repulsive-score-distillation-RSD-/constrained_sampling/_exp/deg/x_deg.png
[2024-09-30 05:20:38,552][main][INFO] - Running setting with coeff: 0,                             lr: (0.4, 0.6),                             rho_reg: 0.075,                             w_t: 0.1,                             sigma_break: 999
[2024-09-30 05:27:04,379][main][INFO] - Done. You can fine the generated images in /home/nicolas/Repulsive-score-distillation-RSD-/constrained_sampling/_exp/output/rsd_stable_nonaug/inp_large_box
[2024-09-30 05:27:04,379][main][INFO] - Input image:00094.png
[2024-09-30 05:27:04,388][main][INFO] - Images loaded and measurements generated
[2024-09-30 05:27:04,426][main][INFO] - Degradated image y saved in /home/nicolas/Repulsive-score-distillation-RSD-/constrained_sampling/_exp/deg/x_deg.png
[2024-09-30 05:27:04,427][main][INFO] - Running setting with coeff: 0,                             lr: (0.4, 0.6),                             rho_reg: 0.075,                             w_t: 0.1,                             sigma_break: 999
[2024-09-30 05:33:29,961][main][INFO] - Done. You can fine the generated images in /home/nicolas/Repulsive-score-distillation-RSD-/constrained_sampling/_exp/output/rsd_stable_nonaug/inp_large_box
[2024-09-30 05:33:29,961][main][INFO] - Input image:00095.png
[2024-09-30 05:33:29,964][main][INFO] - Images loaded and measurements generated
[2024-09-30 05:33:30,001][main][INFO] - Degradated image y saved in /home/nicolas/Repulsive-score-distillation-RSD-/constrained_sampling/_exp/deg/x_deg.png
[2024-09-30 05:33:30,001][main][INFO] - Running setting with coeff: 0,                             lr: (0.4, 0.6),                             rho_reg: 0.075,                             w_t: 0.1,                             sigma_break: 999
[2024-09-30 05:39:56,087][main][INFO] - Done. You can fine the generated images in /home/nicolas/Repulsive-score-distillation-RSD-/constrained_sampling/_exp/output/rsd_stable_nonaug/inp_large_box
[2024-09-30 05:39:56,087][main][INFO] - Input image:00096.png
[2024-09-30 05:39:56,091][main][INFO] - Images loaded and measurements generated
[2024-09-30 05:39:56,132][main][INFO] - Degradated image y saved in /home/nicolas/Repulsive-score-distillation-RSD-/constrained_sampling/_exp/deg/x_deg.png
[2024-09-30 05:39:56,133][main][INFO] - Running setting with coeff: 0,                             lr: (0.4, 0.6),                             rho_reg: 0.075,                             w_t: 0.1,                             sigma_break: 999
[2024-09-30 05:46:21,845][main][INFO] - Done. You can fine the generated images in /home/nicolas/Repulsive-score-distillation-RSD-/constrained_sampling/_exp/output/rsd_stable_nonaug/inp_large_box
[2024-09-30 05:46:21,845][main][INFO] - Input image:00097.png
[2024-09-30 05:46:21,848][main][INFO] - Images loaded and measurements generated
[2024-09-30 05:46:21,890][main][INFO] - Degradated image y saved in /home/nicolas/Repulsive-score-distillation-RSD-/constrained_sampling/_exp/deg/x_deg.png
[2024-09-30 05:46:21,890][main][INFO] - Running setting with coeff: 0,                             lr: (0.4, 0.6),                             rho_reg: 0.075,                             w_t: 0.1,                             sigma_break: 999
[2024-09-30 05:52:47,988][main][INFO] - Done. You can fine the generated images in /home/nicolas/Repulsive-score-distillation-RSD-/constrained_sampling/_exp/output/rsd_stable_nonaug/inp_large_box
[2024-09-30 05:52:47,988][main][INFO] - Input image:00098.png
[2024-09-30 05:52:47,991][main][INFO] - Images loaded and measurements generated
[2024-09-30 05:52:48,031][main][INFO] - Degradated image y saved in /home/nicolas/Repulsive-score-distillation-RSD-/constrained_sampling/_exp/deg/x_deg.png
[2024-09-30 05:52:48,031][main][INFO] - Running setting with coeff: 0,                             lr: (0.4, 0.6),                             rho_reg: 0.075,                             w_t: 0.1,                             sigma_break: 999
[2024-09-30 05:59:13,540][main][INFO] - Done. You can fine the generated images in /home/nicolas/Repulsive-score-distillation-RSD-/constrained_sampling/_exp/output/rsd_stable_nonaug/inp_large_box
[2024-09-30 05:59:13,541][main][INFO] - Input image:00099.png
[2024-09-30 05:59:13,544][main][INFO] - Images loaded and measurements generated
[2024-09-30 05:59:13,588][main][INFO] - Degradated image y saved in /home/nicolas/Repulsive-score-distillation-RSD-/constrained_sampling/_exp/deg/x_deg.png
[2024-09-30 05:59:13,589][main][INFO] - Running setting with coeff: 0,                             lr: (0.4, 0.6),                             rho_reg: 0.075,                             w_t: 0.1,                             sigma_break: 999
[2024-09-30 06:05:39,121][main][INFO] - Done. You can fine the generated images in /home/nicolas/Repulsive-score-distillation-RSD-/constrained_sampling/_exp/output/rsd_stable_nonaug/inp_large_box
[2024-09-30 06:05:39,121][main][INFO] - Input image:00100.png
[2024-09-30 06:05:39,124][main][INFO] - Images loaded and measurements generated
[2024-09-30 06:05:39,158][main][INFO] - Degradated image y saved in /home/nicolas/Repulsive-score-distillation-RSD-/constrained_sampling/_exp/deg/x_deg.png
[2024-09-30 06:05:39,158][main][INFO] - Running setting with coeff: 0,                             lr: (0.4, 0.6),                             rho_reg: 0.075,                             w_t: 0.1,                             sigma_break: 999
[2024-09-30 06:12:03,126][main][INFO] - Done. You can fine the generated images in /home/nicolas/Repulsive-score-distillation-RSD-/constrained_sampling/_exp/output/rsd_stable_nonaug/inp_large_box
[2024-09-30 06:12:03,126][main][INFO] - Input image:00101.png
[2024-09-30 06:12:03,130][main][INFO] - Images loaded and measurements generated
[2024-09-30 06:12:03,174][main][INFO] - Degradated image y saved in /home/nicolas/Repulsive-score-distillation-RSD-/constrained_sampling/_exp/deg/x_deg.png
[2024-09-30 06:12:03,174][main][INFO] - Running setting with coeff: 0,                             lr: (0.4, 0.6),                             rho_reg: 0.075,                             w_t: 0.1,                             sigma_break: 999
[2024-09-30 06:18:27,542][main][INFO] - Done. You can fine the generated images in /home/nicolas/Repulsive-score-distillation-RSD-/constrained_sampling/_exp/output/rsd_stable_nonaug/inp_large_box
[2024-09-30 06:18:27,542][main][INFO] - Input image:00102.png
[2024-09-30 06:18:27,545][main][INFO] - Images loaded and measurements generated
[2024-09-30 06:18:27,590][main][INFO] - Degradated image y saved in /home/nicolas/Repulsive-score-distillation-RSD-/constrained_sampling/_exp/deg/x_deg.png
[2024-09-30 06:18:27,590][main][INFO] - Running setting with coeff: 0,                             lr: (0.4, 0.6),                             rho_reg: 0.075,                             w_t: 0.1,                             sigma_break: 999
[2024-09-30 06:24:50,807][main][INFO] - Done. You can fine the generated images in /home/nicolas/Repulsive-score-distillation-RSD-/constrained_sampling/_exp/output/rsd_stable_nonaug/inp_large_box
[2024-09-30 06:24:50,808][main][INFO] - Input image:00103.png
[2024-09-30 06:24:50,811][main][INFO] - Images loaded and measurements generated
[2024-09-30 06:24:50,848][main][INFO] - Degradated image y saved in /home/nicolas/Repulsive-score-distillation-RSD-/constrained_sampling/_exp/deg/x_deg.png
[2024-09-30 06:24:50,848][main][INFO] - Running setting with coeff: 0,                             lr: (0.4, 0.6),                             rho_reg: 0.075,                             w_t: 0.1,                             sigma_break: 999
[2024-09-30 06:31:11,672][main][INFO] - Done. You can fine the generated images in /home/nicolas/Repulsive-score-distillation-RSD-/constrained_sampling/_exp/output/rsd_stable_nonaug/inp_large_box
[2024-09-30 06:31:11,673][main][INFO] - Input image:00104.png
[2024-09-30 06:31:11,676][main][INFO] - Images loaded and measurements generated
[2024-09-30 06:31:11,719][main][INFO] - Degradated image y saved in /home/nicolas/Repulsive-score-distillation-RSD-/constrained_sampling/_exp/deg/x_deg.png
[2024-09-30 06:31:11,720][main][INFO] - Running setting with coeff: 0,                             lr: (0.4, 0.6),                             rho_reg: 0.075,                             w_t: 0.1,                             sigma_break: 999
[2024-09-30 06:37:32,421][main][INFO] - Done. You can fine the generated images in /home/nicolas/Repulsive-score-distillation-RSD-/constrained_sampling/_exp/output/rsd_stable_nonaug/inp_large_box
[2024-09-30 06:37:32,421][main][INFO] - Input image:00105.png
[2024-09-30 06:37:32,423][main][INFO] - Images loaded and measurements generated
[2024-09-30 06:37:32,463][main][INFO] - Degradated image y saved in /home/nicolas/Repulsive-score-distillation-RSD-/constrained_sampling/_exp/deg/x_deg.png
[2024-09-30 06:37:32,463][main][INFO] - Running setting with coeff: 0,                             lr: (0.4, 0.6),                             rho_reg: 0.075,                             w_t: 0.1,                             sigma_break: 999
[2024-09-30 06:43:52,451][main][INFO] - Done. You can fine the generated images in /home/nicolas/Repulsive-score-distillation-RSD-/constrained_sampling/_exp/output/rsd_stable_nonaug/inp_large_box
[2024-09-30 06:43:52,451][main][INFO] - Input image:00106.png
[2024-09-30 06:43:52,454][main][INFO] - Images loaded and measurements generated
[2024-09-30 06:43:52,504][main][INFO] - Degradated image y saved in /home/nicolas/Repulsive-score-distillation-RSD-/constrained_sampling/_exp/deg/x_deg.png
[2024-09-30 06:43:52,504][main][INFO] - Running setting with coeff: 0,                             lr: (0.4, 0.6),                             rho_reg: 0.075,                             w_t: 0.1,                             sigma_break: 999
[2024-09-30 06:50:12,417][main][INFO] - Done. You can fine the generated images in /home/nicolas/Repulsive-score-distillation-RSD-/constrained_sampling/_exp/output/rsd_stable_nonaug/inp_large_box
[2024-09-30 06:50:12,417][main][INFO] - Input image:00107.png
[2024-09-30 06:50:12,421][main][INFO] - Images loaded and measurements generated
[2024-09-30 06:50:12,461][main][INFO] - Degradated image y saved in /home/nicolas/Repulsive-score-distillation-RSD-/constrained_sampling/_exp/deg/x_deg.png
[2024-09-30 06:50:12,461][main][INFO] - Running setting with coeff: 0,                             lr: (0.4, 0.6),                             rho_reg: 0.075,                             w_t: 0.1,                             sigma_break: 999
[2024-09-30 06:56:32,654][main][INFO] - Done. You can fine the generated images in /home/nicolas/Repulsive-score-distillation-RSD-/constrained_sampling/_exp/output/rsd_stable_nonaug/inp_large_box
[2024-09-30 06:56:32,655][main][INFO] - Input image:00108.png
[2024-09-30 06:56:32,657][main][INFO] - Images loaded and measurements generated
[2024-09-30 06:56:32,699][main][INFO] - Degradated image y saved in /home/nicolas/Repulsive-score-distillation-RSD-/constrained_sampling/_exp/deg/x_deg.png
[2024-09-30 06:56:32,699][main][INFO] - Running setting with coeff: 0,                             lr: (0.4, 0.6),                             rho_reg: 0.075,                             w_t: 0.1,                             sigma_break: 999
[2024-09-30 07:02:52,976][main][INFO] - Done. You can fine the generated images in /home/nicolas/Repulsive-score-distillation-RSD-/constrained_sampling/_exp/output/rsd_stable_nonaug/inp_large_box
[2024-09-30 07:02:52,976][main][INFO] - Input image:00109.png
[2024-09-30 07:02:52,980][main][INFO] - Images loaded and measurements generated
[2024-09-30 07:02:53,021][main][INFO] - Degradated image y saved in /home/nicolas/Repulsive-score-distillation-RSD-/constrained_sampling/_exp/deg/x_deg.png
[2024-09-30 07:02:53,021][main][INFO] - Running setting with coeff: 0,                             lr: (0.4, 0.6),                             rho_reg: 0.075,                             w_t: 0.1,                             sigma_break: 999
[2024-09-30 07:09:12,289][main][INFO] - Done. You can fine the generated images in /home/nicolas/Repulsive-score-distillation-RSD-/constrained_sampling/_exp/output/rsd_stable_nonaug/inp_large_box
[2024-09-30 07:09:12,289][main][INFO] - Input image:00110.png
[2024-09-30 07:09:12,292][main][INFO] - Images loaded and measurements generated
[2024-09-30 07:09:12,331][main][INFO] - Degradated image y saved in /home/nicolas/Repulsive-score-distillation-RSD-/constrained_sampling/_exp/deg/x_deg.png
[2024-09-30 07:09:12,331][main][INFO] - Running setting with coeff: 0,                             lr: (0.4, 0.6),                             rho_reg: 0.075,                             w_t: 0.1,                             sigma_break: 999
[2024-09-30 07:15:31,672][main][INFO] - Done. You can fine the generated images in /home/nicolas/Repulsive-score-distillation-RSD-/constrained_sampling/_exp/output/rsd_stable_nonaug/inp_large_box
[2024-09-30 07:15:31,672][main][INFO] - Input image:00111.png
[2024-09-30 07:15:31,676][main][INFO] - Images loaded and measurements generated
[2024-09-30 07:15:31,713][main][INFO] - Degradated image y saved in /home/nicolas/Repulsive-score-distillation-RSD-/constrained_sampling/_exp/deg/x_deg.png
[2024-09-30 07:15:31,713][main][INFO] - Running setting with coeff: 0,                             lr: (0.4, 0.6),                             rho_reg: 0.075,                             w_t: 0.1,                             sigma_break: 999
[2024-09-30 07:21:50,241][main][INFO] - Done. You can fine the generated images in /home/nicolas/Repulsive-score-distillation-RSD-/constrained_sampling/_exp/output/rsd_stable_nonaug/inp_large_box
[2024-09-30 07:21:50,242][main][INFO] - Input image:00112.png
[2024-09-30 07:21:50,245][main][INFO] - Images loaded and measurements generated
[2024-09-30 07:21:50,288][main][INFO] - Degradated image y saved in /home/nicolas/Repulsive-score-distillation-RSD-/constrained_sampling/_exp/deg/x_deg.png
[2024-09-30 07:21:50,288][main][INFO] - Running setting with coeff: 0,                             lr: (0.4, 0.6),                             rho_reg: 0.075,                             w_t: 0.1,                             sigma_break: 999
[2024-09-30 07:28:08,797][main][INFO] - Done. You can fine the generated images in /home/nicolas/Repulsive-score-distillation-RSD-/constrained_sampling/_exp/output/rsd_stable_nonaug/inp_large_box
[2024-09-30 07:28:08,798][main][INFO] - Input image:00113.png
[2024-09-30 07:28:08,800][main][INFO] - Images loaded and measurements generated
[2024-09-30 07:28:08,837][main][INFO] - Degradated image y saved in /home/nicolas/Repulsive-score-distillation-RSD-/constrained_sampling/_exp/deg/x_deg.png
[2024-09-30 07:28:08,837][main][INFO] - Running setting with coeff: 0,                             lr: (0.4, 0.6),                             rho_reg: 0.075,                             w_t: 0.1,                             sigma_break: 999
[2024-09-30 07:34:26,589][main][INFO] - Done. You can fine the generated images in /home/nicolas/Repulsive-score-distillation-RSD-/constrained_sampling/_exp/output/rsd_stable_nonaug/inp_large_box
[2024-09-30 07:34:26,589][main][INFO] - Input image:00114.png
[2024-09-30 07:34:26,592][main][INFO] - Images loaded and measurements generated
[2024-09-30 07:34:26,631][main][INFO] - Degradated image y saved in /home/nicolas/Repulsive-score-distillation-RSD-/constrained_sampling/_exp/deg/x_deg.png
[2024-09-30 07:34:26,631][main][INFO] - Running setting with coeff: 0,                             lr: (0.4, 0.6),                             rho_reg: 0.075,                             w_t: 0.1,                             sigma_break: 999
[2024-09-30 07:40:45,993][main][INFO] - Done. You can fine the generated images in /home/nicolas/Repulsive-score-distillation-RSD-/constrained_sampling/_exp/output/rsd_stable_nonaug/inp_large_box
[2024-09-30 07:40:45,993][main][INFO] - Input image:00115.png
[2024-09-30 07:40:45,997][main][INFO] - Images loaded and measurements generated
[2024-09-30 07:40:46,040][main][INFO] - Degradated image y saved in /home/nicolas/Repulsive-score-distillation-RSD-/constrained_sampling/_exp/deg/x_deg.png
[2024-09-30 07:40:46,040][main][INFO] - Running setting with coeff: 0,                             lr: (0.4, 0.6),                             rho_reg: 0.075,                             w_t: 0.1,                             sigma_break: 999
[2024-09-30 07:47:04,355][main][INFO] - Done. You can fine the generated images in /home/nicolas/Repulsive-score-distillation-RSD-/constrained_sampling/_exp/output/rsd_stable_nonaug/inp_large_box
[2024-09-30 07:47:04,355][main][INFO] - Input image:00116.png
[2024-09-30 07:47:04,358][main][INFO] - Images loaded and measurements generated
[2024-09-30 07:47:04,401][main][INFO] - Degradated image y saved in /home/nicolas/Repulsive-score-distillation-RSD-/constrained_sampling/_exp/deg/x_deg.png
[2024-09-30 07:47:04,402][main][INFO] - Running setting with coeff: 0,                             lr: (0.4, 0.6),                             rho_reg: 0.075,                             w_t: 0.1,                             sigma_break: 999
[2024-09-30 07:53:23,505][main][INFO] - Done. You can fine the generated images in /home/nicolas/Repulsive-score-distillation-RSD-/constrained_sampling/_exp/output/rsd_stable_nonaug/inp_large_box
[2024-09-30 07:53:23,505][main][INFO] - Input image:00117.png
[2024-09-30 07:53:23,508][main][INFO] - Images loaded and measurements generated
[2024-09-30 07:53:23,553][main][INFO] - Degradated image y saved in /home/nicolas/Repulsive-score-distillation-RSD-/constrained_sampling/_exp/deg/x_deg.png
[2024-09-30 07:53:23,553][main][INFO] - Running setting with coeff: 0,                             lr: (0.4, 0.6),                             rho_reg: 0.075,                             w_t: 0.1,                             sigma_break: 999
[2024-09-30 07:59:41,832][main][INFO] - Done. You can fine the generated images in /home/nicolas/Repulsive-score-distillation-RSD-/constrained_sampling/_exp/output/rsd_stable_nonaug/inp_large_box
[2024-09-30 07:59:41,832][main][INFO] - Input image:00118.png
[2024-09-30 07:59:41,836][main][INFO] - Images loaded and measurements generated
[2024-09-30 07:59:41,881][main][INFO] - Degradated image y saved in /home/nicolas/Repulsive-score-distillation-RSD-/constrained_sampling/_exp/deg/x_deg.png
[2024-09-30 07:59:41,881][main][INFO] - Running setting with coeff: 0,                             lr: (0.4, 0.6),                             rho_reg: 0.075,                             w_t: 0.1,                             sigma_break: 999
[2024-09-30 08:06:00,325][main][INFO] - Done. You can fine the generated images in /home/nicolas/Repulsive-score-distillation-RSD-/constrained_sampling/_exp/output/rsd_stable_nonaug/inp_large_box
[2024-09-30 08:06:00,326][main][INFO] - Input image:00119.png
[2024-09-30 08:06:00,329][main][INFO] - Images loaded and measurements generated
[2024-09-30 08:06:00,374][main][INFO] - Degradated image y saved in /home/nicolas/Repulsive-score-distillation-RSD-/constrained_sampling/_exp/deg/x_deg.png
[2024-09-30 08:06:00,375][main][INFO] - Running setting with coeff: 0,                             lr: (0.4, 0.6),                             rho_reg: 0.075,                             w_t: 0.1,                             sigma_break: 999
[2024-09-30 08:12:18,019][main][INFO] - Done. You can fine the generated images in /home/nicolas/Repulsive-score-distillation-RSD-/constrained_sampling/_exp/output/rsd_stable_nonaug/inp_large_box
[2024-09-30 08:12:18,020][main][INFO] - Input image:00120.png
[2024-09-30 08:12:18,023][main][INFO] - Images loaded and measurements generated
[2024-09-30 08:12:18,058][main][INFO] - Degradated image y saved in /home/nicolas/Repulsive-score-distillation-RSD-/constrained_sampling/_exp/deg/x_deg.png
[2024-09-30 08:12:18,058][main][INFO] - Running setting with coeff: 0,                             lr: (0.4, 0.6),                             rho_reg: 0.075,                             w_t: 0.1,                             sigma_break: 999
[2024-09-30 08:18:35,827][main][INFO] - Done. You can fine the generated images in /home/nicolas/Repulsive-score-distillation-RSD-/constrained_sampling/_exp/output/rsd_stable_nonaug/inp_large_box
[2024-09-30 08:18:35,827][main][INFO] - Input image:00121.png
[2024-09-30 08:18:35,834][main][INFO] - Images loaded and measurements generated
[2024-09-30 08:18:35,868][main][INFO] - Degradated image y saved in /home/nicolas/Repulsive-score-distillation-RSD-/constrained_sampling/_exp/deg/x_deg.png
[2024-09-30 08:18:35,868][main][INFO] - Running setting with coeff: 0,                             lr: (0.4, 0.6),                             rho_reg: 0.075,                             w_t: 0.1,                             sigma_break: 999
[2024-09-30 08:24:53,801][main][INFO] - Done. You can fine the generated images in /home/nicolas/Repulsive-score-distillation-RSD-/constrained_sampling/_exp/output/rsd_stable_nonaug/inp_large_box
[2024-09-30 08:24:53,801][main][INFO] - Input image:00122.png
[2024-09-30 08:24:53,805][main][INFO] - Images loaded and measurements generated
[2024-09-30 08:24:53,847][main][INFO] - Degradated image y saved in /home/nicolas/Repulsive-score-distillation-RSD-/constrained_sampling/_exp/deg/x_deg.png
[2024-09-30 08:24:53,847][main][INFO] - Running setting with coeff: 0,                             lr: (0.4, 0.6),                             rho_reg: 0.075,                             w_t: 0.1,                             sigma_break: 999
[2024-09-30 08:31:12,513][main][INFO] - Done. You can fine the generated images in /home/nicolas/Repulsive-score-distillation-RSD-/constrained_sampling/_exp/output/rsd_stable_nonaug/inp_large_box
[2024-09-30 08:31:12,513][main][INFO] - Input image:00123.png
[2024-09-30 08:31:12,517][main][INFO] - Images loaded and measurements generated
[2024-09-30 08:31:12,552][main][INFO] - Degradated image y saved in /home/nicolas/Repulsive-score-distillation-RSD-/constrained_sampling/_exp/deg/x_deg.png
[2024-09-30 08:31:12,552][main][INFO] - Running setting with coeff: 0,                             lr: (0.4, 0.6),                             rho_reg: 0.075,                             w_t: 0.1,                             sigma_break: 999
