[2024-09-09 21:38:42,635][main][INFO] - Experiment name is RSD
[2024-09-09 21:38:44,029][main][INFO] - Model loaded
[2024-09-09 21:38:45,073][main][INFO] - Degradation model loaded. The experiment corresponds to phase_retrieval
[2024-09-09 21:38:45,074][main][INFO] - Dataset size is 1000
[2024-09-09 21:38:45,288][main][INFO] - Input image:00000.png
[2024-09-09 21:38:45,323][main][INFO] - Images loaded and measurements generated
[2024-09-09 21:38:45,456][main][INFO] - Degradated image y saved in /home/nicolas/Repulsive-score-distillation-RSD-/constrained_sampling/_exp/deg/x_deg.png
[2024-09-09 21:38:45,456][main][INFO] - Running setting with coeff: 0,                             lr: (0.5, 0.5),                             rho_reg: 0.1,                             w_t: 0.009
[2024-09-09 21:55:07,650][main][INFO] - Done. You can fine the generated images in /home/nicolas/Repulsive-score-distillation-RSD-/constrained_sampling/_exp/output/rsd_stable/phase_retrieval
[2024-09-09 21:55:07,650][main][INFO] - Input image:00001.png
[2024-09-09 21:55:07,653][main][INFO] - Images loaded and measurements generated
[2024-09-09 21:55:07,774][main][INFO] - Degradated image y saved in /home/nicolas/Repulsive-score-distillation-RSD-/constrained_sampling/_exp/deg/x_deg.png
[2024-09-09 21:55:07,774][main][INFO] - Running setting with coeff: 0,                             lr: (0.5, 0.5),                             rho_reg: 0.1,                             w_t: 0.009
[2024-09-09 22:11:30,315][main][INFO] - Done. You can fine the generated images in /home/nicolas/Repulsive-score-distillation-RSD-/constrained_sampling/_exp/output/rsd_stable/phase_retrieval
[2024-09-09 22:11:30,316][main][INFO] - Input image:00002.png
[2024-09-09 22:11:30,319][main][INFO] - Images loaded and measurements generated
[2024-09-09 22:11:30,426][main][INFO] - Degradated image y saved in /home/nicolas/Repulsive-score-distillation-RSD-/constrained_sampling/_exp/deg/x_deg.png
[2024-09-09 22:11:30,426][main][INFO] - Running setting with coeff: 0,                             lr: (0.5, 0.5),                             rho_reg: 0.1,                             w_t: 0.009
[2024-09-09 22:27:56,324][main][INFO] - Done. You can fine the generated images in /home/nicolas/Repulsive-score-distillation-RSD-/constrained_sampling/_exp/output/rsd_stable/phase_retrieval
[2024-09-09 22:27:56,325][main][INFO] - Input image:00003.png
[2024-09-09 22:27:56,328][main][INFO] - Images loaded and measurements generated
[2024-09-09 22:27:56,438][main][INFO] - Degradated image y saved in /home/nicolas/Repulsive-score-distillation-RSD-/constrained_sampling/_exp/deg/x_deg.png
[2024-09-09 22:27:56,439][main][INFO] - Running setting with coeff: 0,                             lr: (0.5, 0.5),                             rho_reg: 0.1,                             w_t: 0.009
[2024-09-09 22:44:20,673][main][INFO] - Done. You can fine the generated images in /home/nicolas/Repulsive-score-distillation-RSD-/constrained_sampling/_exp/output/rsd_stable/phase_retrieval
[2024-09-09 22:44:20,673][main][INFO] - Input image:00004.png
[2024-09-09 22:44:20,677][main][INFO] - Images loaded and measurements generated
[2024-09-09 22:44:20,801][main][INFO] - Degradated image y saved in /home/nicolas/Repulsive-score-distillation-RSD-/constrained_sampling/_exp/deg/x_deg.png
[2024-09-09 22:44:20,801][main][INFO] - Running setting with coeff: 0,                             lr: (0.5, 0.5),                             rho_reg: 0.1,                             w_t: 0.009
[2024-09-09 23:00:41,744][main][INFO] - Done. You can fine the generated images in /home/nicolas/Repulsive-score-distillation-RSD-/constrained_sampling/_exp/output/rsd_stable/phase_retrieval
[2024-09-09 23:00:41,744][main][INFO] - Input image:00005.png
[2024-09-09 23:00:41,748][main][INFO] - Images loaded and measurements generated
[2024-09-09 23:00:41,865][main][INFO] - Degradated image y saved in /home/nicolas/Repulsive-score-distillation-RSD-/constrained_sampling/_exp/deg/x_deg.png
[2024-09-09 23:00:41,865][main][INFO] - Running setting with coeff: 0,                             lr: (0.5, 0.5),                             rho_reg: 0.1,                             w_t: 0.009
[2024-09-09 23:17:06,641][main][INFO] - Done. You can fine the generated images in /home/nicolas/Repulsive-score-distillation-RSD-/constrained_sampling/_exp/output/rsd_stable/phase_retrieval
[2024-09-09 23:17:06,641][main][INFO] - Input image:00006.png
[2024-09-09 23:17:06,644][main][INFO] - Images loaded and measurements generated
[2024-09-09 23:17:06,745][main][INFO] - Degradated image y saved in /home/nicolas/Repulsive-score-distillation-RSD-/constrained_sampling/_exp/deg/x_deg.png
[2024-09-09 23:17:06,745][main][INFO] - Running setting with coeff: 0,                             lr: (0.5, 0.5),                             rho_reg: 0.1,                             w_t: 0.009
[2024-09-09 23:33:32,426][main][INFO] - Done. You can fine the generated images in /home/nicolas/Repulsive-score-distillation-RSD-/constrained_sampling/_exp/output/rsd_stable/phase_retrieval
[2024-09-09 23:33:32,426][main][INFO] - Input image:00007.png
[2024-09-09 23:33:32,430][main][INFO] - Images loaded and measurements generated
[2024-09-09 23:33:32,551][main][INFO] - Degradated image y saved in /home/nicolas/Repulsive-score-distillation-RSD-/constrained_sampling/_exp/deg/x_deg.png
[2024-09-09 23:33:32,551][main][INFO] - Running setting with coeff: 0,                             lr: (0.5, 0.5),                             rho_reg: 0.1,                             w_t: 0.009
[2024-09-09 23:49:55,490][main][INFO] - Done. You can fine the generated images in /home/nicolas/Repulsive-score-distillation-RSD-/constrained_sampling/_exp/output/rsd_stable/phase_retrieval
[2024-09-09 23:49:55,491][main][INFO] - Input image:00008.png
[2024-09-09 23:49:55,501][main][INFO] - Images loaded and measurements generated
[2024-09-09 23:49:55,621][main][INFO] - Degradated image y saved in /home/nicolas/Repulsive-score-distillation-RSD-/constrained_sampling/_exp/deg/x_deg.png
[2024-09-09 23:49:55,621][main][INFO] - Running setting with coeff: 0,                             lr: (0.5, 0.5),                             rho_reg: 0.1,                             w_t: 0.009
[2024-09-10 00:06:20,021][main][INFO] - Done. You can fine the generated images in /home/nicolas/Repulsive-score-distillation-RSD-/constrained_sampling/_exp/output/rsd_stable/phase_retrieval
[2024-09-10 00:06:20,021][main][INFO] - Input image:00009.png
[2024-09-10 00:06:20,024][main][INFO] - Images loaded and measurements generated
[2024-09-10 00:06:20,133][main][INFO] - Degradated image y saved in /home/nicolas/Repulsive-score-distillation-RSD-/constrained_sampling/_exp/deg/x_deg.png
[2024-09-10 00:06:20,133][main][INFO] - Running setting with coeff: 0,                             lr: (0.5, 0.5),                             rho_reg: 0.1,                             w_t: 0.009
[2024-09-10 00:22:45,774][main][INFO] - Done. You can fine the generated images in /home/nicolas/Repulsive-score-distillation-RSD-/constrained_sampling/_exp/output/rsd_stable/phase_retrieval
[2024-09-10 00:22:45,775][main][INFO] - Input image:00010.png
[2024-09-10 00:22:45,778][main][INFO] - Images loaded and measurements generated
[2024-09-10 00:22:45,903][main][INFO] - Degradated image y saved in /home/nicolas/Repulsive-score-distillation-RSD-/constrained_sampling/_exp/deg/x_deg.png
[2024-09-10 00:22:45,903][main][INFO] - Running setting with coeff: 0,                             lr: (0.5, 0.5),                             rho_reg: 0.1,                             w_t: 0.009
