[2024-09-05 20:38:57,464][main][INFO] - Experiment name is RSD
[2024-09-05 20:38:58,746][main][INFO] - Model loaded
[2024-09-05 20:38:59,784][main][INFO] - Degradation model loaded. The experiment corresponds to deblur_motion
[2024-09-05 20:38:59,785][main][INFO] - Dataset size is 1000
[2024-09-05 20:39:00,016][main][INFO] - Input image:00000.png
[2024-09-05 20:39:00,092][main][INFO] - Images loaded and measurements generated
[2024-09-05 20:39:00,202][main][INFO] - Degradated image y saved in /home/nicolas/Repulsive-score-distillation-RSD-/constrained_sampling/_exp/deg/x_deg.png
[2024-09-05 20:39:00,202][main][INFO] - Running setting with coeff: 0,                             lr: (0.3, 0.3),                             rho_reg: 0.009,                             w_t: 0.0001
[2024-09-05 20:57:30,481][main][INFO] - Done. You can fine the generated images in /home/nicolas/Repulsive-score-distillation-RSD-/constrained_sampling/_exp/output/rsd_stable/deblur_motion
[2024-09-05 20:57:30,481][main][INFO] - Input image:00001.png
[2024-09-05 20:57:30,484][main][INFO] - Images loaded and measurements generated
[2024-09-05 20:57:30,612][main][INFO] - Degradated image y saved in /home/nicolas/Repulsive-score-distillation-RSD-/constrained_sampling/_exp/deg/x_deg.png
[2024-09-05 20:57:30,612][main][INFO] - Running setting with coeff: 0,                             lr: (0.3, 0.3),                             rho_reg: 0.009,                             w_t: 0.0001
[2024-09-05 21:16:03,688][main][INFO] - Done. You can fine the generated images in /home/nicolas/Repulsive-score-distillation-RSD-/constrained_sampling/_exp/output/rsd_stable/deblur_motion
[2024-09-05 21:16:03,688][main][INFO] - Input image:00002.png
[2024-09-05 21:16:03,691][main][INFO] - Images loaded and measurements generated
[2024-09-05 21:16:03,815][main][INFO] - Degradated image y saved in /home/nicolas/Repulsive-score-distillation-RSD-/constrained_sampling/_exp/deg/x_deg.png
[2024-09-05 21:16:03,815][main][INFO] - Running setting with coeff: 0,                             lr: (0.3, 0.3),                             rho_reg: 0.009,                             w_t: 0.0001
[2024-09-05 21:34:40,147][main][INFO] - Done. You can fine the generated images in /home/nicolas/Repulsive-score-distillation-RSD-/constrained_sampling/_exp/output/rsd_stable/deblur_motion
[2024-09-05 21:34:40,147][main][INFO] - Input image:00003.png
[2024-09-05 21:34:40,150][main][INFO] - Images loaded and measurements generated
[2024-09-05 21:34:40,275][main][INFO] - Degradated image y saved in /home/nicolas/Repulsive-score-distillation-RSD-/constrained_sampling/_exp/deg/x_deg.png
[2024-09-05 21:34:40,275][main][INFO] - Running setting with coeff: 0,                             lr: (0.3, 0.3),                             rho_reg: 0.009,                             w_t: 0.0001
[2024-09-05 21:53:14,772][main][INFO] - Done. You can fine the generated images in /home/nicolas/Repulsive-score-distillation-RSD-/constrained_sampling/_exp/output/rsd_stable/deblur_motion
[2024-09-05 21:53:14,773][main][INFO] - Input image:00004.png
[2024-09-05 21:53:14,776][main][INFO] - Images loaded and measurements generated
[2024-09-05 21:53:14,907][main][INFO] - Degradated image y saved in /home/nicolas/Repulsive-score-distillation-RSD-/constrained_sampling/_exp/deg/x_deg.png
[2024-09-05 21:53:14,908][main][INFO] - Running setting with coeff: 0,                             lr: (0.3, 0.3),                             rho_reg: 0.009,                             w_t: 0.0001
[2024-09-05 22:11:48,989][main][INFO] - Done. You can fine the generated images in /home/nicolas/Repulsive-score-distillation-RSD-/constrained_sampling/_exp/output/rsd_stable/deblur_motion
[2024-09-05 22:11:48,989][main][INFO] - Input image:00005.png
[2024-09-05 22:11:48,992][main][INFO] - Images loaded and measurements generated
[2024-09-05 22:11:49,115][main][INFO] - Degradated image y saved in /home/nicolas/Repulsive-score-distillation-RSD-/constrained_sampling/_exp/deg/x_deg.png
[2024-09-05 22:11:49,115][main][INFO] - Running setting with coeff: 0,                             lr: (0.3, 0.3),                             rho_reg: 0.009,                             w_t: 0.0001
[2024-09-05 22:30:23,603][main][INFO] - Done. You can fine the generated images in /home/nicolas/Repulsive-score-distillation-RSD-/constrained_sampling/_exp/output/rsd_stable/deblur_motion
[2024-09-05 22:30:23,603][main][INFO] - Input image:00006.png
[2024-09-05 22:30:23,607][main][INFO] - Images loaded and measurements generated
[2024-09-05 22:30:23,730][main][INFO] - Degradated image y saved in /home/nicolas/Repulsive-score-distillation-RSD-/constrained_sampling/_exp/deg/x_deg.png
[2024-09-05 22:30:23,731][main][INFO] - Running setting with coeff: 0,                             lr: (0.3, 0.3),                             rho_reg: 0.009,                             w_t: 0.0001
[2024-09-05 22:48:59,375][main][INFO] - Done. You can fine the generated images in /home/nicolas/Repulsive-score-distillation-RSD-/constrained_sampling/_exp/output/rsd_stable/deblur_motion
[2024-09-05 22:48:59,375][main][INFO] - Input image:00007.png
[2024-09-05 22:48:59,378][main][INFO] - Images loaded and measurements generated
[2024-09-05 22:48:59,505][main][INFO] - Degradated image y saved in /home/nicolas/Repulsive-score-distillation-RSD-/constrained_sampling/_exp/deg/x_deg.png
[2024-09-05 22:48:59,506][main][INFO] - Running setting with coeff: 0,                             lr: (0.3, 0.3),                             rho_reg: 0.009,                             w_t: 0.0001
[2024-09-05 23:07:33,613][main][INFO] - Done. You can fine the generated images in /home/nicolas/Repulsive-score-distillation-RSD-/constrained_sampling/_exp/output/rsd_stable/deblur_motion
[2024-09-05 23:07:33,614][main][INFO] - Input image:00008.png
[2024-09-05 23:07:33,616][main][INFO] - Images loaded and measurements generated
[2024-09-05 23:07:33,741][main][INFO] - Degradated image y saved in /home/nicolas/Repulsive-score-distillation-RSD-/constrained_sampling/_exp/deg/x_deg.png
[2024-09-05 23:07:33,741][main][INFO] - Running setting with coeff: 0,                             lr: (0.3, 0.3),                             rho_reg: 0.009,                             w_t: 0.0001
[2024-09-05 23:26:09,941][main][INFO] - Done. You can fine the generated images in /home/nicolas/Repulsive-score-distillation-RSD-/constrained_sampling/_exp/output/rsd_stable/deblur_motion
[2024-09-05 23:26:09,941][main][INFO] - Input image:00009.png
[2024-09-05 23:26:09,944][main][INFO] - Images loaded and measurements generated
[2024-09-05 23:26:10,068][main][INFO] - Degradated image y saved in /home/nicolas/Repulsive-score-distillation-RSD-/constrained_sampling/_exp/deg/x_deg.png
[2024-09-05 23:26:10,068][main][INFO] - Running setting with coeff: 0,                             lr: (0.3, 0.3),                             rho_reg: 0.009,                             w_t: 0.0001
[2024-09-05 23:44:44,221][main][INFO] - Done. You can fine the generated images in /home/nicolas/Repulsive-score-distillation-RSD-/constrained_sampling/_exp/output/rsd_stable/deblur_motion
[2024-09-05 23:44:44,221][main][INFO] - Input image:00010.png
[2024-09-05 23:44:44,232][main][INFO] - Images loaded and measurements generated
[2024-09-05 23:44:44,359][main][INFO] - Degradated image y saved in /home/nicolas/Repulsive-score-distillation-RSD-/constrained_sampling/_exp/deg/x_deg.png
[2024-09-05 23:44:44,359][main][INFO] - Running setting with coeff: 0,                             lr: (0.3, 0.3),                             rho_reg: 0.009,                             w_t: 0.0001
[2024-09-06 00:03:19,256][main][INFO] - Done. You can fine the generated images in /home/nicolas/Repulsive-score-distillation-RSD-/constrained_sampling/_exp/output/rsd_stable/deblur_motion
[2024-09-06 00:03:19,257][main][INFO] - Input image:00011.png
[2024-09-06 00:03:19,260][main][INFO] - Images loaded and measurements generated
[2024-09-06 00:03:19,388][main][INFO] - Degradated image y saved in /home/nicolas/Repulsive-score-distillation-RSD-/constrained_sampling/_exp/deg/x_deg.png
[2024-09-06 00:03:19,388][main][INFO] - Running setting with coeff: 0,                             lr: (0.3, 0.3),                             rho_reg: 0.009,                             w_t: 0.0001
[2024-09-06 00:21:53,113][main][INFO] - Done. You can fine the generated images in /home/nicolas/Repulsive-score-distillation-RSD-/constrained_sampling/_exp/output/rsd_stable/deblur_motion
[2024-09-06 00:21:53,113][main][INFO] - Input image:00012.png
[2024-09-06 00:21:53,115][main][INFO] - Images loaded and measurements generated
[2024-09-06 00:21:53,239][main][INFO] - Degradated image y saved in /home/nicolas/Repulsive-score-distillation-RSD-/constrained_sampling/_exp/deg/x_deg.png
[2024-09-06 00:21:53,239][main][INFO] - Running setting with coeff: 0,                             lr: (0.3, 0.3),                             rho_reg: 0.009,                             w_t: 0.0001
[2024-09-06 00:40:27,641][main][INFO] - Done. You can fine the generated images in /home/nicolas/Repulsive-score-distillation-RSD-/constrained_sampling/_exp/output/rsd_stable/deblur_motion
[2024-09-06 00:40:27,641][main][INFO] - Input image:00013.png
[2024-09-06 00:40:27,644][main][INFO] - Images loaded and measurements generated
[2024-09-06 00:40:27,778][main][INFO] - Degradated image y saved in /home/nicolas/Repulsive-score-distillation-RSD-/constrained_sampling/_exp/deg/x_deg.png
[2024-09-06 00:40:27,778][main][INFO] - Running setting with coeff: 0,                             lr: (0.3, 0.3),                             rho_reg: 0.009,                             w_t: 0.0001
[2024-09-06 00:59:02,462][main][INFO] - Done. You can fine the generated images in /home/nicolas/Repulsive-score-distillation-RSD-/constrained_sampling/_exp/output/rsd_stable/deblur_motion
[2024-09-06 00:59:02,462][main][INFO] - Input image:00014.png
[2024-09-06 00:59:02,464][main][INFO] - Images loaded and measurements generated
[2024-09-06 00:59:02,595][main][INFO] - Degradated image y saved in /home/nicolas/Repulsive-score-distillation-RSD-/constrained_sampling/_exp/deg/x_deg.png
[2024-09-06 00:59:02,595][main][INFO] - Running setting with coeff: 0,                             lr: (0.3, 0.3),                             rho_reg: 0.009,                             w_t: 0.0001
[2024-09-06 01:17:38,646][main][INFO] - Done. You can fine the generated images in /home/nicolas/Repulsive-score-distillation-RSD-/constrained_sampling/_exp/output/rsd_stable/deblur_motion
[2024-09-06 01:17:38,647][main][INFO] - Input image:00015.png
[2024-09-06 01:17:38,649][main][INFO] - Images loaded and measurements generated
[2024-09-06 01:17:38,774][main][INFO] - Degradated image y saved in /home/nicolas/Repulsive-score-distillation-RSD-/constrained_sampling/_exp/deg/x_deg.png
[2024-09-06 01:17:38,774][main][INFO] - Running setting with coeff: 0,                             lr: (0.3, 0.3),                             rho_reg: 0.009,                             w_t: 0.0001
[2024-09-06 01:36:13,174][main][INFO] - Done. You can fine the generated images in /home/nicolas/Repulsive-score-distillation-RSD-/constrained_sampling/_exp/output/rsd_stable/deblur_motion
[2024-09-06 01:36:13,174][main][INFO] - Input image:00016.png
[2024-09-06 01:36:13,177][main][INFO] - Images loaded and measurements generated
[2024-09-06 01:36:13,302][main][INFO] - Degradated image y saved in /home/nicolas/Repulsive-score-distillation-RSD-/constrained_sampling/_exp/deg/x_deg.png
[2024-09-06 01:36:13,302][main][INFO] - Running setting with coeff: 0,                             lr: (0.3, 0.3),                             rho_reg: 0.009,                             w_t: 0.0001
[2024-09-06 01:54:49,918][main][INFO] - Done. You can fine the generated images in /home/nicolas/Repulsive-score-distillation-RSD-/constrained_sampling/_exp/output/rsd_stable/deblur_motion
[2024-09-06 01:54:49,918][main][INFO] - Input image:00017.png
[2024-09-06 01:54:49,921][main][INFO] - Images loaded and measurements generated
[2024-09-06 01:54:50,040][main][INFO] - Degradated image y saved in /home/nicolas/Repulsive-score-distillation-RSD-/constrained_sampling/_exp/deg/x_deg.png
[2024-09-06 01:54:50,040][main][INFO] - Running setting with coeff: 0,                             lr: (0.3, 0.3),                             rho_reg: 0.009,                             w_t: 0.0001
[2024-09-06 02:13:23,075][main][INFO] - Done. You can fine the generated images in /home/nicolas/Repulsive-score-distillation-RSD-/constrained_sampling/_exp/output/rsd_stable/deblur_motion
[2024-09-06 02:13:23,076][main][INFO] - Input image:00018.png
[2024-09-06 02:13:23,079][main][INFO] - Images loaded and measurements generated
[2024-09-06 02:13:23,204][main][INFO] - Degradated image y saved in /home/nicolas/Repulsive-score-distillation-RSD-/constrained_sampling/_exp/deg/x_deg.png
[2024-09-06 02:13:23,204][main][INFO] - Running setting with coeff: 0,                             lr: (0.3, 0.3),                             rho_reg: 0.009,                             w_t: 0.0001
[2024-09-06 02:31:58,837][main][INFO] - Done. You can fine the generated images in /home/nicolas/Repulsive-score-distillation-RSD-/constrained_sampling/_exp/output/rsd_stable/deblur_motion
[2024-09-06 02:31:58,837][main][INFO] - Input image:00019.png
[2024-09-06 02:31:58,841][main][INFO] - Images loaded and measurements generated
[2024-09-06 02:31:58,970][main][INFO] - Degradated image y saved in /home/nicolas/Repulsive-score-distillation-RSD-/constrained_sampling/_exp/deg/x_deg.png
[2024-09-06 02:31:58,970][main][INFO] - Running setting with coeff: 0,                             lr: (0.3, 0.3),                             rho_reg: 0.009,                             w_t: 0.0001
[2024-09-06 02:50:36,836][main][INFO] - Done. You can fine the generated images in /home/nicolas/Repulsive-score-distillation-RSD-/constrained_sampling/_exp/output/rsd_stable/deblur_motion
[2024-09-06 02:50:36,836][main][INFO] - Input image:00020.png
[2024-09-06 02:50:36,839][main][INFO] - Images loaded and measurements generated
[2024-09-06 02:50:36,968][main][INFO] - Degradated image y saved in /home/nicolas/Repulsive-score-distillation-RSD-/constrained_sampling/_exp/deg/x_deg.png
[2024-09-06 02:50:36,968][main][INFO] - Running setting with coeff: 0,                             lr: (0.3, 0.3),                             rho_reg: 0.009,                             w_t: 0.0001
[2024-09-06 03:09:15,366][main][INFO] - Done. You can fine the generated images in /home/nicolas/Repulsive-score-distillation-RSD-/constrained_sampling/_exp/output/rsd_stable/deblur_motion
[2024-09-06 03:09:15,366][main][INFO] - Input image:00021.png
[2024-09-06 03:09:15,369][main][INFO] - Images loaded and measurements generated
[2024-09-06 03:09:15,496][main][INFO] - Degradated image y saved in /home/nicolas/Repulsive-score-distillation-RSD-/constrained_sampling/_exp/deg/x_deg.png
[2024-09-06 03:09:15,496][main][INFO] - Running setting with coeff: 0,                             lr: (0.3, 0.3),                             rho_reg: 0.009,                             w_t: 0.0001
[2024-09-06 03:27:50,651][main][INFO] - Done. You can fine the generated images in /home/nicolas/Repulsive-score-distillation-RSD-/constrained_sampling/_exp/output/rsd_stable/deblur_motion
[2024-09-06 03:27:50,651][main][INFO] - Input image:00022.png
[2024-09-06 03:27:50,655][main][INFO] - Images loaded and measurements generated
[2024-09-06 03:27:50,789][main][INFO] - Degradated image y saved in /home/nicolas/Repulsive-score-distillation-RSD-/constrained_sampling/_exp/deg/x_deg.png
[2024-09-06 03:27:50,789][main][INFO] - Running setting with coeff: 0,                             lr: (0.3, 0.3),                             rho_reg: 0.009,                             w_t: 0.0001
[2024-09-06 03:46:25,499][main][INFO] - Done. You can fine the generated images in /home/nicolas/Repulsive-score-distillation-RSD-/constrained_sampling/_exp/output/rsd_stable/deblur_motion
[2024-09-06 03:46:25,499][main][INFO] - Input image:00023.png
[2024-09-06 03:46:25,503][main][INFO] - Images loaded and measurements generated
[2024-09-06 03:46:25,628][main][INFO] - Degradated image y saved in /home/nicolas/Repulsive-score-distillation-RSD-/constrained_sampling/_exp/deg/x_deg.png
[2024-09-06 03:46:25,628][main][INFO] - Running setting with coeff: 0,                             lr: (0.3, 0.3),                             rho_reg: 0.009,                             w_t: 0.0001
[2024-09-06 04:05:00,558][main][INFO] - Done. You can fine the generated images in /home/nicolas/Repulsive-score-distillation-RSD-/constrained_sampling/_exp/output/rsd_stable/deblur_motion
[2024-09-06 04:05:00,559][main][INFO] - Input image:00024.png
[2024-09-06 04:05:00,561][main][INFO] - Images loaded and measurements generated
[2024-09-06 04:05:00,692][main][INFO] - Degradated image y saved in /home/nicolas/Repulsive-score-distillation-RSD-/constrained_sampling/_exp/deg/x_deg.png
[2024-09-06 04:05:00,692][main][INFO] - Running setting with coeff: 0,                             lr: (0.3, 0.3),                             rho_reg: 0.009,                             w_t: 0.0001
[2024-09-06 04:23:36,129][main][INFO] - Done. You can fine the generated images in /home/nicolas/Repulsive-score-distillation-RSD-/constrained_sampling/_exp/output/rsd_stable/deblur_motion
[2024-09-06 04:23:36,129][main][INFO] - Input image:00025.png
[2024-09-06 04:23:36,132][main][INFO] - Images loaded and measurements generated
[2024-09-06 04:23:36,260][main][INFO] - Degradated image y saved in /home/nicolas/Repulsive-score-distillation-RSD-/constrained_sampling/_exp/deg/x_deg.png
[2024-09-06 04:23:36,260][main][INFO] - Running setting with coeff: 0,                             lr: (0.3, 0.3),                             rho_reg: 0.009,                             w_t: 0.0001
[2024-09-06 04:42:09,877][main][INFO] - Done. You can fine the generated images in /home/nicolas/Repulsive-score-distillation-RSD-/constrained_sampling/_exp/output/rsd_stable/deblur_motion
[2024-09-06 04:42:09,877][main][INFO] - Input image:00026.png
[2024-09-06 04:42:09,880][main][INFO] - Images loaded and measurements generated
[2024-09-06 04:42:10,008][main][INFO] - Degradated image y saved in /home/nicolas/Repulsive-score-distillation-RSD-/constrained_sampling/_exp/deg/x_deg.png
[2024-09-06 04:42:10,009][main][INFO] - Running setting with coeff: 0,                             lr: (0.3, 0.3),                             rho_reg: 0.009,                             w_t: 0.0001
[2024-09-06 05:00:48,690][main][INFO] - Done. You can fine the generated images in /home/nicolas/Repulsive-score-distillation-RSD-/constrained_sampling/_exp/output/rsd_stable/deblur_motion
[2024-09-06 05:00:48,690][main][INFO] - Input image:00027.png
[2024-09-06 05:00:48,693][main][INFO] - Images loaded and measurements generated
[2024-09-06 05:00:48,825][main][INFO] - Degradated image y saved in /home/nicolas/Repulsive-score-distillation-RSD-/constrained_sampling/_exp/deg/x_deg.png
[2024-09-06 05:00:48,826][main][INFO] - Running setting with coeff: 0,                             lr: (0.3, 0.3),                             rho_reg: 0.009,                             w_t: 0.0001
[2024-09-06 05:19:23,335][main][INFO] - Done. You can fine the generated images in /home/nicolas/Repulsive-score-distillation-RSD-/constrained_sampling/_exp/output/rsd_stable/deblur_motion
[2024-09-06 05:19:23,336][main][INFO] - Input image:00028.png
[2024-09-06 05:19:23,339][main][INFO] - Images loaded and measurements generated
[2024-09-06 05:19:23,459][main][INFO] - Degradated image y saved in /home/nicolas/Repulsive-score-distillation-RSD-/constrained_sampling/_exp/deg/x_deg.png
[2024-09-06 05:19:23,459][main][INFO] - Running setting with coeff: 0,                             lr: (0.3, 0.3),                             rho_reg: 0.009,                             w_t: 0.0001
[2024-09-06 05:38:01,833][main][INFO] - Done. You can fine the generated images in /home/nicolas/Repulsive-score-distillation-RSD-/constrained_sampling/_exp/output/rsd_stable/deblur_motion
[2024-09-06 05:38:01,834][main][INFO] - Input image:00029.png
[2024-09-06 05:38:01,837][main][INFO] - Images loaded and measurements generated
[2024-09-06 05:38:01,957][main][INFO] - Degradated image y saved in /home/nicolas/Repulsive-score-distillation-RSD-/constrained_sampling/_exp/deg/x_deg.png
[2024-09-06 05:38:01,957][main][INFO] - Running setting with coeff: 0,                             lr: (0.3, 0.3),                             rho_reg: 0.009,                             w_t: 0.0001
[2024-09-06 05:56:37,437][main][INFO] - Done. You can fine the generated images in /home/nicolas/Repulsive-score-distillation-RSD-/constrained_sampling/_exp/output/rsd_stable/deblur_motion
[2024-09-06 05:56:37,438][main][INFO] - Input image:00030.png
[2024-09-06 05:56:37,441][main][INFO] - Images loaded and measurements generated
[2024-09-06 05:56:37,567][main][INFO] - Degradated image y saved in /home/nicolas/Repulsive-score-distillation-RSD-/constrained_sampling/_exp/deg/x_deg.png
[2024-09-06 05:56:37,567][main][INFO] - Running setting with coeff: 0,                             lr: (0.3, 0.3),                             rho_reg: 0.009,                             w_t: 0.0001
[2024-09-06 06:15:13,099][main][INFO] - Done. You can fine the generated images in /home/nicolas/Repulsive-score-distillation-RSD-/constrained_sampling/_exp/output/rsd_stable/deblur_motion
[2024-09-06 06:15:13,099][main][INFO] - Input image:00031.png
[2024-09-06 06:15:13,102][main][INFO] - Images loaded and measurements generated
[2024-09-06 06:15:13,222][main][INFO] - Degradated image y saved in /home/nicolas/Repulsive-score-distillation-RSD-/constrained_sampling/_exp/deg/x_deg.png
[2024-09-06 06:15:13,222][main][INFO] - Running setting with coeff: 0,                             lr: (0.3, 0.3),                             rho_reg: 0.009,                             w_t: 0.0001
[2024-09-06 06:33:46,942][main][INFO] - Done. You can fine the generated images in /home/nicolas/Repulsive-score-distillation-RSD-/constrained_sampling/_exp/output/rsd_stable/deblur_motion
[2024-09-06 06:33:46,942][main][INFO] - Input image:00032.png
[2024-09-06 06:33:46,945][main][INFO] - Images loaded and measurements generated
[2024-09-06 06:33:47,070][main][INFO] - Degradated image y saved in /home/nicolas/Repulsive-score-distillation-RSD-/constrained_sampling/_exp/deg/x_deg.png
[2024-09-06 06:33:47,070][main][INFO] - Running setting with coeff: 0,                             lr: (0.3, 0.3),                             rho_reg: 0.009,                             w_t: 0.0001
[2024-09-06 06:52:23,180][main][INFO] - Done. You can fine the generated images in /home/nicolas/Repulsive-score-distillation-RSD-/constrained_sampling/_exp/output/rsd_stable/deblur_motion
[2024-09-06 06:52:23,180][main][INFO] - Input image:00033.png
[2024-09-06 06:52:23,183][main][INFO] - Images loaded and measurements generated
[2024-09-06 06:52:23,308][main][INFO] - Degradated image y saved in /home/nicolas/Repulsive-score-distillation-RSD-/constrained_sampling/_exp/deg/x_deg.png
[2024-09-06 06:52:23,309][main][INFO] - Running setting with coeff: 0,                             lr: (0.3, 0.3),                             rho_reg: 0.009,                             w_t: 0.0001
[2024-09-06 07:10:58,492][main][INFO] - Done. You can fine the generated images in /home/nicolas/Repulsive-score-distillation-RSD-/constrained_sampling/_exp/output/rsd_stable/deblur_motion
[2024-09-06 07:10:58,492][main][INFO] - Input image:00034.png
[2024-09-06 07:10:58,495][main][INFO] - Images loaded and measurements generated
[2024-09-06 07:10:58,616][main][INFO] - Degradated image y saved in /home/nicolas/Repulsive-score-distillation-RSD-/constrained_sampling/_exp/deg/x_deg.png
[2024-09-06 07:10:58,616][main][INFO] - Running setting with coeff: 0,                             lr: (0.3, 0.3),                             rho_reg: 0.009,                             w_t: 0.0001
[2024-09-06 07:29:31,862][main][INFO] - Done. You can fine the generated images in /home/nicolas/Repulsive-score-distillation-RSD-/constrained_sampling/_exp/output/rsd_stable/deblur_motion
[2024-09-06 07:29:31,862][main][INFO] - Input image:00035.png
[2024-09-06 07:29:31,868][main][INFO] - Images loaded and measurements generated
[2024-09-06 07:29:31,992][main][INFO] - Degradated image y saved in /home/nicolas/Repulsive-score-distillation-RSD-/constrained_sampling/_exp/deg/x_deg.png
[2024-09-06 07:29:31,992][main][INFO] - Running setting with coeff: 0,                             lr: (0.3, 0.3),                             rho_reg: 0.009,                             w_t: 0.0001
[2024-09-06 07:48:04,661][main][INFO] - Done. You can fine the generated images in /home/nicolas/Repulsive-score-distillation-RSD-/constrained_sampling/_exp/output/rsd_stable/deblur_motion
[2024-09-06 07:48:04,661][main][INFO] - Input image:00036.png
[2024-09-06 07:48:04,664][main][INFO] - Images loaded and measurements generated
[2024-09-06 07:48:04,798][main][INFO] - Degradated image y saved in /home/nicolas/Repulsive-score-distillation-RSD-/constrained_sampling/_exp/deg/x_deg.png
[2024-09-06 07:48:04,798][main][INFO] - Running setting with coeff: 0,                             lr: (0.3, 0.3),                             rho_reg: 0.009,                             w_t: 0.0001
[2024-09-06 08:06:38,903][main][INFO] - Done. You can fine the generated images in /home/nicolas/Repulsive-score-distillation-RSD-/constrained_sampling/_exp/output/rsd_stable/deblur_motion
[2024-09-06 08:06:38,903][main][INFO] - Input image:00037.png
[2024-09-06 08:06:38,909][main][INFO] - Images loaded and measurements generated
[2024-09-06 08:06:39,032][main][INFO] - Degradated image y saved in /home/nicolas/Repulsive-score-distillation-RSD-/constrained_sampling/_exp/deg/x_deg.png
[2024-09-06 08:06:39,033][main][INFO] - Running setting with coeff: 0,                             lr: (0.3, 0.3),                             rho_reg: 0.009,                             w_t: 0.0001
[2024-09-06 08:25:16,245][main][INFO] - Done. You can fine the generated images in /home/nicolas/Repulsive-score-distillation-RSD-/constrained_sampling/_exp/output/rsd_stable/deblur_motion
[2024-09-06 08:25:16,245][main][INFO] - Input image:00038.png
[2024-09-06 08:25:16,248][main][INFO] - Images loaded and measurements generated
[2024-09-06 08:25:16,378][main][INFO] - Degradated image y saved in /home/nicolas/Repulsive-score-distillation-RSD-/constrained_sampling/_exp/deg/x_deg.png
[2024-09-06 08:25:16,378][main][INFO] - Running setting with coeff: 0,                             lr: (0.3, 0.3),                             rho_reg: 0.009,                             w_t: 0.0001
[2024-09-06 08:43:52,386][main][INFO] - Done. You can fine the generated images in /home/nicolas/Repulsive-score-distillation-RSD-/constrained_sampling/_exp/output/rsd_stable/deblur_motion
[2024-09-06 08:43:52,386][main][INFO] - Input image:00039.png
[2024-09-06 08:43:52,388][main][INFO] - Images loaded and measurements generated
[2024-09-06 08:43:52,511][main][INFO] - Degradated image y saved in /home/nicolas/Repulsive-score-distillation-RSD-/constrained_sampling/_exp/deg/x_deg.png
[2024-09-06 08:43:52,511][main][INFO] - Running setting with coeff: 0,                             lr: (0.3, 0.3),                             rho_reg: 0.009,                             w_t: 0.0001
[2024-09-06 09:02:28,140][main][INFO] - Done. You can fine the generated images in /home/nicolas/Repulsive-score-distillation-RSD-/constrained_sampling/_exp/output/rsd_stable/deblur_motion
[2024-09-06 09:02:28,140][main][INFO] - Input image:00040.png
[2024-09-06 09:02:28,144][main][INFO] - Images loaded and measurements generated
[2024-09-06 09:02:28,277][main][INFO] - Degradated image y saved in /home/nicolas/Repulsive-score-distillation-RSD-/constrained_sampling/_exp/deg/x_deg.png
[2024-09-06 09:02:28,277][main][INFO] - Running setting with coeff: 0,                             lr: (0.3, 0.3),                             rho_reg: 0.009,                             w_t: 0.0001
[2024-09-06 09:21:03,663][main][INFO] - Done. You can fine the generated images in /home/nicolas/Repulsive-score-distillation-RSD-/constrained_sampling/_exp/output/rsd_stable/deblur_motion
[2024-09-06 09:21:03,663][main][INFO] - Input image:00041.png
[2024-09-06 09:21:03,666][main][INFO] - Images loaded and measurements generated
[2024-09-06 09:21:03,793][main][INFO] - Degradated image y saved in /home/nicolas/Repulsive-score-distillation-RSD-/constrained_sampling/_exp/deg/x_deg.png
[2024-09-06 09:21:03,793][main][INFO] - Running setting with coeff: 0,                             lr: (0.3, 0.3),                             rho_reg: 0.009,                             w_t: 0.0001
[2024-09-06 09:39:38,791][main][INFO] - Done. You can fine the generated images in /home/nicolas/Repulsive-score-distillation-RSD-/constrained_sampling/_exp/output/rsd_stable/deblur_motion
[2024-09-06 09:39:38,792][main][INFO] - Input image:00042.png
[2024-09-06 09:39:38,795][main][INFO] - Images loaded and measurements generated
[2024-09-06 09:39:38,916][main][INFO] - Degradated image y saved in /home/nicolas/Repulsive-score-distillation-RSD-/constrained_sampling/_exp/deg/x_deg.png
[2024-09-06 09:39:38,916][main][INFO] - Running setting with coeff: 0,                             lr: (0.3, 0.3),                             rho_reg: 0.009,                             w_t: 0.0001
[2024-09-06 09:58:15,423][main][INFO] - Done. You can fine the generated images in /home/nicolas/Repulsive-score-distillation-RSD-/constrained_sampling/_exp/output/rsd_stable/deblur_motion
[2024-09-06 09:58:15,423][main][INFO] - Input image:00043.png
[2024-09-06 09:58:15,426][main][INFO] - Images loaded and measurements generated
[2024-09-06 09:58:15,553][main][INFO] - Degradated image y saved in /home/nicolas/Repulsive-score-distillation-RSD-/constrained_sampling/_exp/deg/x_deg.png
[2024-09-06 09:58:15,554][main][INFO] - Running setting with coeff: 0,                             lr: (0.3, 0.3),                             rho_reg: 0.009,                             w_t: 0.0001
[2024-09-06 10:16:51,988][main][INFO] - Done. You can fine the generated images in /home/nicolas/Repulsive-score-distillation-RSD-/constrained_sampling/_exp/output/rsd_stable/deblur_motion
[2024-09-06 10:16:51,989][main][INFO] - Input image:00044.png
[2024-09-06 10:16:51,996][main][INFO] - Images loaded and measurements generated
[2024-09-06 10:16:52,124][main][INFO] - Degradated image y saved in /home/nicolas/Repulsive-score-distillation-RSD-/constrained_sampling/_exp/deg/x_deg.png
[2024-09-06 10:16:52,124][main][INFO] - Running setting with coeff: 0,                             lr: (0.3, 0.3),                             rho_reg: 0.009,                             w_t: 0.0001
[2024-09-06 10:35:27,782][main][INFO] - Done. You can fine the generated images in /home/nicolas/Repulsive-score-distillation-RSD-/constrained_sampling/_exp/output/rsd_stable/deblur_motion
[2024-09-06 10:35:27,782][main][INFO] - Input image:00045.png
[2024-09-06 10:35:27,785][main][INFO] - Images loaded and measurements generated
[2024-09-06 10:35:27,914][main][INFO] - Degradated image y saved in /home/nicolas/Repulsive-score-distillation-RSD-/constrained_sampling/_exp/deg/x_deg.png
[2024-09-06 10:35:27,914][main][INFO] - Running setting with coeff: 0,                             lr: (0.3, 0.3),                             rho_reg: 0.009,                             w_t: 0.0001
[2024-09-06 10:54:04,830][main][INFO] - Done. You can fine the generated images in /home/nicolas/Repulsive-score-distillation-RSD-/constrained_sampling/_exp/output/rsd_stable/deblur_motion
[2024-09-06 10:54:04,830][main][INFO] - Input image:00046.png
[2024-09-06 10:54:04,838][main][INFO] - Images loaded and measurements generated
[2024-09-06 10:54:04,963][main][INFO] - Degradated image y saved in /home/nicolas/Repulsive-score-distillation-RSD-/constrained_sampling/_exp/deg/x_deg.png
[2024-09-06 10:54:04,963][main][INFO] - Running setting with coeff: 0,                             lr: (0.3, 0.3),                             rho_reg: 0.009,                             w_t: 0.0001
[2024-09-06 11:12:41,780][main][INFO] - Done. You can fine the generated images in /home/nicolas/Repulsive-score-distillation-RSD-/constrained_sampling/_exp/output/rsd_stable/deblur_motion
[2024-09-06 11:12:41,781][main][INFO] - Input image:00047.png
[2024-09-06 11:12:41,784][main][INFO] - Images loaded and measurements generated
[2024-09-06 11:12:41,919][main][INFO] - Degradated image y saved in /home/nicolas/Repulsive-score-distillation-RSD-/constrained_sampling/_exp/deg/x_deg.png
[2024-09-06 11:12:41,919][main][INFO] - Running setting with coeff: 0,                             lr: (0.3, 0.3),                             rho_reg: 0.009,                             w_t: 0.0001
[2024-09-06 11:31:16,765][main][INFO] - Done. You can fine the generated images in /home/nicolas/Repulsive-score-distillation-RSD-/constrained_sampling/_exp/output/rsd_stable/deblur_motion
[2024-09-06 11:31:16,766][main][INFO] - Input image:00048.png
[2024-09-06 11:31:16,768][main][INFO] - Images loaded and measurements generated
[2024-09-06 11:31:16,888][main][INFO] - Degradated image y saved in /home/nicolas/Repulsive-score-distillation-RSD-/constrained_sampling/_exp/deg/x_deg.png
[2024-09-06 11:31:16,888][main][INFO] - Running setting with coeff: 0,                             lr: (0.3, 0.3),                             rho_reg: 0.009,                             w_t: 0.0001
[2024-09-06 11:49:48,106][main][INFO] - Done. You can fine the generated images in /home/nicolas/Repulsive-score-distillation-RSD-/constrained_sampling/_exp/output/rsd_stable/deblur_motion
[2024-09-06 11:49:48,107][main][INFO] - Input image:00049.png
[2024-09-06 11:49:48,110][main][INFO] - Images loaded and measurements generated
[2024-09-06 11:49:48,237][main][INFO] - Degradated image y saved in /home/nicolas/Repulsive-score-distillation-RSD-/constrained_sampling/_exp/deg/x_deg.png
[2024-09-06 11:49:48,237][main][INFO] - Running setting with coeff: 0,                             lr: (0.3, 0.3),                             rho_reg: 0.009,                             w_t: 0.0001
[2024-09-06 12:08:21,904][main][INFO] - Done. You can fine the generated images in /home/nicolas/Repulsive-score-distillation-RSD-/constrained_sampling/_exp/output/rsd_stable/deblur_motion
[2024-09-06 12:08:21,905][main][INFO] - Input image:00050.png
[2024-09-06 12:08:21,908][main][INFO] - Images loaded and measurements generated
[2024-09-06 12:08:22,036][main][INFO] - Degradated image y saved in /home/nicolas/Repulsive-score-distillation-RSD-/constrained_sampling/_exp/deg/x_deg.png
[2024-09-06 12:08:22,036][main][INFO] - Running setting with coeff: 0,                             lr: (0.3, 0.3),                             rho_reg: 0.009,                             w_t: 0.0001
[2024-09-06 12:26:58,229][main][INFO] - Done. You can fine the generated images in /home/nicolas/Repulsive-score-distillation-RSD-/constrained_sampling/_exp/output/rsd_stable/deblur_motion
[2024-09-06 12:26:58,230][main][INFO] - Input image:00051.png
[2024-09-06 12:26:58,232][main][INFO] - Images loaded and measurements generated
[2024-09-06 12:26:58,358][main][INFO] - Degradated image y saved in /home/nicolas/Repulsive-score-distillation-RSD-/constrained_sampling/_exp/deg/x_deg.png
[2024-09-06 12:26:58,358][main][INFO] - Running setting with coeff: 0,                             lr: (0.3, 0.3),                             rho_reg: 0.009,                             w_t: 0.0001
[2024-09-06 12:45:35,589][main][INFO] - Done. You can fine the generated images in /home/nicolas/Repulsive-score-distillation-RSD-/constrained_sampling/_exp/output/rsd_stable/deblur_motion
[2024-09-06 12:45:35,589][main][INFO] - Input image:00052.png
[2024-09-06 12:45:35,593][main][INFO] - Images loaded and measurements generated
[2024-09-06 12:45:35,725][main][INFO] - Degradated image y saved in /home/nicolas/Repulsive-score-distillation-RSD-/constrained_sampling/_exp/deg/x_deg.png
[2024-09-06 12:45:35,725][main][INFO] - Running setting with coeff: 0,                             lr: (0.3, 0.3),                             rho_reg: 0.009,                             w_t: 0.0001
[2024-09-06 13:04:11,061][main][INFO] - Done. You can fine the generated images in /home/nicolas/Repulsive-score-distillation-RSD-/constrained_sampling/_exp/output/rsd_stable/deblur_motion
[2024-09-06 13:04:11,061][main][INFO] - Input image:00053.png
[2024-09-06 13:04:11,064][main][INFO] - Images loaded and measurements generated
[2024-09-06 13:04:11,192][main][INFO] - Degradated image y saved in /home/nicolas/Repulsive-score-distillation-RSD-/constrained_sampling/_exp/deg/x_deg.png
[2024-09-06 13:04:11,192][main][INFO] - Running setting with coeff: 0,                             lr: (0.3, 0.3),                             rho_reg: 0.009,                             w_t: 0.0001
[2024-09-06 13:22:47,471][main][INFO] - Done. You can fine the generated images in /home/nicolas/Repulsive-score-distillation-RSD-/constrained_sampling/_exp/output/rsd_stable/deblur_motion
[2024-09-06 13:22:47,472][main][INFO] - Input image:00054.png
[2024-09-06 13:22:47,475][main][INFO] - Images loaded and measurements generated
[2024-09-06 13:22:47,593][main][INFO] - Degradated image y saved in /home/nicolas/Repulsive-score-distillation-RSD-/constrained_sampling/_exp/deg/x_deg.png
[2024-09-06 13:22:47,593][main][INFO] - Running setting with coeff: 0,                             lr: (0.3, 0.3),                             rho_reg: 0.009,                             w_t: 0.0001
