[2024-09-06 15:15:35,763][main][INFO] - Experiment name is RSD
[2024-09-06 15:15:37,041][main][INFO] - Model loaded
[2024-09-06 15:15:38,133][main][INFO] - Degradation model loaded. The experiment corresponds to deblur_motion
[2024-09-06 15:15:38,134][main][INFO] - Dataset size is 1000
[2024-09-06 15:15:38,441][main][INFO] - Input image:00054.png
[2024-09-06 15:15:38,513][main][INFO] - Images loaded and measurements generated
[2024-09-06 15:15:38,618][main][INFO] - Degradated image y saved in /home/nicolas/Repulsive-score-distillation-RSD-/constrained_sampling/_exp/deg/x_deg.png
[2024-09-06 15:15:38,618][main][INFO] - Running setting with coeff: 0,                             lr: (0.3, 0.3),                             rho_reg: 0.009,                             w_t: 0.0001
[2024-09-06 15:34:10,357][main][INFO] - Done. You can fine the generated images in /home/nicolas/Repulsive-score-distillation-RSD-/constrained_sampling/_exp/output/rsd_stable/deblur_motion
[2024-09-06 15:34:10,357][main][INFO] - Input image:00055.png
[2024-09-06 15:34:10,360][main][INFO] - Images loaded and measurements generated
[2024-09-06 15:34:10,483][main][INFO] - Degradated image y saved in /home/nicolas/Repulsive-score-distillation-RSD-/constrained_sampling/_exp/deg/x_deg.png
[2024-09-06 15:34:10,483][main][INFO] - Running setting with coeff: 0,                             lr: (0.3, 0.3),                             rho_reg: 0.009,                             w_t: 0.0001
[2024-09-06 15:52:45,564][main][INFO] - Done. You can fine the generated images in /home/nicolas/Repulsive-score-distillation-RSD-/constrained_sampling/_exp/output/rsd_stable/deblur_motion
[2024-09-06 15:52:45,564][main][INFO] - Input image:00056.png
[2024-09-06 15:52:45,566][main][INFO] - Images loaded and measurements generated
[2024-09-06 15:52:45,692][main][INFO] - Degradated image y saved in /home/nicolas/Repulsive-score-distillation-RSD-/constrained_sampling/_exp/deg/x_deg.png
[2024-09-06 15:52:45,692][main][INFO] - Running setting with coeff: 0,                             lr: (0.3, 0.3),                             rho_reg: 0.009,                             w_t: 0.0001
[2024-09-06 16:11:25,646][main][INFO] - Done. You can fine the generated images in /home/nicolas/Repulsive-score-distillation-RSD-/constrained_sampling/_exp/output/rsd_stable/deblur_motion
[2024-09-06 16:11:25,647][main][INFO] - Input image:00057.png
[2024-09-06 16:11:25,651][main][INFO] - Images loaded and measurements generated
[2024-09-06 16:11:25,778][main][INFO] - Degradated image y saved in /home/nicolas/Repulsive-score-distillation-RSD-/constrained_sampling/_exp/deg/x_deg.png
[2024-09-06 16:11:25,779][main][INFO] - Running setting with coeff: 0,                             lr: (0.3, 0.3),                             rho_reg: 0.009,                             w_t: 0.0001
[2024-09-06 16:30:04,730][main][INFO] - Done. You can fine the generated images in /home/nicolas/Repulsive-score-distillation-RSD-/constrained_sampling/_exp/output/rsd_stable/deblur_motion
[2024-09-06 16:30:04,730][main][INFO] - Input image:00058.png
[2024-09-06 16:30:04,733][main][INFO] - Images loaded and measurements generated
[2024-09-06 16:30:04,855][main][INFO] - Degradated image y saved in /home/nicolas/Repulsive-score-distillation-RSD-/constrained_sampling/_exp/deg/x_deg.png
[2024-09-06 16:30:04,855][main][INFO] - Running setting with coeff: 0,                             lr: (0.3, 0.3),                             rho_reg: 0.009,                             w_t: 0.0001
[2024-09-06 16:48:42,947][main][INFO] - Done. You can fine the generated images in /home/nicolas/Repulsive-score-distillation-RSD-/constrained_sampling/_exp/output/rsd_stable/deblur_motion
[2024-09-06 16:48:42,947][main][INFO] - Input image:00059.png
[2024-09-06 16:48:42,950][main][INFO] - Images loaded and measurements generated
[2024-09-06 16:48:43,072][main][INFO] - Degradated image y saved in /home/nicolas/Repulsive-score-distillation-RSD-/constrained_sampling/_exp/deg/x_deg.png
[2024-09-06 16:48:43,072][main][INFO] - Running setting with coeff: 0,                             lr: (0.3, 0.3),                             rho_reg: 0.009,                             w_t: 0.0001
[2024-09-06 17:07:21,643][main][INFO] - Done. You can fine the generated images in /home/nicolas/Repulsive-score-distillation-RSD-/constrained_sampling/_exp/output/rsd_stable/deblur_motion
[2024-09-06 17:07:21,644][main][INFO] - Input image:00060.png
[2024-09-06 17:07:21,647][main][INFO] - Images loaded and measurements generated
[2024-09-06 17:07:21,761][main][INFO] - Degradated image y saved in /home/nicolas/Repulsive-score-distillation-RSD-/constrained_sampling/_exp/deg/x_deg.png
[2024-09-06 17:07:21,761][main][INFO] - Running setting with coeff: 0,                             lr: (0.3, 0.3),                             rho_reg: 0.009,                             w_t: 0.0001
[2024-09-06 17:25:53,902][main][INFO] - Done. You can fine the generated images in /home/nicolas/Repulsive-score-distillation-RSD-/constrained_sampling/_exp/output/rsd_stable/deblur_motion
[2024-09-06 17:25:53,903][main][INFO] - Input image:00061.png
[2024-09-06 17:25:53,906][main][INFO] - Images loaded and measurements generated
[2024-09-06 17:25:54,033][main][INFO] - Degradated image y saved in /home/nicolas/Repulsive-score-distillation-RSD-/constrained_sampling/_exp/deg/x_deg.png
[2024-09-06 17:25:54,033][main][INFO] - Running setting with coeff: 0,                             lr: (0.3, 0.3),                             rho_reg: 0.009,                             w_t: 0.0001
[2024-09-06 17:44:33,351][main][INFO] - Done. You can fine the generated images in /home/nicolas/Repulsive-score-distillation-RSD-/constrained_sampling/_exp/output/rsd_stable/deblur_motion
[2024-09-06 17:44:33,351][main][INFO] - Input image:00062.png
[2024-09-06 17:44:33,355][main][INFO] - Images loaded and measurements generated
[2024-09-06 17:44:33,488][main][INFO] - Degradated image y saved in /home/nicolas/Repulsive-score-distillation-RSD-/constrained_sampling/_exp/deg/x_deg.png
[2024-09-06 17:44:33,488][main][INFO] - Running setting with coeff: 0,                             lr: (0.3, 0.3),                             rho_reg: 0.009,                             w_t: 0.0001
[2024-09-06 18:03:13,049][main][INFO] - Done. You can fine the generated images in /home/nicolas/Repulsive-score-distillation-RSD-/constrained_sampling/_exp/output/rsd_stable/deblur_motion
[2024-09-06 18:03:13,049][main][INFO] - Input image:00063.png
[2024-09-06 18:03:13,052][main][INFO] - Images loaded and measurements generated
[2024-09-06 18:03:13,176][main][INFO] - Degradated image y saved in /home/nicolas/Repulsive-score-distillation-RSD-/constrained_sampling/_exp/deg/x_deg.png
[2024-09-06 18:03:13,176][main][INFO] - Running setting with coeff: 0,                             lr: (0.3, 0.3),                             rho_reg: 0.009,                             w_t: 0.0001
[2024-09-06 18:21:53,403][main][INFO] - Done. You can fine the generated images in /home/nicolas/Repulsive-score-distillation-RSD-/constrained_sampling/_exp/output/rsd_stable/deblur_motion
[2024-09-06 18:21:53,403][main][INFO] - Input image:00064.png
[2024-09-06 18:21:53,406][main][INFO] - Images loaded and measurements generated
[2024-09-06 18:21:53,508][main][INFO] - Degradated image y saved in /home/nicolas/Repulsive-score-distillation-RSD-/constrained_sampling/_exp/deg/x_deg.png
[2024-09-06 18:21:53,508][main][INFO] - Running setting with coeff: 0,                             lr: (0.3, 0.3),                             rho_reg: 0.009,                             w_t: 0.0001
[2024-09-06 18:40:24,527][main][INFO] - Done. You can fine the generated images in /home/nicolas/Repulsive-score-distillation-RSD-/constrained_sampling/_exp/output/rsd_stable/deblur_motion
[2024-09-06 18:40:24,527][main][INFO] - Input image:00065.png
[2024-09-06 18:40:24,530][main][INFO] - Images loaded and measurements generated
[2024-09-06 18:40:24,656][main][INFO] - Degradated image y saved in /home/nicolas/Repulsive-score-distillation-RSD-/constrained_sampling/_exp/deg/x_deg.png
[2024-09-06 18:40:24,657][main][INFO] - Running setting with coeff: 0,                             lr: (0.3, 0.3),                             rho_reg: 0.009,                             w_t: 0.0001
[2024-09-06 18:59:03,020][main][INFO] - Done. You can fine the generated images in /home/nicolas/Repulsive-score-distillation-RSD-/constrained_sampling/_exp/output/rsd_stable/deblur_motion
[2024-09-06 18:59:03,021][main][INFO] - Input image:00066.png
[2024-09-06 18:59:03,024][main][INFO] - Images loaded and measurements generated
[2024-09-06 18:59:03,146][main][INFO] - Degradated image y saved in /home/nicolas/Repulsive-score-distillation-RSD-/constrained_sampling/_exp/deg/x_deg.png
[2024-09-06 18:59:03,146][main][INFO] - Running setting with coeff: 0,                             lr: (0.3, 0.3),                             rho_reg: 0.009,                             w_t: 0.0001
[2024-09-06 19:17:42,417][main][INFO] - Done. You can fine the generated images in /home/nicolas/Repulsive-score-distillation-RSD-/constrained_sampling/_exp/output/rsd_stable/deblur_motion
[2024-09-06 19:17:42,417][main][INFO] - Input image:00067.png
[2024-09-06 19:17:42,420][main][INFO] - Images loaded and measurements generated
[2024-09-06 19:17:42,550][main][INFO] - Degradated image y saved in /home/nicolas/Repulsive-score-distillation-RSD-/constrained_sampling/_exp/deg/x_deg.png
[2024-09-06 19:17:42,550][main][INFO] - Running setting with coeff: 0,                             lr: (0.3, 0.3),                             rho_reg: 0.009,                             w_t: 0.0001
[2024-09-06 19:36:22,174][main][INFO] - Done. You can fine the generated images in /home/nicolas/Repulsive-score-distillation-RSD-/constrained_sampling/_exp/output/rsd_stable/deblur_motion
[2024-09-06 19:36:22,174][main][INFO] - Input image:00068.png
[2024-09-06 19:36:22,177][main][INFO] - Images loaded and measurements generated
[2024-09-06 19:36:22,307][main][INFO] - Degradated image y saved in /home/nicolas/Repulsive-score-distillation-RSD-/constrained_sampling/_exp/deg/x_deg.png
[2024-09-06 19:36:22,307][main][INFO] - Running setting with coeff: 0,                             lr: (0.3, 0.3),                             rho_reg: 0.009,                             w_t: 0.0001
[2024-09-06 19:55:00,216][main][INFO] - Done. You can fine the generated images in /home/nicolas/Repulsive-score-distillation-RSD-/constrained_sampling/_exp/output/rsd_stable/deblur_motion
[2024-09-06 19:55:00,216][main][INFO] - Input image:00069.png
[2024-09-06 19:55:00,219][main][INFO] - Images loaded and measurements generated
[2024-09-06 19:55:00,345][main][INFO] - Degradated image y saved in /home/nicolas/Repulsive-score-distillation-RSD-/constrained_sampling/_exp/deg/x_deg.png
[2024-09-06 19:55:00,345][main][INFO] - Running setting with coeff: 0,                             lr: (0.3, 0.3),                             rho_reg: 0.009,                             w_t: 0.0001
[2024-09-06 20:13:35,061][main][INFO] - Done. You can fine the generated images in /home/nicolas/Repulsive-score-distillation-RSD-/constrained_sampling/_exp/output/rsd_stable/deblur_motion
[2024-09-06 20:13:35,062][main][INFO] - Input image:00070.png
[2024-09-06 20:13:35,064][main][INFO] - Images loaded and measurements generated
[2024-09-06 20:13:35,193][main][INFO] - Degradated image y saved in /home/nicolas/Repulsive-score-distillation-RSD-/constrained_sampling/_exp/deg/x_deg.png
[2024-09-06 20:13:35,194][main][INFO] - Running setting with coeff: 0,                             lr: (0.3, 0.3),                             rho_reg: 0.009,                             w_t: 0.0001
[2024-09-06 20:32:14,714][main][INFO] - Done. You can fine the generated images in /home/nicolas/Repulsive-score-distillation-RSD-/constrained_sampling/_exp/output/rsd_stable/deblur_motion
[2024-09-06 20:32:14,714][main][INFO] - Input image:00071.png
[2024-09-06 20:32:14,718][main][INFO] - Images loaded and measurements generated
[2024-09-06 20:32:14,845][main][INFO] - Degradated image y saved in /home/nicolas/Repulsive-score-distillation-RSD-/constrained_sampling/_exp/deg/x_deg.png
[2024-09-06 20:32:14,846][main][INFO] - Running setting with coeff: 0,                             lr: (0.3, 0.3),                             rho_reg: 0.009,                             w_t: 0.0001
[2024-09-06 20:50:54,476][main][INFO] - Done. You can fine the generated images in /home/nicolas/Repulsive-score-distillation-RSD-/constrained_sampling/_exp/output/rsd_stable/deblur_motion
[2024-09-06 20:50:54,476][main][INFO] - Input image:00072.png
[2024-09-06 20:50:54,479][main][INFO] - Images loaded and measurements generated
[2024-09-06 20:50:54,607][main][INFO] - Degradated image y saved in /home/nicolas/Repulsive-score-distillation-RSD-/constrained_sampling/_exp/deg/x_deg.png
[2024-09-06 20:50:54,607][main][INFO] - Running setting with coeff: 0,                             lr: (0.3, 0.3),                             rho_reg: 0.009,                             w_t: 0.0001
[2024-09-06 21:09:33,923][main][INFO] - Done. You can fine the generated images in /home/nicolas/Repulsive-score-distillation-RSD-/constrained_sampling/_exp/output/rsd_stable/deblur_motion
[2024-09-06 21:09:33,923][main][INFO] - Input image:00073.png
[2024-09-06 21:09:33,927][main][INFO] - Images loaded and measurements generated
[2024-09-06 21:09:34,054][main][INFO] - Degradated image y saved in /home/nicolas/Repulsive-score-distillation-RSD-/constrained_sampling/_exp/deg/x_deg.png
[2024-09-06 21:09:34,054][main][INFO] - Running setting with coeff: 0,                             lr: (0.3, 0.3),                             rho_reg: 0.009,                             w_t: 0.0001
[2024-09-06 21:28:12,088][main][INFO] - Done. You can fine the generated images in /home/nicolas/Repulsive-score-distillation-RSD-/constrained_sampling/_exp/output/rsd_stable/deblur_motion
[2024-09-06 21:28:12,088][main][INFO] - Input image:00074.png
[2024-09-06 21:28:12,091][main][INFO] - Images loaded and measurements generated
[2024-09-06 21:28:12,220][main][INFO] - Degradated image y saved in /home/nicolas/Repulsive-score-distillation-RSD-/constrained_sampling/_exp/deg/x_deg.png
[2024-09-06 21:28:12,220][main][INFO] - Running setting with coeff: 0,                             lr: (0.3, 0.3),                             rho_reg: 0.009,                             w_t: 0.0001
[2024-09-06 21:46:50,128][main][INFO] - Done. You can fine the generated images in /home/nicolas/Repulsive-score-distillation-RSD-/constrained_sampling/_exp/output/rsd_stable/deblur_motion
[2024-09-06 21:46:50,128][main][INFO] - Input image:00075.png
[2024-09-06 21:46:50,131][main][INFO] - Images loaded and measurements generated
[2024-09-06 21:46:50,256][main][INFO] - Degradated image y saved in /home/nicolas/Repulsive-score-distillation-RSD-/constrained_sampling/_exp/deg/x_deg.png
[2024-09-06 21:46:50,256][main][INFO] - Running setting with coeff: 0,                             lr: (0.3, 0.3),                             rho_reg: 0.009,                             w_t: 0.0001
[2024-09-06 22:05:27,146][main][INFO] - Done. You can fine the generated images in /home/nicolas/Repulsive-score-distillation-RSD-/constrained_sampling/_exp/output/rsd_stable/deblur_motion
[2024-09-06 22:05:27,146][main][INFO] - Input image:00076.png
[2024-09-06 22:05:27,150][main][INFO] - Images loaded and measurements generated
[2024-09-06 22:05:27,278][main][INFO] - Degradated image y saved in /home/nicolas/Repulsive-score-distillation-RSD-/constrained_sampling/_exp/deg/x_deg.png
[2024-09-06 22:05:27,278][main][INFO] - Running setting with coeff: 0,                             lr: (0.3, 0.3),                             rho_reg: 0.009,                             w_t: 0.0001
[2024-09-06 22:24:05,445][main][INFO] - Done. You can fine the generated images in /home/nicolas/Repulsive-score-distillation-RSD-/constrained_sampling/_exp/output/rsd_stable/deblur_motion
[2024-09-06 22:24:05,445][main][INFO] - Input image:00077.png
[2024-09-06 22:24:05,448][main][INFO] - Images loaded and measurements generated
[2024-09-06 22:24:05,572][main][INFO] - Degradated image y saved in /home/nicolas/Repulsive-score-distillation-RSD-/constrained_sampling/_exp/deg/x_deg.png
[2024-09-06 22:24:05,572][main][INFO] - Running setting with coeff: 0,                             lr: (0.3, 0.3),                             rho_reg: 0.009,                             w_t: 0.0001
[2024-09-06 22:42:43,338][main][INFO] - Done. You can fine the generated images in /home/nicolas/Repulsive-score-distillation-RSD-/constrained_sampling/_exp/output/rsd_stable/deblur_motion
[2024-09-06 22:42:43,338][main][INFO] - Input image:00078.png
[2024-09-06 22:42:43,341][main][INFO] - Images loaded and measurements generated
[2024-09-06 22:42:43,469][main][INFO] - Degradated image y saved in /home/nicolas/Repulsive-score-distillation-RSD-/constrained_sampling/_exp/deg/x_deg.png
[2024-09-06 22:42:43,469][main][INFO] - Running setting with coeff: 0,                             lr: (0.3, 0.3),                             rho_reg: 0.009,                             w_t: 0.0001
[2024-09-06 23:01:19,839][main][INFO] - Done. You can fine the generated images in /home/nicolas/Repulsive-score-distillation-RSD-/constrained_sampling/_exp/output/rsd_stable/deblur_motion
[2024-09-06 23:01:19,839][main][INFO] - Input image:00079.png
[2024-09-06 23:01:19,846][main][INFO] - Images loaded and measurements generated
[2024-09-06 23:01:19,969][main][INFO] - Degradated image y saved in /home/nicolas/Repulsive-score-distillation-RSD-/constrained_sampling/_exp/deg/x_deg.png
[2024-09-06 23:01:19,970][main][INFO] - Running setting with coeff: 0,                             lr: (0.3, 0.3),                             rho_reg: 0.009,                             w_t: 0.0001
[2024-09-06 23:19:56,305][main][INFO] - Done. You can fine the generated images in /home/nicolas/Repulsive-score-distillation-RSD-/constrained_sampling/_exp/output/rsd_stable/deblur_motion
[2024-09-06 23:19:56,305][main][INFO] - Input image:00080.png
[2024-09-06 23:19:56,308][main][INFO] - Images loaded and measurements generated
[2024-09-06 23:19:56,432][main][INFO] - Degradated image y saved in /home/nicolas/Repulsive-score-distillation-RSD-/constrained_sampling/_exp/deg/x_deg.png
[2024-09-06 23:19:56,433][main][INFO] - Running setting with coeff: 0,                             lr: (0.3, 0.3),                             rho_reg: 0.009,                             w_t: 0.0001
[2024-09-06 23:38:34,230][main][INFO] - Done. You can fine the generated images in /home/nicolas/Repulsive-score-distillation-RSD-/constrained_sampling/_exp/output/rsd_stable/deblur_motion
[2024-09-06 23:38:34,230][main][INFO] - Input image:00081.png
[2024-09-06 23:38:34,234][main][INFO] - Images loaded and measurements generated
[2024-09-06 23:38:34,346][main][INFO] - Degradated image y saved in /home/nicolas/Repulsive-score-distillation-RSD-/constrained_sampling/_exp/deg/x_deg.png
[2024-09-06 23:38:34,346][main][INFO] - Running setting with coeff: 0,                             lr: (0.3, 0.3),                             rho_reg: 0.009,                             w_t: 0.0001
[2024-09-06 23:57:06,174][main][INFO] - Done. You can fine the generated images in /home/nicolas/Repulsive-score-distillation-RSD-/constrained_sampling/_exp/output/rsd_stable/deblur_motion
[2024-09-06 23:57:06,174][main][INFO] - Input image:00082.png
[2024-09-06 23:57:06,177][main][INFO] - Images loaded and measurements generated
[2024-09-06 23:57:06,303][main][INFO] - Degradated image y saved in /home/nicolas/Repulsive-score-distillation-RSD-/constrained_sampling/_exp/deg/x_deg.png
[2024-09-06 23:57:06,303][main][INFO] - Running setting with coeff: 0,                             lr: (0.3, 0.3),                             rho_reg: 0.009,                             w_t: 0.0001
[2024-09-07 00:15:43,554][main][INFO] - Done. You can fine the generated images in /home/nicolas/Repulsive-score-distillation-RSD-/constrained_sampling/_exp/output/rsd_stable/deblur_motion
[2024-09-07 00:15:43,554][main][INFO] - Input image:00083.png
[2024-09-07 00:15:43,557][main][INFO] - Images loaded and measurements generated
[2024-09-07 00:15:43,682][main][INFO] - Degradated image y saved in /home/nicolas/Repulsive-score-distillation-RSD-/constrained_sampling/_exp/deg/x_deg.png
[2024-09-07 00:15:43,682][main][INFO] - Running setting with coeff: 0,                             lr: (0.3, 0.3),                             rho_reg: 0.009,                             w_t: 0.0001
[2024-09-07 00:34:21,705][main][INFO] - Done. You can fine the generated images in /home/nicolas/Repulsive-score-distillation-RSD-/constrained_sampling/_exp/output/rsd_stable/deblur_motion
[2024-09-07 00:34:21,706][main][INFO] - Input image:00084.png
[2024-09-07 00:34:21,712][main][INFO] - Images loaded and measurements generated
[2024-09-07 00:34:21,836][main][INFO] - Degradated image y saved in /home/nicolas/Repulsive-score-distillation-RSD-/constrained_sampling/_exp/deg/x_deg.png
[2024-09-07 00:34:21,836][main][INFO] - Running setting with coeff: 0,                             lr: (0.3, 0.3),                             rho_reg: 0.009,                             w_t: 0.0001
[2024-09-07 00:52:49,271][main][INFO] - Done. You can fine the generated images in /home/nicolas/Repulsive-score-distillation-RSD-/constrained_sampling/_exp/output/rsd_stable/deblur_motion
[2024-09-07 00:52:49,272][main][INFO] - Input image:00085.png
[2024-09-07 00:52:49,275][main][INFO] - Images loaded and measurements generated
[2024-09-07 00:52:49,401][main][INFO] - Degradated image y saved in /home/nicolas/Repulsive-score-distillation-RSD-/constrained_sampling/_exp/deg/x_deg.png
[2024-09-07 00:52:49,401][main][INFO] - Running setting with coeff: 0,                             lr: (0.3, 0.3),                             rho_reg: 0.009,                             w_t: 0.0001
[2024-09-07 01:11:04,375][main][INFO] - Done. You can fine the generated images in /home/nicolas/Repulsive-score-distillation-RSD-/constrained_sampling/_exp/output/rsd_stable/deblur_motion
[2024-09-07 01:11:04,375][main][INFO] - Input image:00086.png
[2024-09-07 01:11:04,378][main][INFO] - Images loaded and measurements generated
[2024-09-07 01:11:04,495][main][INFO] - Degradated image y saved in /home/nicolas/Repulsive-score-distillation-RSD-/constrained_sampling/_exp/deg/x_deg.png
[2024-09-07 01:11:04,495][main][INFO] - Running setting with coeff: 0,                             lr: (0.3, 0.3),                             rho_reg: 0.009,                             w_t: 0.0001
[2024-09-07 01:29:15,833][main][INFO] - Done. You can fine the generated images in /home/nicolas/Repulsive-score-distillation-RSD-/constrained_sampling/_exp/output/rsd_stable/deblur_motion
[2024-09-07 01:29:15,833][main][INFO] - Input image:00087.png
[2024-09-07 01:29:15,837][main][INFO] - Images loaded and measurements generated
[2024-09-07 01:29:15,967][main][INFO] - Degradated image y saved in /home/nicolas/Repulsive-score-distillation-RSD-/constrained_sampling/_exp/deg/x_deg.png
[2024-09-07 01:29:15,968][main][INFO] - Running setting with coeff: 0,                             lr: (0.3, 0.3),                             rho_reg: 0.009,                             w_t: 0.0001
[2024-09-07 01:47:29,720][main][INFO] - Done. You can fine the generated images in /home/nicolas/Repulsive-score-distillation-RSD-/constrained_sampling/_exp/output/rsd_stable/deblur_motion
[2024-09-07 01:47:29,720][main][INFO] - Input image:00088.png
[2024-09-07 01:47:29,724][main][INFO] - Images loaded and measurements generated
[2024-09-07 01:47:29,850][main][INFO] - Degradated image y saved in /home/nicolas/Repulsive-score-distillation-RSD-/constrained_sampling/_exp/deg/x_deg.png
[2024-09-07 01:47:29,850][main][INFO] - Running setting with coeff: 0,                             lr: (0.3, 0.3),                             rho_reg: 0.009,                             w_t: 0.0001
[2024-09-07 02:05:43,698][main][INFO] - Done. You can fine the generated images in /home/nicolas/Repulsive-score-distillation-RSD-/constrained_sampling/_exp/output/rsd_stable/deblur_motion
[2024-09-07 02:05:43,698][main][INFO] - Input image:00089.png
[2024-09-07 02:05:43,701][main][INFO] - Images loaded and measurements generated
[2024-09-07 02:05:43,826][main][INFO] - Degradated image y saved in /home/nicolas/Repulsive-score-distillation-RSD-/constrained_sampling/_exp/deg/x_deg.png
[2024-09-07 02:05:43,826][main][INFO] - Running setting with coeff: 0,                             lr: (0.3, 0.3),                             rho_reg: 0.009,                             w_t: 0.0001
[2024-09-07 02:23:59,756][main][INFO] - Done. You can fine the generated images in /home/nicolas/Repulsive-score-distillation-RSD-/constrained_sampling/_exp/output/rsd_stable/deblur_motion
[2024-09-07 02:23:59,757][main][INFO] - Input image:00090.png
[2024-09-07 02:23:59,759][main][INFO] - Images loaded and measurements generated
[2024-09-07 02:23:59,889][main][INFO] - Degradated image y saved in /home/nicolas/Repulsive-score-distillation-RSD-/constrained_sampling/_exp/deg/x_deg.png
[2024-09-07 02:23:59,889][main][INFO] - Running setting with coeff: 0,                             lr: (0.3, 0.3),                             rho_reg: 0.009,                             w_t: 0.0001
[2024-09-07 02:42:14,277][main][INFO] - Done. You can fine the generated images in /home/nicolas/Repulsive-score-distillation-RSD-/constrained_sampling/_exp/output/rsd_stable/deblur_motion
[2024-09-07 02:42:14,278][main][INFO] - Input image:00091.png
[2024-09-07 02:42:14,281][main][INFO] - Images loaded and measurements generated
[2024-09-07 02:42:14,406][main][INFO] - Degradated image y saved in /home/nicolas/Repulsive-score-distillation-RSD-/constrained_sampling/_exp/deg/x_deg.png
[2024-09-07 02:42:14,406][main][INFO] - Running setting with coeff: 0,                             lr: (0.3, 0.3),                             rho_reg: 0.009,                             w_t: 0.0001
[2024-09-07 03:00:28,868][main][INFO] - Done. You can fine the generated images in /home/nicolas/Repulsive-score-distillation-RSD-/constrained_sampling/_exp/output/rsd_stable/deblur_motion
[2024-09-07 03:00:28,869][main][INFO] - Input image:00092.png
[2024-09-07 03:00:28,872][main][INFO] - Images loaded and measurements generated
[2024-09-07 03:00:29,003][main][INFO] - Degradated image y saved in /home/nicolas/Repulsive-score-distillation-RSD-/constrained_sampling/_exp/deg/x_deg.png
[2024-09-07 03:00:29,003][main][INFO] - Running setting with coeff: 0,                             lr: (0.3, 0.3),                             rho_reg: 0.009,                             w_t: 0.0001
[2024-09-07 03:18:41,764][main][INFO] - Done. You can fine the generated images in /home/nicolas/Repulsive-score-distillation-RSD-/constrained_sampling/_exp/output/rsd_stable/deblur_motion
[2024-09-07 03:18:41,765][main][INFO] - Input image:00093.png
[2024-09-07 03:18:41,768][main][INFO] - Images loaded and measurements generated
[2024-09-07 03:18:41,892][main][INFO] - Degradated image y saved in /home/nicolas/Repulsive-score-distillation-RSD-/constrained_sampling/_exp/deg/x_deg.png
[2024-09-07 03:18:41,893][main][INFO] - Running setting with coeff: 0,                             lr: (0.3, 0.3),                             rho_reg: 0.009,                             w_t: 0.0001
[2024-09-07 03:36:56,310][main][INFO] - Done. You can fine the generated images in /home/nicolas/Repulsive-score-distillation-RSD-/constrained_sampling/_exp/output/rsd_stable/deblur_motion
[2024-09-07 03:36:56,311][main][INFO] - Input image:00094.png
[2024-09-07 03:36:56,314][main][INFO] - Images loaded and measurements generated
[2024-09-07 03:36:56,438][main][INFO] - Degradated image y saved in /home/nicolas/Repulsive-score-distillation-RSD-/constrained_sampling/_exp/deg/x_deg.png
[2024-09-07 03:36:56,438][main][INFO] - Running setting with coeff: 0,                             lr: (0.3, 0.3),                             rho_reg: 0.009,                             w_t: 0.0001
[2024-09-07 03:55:11,208][main][INFO] - Done. You can fine the generated images in /home/nicolas/Repulsive-score-distillation-RSD-/constrained_sampling/_exp/output/rsd_stable/deblur_motion
[2024-09-07 03:55:11,208][main][INFO] - Input image:00095.png
[2024-09-07 03:55:11,211][main][INFO] - Images loaded and measurements generated
[2024-09-07 03:55:11,336][main][INFO] - Degradated image y saved in /home/nicolas/Repulsive-score-distillation-RSD-/constrained_sampling/_exp/deg/x_deg.png
[2024-09-07 03:55:11,336][main][INFO] - Running setting with coeff: 0,                             lr: (0.3, 0.3),                             rho_reg: 0.009,                             w_t: 0.0001
[2024-09-07 04:13:27,051][main][INFO] - Done. You can fine the generated images in /home/nicolas/Repulsive-score-distillation-RSD-/constrained_sampling/_exp/output/rsd_stable/deblur_motion
[2024-09-07 04:13:27,051][main][INFO] - Input image:00096.png
[2024-09-07 04:13:27,055][main][INFO] - Images loaded and measurements generated
[2024-09-07 04:13:27,177][main][INFO] - Degradated image y saved in /home/nicolas/Repulsive-score-distillation-RSD-/constrained_sampling/_exp/deg/x_deg.png
[2024-09-07 04:13:27,177][main][INFO] - Running setting with coeff: 0,                             lr: (0.3, 0.3),                             rho_reg: 0.009,                             w_t: 0.0001
[2024-09-07 04:31:41,885][main][INFO] - Done. You can fine the generated images in /home/nicolas/Repulsive-score-distillation-RSD-/constrained_sampling/_exp/output/rsd_stable/deblur_motion
[2024-09-07 04:31:41,885][main][INFO] - Input image:00097.png
[2024-09-07 04:31:41,888][main][INFO] - Images loaded and measurements generated
[2024-09-07 04:31:42,011][main][INFO] - Degradated image y saved in /home/nicolas/Repulsive-score-distillation-RSD-/constrained_sampling/_exp/deg/x_deg.png
[2024-09-07 04:31:42,012][main][INFO] - Running setting with coeff: 0,                             lr: (0.3, 0.3),                             rho_reg: 0.009,                             w_t: 0.0001
[2024-09-07 04:49:57,364][main][INFO] - Done. You can fine the generated images in /home/nicolas/Repulsive-score-distillation-RSD-/constrained_sampling/_exp/output/rsd_stable/deblur_motion
[2024-09-07 04:49:57,364][main][INFO] - Input image:00098.png
[2024-09-07 04:49:57,367][main][INFO] - Images loaded and measurements generated
[2024-09-07 04:49:57,493][main][INFO] - Degradated image y saved in /home/nicolas/Repulsive-score-distillation-RSD-/constrained_sampling/_exp/deg/x_deg.png
[2024-09-07 04:49:57,494][main][INFO] - Running setting with coeff: 0,                             lr: (0.3, 0.3),                             rho_reg: 0.009,                             w_t: 0.0001
[2024-09-07 05:08:11,825][main][INFO] - Done. You can fine the generated images in /home/nicolas/Repulsive-score-distillation-RSD-/constrained_sampling/_exp/output/rsd_stable/deblur_motion
[2024-09-07 05:08:11,825][main][INFO] - Input image:00099.png
[2024-09-07 05:08:11,829][main][INFO] - Images loaded and measurements generated
[2024-09-07 05:08:11,956][main][INFO] - Degradated image y saved in /home/nicolas/Repulsive-score-distillation-RSD-/constrained_sampling/_exp/deg/x_deg.png
[2024-09-07 05:08:11,956][main][INFO] - Running setting with coeff: 0,                             lr: (0.3, 0.3),                             rho_reg: 0.009,                             w_t: 0.0001
[2024-09-07 05:26:26,629][main][INFO] - Done. You can fine the generated images in /home/nicolas/Repulsive-score-distillation-RSD-/constrained_sampling/_exp/output/rsd_stable/deblur_motion
[2024-09-07 05:26:26,629][main][INFO] - Input image:00100.png
[2024-09-07 05:26:26,632][main][INFO] - Images loaded and measurements generated
[2024-09-07 05:26:26,750][main][INFO] - Degradated image y saved in /home/nicolas/Repulsive-score-distillation-RSD-/constrained_sampling/_exp/deg/x_deg.png
[2024-09-07 05:26:26,750][main][INFO] - Running setting with coeff: 0,                             lr: (0.3, 0.3),                             rho_reg: 0.009,                             w_t: 0.0001
[2024-09-07 05:44:37,644][main][INFO] - Done. You can fine the generated images in /home/nicolas/Repulsive-score-distillation-RSD-/constrained_sampling/_exp/output/rsd_stable/deblur_motion
[2024-09-07 05:44:37,645][main][INFO] - Input image:00101.png
[2024-09-07 05:44:37,648][main][INFO] - Images loaded and measurements generated
[2024-09-07 05:44:37,775][main][INFO] - Degradated image y saved in /home/nicolas/Repulsive-score-distillation-RSD-/constrained_sampling/_exp/deg/x_deg.png
[2024-09-07 05:44:37,775][main][INFO] - Running setting with coeff: 0,                             lr: (0.3, 0.3),                             rho_reg: 0.009,                             w_t: 0.0001
[2024-09-07 06:02:52,125][main][INFO] - Done. You can fine the generated images in /home/nicolas/Repulsive-score-distillation-RSD-/constrained_sampling/_exp/output/rsd_stable/deblur_motion
[2024-09-07 06:02:52,126][main][INFO] - Input image:00102.png
[2024-09-07 06:02:52,128][main][INFO] - Images loaded and measurements generated
[2024-09-07 06:02:52,256][main][INFO] - Degradated image y saved in /home/nicolas/Repulsive-score-distillation-RSD-/constrained_sampling/_exp/deg/x_deg.png
[2024-09-07 06:02:52,256][main][INFO] - Running setting with coeff: 0,                             lr: (0.3, 0.3),                             rho_reg: 0.009,                             w_t: 0.0001
[2024-09-07 06:21:07,907][main][INFO] - Done. You can fine the generated images in /home/nicolas/Repulsive-score-distillation-RSD-/constrained_sampling/_exp/output/rsd_stable/deblur_motion
[2024-09-07 06:21:07,907][main][INFO] - Input image:00103.png
[2024-09-07 06:21:07,910][main][INFO] - Images loaded and measurements generated
[2024-09-07 06:21:08,030][main][INFO] - Degradated image y saved in /home/nicolas/Repulsive-score-distillation-RSD-/constrained_sampling/_exp/deg/x_deg.png
[2024-09-07 06:21:08,030][main][INFO] - Running setting with coeff: 0,                             lr: (0.3, 0.3),                             rho_reg: 0.009,                             w_t: 0.0001
[2024-09-07 06:39:19,170][main][INFO] - Done. You can fine the generated images in /home/nicolas/Repulsive-score-distillation-RSD-/constrained_sampling/_exp/output/rsd_stable/deblur_motion
[2024-09-07 06:39:19,170][main][INFO] - Input image:00104.png
[2024-09-07 06:39:19,173][main][INFO] - Images loaded and measurements generated
[2024-09-07 06:39:19,301][main][INFO] - Degradated image y saved in /home/nicolas/Repulsive-score-distillation-RSD-/constrained_sampling/_exp/deg/x_deg.png
[2024-09-07 06:39:19,302][main][INFO] - Running setting with coeff: 0,                             lr: (0.3, 0.3),                             rho_reg: 0.009,                             w_t: 0.0001
[2024-09-07 06:57:31,861][main][INFO] - Done. You can fine the generated images in /home/nicolas/Repulsive-score-distillation-RSD-/constrained_sampling/_exp/output/rsd_stable/deblur_motion
[2024-09-07 06:57:31,861][main][INFO] - Input image:00105.png
[2024-09-07 06:57:31,864][main][INFO] - Images loaded and measurements generated
[2024-09-07 06:57:31,986][main][INFO] - Degradated image y saved in /home/nicolas/Repulsive-score-distillation-RSD-/constrained_sampling/_exp/deg/x_deg.png
[2024-09-07 06:57:31,986][main][INFO] - Running setting with coeff: 0,                             lr: (0.3, 0.3),                             rho_reg: 0.009,                             w_t: 0.0001
[2024-09-07 07:15:45,988][main][INFO] - Done. You can fine the generated images in /home/nicolas/Repulsive-score-distillation-RSD-/constrained_sampling/_exp/output/rsd_stable/deblur_motion
[2024-09-07 07:15:45,989][main][INFO] - Input image:00106.png
[2024-09-07 07:15:45,992][main][INFO] - Images loaded and measurements generated
[2024-09-07 07:15:46,123][main][INFO] - Degradated image y saved in /home/nicolas/Repulsive-score-distillation-RSD-/constrained_sampling/_exp/deg/x_deg.png
[2024-09-07 07:15:46,123][main][INFO] - Running setting with coeff: 0,                             lr: (0.3, 0.3),                             rho_reg: 0.009,                             w_t: 0.0001
[2024-09-07 07:33:58,299][main][INFO] - Done. You can fine the generated images in /home/nicolas/Repulsive-score-distillation-RSD-/constrained_sampling/_exp/output/rsd_stable/deblur_motion
[2024-09-07 07:33:58,300][main][INFO] - Input image:00107.png
[2024-09-07 07:33:58,303][main][INFO] - Images loaded and measurements generated
[2024-09-07 07:33:58,435][main][INFO] - Degradated image y saved in /home/nicolas/Repulsive-score-distillation-RSD-/constrained_sampling/_exp/deg/x_deg.png
[2024-09-07 07:33:58,435][main][INFO] - Running setting with coeff: 0,                             lr: (0.3, 0.3),                             rho_reg: 0.009,                             w_t: 0.0001
[2024-09-07 07:52:10,799][main][INFO] - Done. You can fine the generated images in /home/nicolas/Repulsive-score-distillation-RSD-/constrained_sampling/_exp/output/rsd_stable/deblur_motion
[2024-09-07 07:52:10,799][main][INFO] - Input image:00108.png
[2024-09-07 07:52:10,802][main][INFO] - Images loaded and measurements generated
[2024-09-07 07:52:10,927][main][INFO] - Degradated image y saved in /home/nicolas/Repulsive-score-distillation-RSD-/constrained_sampling/_exp/deg/x_deg.png
[2024-09-07 07:52:10,927][main][INFO] - Running setting with coeff: 0,                             lr: (0.3, 0.3),                             rho_reg: 0.009,                             w_t: 0.0001
[2024-09-07 08:10:25,552][main][INFO] - Done. You can fine the generated images in /home/nicolas/Repulsive-score-distillation-RSD-/constrained_sampling/_exp/output/rsd_stable/deblur_motion
[2024-09-07 08:10:25,552][main][INFO] - Input image:00109.png
[2024-09-07 08:10:25,559][main][INFO] - Images loaded and measurements generated
[2024-09-07 08:10:25,686][main][INFO] - Degradated image y saved in /home/nicolas/Repulsive-score-distillation-RSD-/constrained_sampling/_exp/deg/x_deg.png
[2024-09-07 08:10:25,686][main][INFO] - Running setting with coeff: 0,                             lr: (0.3, 0.3),                             rho_reg: 0.009,                             w_t: 0.0001
[2024-09-07 08:28:38,738][main][INFO] - Done. You can fine the generated images in /home/nicolas/Repulsive-score-distillation-RSD-/constrained_sampling/_exp/output/rsd_stable/deblur_motion
[2024-09-07 08:28:38,738][main][INFO] - Input image:00110.png
[2024-09-07 08:28:38,741][main][INFO] - Images loaded and measurements generated
[2024-09-07 08:28:38,866][main][INFO] - Degradated image y saved in /home/nicolas/Repulsive-score-distillation-RSD-/constrained_sampling/_exp/deg/x_deg.png
[2024-09-07 08:28:38,866][main][INFO] - Running setting with coeff: 0,                             lr: (0.3, 0.3),                             rho_reg: 0.009,                             w_t: 0.0001
[2024-09-07 08:46:53,187][main][INFO] - Done. You can fine the generated images in /home/nicolas/Repulsive-score-distillation-RSD-/constrained_sampling/_exp/output/rsd_stable/deblur_motion
[2024-09-07 08:46:53,187][main][INFO] - Input image:00111.png
[2024-09-07 08:46:53,191][main][INFO] - Images loaded and measurements generated
[2024-09-07 08:46:53,314][main][INFO] - Degradated image y saved in /home/nicolas/Repulsive-score-distillation-RSD-/constrained_sampling/_exp/deg/x_deg.png
[2024-09-07 08:46:53,314][main][INFO] - Running setting with coeff: 0,                             lr: (0.3, 0.3),                             rho_reg: 0.009,                             w_t: 0.0001
[2024-09-07 09:05:06,003][main][INFO] - Done. You can fine the generated images in /home/nicolas/Repulsive-score-distillation-RSD-/constrained_sampling/_exp/output/rsd_stable/deblur_motion
[2024-09-07 09:05:06,003][main][INFO] - Input image:00112.png
[2024-09-07 09:05:06,006][main][INFO] - Images loaded and measurements generated
[2024-09-07 09:05:06,133][main][INFO] - Degradated image y saved in /home/nicolas/Repulsive-score-distillation-RSD-/constrained_sampling/_exp/deg/x_deg.png
[2024-09-07 09:05:06,133][main][INFO] - Running setting with coeff: 0,                             lr: (0.3, 0.3),                             rho_reg: 0.009,                             w_t: 0.0001
[2024-09-07 09:23:19,888][main][INFO] - Done. You can fine the generated images in /home/nicolas/Repulsive-score-distillation-RSD-/constrained_sampling/_exp/output/rsd_stable/deblur_motion
[2024-09-07 09:23:19,888][main][INFO] - Input image:00113.png
[2024-09-07 09:23:19,892][main][INFO] - Images loaded and measurements generated
[2024-09-07 09:23:20,012][main][INFO] - Degradated image y saved in /home/nicolas/Repulsive-score-distillation-RSD-/constrained_sampling/_exp/deg/x_deg.png
[2024-09-07 09:23:20,012][main][INFO] - Running setting with coeff: 0,                             lr: (0.3, 0.3),                             rho_reg: 0.009,                             w_t: 0.0001
[2024-09-07 09:41:30,442][main][INFO] - Done. You can fine the generated images in /home/nicolas/Repulsive-score-distillation-RSD-/constrained_sampling/_exp/output/rsd_stable/deblur_motion
[2024-09-07 09:41:30,443][main][INFO] - Input image:00114.png
[2024-09-07 09:41:30,446][main][INFO] - Images loaded and measurements generated
[2024-09-07 09:41:30,569][main][INFO] - Degradated image y saved in /home/nicolas/Repulsive-score-distillation-RSD-/constrained_sampling/_exp/deg/x_deg.png
[2024-09-07 09:41:30,569][main][INFO] - Running setting with coeff: 0,                             lr: (0.3, 0.3),                             rho_reg: 0.009,                             w_t: 0.0001
[2024-09-07 09:59:45,296][main][INFO] - Done. You can fine the generated images in /home/nicolas/Repulsive-score-distillation-RSD-/constrained_sampling/_exp/output/rsd_stable/deblur_motion
[2024-09-07 09:59:45,296][main][INFO] - Input image:00115.png
[2024-09-07 09:59:45,299][main][INFO] - Images loaded and measurements generated
[2024-09-07 09:59:45,421][main][INFO] - Degradated image y saved in /home/nicolas/Repulsive-score-distillation-RSD-/constrained_sampling/_exp/deg/x_deg.png
[2024-09-07 09:59:45,421][main][INFO] - Running setting with coeff: 0,                             lr: (0.3, 0.3),                             rho_reg: 0.009,                             w_t: 0.0001
[2024-09-07 10:17:59,548][main][INFO] - Done. You can fine the generated images in /home/nicolas/Repulsive-score-distillation-RSD-/constrained_sampling/_exp/output/rsd_stable/deblur_motion
[2024-09-07 10:17:59,549][main][INFO] - Input image:00116.png
[2024-09-07 10:17:59,552][main][INFO] - Images loaded and measurements generated
[2024-09-07 10:17:59,675][main][INFO] - Degradated image y saved in /home/nicolas/Repulsive-score-distillation-RSD-/constrained_sampling/_exp/deg/x_deg.png
[2024-09-07 10:17:59,675][main][INFO] - Running setting with coeff: 0,                             lr: (0.3, 0.3),                             rho_reg: 0.009,                             w_t: 0.0001
[2024-09-07 10:36:14,121][main][INFO] - Done. You can fine the generated images in /home/nicolas/Repulsive-score-distillation-RSD-/constrained_sampling/_exp/output/rsd_stable/deblur_motion
[2024-09-07 10:36:14,121][main][INFO] - Input image:00117.png
[2024-09-07 10:36:14,124][main][INFO] - Images loaded and measurements generated
[2024-09-07 10:36:14,253][main][INFO] - Degradated image y saved in /home/nicolas/Repulsive-score-distillation-RSD-/constrained_sampling/_exp/deg/x_deg.png
[2024-09-07 10:36:14,253][main][INFO] - Running setting with coeff: 0,                             lr: (0.3, 0.3),                             rho_reg: 0.009,                             w_t: 0.0001
[2024-09-07 10:54:27,031][main][INFO] - Done. You can fine the generated images in /home/nicolas/Repulsive-score-distillation-RSD-/constrained_sampling/_exp/output/rsd_stable/deblur_motion
[2024-09-07 10:54:27,031][main][INFO] - Input image:00118.png
[2024-09-07 10:54:27,034][main][INFO] - Images loaded and measurements generated
[2024-09-07 10:54:27,162][main][INFO] - Degradated image y saved in /home/nicolas/Repulsive-score-distillation-RSD-/constrained_sampling/_exp/deg/x_deg.png
[2024-09-07 10:54:27,162][main][INFO] - Running setting with coeff: 0,                             lr: (0.3, 0.3),                             rho_reg: 0.009,                             w_t: 0.0001
[2024-09-07 11:12:41,427][main][INFO] - Done. You can fine the generated images in /home/nicolas/Repulsive-score-distillation-RSD-/constrained_sampling/_exp/output/rsd_stable/deblur_motion
[2024-09-07 11:12:41,427][main][INFO] - Input image:00119.png
[2024-09-07 11:12:41,430][main][INFO] - Images loaded and measurements generated
[2024-09-07 11:12:41,557][main][INFO] - Degradated image y saved in /home/nicolas/Repulsive-score-distillation-RSD-/constrained_sampling/_exp/deg/x_deg.png
[2024-09-07 11:12:41,557][main][INFO] - Running setting with coeff: 0,                             lr: (0.3, 0.3),                             rho_reg: 0.009,                             w_t: 0.0001
[2024-09-07 11:30:53,446][main][INFO] - Done. You can fine the generated images in /home/nicolas/Repulsive-score-distillation-RSD-/constrained_sampling/_exp/output/rsd_stable/deblur_motion
[2024-09-07 11:30:53,446][main][INFO] - Input image:00120.png
[2024-09-07 11:30:53,449][main][INFO] - Images loaded and measurements generated
[2024-09-07 11:30:53,567][main][INFO] - Degradated image y saved in /home/nicolas/Repulsive-score-distillation-RSD-/constrained_sampling/_exp/deg/x_deg.png
[2024-09-07 11:30:53,567][main][INFO] - Running setting with coeff: 0,                             lr: (0.3, 0.3),                             rho_reg: 0.009,                             w_t: 0.0001
[2024-09-07 11:49:04,070][main][INFO] - Done. You can fine the generated images in /home/nicolas/Repulsive-score-distillation-RSD-/constrained_sampling/_exp/output/rsd_stable/deblur_motion
[2024-09-07 11:49:04,071][main][INFO] - Input image:00121.png
[2024-09-07 11:49:04,074][main][INFO] - Images loaded and measurements generated
[2024-09-07 11:49:04,191][main][INFO] - Degradated image y saved in /home/nicolas/Repulsive-score-distillation-RSD-/constrained_sampling/_exp/deg/x_deg.png
[2024-09-07 11:49:04,192][main][INFO] - Running setting with coeff: 0,                             lr: (0.3, 0.3),                             rho_reg: 0.009,                             w_t: 0.0001
