[2024-09-26 20:42:51,569][main][INFO] - Experiment name is RSD
[2024-09-26 20:42:52,906][main][INFO] - Model loaded
[2024-09-26 20:42:54,151][main][INFO] - Degradation model loaded. The experiment corresponds to phase_retrieval
[2024-09-26 20:42:54,152][main][INFO] - Dataset size is 1000
[2024-09-26 20:42:54,492][main][INFO] - Input image:00035.png
[2024-09-26 20:42:54,532][main][INFO] - Images loaded and measurements generated
[2024-09-26 20:42:54,653][main][INFO] - Degradated image y saved in /home/nicolas/Repulsive-score-distillation-RSD-/constrained_sampling/_exp/deg/x_deg.png
[2024-09-26 20:42:54,653][main][INFO] - Running setting with coeff: 30,                             lr: (0.4, 1),                             rho_reg: 0.07,                             w_t: 0.15
[2024-09-26 21:14:55,348][main][INFO] - Done. You can fine the generated images in /home/nicolas/Repulsive-score-distillation-RSD-/constrained_sampling/_exp/output/rsd_stable_repulsion_augm_gamma30/phase_retrieval
[2024-09-26 21:14:55,348][main][INFO] - Input image:00036.png
[2024-09-26 21:14:55,351][main][INFO] - Images loaded and measurements generated
[2024-09-26 21:14:55,492][main][INFO] - Degradated image y saved in /home/nicolas/Repulsive-score-distillation-RSD-/constrained_sampling/_exp/deg/x_deg.png
[2024-09-26 21:14:55,492][main][INFO] - Running setting with coeff: 30,                             lr: (0.4, 1),                             rho_reg: 0.07,                             w_t: 0.15
[2024-09-26 21:46:48,444][main][INFO] - Done. You can fine the generated images in /home/nicolas/Repulsive-score-distillation-RSD-/constrained_sampling/_exp/output/rsd_stable_repulsion_augm_gamma30/phase_retrieval
[2024-09-26 21:46:48,445][main][INFO] - Input image:00037.png
[2024-09-26 21:46:48,448][main][INFO] - Images loaded and measurements generated
[2024-09-26 21:46:48,561][main][INFO] - Degradated image y saved in /home/nicolas/Repulsive-score-distillation-RSD-/constrained_sampling/_exp/deg/x_deg.png
[2024-09-26 21:46:48,561][main][INFO] - Running setting with coeff: 30,                             lr: (0.4, 1),                             rho_reg: 0.07,                             w_t: 0.15
[2024-09-26 22:18:53,662][main][INFO] - Done. You can fine the generated images in /home/nicolas/Repulsive-score-distillation-RSD-/constrained_sampling/_exp/output/rsd_stable_repulsion_augm_gamma30/phase_retrieval
[2024-09-26 22:18:53,662][main][INFO] - Input image:00038.png
[2024-09-26 22:18:53,665][main][INFO] - Images loaded and measurements generated
[2024-09-26 22:18:53,781][main][INFO] - Degradated image y saved in /home/nicolas/Repulsive-score-distillation-RSD-/constrained_sampling/_exp/deg/x_deg.png
[2024-09-26 22:18:53,781][main][INFO] - Running setting with coeff: 30,                             lr: (0.4, 1),                             rho_reg: 0.07,                             w_t: 0.15
[2024-09-26 22:50:55,585][main][INFO] - Done. You can fine the generated images in /home/nicolas/Repulsive-score-distillation-RSD-/constrained_sampling/_exp/output/rsd_stable_repulsion_augm_gamma30/phase_retrieval
[2024-09-26 22:50:55,586][main][INFO] - Input image:00039.png
[2024-09-26 22:50:55,589][main][INFO] - Images loaded and measurements generated
[2024-09-26 22:50:55,702][main][INFO] - Degradated image y saved in /home/nicolas/Repulsive-score-distillation-RSD-/constrained_sampling/_exp/deg/x_deg.png
[2024-09-26 22:50:55,703][main][INFO] - Running setting with coeff: 30,                             lr: (0.4, 1),                             rho_reg: 0.07,                             w_t: 0.15
[2024-09-26 23:22:57,310][main][INFO] - Done. You can fine the generated images in /home/nicolas/Repulsive-score-distillation-RSD-/constrained_sampling/_exp/output/rsd_stable_repulsion_augm_gamma30/phase_retrieval
[2024-09-26 23:22:57,310][main][INFO] - Input image:00040.png
[2024-09-26 23:22:57,318][main][INFO] - Images loaded and measurements generated
[2024-09-26 23:22:57,448][main][INFO] - Degradated image y saved in /home/nicolas/Repulsive-score-distillation-RSD-/constrained_sampling/_exp/deg/x_deg.png
[2024-09-26 23:22:57,448][main][INFO] - Running setting with coeff: 30,                             lr: (0.4, 1),                             rho_reg: 0.07,                             w_t: 0.15
[2024-09-26 23:54:53,712][main][INFO] - Done. You can fine the generated images in /home/nicolas/Repulsive-score-distillation-RSD-/constrained_sampling/_exp/output/rsd_stable_repulsion_augm_gamma30/phase_retrieval
[2024-09-26 23:54:53,712][main][INFO] - Input image:00041.png
[2024-09-26 23:54:53,716][main][INFO] - Images loaded and measurements generated
[2024-09-26 23:54:53,844][main][INFO] - Degradated image y saved in /home/nicolas/Repulsive-score-distillation-RSD-/constrained_sampling/_exp/deg/x_deg.png
[2024-09-26 23:54:53,845][main][INFO] - Running setting with coeff: 30,                             lr: (0.4, 1),                             rho_reg: 0.07,                             w_t: 0.15
[2024-09-27 00:26:57,499][main][INFO] - Done. You can fine the generated images in /home/nicolas/Repulsive-score-distillation-RSD-/constrained_sampling/_exp/output/rsd_stable_repulsion_augm_gamma30/phase_retrieval
[2024-09-27 00:26:57,499][main][INFO] - Input image:00042.png
[2024-09-27 00:26:57,502][main][INFO] - Images loaded and measurements generated
[2024-09-27 00:26:57,615][main][INFO] - Degradated image y saved in /home/nicolas/Repulsive-score-distillation-RSD-/constrained_sampling/_exp/deg/x_deg.png
[2024-09-27 00:26:57,615][main][INFO] - Running setting with coeff: 30,                             lr: (0.4, 1),                             rho_reg: 0.07,                             w_t: 0.15
[2024-09-27 00:59:23,133][main][INFO] - Done. You can fine the generated images in /home/nicolas/Repulsive-score-distillation-RSD-/constrained_sampling/_exp/output/rsd_stable_repulsion_augm_gamma30/phase_retrieval
[2024-09-27 00:59:23,133][main][INFO] - Input image:00043.png
[2024-09-27 00:59:23,137][main][INFO] - Images loaded and measurements generated
[2024-09-27 00:59:23,256][main][INFO] - Degradated image y saved in /home/nicolas/Repulsive-score-distillation-RSD-/constrained_sampling/_exp/deg/x_deg.png
[2024-09-27 00:59:23,256][main][INFO] - Running setting with coeff: 30,                             lr: (0.4, 1),                             rho_reg: 0.07,                             w_t: 0.15
[2024-09-27 01:31:34,542][main][INFO] - Done. You can fine the generated images in /home/nicolas/Repulsive-score-distillation-RSD-/constrained_sampling/_exp/output/rsd_stable_repulsion_augm_gamma30/phase_retrieval
[2024-09-27 01:31:34,542][main][INFO] - Input image:00044.png
[2024-09-27 01:31:34,545][main][INFO] - Images loaded and measurements generated
[2024-09-27 01:31:34,654][main][INFO] - Degradated image y saved in /home/nicolas/Repulsive-score-distillation-RSD-/constrained_sampling/_exp/deg/x_deg.png
[2024-09-27 01:31:34,654][main][INFO] - Running setting with coeff: 30,                             lr: (0.4, 1),                             rho_reg: 0.07,                             w_t: 0.15
[2024-09-27 02:03:54,305][main][INFO] - Done. You can fine the generated images in /home/nicolas/Repulsive-score-distillation-RSD-/constrained_sampling/_exp/output/rsd_stable_repulsion_augm_gamma30/phase_retrieval
[2024-09-27 02:03:54,305][main][INFO] - Input image:00045.png
[2024-09-27 02:03:54,309][main][INFO] - Images loaded and measurements generated
[2024-09-27 02:03:54,421][main][INFO] - Degradated image y saved in /home/nicolas/Repulsive-score-distillation-RSD-/constrained_sampling/_exp/deg/x_deg.png
[2024-09-27 02:03:54,421][main][INFO] - Running setting with coeff: 30,                             lr: (0.4, 1),                             rho_reg: 0.07,                             w_t: 0.15
[2024-09-27 02:36:18,554][main][INFO] - Done. You can fine the generated images in /home/nicolas/Repulsive-score-distillation-RSD-/constrained_sampling/_exp/output/rsd_stable_repulsion_augm_gamma30/phase_retrieval
[2024-09-27 02:36:18,555][main][INFO] - Input image:00046.png
[2024-09-27 02:36:18,558][main][INFO] - Images loaded and measurements generated
[2024-09-27 02:36:18,665][main][INFO] - Degradated image y saved in /home/nicolas/Repulsive-score-distillation-RSD-/constrained_sampling/_exp/deg/x_deg.png
[2024-09-27 02:36:18,665][main][INFO] - Running setting with coeff: 30,                             lr: (0.4, 1),                             rho_reg: 0.07,                             w_t: 0.15
[2024-09-27 03:08:42,695][main][INFO] - Done. You can fine the generated images in /home/nicolas/Repulsive-score-distillation-RSD-/constrained_sampling/_exp/output/rsd_stable_repulsion_augm_gamma30/phase_retrieval
[2024-09-27 03:08:42,695][main][INFO] - Input image:00047.png
[2024-09-27 03:08:42,698][main][INFO] - Images loaded and measurements generated
[2024-09-27 03:08:42,828][main][INFO] - Degradated image y saved in /home/nicolas/Repulsive-score-distillation-RSD-/constrained_sampling/_exp/deg/x_deg.png
[2024-09-27 03:08:42,828][main][INFO] - Running setting with coeff: 30,                             lr: (0.4, 1),                             rho_reg: 0.07,                             w_t: 0.15
[2024-09-27 03:41:11,087][main][INFO] - Done. You can fine the generated images in /home/nicolas/Repulsive-score-distillation-RSD-/constrained_sampling/_exp/output/rsd_stable_repulsion_augm_gamma30/phase_retrieval
[2024-09-27 03:41:11,088][main][INFO] - Input image:00048.png
[2024-09-27 03:41:11,091][main][INFO] - Images loaded and measurements generated
[2024-09-27 03:41:11,200][main][INFO] - Degradated image y saved in /home/nicolas/Repulsive-score-distillation-RSD-/constrained_sampling/_exp/deg/x_deg.png
[2024-09-27 03:41:11,200][main][INFO] - Running setting with coeff: 30,                             lr: (0.4, 1),                             rho_reg: 0.07,                             w_t: 0.15
[2024-09-27 04:13:51,145][main][INFO] - Done. You can fine the generated images in /home/nicolas/Repulsive-score-distillation-RSD-/constrained_sampling/_exp/output/rsd_stable_repulsion_augm_gamma30/phase_retrieval
[2024-09-27 04:13:51,146][main][INFO] - Input image:00049.png
[2024-09-27 04:13:51,149][main][INFO] - Images loaded and measurements generated
[2024-09-27 04:13:51,265][main][INFO] - Degradated image y saved in /home/nicolas/Repulsive-score-distillation-RSD-/constrained_sampling/_exp/deg/x_deg.png
[2024-09-27 04:13:51,265][main][INFO] - Running setting with coeff: 30,                             lr: (0.4, 1),                             rho_reg: 0.07,                             w_t: 0.15
[2024-09-27 04:46:32,016][main][INFO] - Done. You can fine the generated images in /home/nicolas/Repulsive-score-distillation-RSD-/constrained_sampling/_exp/output/rsd_stable_repulsion_augm_gamma30/phase_retrieval
[2024-09-27 04:46:32,017][main][INFO] - Input image:00050.png
[2024-09-27 04:46:32,020][main][INFO] - Images loaded and measurements generated
[2024-09-27 04:46:32,137][main][INFO] - Degradated image y saved in /home/nicolas/Repulsive-score-distillation-RSD-/constrained_sampling/_exp/deg/x_deg.png
[2024-09-27 04:46:32,137][main][INFO] - Running setting with coeff: 30,                             lr: (0.4, 1),                             rho_reg: 0.07,                             w_t: 0.15
[2024-09-27 05:19:08,845][main][INFO] - Done. You can fine the generated images in /home/nicolas/Repulsive-score-distillation-RSD-/constrained_sampling/_exp/output/rsd_stable_repulsion_augm_gamma30/phase_retrieval
[2024-09-27 05:19:08,846][main][INFO] - Input image:00051.png
[2024-09-27 05:19:08,849][main][INFO] - Images loaded and measurements generated
[2024-09-27 05:19:08,950][main][INFO] - Degradated image y saved in /home/nicolas/Repulsive-score-distillation-RSD-/constrained_sampling/_exp/deg/x_deg.png
[2024-09-27 05:19:08,950][main][INFO] - Running setting with coeff: 30,                             lr: (0.4, 1),                             rho_reg: 0.07,                             w_t: 0.15
[2024-09-27 05:51:55,577][main][INFO] - Done. You can fine the generated images in /home/nicolas/Repulsive-score-distillation-RSD-/constrained_sampling/_exp/output/rsd_stable_repulsion_augm_gamma30/phase_retrieval
[2024-09-27 05:51:55,577][main][INFO] - Input image:00052.png
[2024-09-27 05:51:55,581][main][INFO] - Images loaded and measurements generated
[2024-09-27 05:51:55,712][main][INFO] - Degradated image y saved in /home/nicolas/Repulsive-score-distillation-RSD-/constrained_sampling/_exp/deg/x_deg.png
[2024-09-27 05:51:55,712][main][INFO] - Running setting with coeff: 30,                             lr: (0.4, 1),                             rho_reg: 0.07,                             w_t: 0.15
[2024-09-27 06:24:27,960][main][INFO] - Done. You can fine the generated images in /home/nicolas/Repulsive-score-distillation-RSD-/constrained_sampling/_exp/output/rsd_stable_repulsion_augm_gamma30/phase_retrieval
[2024-09-27 06:24:27,961][main][INFO] - Input image:00053.png
[2024-09-27 06:24:27,964][main][INFO] - Images loaded and measurements generated
[2024-09-27 06:24:28,078][main][INFO] - Degradated image y saved in /home/nicolas/Repulsive-score-distillation-RSD-/constrained_sampling/_exp/deg/x_deg.png
[2024-09-27 06:24:28,078][main][INFO] - Running setting with coeff: 30,                             lr: (0.4, 1),                             rho_reg: 0.07,                             w_t: 0.15
[2024-09-27 06:56:42,040][main][INFO] - Done. You can fine the generated images in /home/nicolas/Repulsive-score-distillation-RSD-/constrained_sampling/_exp/output/rsd_stable_repulsion_augm_gamma30/phase_retrieval
[2024-09-27 06:56:42,041][main][INFO] - Input image:00054.png
[2024-09-27 06:56:42,045][main][INFO] - Images loaded and measurements generated
[2024-09-27 06:56:42,160][main][INFO] - Degradated image y saved in /home/nicolas/Repulsive-score-distillation-RSD-/constrained_sampling/_exp/deg/x_deg.png
[2024-09-27 06:56:42,160][main][INFO] - Running setting with coeff: 30,                             lr: (0.4, 1),                             rho_reg: 0.07,                             w_t: 0.15
[2024-09-27 07:28:43,257][main][INFO] - Done. You can fine the generated images in /home/nicolas/Repulsive-score-distillation-RSD-/constrained_sampling/_exp/output/rsd_stable_repulsion_augm_gamma30/phase_retrieval
[2024-09-27 07:28:43,257][main][INFO] - Input image:00055.png
[2024-09-27 07:28:43,260][main][INFO] - Images loaded and measurements generated
[2024-09-27 07:28:43,380][main][INFO] - Degradated image y saved in /home/nicolas/Repulsive-score-distillation-RSD-/constrained_sampling/_exp/deg/x_deg.png
[2024-09-27 07:28:43,381][main][INFO] - Running setting with coeff: 30,                             lr: (0.4, 1),                             rho_reg: 0.07,                             w_t: 0.15
[2024-09-27 08:00:42,420][main][INFO] - Done. You can fine the generated images in /home/nicolas/Repulsive-score-distillation-RSD-/constrained_sampling/_exp/output/rsd_stable_repulsion_augm_gamma30/phase_retrieval
[2024-09-27 08:00:42,420][main][INFO] - Input image:00056.png
[2024-09-27 08:00:42,423][main][INFO] - Images loaded and measurements generated
[2024-09-27 08:00:42,533][main][INFO] - Degradated image y saved in /home/nicolas/Repulsive-score-distillation-RSD-/constrained_sampling/_exp/deg/x_deg.png
[2024-09-27 08:00:42,533][main][INFO] - Running setting with coeff: 30,                             lr: (0.4, 1),                             rho_reg: 0.07,                             w_t: 0.15
[2024-09-27 08:33:02,306][main][INFO] - Done. You can fine the generated images in /home/nicolas/Repulsive-score-distillation-RSD-/constrained_sampling/_exp/output/rsd_stable_repulsion_augm_gamma30/phase_retrieval
[2024-09-27 08:33:02,307][main][INFO] - Input image:00057.png
[2024-09-27 08:33:02,310][main][INFO] - Images loaded and measurements generated
[2024-09-27 08:33:02,441][main][INFO] - Degradated image y saved in /home/nicolas/Repulsive-score-distillation-RSD-/constrained_sampling/_exp/deg/x_deg.png
[2024-09-27 08:33:02,441][main][INFO] - Running setting with coeff: 30,                             lr: (0.4, 1),                             rho_reg: 0.07,                             w_t: 0.15
[2024-09-27 09:05:00,772][main][INFO] - Done. You can fine the generated images in /home/nicolas/Repulsive-score-distillation-RSD-/constrained_sampling/_exp/output/rsd_stable_repulsion_augm_gamma30/phase_retrieval
[2024-09-27 09:05:00,772][main][INFO] - Input image:00058.png
[2024-09-27 09:05:00,774][main][INFO] - Images loaded and measurements generated
[2024-09-27 09:05:00,876][main][INFO] - Degradated image y saved in /home/nicolas/Repulsive-score-distillation-RSD-/constrained_sampling/_exp/deg/x_deg.png
[2024-09-27 09:05:00,877][main][INFO] - Running setting with coeff: 30,                             lr: (0.4, 1),                             rho_reg: 0.07,                             w_t: 0.15
[2024-09-27 09:37:10,094][main][INFO] - Done. You can fine the generated images in /home/nicolas/Repulsive-score-distillation-RSD-/constrained_sampling/_exp/output/rsd_stable_repulsion_augm_gamma30/phase_retrieval
[2024-09-27 09:37:10,094][main][INFO] - Input image:00059.png
[2024-09-27 09:37:10,098][main][INFO] - Images loaded and measurements generated
[2024-09-27 09:37:10,211][main][INFO] - Degradated image y saved in /home/nicolas/Repulsive-score-distillation-RSD-/constrained_sampling/_exp/deg/x_deg.png
[2024-09-27 09:37:10,211][main][INFO] - Running setting with coeff: 30,                             lr: (0.4, 1),                             rho_reg: 0.07,                             w_t: 0.15
[2024-09-27 10:09:51,194][main][INFO] - Done. You can fine the generated images in /home/nicolas/Repulsive-score-distillation-RSD-/constrained_sampling/_exp/output/rsd_stable_repulsion_augm_gamma30/phase_retrieval
[2024-09-27 10:09:51,194][main][INFO] - Input image:00060.png
[2024-09-27 10:09:51,197][main][INFO] - Images loaded and measurements generated
[2024-09-27 10:09:51,312][main][INFO] - Degradated image y saved in /home/nicolas/Repulsive-score-distillation-RSD-/constrained_sampling/_exp/deg/x_deg.png
[2024-09-27 10:09:51,312][main][INFO] - Running setting with coeff: 30,                             lr: (0.4, 1),                             rho_reg: 0.07,                             w_t: 0.15
[2024-09-27 10:42:22,689][main][INFO] - Done. You can fine the generated images in /home/nicolas/Repulsive-score-distillation-RSD-/constrained_sampling/_exp/output/rsd_stable_repulsion_augm_gamma30/phase_retrieval
[2024-09-27 10:42:22,689][main][INFO] - Input image:00061.png
[2024-09-27 10:42:22,692][main][INFO] - Images loaded and measurements generated
[2024-09-27 10:42:22,806][main][INFO] - Degradated image y saved in /home/nicolas/Repulsive-score-distillation-RSD-/constrained_sampling/_exp/deg/x_deg.png
[2024-09-27 10:42:22,806][main][INFO] - Running setting with coeff: 30,                             lr: (0.4, 1),                             rho_reg: 0.07,                             w_t: 0.15
[2024-09-27 11:14:40,410][main][INFO] - Done. You can fine the generated images in /home/nicolas/Repulsive-score-distillation-RSD-/constrained_sampling/_exp/output/rsd_stable_repulsion_augm_gamma30/phase_retrieval
[2024-09-27 11:14:40,411][main][INFO] - Input image:00062.png
[2024-09-27 11:14:40,413][main][INFO] - Images loaded and measurements generated
[2024-09-27 11:14:40,532][main][INFO] - Degradated image y saved in /home/nicolas/Repulsive-score-distillation-RSD-/constrained_sampling/_exp/deg/x_deg.png
[2024-09-27 11:14:40,532][main][INFO] - Running setting with coeff: 30,                             lr: (0.4, 1),                             rho_reg: 0.07,                             w_t: 0.15
[2024-09-27 11:47:07,839][main][INFO] - Done. You can fine the generated images in /home/nicolas/Repulsive-score-distillation-RSD-/constrained_sampling/_exp/output/rsd_stable_repulsion_augm_gamma30/phase_retrieval
[2024-09-27 11:47:07,840][main][INFO] - Input image:00063.png
[2024-09-27 11:47:07,843][main][INFO] - Images loaded and measurements generated
[2024-09-27 11:47:07,951][main][INFO] - Degradated image y saved in /home/nicolas/Repulsive-score-distillation-RSD-/constrained_sampling/_exp/deg/x_deg.png
[2024-09-27 11:47:07,951][main][INFO] - Running setting with coeff: 30,                             lr: (0.4, 1),                             rho_reg: 0.07,                             w_t: 0.15
[2024-09-27 12:20:03,022][main][INFO] - Done. You can fine the generated images in /home/nicolas/Repulsive-score-distillation-RSD-/constrained_sampling/_exp/output/rsd_stable_repulsion_augm_gamma30/phase_retrieval
[2024-09-27 12:20:03,022][main][INFO] - Input image:00064.png
[2024-09-27 12:20:03,025][main][INFO] - Images loaded and measurements generated
[2024-09-27 12:20:03,133][main][INFO] - Degradated image y saved in /home/nicolas/Repulsive-score-distillation-RSD-/constrained_sampling/_exp/deg/x_deg.png
[2024-09-27 12:20:03,133][main][INFO] - Running setting with coeff: 30,                             lr: (0.4, 1),                             rho_reg: 0.07,                             w_t: 0.15
[2024-09-27 12:52:54,282][main][INFO] - Done. You can fine the generated images in /home/nicolas/Repulsive-score-distillation-RSD-/constrained_sampling/_exp/output/rsd_stable_repulsion_augm_gamma30/phase_retrieval
[2024-09-27 12:52:54,283][main][INFO] - Input image:00065.png
[2024-09-27 12:52:54,286][main][INFO] - Images loaded and measurements generated
[2024-09-27 12:52:54,401][main][INFO] - Degradated image y saved in /home/nicolas/Repulsive-score-distillation-RSD-/constrained_sampling/_exp/deg/x_deg.png
[2024-09-27 12:52:54,401][main][INFO] - Running setting with coeff: 30,                             lr: (0.4, 1),                             rho_reg: 0.07,                             w_t: 0.15
[2024-09-27 13:25:23,008][main][INFO] - Done. You can fine the generated images in /home/nicolas/Repulsive-score-distillation-RSD-/constrained_sampling/_exp/output/rsd_stable_repulsion_augm_gamma30/phase_retrieval
[2024-09-27 13:25:23,008][main][INFO] - Input image:00066.png
[2024-09-27 13:25:23,012][main][INFO] - Images loaded and measurements generated
[2024-09-27 13:25:23,119][main][INFO] - Degradated image y saved in /home/nicolas/Repulsive-score-distillation-RSD-/constrained_sampling/_exp/deg/x_deg.png
[2024-09-27 13:25:23,119][main][INFO] - Running setting with coeff: 30,                             lr: (0.4, 1),                             rho_reg: 0.07,                             w_t: 0.15
[2024-09-27 13:57:34,951][main][INFO] - Done. You can fine the generated images in /home/nicolas/Repulsive-score-distillation-RSD-/constrained_sampling/_exp/output/rsd_stable_repulsion_augm_gamma30/phase_retrieval
[2024-09-27 13:57:34,952][main][INFO] - Input image:00067.png
[2024-09-27 13:57:34,957][main][INFO] - Images loaded and measurements generated
[2024-09-27 13:57:35,104][main][INFO] - Degradated image y saved in /home/nicolas/Repulsive-score-distillation-RSD-/constrained_sampling/_exp/deg/x_deg.png
[2024-09-27 13:57:35,105][main][INFO] - Running setting with coeff: 30,                             lr: (0.4, 1),                             rho_reg: 0.07,                             w_t: 0.15
[2024-09-27 14:29:38,078][main][INFO] - Done. You can fine the generated images in /home/nicolas/Repulsive-score-distillation-RSD-/constrained_sampling/_exp/output/rsd_stable_repulsion_augm_gamma30/phase_retrieval
[2024-09-27 14:29:38,078][main][INFO] - Input image:00068.png
[2024-09-27 14:29:38,082][main][INFO] - Images loaded and measurements generated
[2024-09-27 14:29:38,200][main][INFO] - Degradated image y saved in /home/nicolas/Repulsive-score-distillation-RSD-/constrained_sampling/_exp/deg/x_deg.png
[2024-09-27 14:29:38,200][main][INFO] - Running setting with coeff: 30,                             lr: (0.4, 1),                             rho_reg: 0.07,                             w_t: 0.15
[2024-09-27 15:02:01,685][main][INFO] - Done. You can fine the generated images in /home/nicolas/Repulsive-score-distillation-RSD-/constrained_sampling/_exp/output/rsd_stable_repulsion_augm_gamma30/phase_retrieval
[2024-09-27 15:02:01,685][main][INFO] - Input image:00069.png
[2024-09-27 15:02:01,689][main][INFO] - Images loaded and measurements generated
[2024-09-27 15:02:01,808][main][INFO] - Degradated image y saved in /home/nicolas/Repulsive-score-distillation-RSD-/constrained_sampling/_exp/deg/x_deg.png
[2024-09-27 15:02:01,808][main][INFO] - Running setting with coeff: 30,                             lr: (0.4, 1),                             rho_reg: 0.07,                             w_t: 0.15
[2024-09-27 15:34:04,036][main][INFO] - Done. You can fine the generated images in /home/nicolas/Repulsive-score-distillation-RSD-/constrained_sampling/_exp/output/rsd_stable_repulsion_augm_gamma30/phase_retrieval
[2024-09-27 15:34:04,037][main][INFO] - Input image:00070.png
[2024-09-27 15:34:04,040][main][INFO] - Images loaded and measurements generated
[2024-09-27 15:34:04,156][main][INFO] - Degradated image y saved in /home/nicolas/Repulsive-score-distillation-RSD-/constrained_sampling/_exp/deg/x_deg.png
[2024-09-27 15:34:04,157][main][INFO] - Running setting with coeff: 30,                             lr: (0.4, 1),                             rho_reg: 0.07,                             w_t: 0.15
[2024-09-27 16:06:24,634][main][INFO] - Done. You can fine the generated images in /home/nicolas/Repulsive-score-distillation-RSD-/constrained_sampling/_exp/output/rsd_stable_repulsion_augm_gamma30/phase_retrieval
[2024-09-27 16:06:24,634][main][INFO] - Input image:00071.png
[2024-09-27 16:06:24,638][main][INFO] - Images loaded and measurements generated
[2024-09-27 16:06:24,746][main][INFO] - Degradated image y saved in /home/nicolas/Repulsive-score-distillation-RSD-/constrained_sampling/_exp/deg/x_deg.png
[2024-09-27 16:06:24,746][main][INFO] - Running setting with coeff: 30,                             lr: (0.4, 1),                             rho_reg: 0.07,                             w_t: 0.15
[2024-09-27 16:38:27,601][main][INFO] - Done. You can fine the generated images in /home/nicolas/Repulsive-score-distillation-RSD-/constrained_sampling/_exp/output/rsd_stable_repulsion_augm_gamma30/phase_retrieval
[2024-09-27 16:38:27,601][main][INFO] - Input image:00072.png
[2024-09-27 16:38:27,605][main][INFO] - Images loaded and measurements generated
[2024-09-27 16:38:27,710][main][INFO] - Degradated image y saved in /home/nicolas/Repulsive-score-distillation-RSD-/constrained_sampling/_exp/deg/x_deg.png
[2024-09-27 16:38:27,711][main][INFO] - Running setting with coeff: 30,                             lr: (0.4, 1),                             rho_reg: 0.07,                             w_t: 0.15
[2024-09-27 17:10:27,399][main][INFO] - Done. You can fine the generated images in /home/nicolas/Repulsive-score-distillation-RSD-/constrained_sampling/_exp/output/rsd_stable_repulsion_augm_gamma30/phase_retrieval
[2024-09-27 17:10:27,399][main][INFO] - Input image:00073.png
[2024-09-27 17:10:27,403][main][INFO] - Images loaded and measurements generated
[2024-09-27 17:10:27,520][main][INFO] - Degradated image y saved in /home/nicolas/Repulsive-score-distillation-RSD-/constrained_sampling/_exp/deg/x_deg.png
[2024-09-27 17:10:27,520][main][INFO] - Running setting with coeff: 30,                             lr: (0.4, 1),                             rho_reg: 0.07,                             w_t: 0.15
[2024-09-27 17:42:21,733][main][INFO] - Done. You can fine the generated images in /home/nicolas/Repulsive-score-distillation-RSD-/constrained_sampling/_exp/output/rsd_stable_repulsion_augm_gamma30/phase_retrieval
[2024-09-27 17:42:21,734][main][INFO] - Input image:00074.png
[2024-09-27 17:42:21,742][main][INFO] - Images loaded and measurements generated
[2024-09-27 17:42:21,857][main][INFO] - Degradated image y saved in /home/nicolas/Repulsive-score-distillation-RSD-/constrained_sampling/_exp/deg/x_deg.png
[2024-09-27 17:42:21,857][main][INFO] - Running setting with coeff: 30,                             lr: (0.4, 1),                             rho_reg: 0.07,                             w_t: 0.15
[2024-09-27 18:14:29,851][main][INFO] - Done. You can fine the generated images in /home/nicolas/Repulsive-score-distillation-RSD-/constrained_sampling/_exp/output/rsd_stable_repulsion_augm_gamma30/phase_retrieval
[2024-09-27 18:14:29,852][main][INFO] - Input image:00075.png
[2024-09-27 18:14:29,855][main][INFO] - Images loaded and measurements generated
[2024-09-27 18:14:29,965][main][INFO] - Degradated image y saved in /home/nicolas/Repulsive-score-distillation-RSD-/constrained_sampling/_exp/deg/x_deg.png
[2024-09-27 18:14:29,965][main][INFO] - Running setting with coeff: 30,                             lr: (0.4, 1),                             rho_reg: 0.07,                             w_t: 0.15
[2024-09-27 18:46:25,714][main][INFO] - Done. You can fine the generated images in /home/nicolas/Repulsive-score-distillation-RSD-/constrained_sampling/_exp/output/rsd_stable_repulsion_augm_gamma30/phase_retrieval
[2024-09-27 18:46:25,715][main][INFO] - Input image:00076.png
[2024-09-27 18:46:25,718][main][INFO] - Images loaded and measurements generated
[2024-09-27 18:46:25,820][main][INFO] - Degradated image y saved in /home/nicolas/Repulsive-score-distillation-RSD-/constrained_sampling/_exp/deg/x_deg.png
[2024-09-27 18:46:25,820][main][INFO] - Running setting with coeff: 30,                             lr: (0.4, 1),                             rho_reg: 0.07,                             w_t: 0.15
[2024-09-27 19:18:18,356][main][INFO] - Done. You can fine the generated images in /home/nicolas/Repulsive-score-distillation-RSD-/constrained_sampling/_exp/output/rsd_stable_repulsion_augm_gamma30/phase_retrieval
[2024-09-27 19:18:18,357][main][INFO] - Input image:00077.png
[2024-09-27 19:18:18,360][main][INFO] - Images loaded and measurements generated
[2024-09-27 19:18:18,475][main][INFO] - Degradated image y saved in /home/nicolas/Repulsive-score-distillation-RSD-/constrained_sampling/_exp/deg/x_deg.png
[2024-09-27 19:18:18,476][main][INFO] - Running setting with coeff: 30,                             lr: (0.4, 1),                             rho_reg: 0.07,                             w_t: 0.15
[2024-09-27 19:50:19,816][main][INFO] - Done. You can fine the generated images in /home/nicolas/Repulsive-score-distillation-RSD-/constrained_sampling/_exp/output/rsd_stable_repulsion_augm_gamma30/phase_retrieval
[2024-09-27 19:50:19,817][main][INFO] - Input image:00078.png
[2024-09-27 19:50:19,820][main][INFO] - Images loaded and measurements generated
[2024-09-27 19:50:19,947][main][INFO] - Degradated image y saved in /home/nicolas/Repulsive-score-distillation-RSD-/constrained_sampling/_exp/deg/x_deg.png
[2024-09-27 19:50:19,947][main][INFO] - Running setting with coeff: 30,                             lr: (0.4, 1),                             rho_reg: 0.07,                             w_t: 0.15
[2024-09-27 20:22:35,715][main][INFO] - Done. You can fine the generated images in /home/nicolas/Repulsive-score-distillation-RSD-/constrained_sampling/_exp/output/rsd_stable_repulsion_augm_gamma30/phase_retrieval
[2024-09-27 20:22:35,715][main][INFO] - Input image:00079.png
[2024-09-27 20:22:35,718][main][INFO] - Images loaded and measurements generated
[2024-09-27 20:22:35,845][main][INFO] - Degradated image y saved in /home/nicolas/Repulsive-score-distillation-RSD-/constrained_sampling/_exp/deg/x_deg.png
[2024-09-27 20:22:35,845][main][INFO] - Running setting with coeff: 30,                             lr: (0.4, 1),                             rho_reg: 0.07,                             w_t: 0.15
[2024-09-27 20:55:09,097][main][INFO] - Done. You can fine the generated images in /home/nicolas/Repulsive-score-distillation-RSD-/constrained_sampling/_exp/output/rsd_stable_repulsion_augm_gamma30/phase_retrieval
[2024-09-27 20:55:09,097][main][INFO] - Input image:00080.png
[2024-09-27 20:55:09,100][main][INFO] - Images loaded and measurements generated
[2024-09-27 20:55:09,221][main][INFO] - Degradated image y saved in /home/nicolas/Repulsive-score-distillation-RSD-/constrained_sampling/_exp/deg/x_deg.png
[2024-09-27 20:55:09,221][main][INFO] - Running setting with coeff: 30,                             lr: (0.4, 1),                             rho_reg: 0.07,                             w_t: 0.15
[2024-09-27 21:27:48,144][main][INFO] - Done. You can fine the generated images in /home/nicolas/Repulsive-score-distillation-RSD-/constrained_sampling/_exp/output/rsd_stable_repulsion_augm_gamma30/phase_retrieval
[2024-09-27 21:27:48,144][main][INFO] - Input image:00081.png
[2024-09-27 21:27:48,147][main][INFO] - Images loaded and measurements generated
[2024-09-27 21:27:48,261][main][INFO] - Degradated image y saved in /home/nicolas/Repulsive-score-distillation-RSD-/constrained_sampling/_exp/deg/x_deg.png
[2024-09-27 21:27:48,261][main][INFO] - Running setting with coeff: 30,                             lr: (0.4, 1),                             rho_reg: 0.07,                             w_t: 0.15
[2024-09-27 22:00:26,641][main][INFO] - Done. You can fine the generated images in /home/nicolas/Repulsive-score-distillation-RSD-/constrained_sampling/_exp/output/rsd_stable_repulsion_augm_gamma30/phase_retrieval
[2024-09-27 22:00:26,642][main][INFO] - Input image:00082.png
[2024-09-27 22:00:26,645][main][INFO] - Images loaded and measurements generated
[2024-09-27 22:00:26,757][main][INFO] - Degradated image y saved in /home/nicolas/Repulsive-score-distillation-RSD-/constrained_sampling/_exp/deg/x_deg.png
[2024-09-27 22:00:26,757][main][INFO] - Running setting with coeff: 30,                             lr: (0.4, 1),                             rho_reg: 0.07,                             w_t: 0.15
[2024-09-27 22:33:13,788][main][INFO] - Done. You can fine the generated images in /home/nicolas/Repulsive-score-distillation-RSD-/constrained_sampling/_exp/output/rsd_stable_repulsion_augm_gamma30/phase_retrieval
[2024-09-27 22:33:13,788][main][INFO] - Input image:00083.png
[2024-09-27 22:33:13,791][main][INFO] - Images loaded and measurements generated
[2024-09-27 22:33:13,904][main][INFO] - Degradated image y saved in /home/nicolas/Repulsive-score-distillation-RSD-/constrained_sampling/_exp/deg/x_deg.png
[2024-09-27 22:33:13,904][main][INFO] - Running setting with coeff: 30,                             lr: (0.4, 1),                             rho_reg: 0.07,                             w_t: 0.15
[2024-09-27 23:05:59,520][main][INFO] - Done. You can fine the generated images in /home/nicolas/Repulsive-score-distillation-RSD-/constrained_sampling/_exp/output/rsd_stable_repulsion_augm_gamma30/phase_retrieval
[2024-09-27 23:05:59,520][main][INFO] - Input image:00084.png
[2024-09-27 23:05:59,524][main][INFO] - Images loaded and measurements generated
[2024-09-27 23:05:59,647][main][INFO] - Degradated image y saved in /home/nicolas/Repulsive-score-distillation-RSD-/constrained_sampling/_exp/deg/x_deg.png
[2024-09-27 23:05:59,647][main][INFO] - Running setting with coeff: 30,                             lr: (0.4, 1),                             rho_reg: 0.07,                             w_t: 0.15
[2024-09-27 23:38:44,311][main][INFO] - Done. You can fine the generated images in /home/nicolas/Repulsive-score-distillation-RSD-/constrained_sampling/_exp/output/rsd_stable_repulsion_augm_gamma30/phase_retrieval
[2024-09-27 23:38:44,311][main][INFO] - Input image:00085.png
[2024-09-27 23:38:44,314][main][INFO] - Images loaded and measurements generated
[2024-09-27 23:38:44,434][main][INFO] - Degradated image y saved in /home/nicolas/Repulsive-score-distillation-RSD-/constrained_sampling/_exp/deg/x_deg.png
[2024-09-27 23:38:44,434][main][INFO] - Running setting with coeff: 30,                             lr: (0.4, 1),                             rho_reg: 0.07,                             w_t: 0.15
[2024-09-28 00:12:12,977][main][INFO] - Done. You can fine the generated images in /home/nicolas/Repulsive-score-distillation-RSD-/constrained_sampling/_exp/output/rsd_stable_repulsion_augm_gamma30/phase_retrieval
[2024-09-28 00:12:12,978][main][INFO] - Input image:00086.png
[2024-09-28 00:12:12,981][main][INFO] - Images loaded and measurements generated
[2024-09-28 00:12:13,092][main][INFO] - Degradated image y saved in /home/nicolas/Repulsive-score-distillation-RSD-/constrained_sampling/_exp/deg/x_deg.png
[2024-09-28 00:12:13,092][main][INFO] - Running setting with coeff: 30,                             lr: (0.4, 1),                             rho_reg: 0.07,                             w_t: 0.15
[2024-09-28 00:46:16,149][main][INFO] - Done. You can fine the generated images in /home/nicolas/Repulsive-score-distillation-RSD-/constrained_sampling/_exp/output/rsd_stable_repulsion_augm_gamma30/phase_retrieval
[2024-09-28 00:46:16,149][main][INFO] - Input image:00087.png
[2024-09-28 00:46:16,152][main][INFO] - Images loaded and measurements generated
[2024-09-28 00:46:16,276][main][INFO] - Degradated image y saved in /home/nicolas/Repulsive-score-distillation-RSD-/constrained_sampling/_exp/deg/x_deg.png
[2024-09-28 00:46:16,276][main][INFO] - Running setting with coeff: 30,                             lr: (0.4, 1),                             rho_reg: 0.07,                             w_t: 0.15
[2024-09-28 01:20:17,071][main][INFO] - Done. You can fine the generated images in /home/nicolas/Repulsive-score-distillation-RSD-/constrained_sampling/_exp/output/rsd_stable_repulsion_augm_gamma30/phase_retrieval
[2024-09-28 01:20:17,071][main][INFO] - Input image:00088.png
[2024-09-28 01:20:17,074][main][INFO] - Images loaded and measurements generated
[2024-09-28 01:20:17,185][main][INFO] - Degradated image y saved in /home/nicolas/Repulsive-score-distillation-RSD-/constrained_sampling/_exp/deg/x_deg.png
[2024-09-28 01:20:17,185][main][INFO] - Running setting with coeff: 30,                             lr: (0.4, 1),                             rho_reg: 0.07,                             w_t: 0.15
[2024-09-28 01:54:27,417][main][INFO] - Done. You can fine the generated images in /home/nicolas/Repulsive-score-distillation-RSD-/constrained_sampling/_exp/output/rsd_stable_repulsion_augm_gamma30/phase_retrieval
[2024-09-28 01:54:27,417][main][INFO] - Input image:00089.png
[2024-09-28 01:54:27,420][main][INFO] - Images loaded and measurements generated
[2024-09-28 01:54:27,523][main][INFO] - Degradated image y saved in /home/nicolas/Repulsive-score-distillation-RSD-/constrained_sampling/_exp/deg/x_deg.png
[2024-09-28 01:54:27,523][main][INFO] - Running setting with coeff: 30,                             lr: (0.4, 1),                             rho_reg: 0.07,                             w_t: 0.15
[2024-09-28 02:28:23,370][main][INFO] - Done. You can fine the generated images in /home/nicolas/Repulsive-score-distillation-RSD-/constrained_sampling/_exp/output/rsd_stable_repulsion_augm_gamma30/phase_retrieval
[2024-09-28 02:28:23,371][main][INFO] - Input image:00090.png
[2024-09-28 02:28:23,375][main][INFO] - Images loaded and measurements generated
[2024-09-28 02:28:23,492][main][INFO] - Degradated image y saved in /home/nicolas/Repulsive-score-distillation-RSD-/constrained_sampling/_exp/deg/x_deg.png
[2024-09-28 02:28:23,493][main][INFO] - Running setting with coeff: 30,                             lr: (0.4, 1),                             rho_reg: 0.07,                             w_t: 0.15
[2024-09-28 03:01:53,943][main][INFO] - Done. You can fine the generated images in /home/nicolas/Repulsive-score-distillation-RSD-/constrained_sampling/_exp/output/rsd_stable_repulsion_augm_gamma30/phase_retrieval
[2024-09-28 03:01:53,943][main][INFO] - Input image:00091.png
[2024-09-28 03:01:53,947][main][INFO] - Images loaded and measurements generated
[2024-09-28 03:01:54,065][main][INFO] - Degradated image y saved in /home/nicolas/Repulsive-score-distillation-RSD-/constrained_sampling/_exp/deg/x_deg.png
[2024-09-28 03:01:54,066][main][INFO] - Running setting with coeff: 30,                             lr: (0.4, 1),                             rho_reg: 0.07,                             w_t: 0.15
[2024-09-28 03:35:25,261][main][INFO] - Done. You can fine the generated images in /home/nicolas/Repulsive-score-distillation-RSD-/constrained_sampling/_exp/output/rsd_stable_repulsion_augm_gamma30/phase_retrieval
[2024-09-28 03:35:25,261][main][INFO] - Input image:00092.png
[2024-09-28 03:35:25,265][main][INFO] - Images loaded and measurements generated
[2024-09-28 03:35:25,401][main][INFO] - Degradated image y saved in /home/nicolas/Repulsive-score-distillation-RSD-/constrained_sampling/_exp/deg/x_deg.png
[2024-09-28 03:35:25,401][main][INFO] - Running setting with coeff: 30,                             lr: (0.4, 1),                             rho_reg: 0.07,                             w_t: 0.15
[2024-09-28 04:08:54,681][main][INFO] - Done. You can fine the generated images in /home/nicolas/Repulsive-score-distillation-RSD-/constrained_sampling/_exp/output/rsd_stable_repulsion_augm_gamma30/phase_retrieval
[2024-09-28 04:08:54,681][main][INFO] - Input image:00093.png
[2024-09-28 04:08:54,683][main][INFO] - Images loaded and measurements generated
[2024-09-28 04:08:54,794][main][INFO] - Degradated image y saved in /home/nicolas/Repulsive-score-distillation-RSD-/constrained_sampling/_exp/deg/x_deg.png
[2024-09-28 04:08:54,794][main][INFO] - Running setting with coeff: 30,                             lr: (0.4, 1),                             rho_reg: 0.07,                             w_t: 0.15
[2024-09-28 04:42:33,233][main][INFO] - Done. You can fine the generated images in /home/nicolas/Repulsive-score-distillation-RSD-/constrained_sampling/_exp/output/rsd_stable_repulsion_augm_gamma30/phase_retrieval
[2024-09-28 04:42:33,234][main][INFO] - Input image:00094.png
[2024-09-28 04:42:33,237][main][INFO] - Images loaded and measurements generated
[2024-09-28 04:42:33,350][main][INFO] - Degradated image y saved in /home/nicolas/Repulsive-score-distillation-RSD-/constrained_sampling/_exp/deg/x_deg.png
[2024-09-28 04:42:33,350][main][INFO] - Running setting with coeff: 30,                             lr: (0.4, 1),                             rho_reg: 0.07,                             w_t: 0.15
[2024-09-28 05:16:09,992][main][INFO] - Done. You can fine the generated images in /home/nicolas/Repulsive-score-distillation-RSD-/constrained_sampling/_exp/output/rsd_stable_repulsion_augm_gamma30/phase_retrieval
[2024-09-28 05:16:09,992][main][INFO] - Input image:00095.png
[2024-09-28 05:16:09,995][main][INFO] - Images loaded and measurements generated
[2024-09-28 05:16:10,110][main][INFO] - Degradated image y saved in /home/nicolas/Repulsive-score-distillation-RSD-/constrained_sampling/_exp/deg/x_deg.png
[2024-09-28 05:16:10,110][main][INFO] - Running setting with coeff: 30,                             lr: (0.4, 1),                             rho_reg: 0.07,                             w_t: 0.15
[2024-09-28 05:49:49,067][main][INFO] - Done. You can fine the generated images in /home/nicolas/Repulsive-score-distillation-RSD-/constrained_sampling/_exp/output/rsd_stable_repulsion_augm_gamma30/phase_retrieval
[2024-09-28 05:49:49,067][main][INFO] - Input image:00096.png
[2024-09-28 05:49:49,070][main][INFO] - Images loaded and measurements generated
[2024-09-28 05:49:49,187][main][INFO] - Degradated image y saved in /home/nicolas/Repulsive-score-distillation-RSD-/constrained_sampling/_exp/deg/x_deg.png
[2024-09-28 05:49:49,188][main][INFO] - Running setting with coeff: 30,                             lr: (0.4, 1),                             rho_reg: 0.07,                             w_t: 0.15
[2024-09-28 06:23:21,587][main][INFO] - Done. You can fine the generated images in /home/nicolas/Repulsive-score-distillation-RSD-/constrained_sampling/_exp/output/rsd_stable_repulsion_augm_gamma30/phase_retrieval
[2024-09-28 06:23:21,587][main][INFO] - Input image:00097.png
[2024-09-28 06:23:21,590][main][INFO] - Images loaded and measurements generated
[2024-09-28 06:23:21,702][main][INFO] - Degradated image y saved in /home/nicolas/Repulsive-score-distillation-RSD-/constrained_sampling/_exp/deg/x_deg.png
[2024-09-28 06:23:21,702][main][INFO] - Running setting with coeff: 30,                             lr: (0.4, 1),                             rho_reg: 0.07,                             w_t: 0.15
[2024-09-28 06:56:41,085][main][INFO] - Done. You can fine the generated images in /home/nicolas/Repulsive-score-distillation-RSD-/constrained_sampling/_exp/output/rsd_stable_repulsion_augm_gamma30/phase_retrieval
[2024-09-28 06:56:41,085][main][INFO] - Input image:00098.png
[2024-09-28 06:56:41,088][main][INFO] - Images loaded and measurements generated
[2024-09-28 06:56:41,205][main][INFO] - Degradated image y saved in /home/nicolas/Repulsive-score-distillation-RSD-/constrained_sampling/_exp/deg/x_deg.png
[2024-09-28 06:56:41,206][main][INFO] - Running setting with coeff: 30,                             lr: (0.4, 1),                             rho_reg: 0.07,                             w_t: 0.15
[2024-09-28 07:29:42,770][main][INFO] - Done. You can fine the generated images in /home/nicolas/Repulsive-score-distillation-RSD-/constrained_sampling/_exp/output/rsd_stable_repulsion_augm_gamma30/phase_retrieval
[2024-09-28 07:29:42,771][main][INFO] - Input image:00099.png
[2024-09-28 07:29:42,774][main][INFO] - Images loaded and measurements generated
[2024-09-28 07:29:42,891][main][INFO] - Degradated image y saved in /home/nicolas/Repulsive-score-distillation-RSD-/constrained_sampling/_exp/deg/x_deg.png
[2024-09-28 07:29:42,891][main][INFO] - Running setting with coeff: 30,                             lr: (0.4, 1),                             rho_reg: 0.07,                             w_t: 0.15
[2024-09-28 08:02:38,438][main][INFO] - Done. You can fine the generated images in /home/nicolas/Repulsive-score-distillation-RSD-/constrained_sampling/_exp/output/rsd_stable_repulsion_augm_gamma30/phase_retrieval
[2024-09-28 08:02:38,438][main][INFO] - Input image:00100.png
[2024-09-28 08:02:38,441][main][INFO] - Images loaded and measurements generated
[2024-09-28 08:02:38,556][main][INFO] - Degradated image y saved in /home/nicolas/Repulsive-score-distillation-RSD-/constrained_sampling/_exp/deg/x_deg.png
[2024-09-28 08:02:38,557][main][INFO] - Running setting with coeff: 30,                             lr: (0.4, 1),                             rho_reg: 0.07,                             w_t: 0.15
[2024-09-28 08:35:27,801][main][INFO] - Done. You can fine the generated images in /home/nicolas/Repulsive-score-distillation-RSD-/constrained_sampling/_exp/output/rsd_stable_repulsion_augm_gamma30/phase_retrieval
[2024-09-28 08:35:27,801][main][INFO] - Input image:00101.png
[2024-09-28 08:35:27,813][main][INFO] - Images loaded and measurements generated
[2024-09-28 08:35:27,929][main][INFO] - Degradated image y saved in /home/nicolas/Repulsive-score-distillation-RSD-/constrained_sampling/_exp/deg/x_deg.png
[2024-09-28 08:35:27,929][main][INFO] - Running setting with coeff: 30,                             lr: (0.4, 1),                             rho_reg: 0.07,                             w_t: 0.15
[2024-09-28 09:08:15,409][main][INFO] - Done. You can fine the generated images in /home/nicolas/Repulsive-score-distillation-RSD-/constrained_sampling/_exp/output/rsd_stable_repulsion_augm_gamma30/phase_retrieval
[2024-09-28 09:08:15,409][main][INFO] - Input image:00102.png
[2024-09-28 09:08:15,412][main][INFO] - Images loaded and measurements generated
[2024-09-28 09:08:15,531][main][INFO] - Degradated image y saved in /home/nicolas/Repulsive-score-distillation-RSD-/constrained_sampling/_exp/deg/x_deg.png
[2024-09-28 09:08:15,531][main][INFO] - Running setting with coeff: 30,                             lr: (0.4, 1),                             rho_reg: 0.07,                             w_t: 0.15
[2024-09-28 09:40:55,324][main][INFO] - Done. You can fine the generated images in /home/nicolas/Repulsive-score-distillation-RSD-/constrained_sampling/_exp/output/rsd_stable_repulsion_augm_gamma30/phase_retrieval
[2024-09-28 09:40:55,324][main][INFO] - Input image:00103.png
[2024-09-28 09:40:55,327][main][INFO] - Images loaded and measurements generated
[2024-09-28 09:40:55,442][main][INFO] - Degradated image y saved in /home/nicolas/Repulsive-score-distillation-RSD-/constrained_sampling/_exp/deg/x_deg.png
[2024-09-28 09:40:55,442][main][INFO] - Running setting with coeff: 30,                             lr: (0.4, 1),                             rho_reg: 0.07,                             w_t: 0.15
