[2024-09-30 14:27:01,700][main][INFO] - Experiment name is RSD
[2024-09-30 14:27:04,535][main][INFO] - Model loaded
[2024-09-30 14:27:06,379][main][INFO] - Degradation model loaded. The experiment corresponds to deblur_motion
[2024-09-30 14:27:06,382][main][INFO] - Dataset size is 1000
[2024-09-30 14:27:06,726][main][INFO] - Input image:00000.png
[2024-09-30 14:27:06,817][main][INFO] - Images loaded and measurements generated
[2024-09-30 14:27:06,955][main][INFO] - Degradated image y saved in /home/nicolas/Repulsive-score-distillation-RSD-/constrained_sampling/_exp/deg/x_deg.png
[2024-09-30 14:27:06,955][main][INFO] - Running setting with coeff: 0,                             lr: (0.3, 0.3),                             rho_reg: 0.009,                             w_t: 0.0001,                             sigma_break: 999
[2024-09-30 14:41:39,382][main][INFO] - Done. You can fine the generated images in /home/nicolas/Repulsive-score-distillation-RSD-/constrained_sampling/_exp/output/rsd_stable_nonaug/deblur_motion
[2024-09-30 14:41:39,383][main][INFO] - Input image:00001.png
[2024-09-30 14:41:39,385][main][INFO] - Images loaded and measurements generated
[2024-09-30 14:41:39,508][main][INFO] - Degradated image y saved in /home/nicolas/Repulsive-score-distillation-RSD-/constrained_sampling/_exp/deg/x_deg.png
[2024-09-30 14:41:39,508][main][INFO] - Running setting with coeff: 0,                             lr: (0.3, 0.3),                             rho_reg: 0.009,                             w_t: 0.0001,                             sigma_break: 999
[2024-09-30 14:56:07,920][main][INFO] - Done. You can fine the generated images in /home/nicolas/Repulsive-score-distillation-RSD-/constrained_sampling/_exp/output/rsd_stable_nonaug/deblur_motion
[2024-09-30 14:56:07,920][main][INFO] - Input image:00002.png
[2024-09-30 14:56:07,923][main][INFO] - Images loaded and measurements generated
[2024-09-30 14:56:08,042][main][INFO] - Degradated image y saved in /home/nicolas/Repulsive-score-distillation-RSD-/constrained_sampling/_exp/deg/x_deg.png
[2024-09-30 14:56:08,043][main][INFO] - Running setting with coeff: 0,                             lr: (0.3, 0.3),                             rho_reg: 0.009,                             w_t: 0.0001,                             sigma_break: 999
[2024-09-30 15:10:40,326][main][INFO] - Done. You can fine the generated images in /home/nicolas/Repulsive-score-distillation-RSD-/constrained_sampling/_exp/output/rsd_stable_nonaug/deblur_motion
[2024-09-30 15:10:40,327][main][INFO] - Input image:00003.png
[2024-09-30 15:10:40,329][main][INFO] - Images loaded and measurements generated
[2024-09-30 15:10:40,449][main][INFO] - Degradated image y saved in /home/nicolas/Repulsive-score-distillation-RSD-/constrained_sampling/_exp/deg/x_deg.png
[2024-09-30 15:10:40,449][main][INFO] - Running setting with coeff: 0,                             lr: (0.3, 0.3),                             rho_reg: 0.009,                             w_t: 0.0001,                             sigma_break: 999
[2024-09-30 15:25:19,153][main][INFO] - Done. You can fine the generated images in /home/nicolas/Repulsive-score-distillation-RSD-/constrained_sampling/_exp/output/rsd_stable_nonaug/deblur_motion
[2024-09-30 15:25:19,153][main][INFO] - Input image:00004.png
[2024-09-30 15:25:19,156][main][INFO] - Images loaded and measurements generated
[2024-09-30 15:25:19,282][main][INFO] - Degradated image y saved in /home/nicolas/Repulsive-score-distillation-RSD-/constrained_sampling/_exp/deg/x_deg.png
[2024-09-30 15:25:19,283][main][INFO] - Running setting with coeff: 0,                             lr: (0.3, 0.3),                             rho_reg: 0.009,                             w_t: 0.0001,                             sigma_break: 999
[2024-09-30 15:39:57,854][main][INFO] - Done. You can fine the generated images in /home/nicolas/Repulsive-score-distillation-RSD-/constrained_sampling/_exp/output/rsd_stable_nonaug/deblur_motion
[2024-09-30 15:39:57,855][main][INFO] - Input image:00005.png
[2024-09-30 15:39:57,857][main][INFO] - Images loaded and measurements generated
[2024-09-30 15:39:57,976][main][INFO] - Degradated image y saved in /home/nicolas/Repulsive-score-distillation-RSD-/constrained_sampling/_exp/deg/x_deg.png
[2024-09-30 15:39:57,977][main][INFO] - Running setting with coeff: 0,                             lr: (0.3, 0.3),                             rho_reg: 0.009,                             w_t: 0.0001,                             sigma_break: 999
[2024-09-30 15:54:36,583][main][INFO] - Done. You can fine the generated images in /home/nicolas/Repulsive-score-distillation-RSD-/constrained_sampling/_exp/output/rsd_stable_nonaug/deblur_motion
[2024-09-30 15:54:36,584][main][INFO] - Input image:00006.png
[2024-09-30 15:54:36,586][main][INFO] - Images loaded and measurements generated
[2024-09-30 15:54:36,710][main][INFO] - Degradated image y saved in /home/nicolas/Repulsive-score-distillation-RSD-/constrained_sampling/_exp/deg/x_deg.png
[2024-09-30 15:54:36,710][main][INFO] - Running setting with coeff: 0,                             lr: (0.3, 0.3),                             rho_reg: 0.009,                             w_t: 0.0001,                             sigma_break: 999
[2024-09-30 16:09:14,403][main][INFO] - Done. You can fine the generated images in /home/nicolas/Repulsive-score-distillation-RSD-/constrained_sampling/_exp/output/rsd_stable_nonaug/deblur_motion
[2024-09-30 16:09:14,404][main][INFO] - Input image:00007.png
[2024-09-30 16:09:14,406][main][INFO] - Images loaded and measurements generated
[2024-09-30 16:09:14,529][main][INFO] - Degradated image y saved in /home/nicolas/Repulsive-score-distillation-RSD-/constrained_sampling/_exp/deg/x_deg.png
[2024-09-30 16:09:14,529][main][INFO] - Running setting with coeff: 0,                             lr: (0.3, 0.3),                             rho_reg: 0.009,                             w_t: 0.0001,                             sigma_break: 999
[2024-09-30 16:23:49,859][main][INFO] - Done. You can fine the generated images in /home/nicolas/Repulsive-score-distillation-RSD-/constrained_sampling/_exp/output/rsd_stable_nonaug/deblur_motion
[2024-09-30 16:23:49,859][main][INFO] - Input image:00008.png
[2024-09-30 16:23:49,862][main][INFO] - Images loaded and measurements generated
[2024-09-30 16:23:49,985][main][INFO] - Degradated image y saved in /home/nicolas/Repulsive-score-distillation-RSD-/constrained_sampling/_exp/deg/x_deg.png
[2024-09-30 16:23:49,985][main][INFO] - Running setting with coeff: 0,                             lr: (0.3, 0.3),                             rho_reg: 0.009,                             w_t: 0.0001,                             sigma_break: 999
[2024-09-30 16:38:23,147][main][INFO] - Done. You can fine the generated images in /home/nicolas/Repulsive-score-distillation-RSD-/constrained_sampling/_exp/output/rsd_stable_nonaug/deblur_motion
[2024-09-30 16:38:23,147][main][INFO] - Input image:00009.png
[2024-09-30 16:38:23,150][main][INFO] - Images loaded and measurements generated
[2024-09-30 16:38:23,268][main][INFO] - Degradated image y saved in /home/nicolas/Repulsive-score-distillation-RSD-/constrained_sampling/_exp/deg/x_deg.png
[2024-09-30 16:38:23,268][main][INFO] - Running setting with coeff: 0,                             lr: (0.3, 0.3),                             rho_reg: 0.009,                             w_t: 0.0001,                             sigma_break: 999
[2024-09-30 16:52:57,591][main][INFO] - Done. You can fine the generated images in /home/nicolas/Repulsive-score-distillation-RSD-/constrained_sampling/_exp/output/rsd_stable_nonaug/deblur_motion
[2024-09-30 16:52:57,591][main][INFO] - Input image:00010.png
[2024-09-30 16:52:57,594][main][INFO] - Images loaded and measurements generated
[2024-09-30 16:52:57,716][main][INFO] - Degradated image y saved in /home/nicolas/Repulsive-score-distillation-RSD-/constrained_sampling/_exp/deg/x_deg.png
[2024-09-30 16:52:57,716][main][INFO] - Running setting with coeff: 0,                             lr: (0.3, 0.3),                             rho_reg: 0.009,                             w_t: 0.0001,                             sigma_break: 999
[2024-09-30 17:07:24,207][main][INFO] - Done. You can fine the generated images in /home/nicolas/Repulsive-score-distillation-RSD-/constrained_sampling/_exp/output/rsd_stable_nonaug/deblur_motion
[2024-09-30 17:07:24,207][main][INFO] - Input image:00011.png
[2024-09-30 17:07:24,210][main][INFO] - Images loaded and measurements generated
[2024-09-30 17:07:24,333][main][INFO] - Degradated image y saved in /home/nicolas/Repulsive-score-distillation-RSD-/constrained_sampling/_exp/deg/x_deg.png
[2024-09-30 17:07:24,334][main][INFO] - Running setting with coeff: 0,                             lr: (0.3, 0.3),                             rho_reg: 0.009,                             w_t: 0.0001,                             sigma_break: 999
[2024-09-30 17:21:57,430][main][INFO] - Done. You can fine the generated images in /home/nicolas/Repulsive-score-distillation-RSD-/constrained_sampling/_exp/output/rsd_stable_nonaug/deblur_motion
[2024-09-30 17:21:57,430][main][INFO] - Input image:00012.png
[2024-09-30 17:21:57,433][main][INFO] - Images loaded and measurements generated
[2024-09-30 17:21:57,551][main][INFO] - Degradated image y saved in /home/nicolas/Repulsive-score-distillation-RSD-/constrained_sampling/_exp/deg/x_deg.png
[2024-09-30 17:21:57,551][main][INFO] - Running setting with coeff: 0,                             lr: (0.3, 0.3),                             rho_reg: 0.009,                             w_t: 0.0001,                             sigma_break: 999
[2024-09-30 17:36:26,022][main][INFO] - Done. You can fine the generated images in /home/nicolas/Repulsive-score-distillation-RSD-/constrained_sampling/_exp/output/rsd_stable_nonaug/deblur_motion
[2024-09-30 17:36:26,022][main][INFO] - Input image:00013.png
[2024-09-30 17:36:26,025][main][INFO] - Images loaded and measurements generated
[2024-09-30 17:36:26,149][main][INFO] - Degradated image y saved in /home/nicolas/Repulsive-score-distillation-RSD-/constrained_sampling/_exp/deg/x_deg.png
[2024-09-30 17:36:26,149][main][INFO] - Running setting with coeff: 0,                             lr: (0.3, 0.3),                             rho_reg: 0.009,                             w_t: 0.0001,                             sigma_break: 999
[2024-09-30 17:50:51,739][main][INFO] - Done. You can fine the generated images in /home/nicolas/Repulsive-score-distillation-RSD-/constrained_sampling/_exp/output/rsd_stable_nonaug/deblur_motion
[2024-09-30 17:50:51,739][main][INFO] - Input image:00014.png
[2024-09-30 17:50:51,742][main][INFO] - Images loaded and measurements generated
[2024-09-30 17:50:51,866][main][INFO] - Degradated image y saved in /home/nicolas/Repulsive-score-distillation-RSD-/constrained_sampling/_exp/deg/x_deg.png
[2024-09-30 17:50:51,866][main][INFO] - Running setting with coeff: 0,                             lr: (0.3, 0.3),                             rho_reg: 0.009,                             w_t: 0.0001,                             sigma_break: 999
[2024-09-30 18:05:21,774][main][INFO] - Done. You can fine the generated images in /home/nicolas/Repulsive-score-distillation-RSD-/constrained_sampling/_exp/output/rsd_stable_nonaug/deblur_motion
[2024-09-30 18:05:21,775][main][INFO] - Input image:00015.png
[2024-09-30 18:05:21,778][main][INFO] - Images loaded and measurements generated
[2024-09-30 18:05:21,900][main][INFO] - Degradated image y saved in /home/nicolas/Repulsive-score-distillation-RSD-/constrained_sampling/_exp/deg/x_deg.png
[2024-09-30 18:05:21,900][main][INFO] - Running setting with coeff: 0,                             lr: (0.3, 0.3),                             rho_reg: 0.009,                             w_t: 0.0001,                             sigma_break: 999
