[2024-09-21 20:57:24,240][main][INFO] - Experiment name is RSD
[2024-09-21 20:57:26,059][main][INFO] - Model loaded
[2024-09-21 20:57:26,985][main][INFO] - Degradation model loaded. The experiment corresponds to phase_retrieval
[2024-09-21 20:57:26,986][main][INFO] - Dataset size is 1000
[2024-09-21 20:57:27,254][main][INFO] - Input image:00000.png
[2024-09-21 20:57:27,296][main][INFO] - Images loaded and measurements generated
[2024-09-21 20:57:27,429][main][INFO] - Degradated image y saved in /home/nicolas/Repulsive-score-distillation-RSD-/constrained_sampling/_exp/deg/x_deg.png
[2024-09-21 20:57:27,429][main][INFO] - Running setting with coeff: 0,                             lr: (0.3, 0.6),                             rho_reg: 0.08,                             w_t: 0.02
[2024-09-21 21:10:08,985][main][INFO] - Done. You can fine the generated images in /home/nicolas/Repulsive-score-distillation-RSD-/constrained_sampling/_exp/output/rsd_stable_nonaug/phase_retrieval
[2024-09-21 21:10:08,985][main][INFO] - Input image:00001.png
[2024-09-21 21:10:08,988][main][INFO] - Images loaded and measurements generated
[2024-09-21 21:10:09,108][main][INFO] - Degradated image y saved in /home/nicolas/Repulsive-score-distillation-RSD-/constrained_sampling/_exp/deg/x_deg.png
[2024-09-21 21:10:09,108][main][INFO] - Running setting with coeff: 0,                             lr: (0.3, 0.6),                             rho_reg: 0.08,                             w_t: 0.02
[2024-09-21 21:22:52,003][main][INFO] - Done. You can fine the generated images in /home/nicolas/Repulsive-score-distillation-RSD-/constrained_sampling/_exp/output/rsd_stable_nonaug/phase_retrieval
[2024-09-21 21:22:52,004][main][INFO] - Input image:00002.png
[2024-09-21 21:22:52,007][main][INFO] - Images loaded and measurements generated
[2024-09-21 21:22:52,115][main][INFO] - Degradated image y saved in /home/nicolas/Repulsive-score-distillation-RSD-/constrained_sampling/_exp/deg/x_deg.png
[2024-09-21 21:22:52,116][main][INFO] - Running setting with coeff: 0,                             lr: (0.3, 0.6),                             rho_reg: 0.08,                             w_t: 0.02
[2024-09-21 21:35:38,159][main][INFO] - Done. You can fine the generated images in /home/nicolas/Repulsive-score-distillation-RSD-/constrained_sampling/_exp/output/rsd_stable_nonaug/phase_retrieval
[2024-09-21 21:35:38,160][main][INFO] - Input image:00003.png
[2024-09-21 21:35:38,163][main][INFO] - Images loaded and measurements generated
[2024-09-21 21:35:38,276][main][INFO] - Degradated image y saved in /home/nicolas/Repulsive-score-distillation-RSD-/constrained_sampling/_exp/deg/x_deg.png
[2024-09-21 21:35:38,276][main][INFO] - Running setting with coeff: 0,                             lr: (0.3, 0.6),                             rho_reg: 0.08,                             w_t: 0.02
[2024-09-21 21:48:24,120][main][INFO] - Done. You can fine the generated images in /home/nicolas/Repulsive-score-distillation-RSD-/constrained_sampling/_exp/output/rsd_stable_nonaug/phase_retrieval
[2024-09-21 21:48:24,121][main][INFO] - Input image:00004.png
[2024-09-21 21:48:24,124][main][INFO] - Images loaded and measurements generated
[2024-09-21 21:48:24,249][main][INFO] - Degradated image y saved in /home/nicolas/Repulsive-score-distillation-RSD-/constrained_sampling/_exp/deg/x_deg.png
[2024-09-21 21:48:24,249][main][INFO] - Running setting with coeff: 0,                             lr: (0.3, 0.6),                             rho_reg: 0.08,                             w_t: 0.02
[2024-09-21 22:01:10,627][main][INFO] - Done. You can fine the generated images in /home/nicolas/Repulsive-score-distillation-RSD-/constrained_sampling/_exp/output/rsd_stable_nonaug/phase_retrieval
[2024-09-21 22:01:10,627][main][INFO] - Input image:00005.png
[2024-09-21 22:01:10,630][main][INFO] - Images loaded and measurements generated
[2024-09-21 22:01:10,746][main][INFO] - Degradated image y saved in /home/nicolas/Repulsive-score-distillation-RSD-/constrained_sampling/_exp/deg/x_deg.png
[2024-09-21 22:01:10,746][main][INFO] - Running setting with coeff: 0,                             lr: (0.3, 0.6),                             rho_reg: 0.08,                             w_t: 0.02
[2024-09-21 22:13:57,444][main][INFO] - Done. You can fine the generated images in /home/nicolas/Repulsive-score-distillation-RSD-/constrained_sampling/_exp/output/rsd_stable_nonaug/phase_retrieval
[2024-09-21 22:13:57,445][main][INFO] - Input image:00006.png
[2024-09-21 22:13:57,448][main][INFO] - Images loaded and measurements generated
[2024-09-21 22:13:57,550][main][INFO] - Degradated image y saved in /home/nicolas/Repulsive-score-distillation-RSD-/constrained_sampling/_exp/deg/x_deg.png
[2024-09-21 22:13:57,550][main][INFO] - Running setting with coeff: 0,                             lr: (0.3, 0.6),                             rho_reg: 0.08,                             w_t: 0.02
[2024-09-21 22:26:43,368][main][INFO] - Done. You can fine the generated images in /home/nicolas/Repulsive-score-distillation-RSD-/constrained_sampling/_exp/output/rsd_stable_nonaug/phase_retrieval
[2024-09-21 22:26:43,368][main][INFO] - Input image:00007.png
[2024-09-21 22:26:43,372][main][INFO] - Images loaded and measurements generated
[2024-09-21 22:26:43,491][main][INFO] - Degradated image y saved in /home/nicolas/Repulsive-score-distillation-RSD-/constrained_sampling/_exp/deg/x_deg.png
[2024-09-21 22:26:43,491][main][INFO] - Running setting with coeff: 0,                             lr: (0.3, 0.6),                             rho_reg: 0.08,                             w_t: 0.02
[2024-09-21 22:39:30,485][main][INFO] - Done. You can fine the generated images in /home/nicolas/Repulsive-score-distillation-RSD-/constrained_sampling/_exp/output/rsd_stable_nonaug/phase_retrieval
[2024-09-21 22:39:30,485][main][INFO] - Input image:00008.png
[2024-09-21 22:39:30,489][main][INFO] - Images loaded and measurements generated
[2024-09-21 22:39:30,610][main][INFO] - Degradated image y saved in /home/nicolas/Repulsive-score-distillation-RSD-/constrained_sampling/_exp/deg/x_deg.png
[2024-09-21 22:39:30,610][main][INFO] - Running setting with coeff: 0,                             lr: (0.3, 0.6),                             rho_reg: 0.08,                             w_t: 0.02
[2024-09-21 22:52:16,977][main][INFO] - Done. You can fine the generated images in /home/nicolas/Repulsive-score-distillation-RSD-/constrained_sampling/_exp/output/rsd_stable_nonaug/phase_retrieval
[2024-09-21 22:52:16,977][main][INFO] - Input image:00009.png
[2024-09-21 22:52:16,980][main][INFO] - Images loaded and measurements generated
[2024-09-21 22:52:17,083][main][INFO] - Degradated image y saved in /home/nicolas/Repulsive-score-distillation-RSD-/constrained_sampling/_exp/deg/x_deg.png
[2024-09-21 22:52:17,084][main][INFO] - Running setting with coeff: 0,                             lr: (0.3, 0.6),                             rho_reg: 0.08,                             w_t: 0.02
[2024-09-21 23:05:05,950][main][INFO] - Done. You can fine the generated images in /home/nicolas/Repulsive-score-distillation-RSD-/constrained_sampling/_exp/output/rsd_stable_nonaug/phase_retrieval
[2024-09-21 23:05:05,951][main][INFO] - Input image:00010.png
[2024-09-21 23:05:05,957][main][INFO] - Images loaded and measurements generated
[2024-09-21 23:05:06,081][main][INFO] - Degradated image y saved in /home/nicolas/Repulsive-score-distillation-RSD-/constrained_sampling/_exp/deg/x_deg.png
[2024-09-21 23:05:06,081][main][INFO] - Running setting with coeff: 0,                             lr: (0.3, 0.6),                             rho_reg: 0.08,                             w_t: 0.02
[2024-09-21 23:17:55,691][main][INFO] - Done. You can fine the generated images in /home/nicolas/Repulsive-score-distillation-RSD-/constrained_sampling/_exp/output/rsd_stable_nonaug/phase_retrieval
[2024-09-21 23:17:55,691][main][INFO] - Input image:00011.png
[2024-09-21 23:17:55,696][main][INFO] - Images loaded and measurements generated
[2024-09-21 23:17:55,810][main][INFO] - Degradated image y saved in /home/nicolas/Repulsive-score-distillation-RSD-/constrained_sampling/_exp/deg/x_deg.png
[2024-09-21 23:17:55,810][main][INFO] - Running setting with coeff: 0,                             lr: (0.3, 0.6),                             rho_reg: 0.08,                             w_t: 0.02
[2024-09-21 23:30:45,651][main][INFO] - Done. You can fine the generated images in /home/nicolas/Repulsive-score-distillation-RSD-/constrained_sampling/_exp/output/rsd_stable_nonaug/phase_retrieval
[2024-09-21 23:30:45,651][main][INFO] - Input image:00012.png
[2024-09-21 23:30:45,655][main][INFO] - Images loaded and measurements generated
[2024-09-21 23:30:45,766][main][INFO] - Degradated image y saved in /home/nicolas/Repulsive-score-distillation-RSD-/constrained_sampling/_exp/deg/x_deg.png
[2024-09-21 23:30:45,766][main][INFO] - Running setting with coeff: 0,                             lr: (0.3, 0.6),                             rho_reg: 0.08,                             w_t: 0.02
[2024-09-21 23:43:36,810][main][INFO] - Done. You can fine the generated images in /home/nicolas/Repulsive-score-distillation-RSD-/constrained_sampling/_exp/output/rsd_stable_nonaug/phase_retrieval
[2024-09-21 23:43:36,810][main][INFO] - Input image:00013.png
[2024-09-21 23:43:36,813][main][INFO] - Images loaded and measurements generated
[2024-09-21 23:43:36,931][main][INFO] - Degradated image y saved in /home/nicolas/Repulsive-score-distillation-RSD-/constrained_sampling/_exp/deg/x_deg.png
[2024-09-21 23:43:36,931][main][INFO] - Running setting with coeff: 0,                             lr: (0.3, 0.6),                             rho_reg: 0.08,                             w_t: 0.02
[2024-09-21 23:56:27,374][main][INFO] - Done. You can fine the generated images in /home/nicolas/Repulsive-score-distillation-RSD-/constrained_sampling/_exp/output/rsd_stable_nonaug/phase_retrieval
[2024-09-21 23:56:27,374][main][INFO] - Input image:00014.png
[2024-09-21 23:56:27,377][main][INFO] - Images loaded and measurements generated
[2024-09-21 23:56:27,491][main][INFO] - Degradated image y saved in /home/nicolas/Repulsive-score-distillation-RSD-/constrained_sampling/_exp/deg/x_deg.png
[2024-09-21 23:56:27,491][main][INFO] - Running setting with coeff: 0,                             lr: (0.3, 0.6),                             rho_reg: 0.08,                             w_t: 0.02
[2024-09-22 00:09:19,122][main][INFO] - Done. You can fine the generated images in /home/nicolas/Repulsive-score-distillation-RSD-/constrained_sampling/_exp/output/rsd_stable_nonaug/phase_retrieval
[2024-09-22 00:09:19,122][main][INFO] - Input image:00015.png
[2024-09-22 00:09:19,125][main][INFO] - Images loaded and measurements generated
[2024-09-22 00:09:19,235][main][INFO] - Degradated image y saved in /home/nicolas/Repulsive-score-distillation-RSD-/constrained_sampling/_exp/deg/x_deg.png
[2024-09-22 00:09:19,236][main][INFO] - Running setting with coeff: 0,                             lr: (0.3, 0.6),                             rho_reg: 0.08,                             w_t: 0.02
[2024-09-22 00:22:11,462][main][INFO] - Done. You can fine the generated images in /home/nicolas/Repulsive-score-distillation-RSD-/constrained_sampling/_exp/output/rsd_stable_nonaug/phase_retrieval
[2024-09-22 00:22:11,462][main][INFO] - Input image:00016.png
[2024-09-22 00:22:11,464][main][INFO] - Images loaded and measurements generated
[2024-09-22 00:22:11,579][main][INFO] - Degradated image y saved in /home/nicolas/Repulsive-score-distillation-RSD-/constrained_sampling/_exp/deg/x_deg.png
[2024-09-22 00:22:11,579][main][INFO] - Running setting with coeff: 0,                             lr: (0.3, 0.6),                             rho_reg: 0.08,                             w_t: 0.02
[2024-09-22 00:35:03,265][main][INFO] - Done. You can fine the generated images in /home/nicolas/Repulsive-score-distillation-RSD-/constrained_sampling/_exp/output/rsd_stable_nonaug/phase_retrieval
[2024-09-22 00:35:03,265][main][INFO] - Input image:00017.png
[2024-09-22 00:35:03,268][main][INFO] - Images loaded and measurements generated
[2024-09-22 00:35:03,372][main][INFO] - Degradated image y saved in /home/nicolas/Repulsive-score-distillation-RSD-/constrained_sampling/_exp/deg/x_deg.png
[2024-09-22 00:35:03,372][main][INFO] - Running setting with coeff: 0,                             lr: (0.3, 0.6),                             rho_reg: 0.08,                             w_t: 0.02
[2024-09-22 00:47:55,455][main][INFO] - Done. You can fine the generated images in /home/nicolas/Repulsive-score-distillation-RSD-/constrained_sampling/_exp/output/rsd_stable_nonaug/phase_retrieval
[2024-09-22 00:47:55,455][main][INFO] - Input image:00018.png
[2024-09-22 00:47:55,458][main][INFO] - Images loaded and measurements generated
[2024-09-22 00:47:55,573][main][INFO] - Degradated image y saved in /home/nicolas/Repulsive-score-distillation-RSD-/constrained_sampling/_exp/deg/x_deg.png
[2024-09-22 00:47:55,573][main][INFO] - Running setting with coeff: 0,                             lr: (0.3, 0.6),                             rho_reg: 0.08,                             w_t: 0.02
[2024-09-22 01:00:48,230][main][INFO] - Done. You can fine the generated images in /home/nicolas/Repulsive-score-distillation-RSD-/constrained_sampling/_exp/output/rsd_stable_nonaug/phase_retrieval
[2024-09-22 01:00:48,230][main][INFO] - Input image:00019.png
[2024-09-22 01:00:48,233][main][INFO] - Images loaded and measurements generated
[2024-09-22 01:00:48,354][main][INFO] - Degradated image y saved in /home/nicolas/Repulsive-score-distillation-RSD-/constrained_sampling/_exp/deg/x_deg.png
[2024-09-22 01:00:48,354][main][INFO] - Running setting with coeff: 0,                             lr: (0.3, 0.6),                             rho_reg: 0.08,                             w_t: 0.02
[2024-09-22 01:13:39,028][main][INFO] - Done. You can fine the generated images in /home/nicolas/Repulsive-score-distillation-RSD-/constrained_sampling/_exp/output/rsd_stable_nonaug/phase_retrieval
[2024-09-22 01:13:39,028][main][INFO] - Input image:00020.png
[2024-09-22 01:13:39,031][main][INFO] - Images loaded and measurements generated
[2024-09-22 01:13:39,147][main][INFO] - Degradated image y saved in /home/nicolas/Repulsive-score-distillation-RSD-/constrained_sampling/_exp/deg/x_deg.png
[2024-09-22 01:13:39,148][main][INFO] - Running setting with coeff: 0,                             lr: (0.3, 0.6),                             rho_reg: 0.08,                             w_t: 0.02
[2024-09-22 01:26:29,124][main][INFO] - Done. You can fine the generated images in /home/nicolas/Repulsive-score-distillation-RSD-/constrained_sampling/_exp/output/rsd_stable_nonaug/phase_retrieval
[2024-09-22 01:26:29,124][main][INFO] - Input image:00021.png
[2024-09-22 01:26:29,127][main][INFO] - Images loaded and measurements generated
[2024-09-22 01:26:29,238][main][INFO] - Degradated image y saved in /home/nicolas/Repulsive-score-distillation-RSD-/constrained_sampling/_exp/deg/x_deg.png
[2024-09-22 01:26:29,238][main][INFO] - Running setting with coeff: 0,                             lr: (0.3, 0.6),                             rho_reg: 0.08,                             w_t: 0.02
[2024-09-22 01:39:19,320][main][INFO] - Done. You can fine the generated images in /home/nicolas/Repulsive-score-distillation-RSD-/constrained_sampling/_exp/output/rsd_stable_nonaug/phase_retrieval
[2024-09-22 01:39:19,320][main][INFO] - Input image:00022.png
[2024-09-22 01:39:19,323][main][INFO] - Images loaded and measurements generated
[2024-09-22 01:39:19,457][main][INFO] - Degradated image y saved in /home/nicolas/Repulsive-score-distillation-RSD-/constrained_sampling/_exp/deg/x_deg.png
[2024-09-22 01:39:19,457][main][INFO] - Running setting with coeff: 0,                             lr: (0.3, 0.6),                             rho_reg: 0.08,                             w_t: 0.02
[2024-09-22 01:52:08,908][main][INFO] - Done. You can fine the generated images in /home/nicolas/Repulsive-score-distillation-RSD-/constrained_sampling/_exp/output/rsd_stable_nonaug/phase_retrieval
[2024-09-22 01:52:08,908][main][INFO] - Input image:00023.png
[2024-09-22 01:52:08,912][main][INFO] - Images loaded and measurements generated
[2024-09-22 01:52:09,029][main][INFO] - Degradated image y saved in /home/nicolas/Repulsive-score-distillation-RSD-/constrained_sampling/_exp/deg/x_deg.png
[2024-09-22 01:52:09,029][main][INFO] - Running setting with coeff: 0,                             lr: (0.3, 0.6),                             rho_reg: 0.08,                             w_t: 0.02
[2024-09-22 02:04:59,437][main][INFO] - Done. You can fine the generated images in /home/nicolas/Repulsive-score-distillation-RSD-/constrained_sampling/_exp/output/rsd_stable_nonaug/phase_retrieval
[2024-09-22 02:04:59,438][main][INFO] - Input image:00024.png
[2024-09-22 02:04:59,441][main][INFO] - Images loaded and measurements generated
[2024-09-22 02:04:59,562][main][INFO] - Degradated image y saved in /home/nicolas/Repulsive-score-distillation-RSD-/constrained_sampling/_exp/deg/x_deg.png
[2024-09-22 02:04:59,562][main][INFO] - Running setting with coeff: 0,                             lr: (0.3, 0.6),                             rho_reg: 0.08,                             w_t: 0.02
[2024-09-22 02:17:49,518][main][INFO] - Done. You can fine the generated images in /home/nicolas/Repulsive-score-distillation-RSD-/constrained_sampling/_exp/output/rsd_stable_nonaug/phase_retrieval
[2024-09-22 02:17:49,518][main][INFO] - Input image:00025.png
[2024-09-22 02:17:49,522][main][INFO] - Images loaded and measurements generated
[2024-09-22 02:17:49,648][main][INFO] - Degradated image y saved in /home/nicolas/Repulsive-score-distillation-RSD-/constrained_sampling/_exp/deg/x_deg.png
[2024-09-22 02:17:49,648][main][INFO] - Running setting with coeff: 0,                             lr: (0.3, 0.6),                             rho_reg: 0.08,                             w_t: 0.02
[2024-09-22 02:30:40,267][main][INFO] - Done. You can fine the generated images in /home/nicolas/Repulsive-score-distillation-RSD-/constrained_sampling/_exp/output/rsd_stable_nonaug/phase_retrieval
[2024-09-22 02:30:40,267][main][INFO] - Input image:00026.png
[2024-09-22 02:30:40,270][main][INFO] - Images loaded and measurements generated
[2024-09-22 02:30:40,385][main][INFO] - Degradated image y saved in /home/nicolas/Repulsive-score-distillation-RSD-/constrained_sampling/_exp/deg/x_deg.png
[2024-09-22 02:30:40,385][main][INFO] - Running setting with coeff: 0,                             lr: (0.3, 0.6),                             rho_reg: 0.08,                             w_t: 0.02
[2024-09-22 02:43:31,769][main][INFO] - Done. You can fine the generated images in /home/nicolas/Repulsive-score-distillation-RSD-/constrained_sampling/_exp/output/rsd_stable_nonaug/phase_retrieval
[2024-09-22 02:43:31,769][main][INFO] - Input image:00027.png
[2024-09-22 02:43:31,772][main][INFO] - Images loaded and measurements generated
[2024-09-22 02:43:31,902][main][INFO] - Degradated image y saved in /home/nicolas/Repulsive-score-distillation-RSD-/constrained_sampling/_exp/deg/x_deg.png
[2024-09-22 02:43:31,902][main][INFO] - Running setting with coeff: 0,                             lr: (0.3, 0.6),                             rho_reg: 0.08,                             w_t: 0.02
[2024-09-22 02:56:22,103][main][INFO] - Done. You can fine the generated images in /home/nicolas/Repulsive-score-distillation-RSD-/constrained_sampling/_exp/output/rsd_stable_nonaug/phase_retrieval
[2024-09-22 02:56:22,103][main][INFO] - Input image:00028.png
[2024-09-22 02:56:22,106][main][INFO] - Images loaded and measurements generated
[2024-09-22 02:56:22,220][main][INFO] - Degradated image y saved in /home/nicolas/Repulsive-score-distillation-RSD-/constrained_sampling/_exp/deg/x_deg.png
[2024-09-22 02:56:22,220][main][INFO] - Running setting with coeff: 0,                             lr: (0.3, 0.6),                             rho_reg: 0.08,                             w_t: 0.02
[2024-09-22 03:09:14,067][main][INFO] - Done. You can fine the generated images in /home/nicolas/Repulsive-score-distillation-RSD-/constrained_sampling/_exp/output/rsd_stable_nonaug/phase_retrieval
[2024-09-22 03:09:14,068][main][INFO] - Input image:00029.png
[2024-09-22 03:09:14,071][main][INFO] - Images loaded and measurements generated
[2024-09-22 03:09:14,175][main][INFO] - Degradated image y saved in /home/nicolas/Repulsive-score-distillation-RSD-/constrained_sampling/_exp/deg/x_deg.png
[2024-09-22 03:09:14,175][main][INFO] - Running setting with coeff: 0,                             lr: (0.3, 0.6),                             rho_reg: 0.08,                             w_t: 0.02
[2024-09-22 03:22:06,055][main][INFO] - Done. You can fine the generated images in /home/nicolas/Repulsive-score-distillation-RSD-/constrained_sampling/_exp/output/rsd_stable_nonaug/phase_retrieval
[2024-09-22 03:22:06,056][main][INFO] - Input image:00030.png
[2024-09-22 03:22:06,059][main][INFO] - Images loaded and measurements generated
[2024-09-22 03:22:06,177][main][INFO] - Degradated image y saved in /home/nicolas/Repulsive-score-distillation-RSD-/constrained_sampling/_exp/deg/x_deg.png
[2024-09-22 03:22:06,177][main][INFO] - Running setting with coeff: 0,                             lr: (0.3, 0.6),                             rho_reg: 0.08,                             w_t: 0.02
[2024-09-22 03:34:57,933][main][INFO] - Done. You can fine the generated images in /home/nicolas/Repulsive-score-distillation-RSD-/constrained_sampling/_exp/output/rsd_stable_nonaug/phase_retrieval
[2024-09-22 03:34:57,934][main][INFO] - Input image:00031.png
[2024-09-22 03:34:57,936][main][INFO] - Images loaded and measurements generated
[2024-09-22 03:34:58,063][main][INFO] - Degradated image y saved in /home/nicolas/Repulsive-score-distillation-RSD-/constrained_sampling/_exp/deg/x_deg.png
[2024-09-22 03:34:58,063][main][INFO] - Running setting with coeff: 0,                             lr: (0.3, 0.6),                             rho_reg: 0.08,                             w_t: 0.02
[2024-09-22 03:47:49,085][main][INFO] - Done. You can fine the generated images in /home/nicolas/Repulsive-score-distillation-RSD-/constrained_sampling/_exp/output/rsd_stable_nonaug/phase_retrieval
[2024-09-22 03:47:49,086][main][INFO] - Input image:00032.png
[2024-09-22 03:47:49,089][main][INFO] - Images loaded and measurements generated
[2024-09-22 03:47:49,199][main][INFO] - Degradated image y saved in /home/nicolas/Repulsive-score-distillation-RSD-/constrained_sampling/_exp/deg/x_deg.png
[2024-09-22 03:47:49,199][main][INFO] - Running setting with coeff: 0,                             lr: (0.3, 0.6),                             rho_reg: 0.08,                             w_t: 0.02
[2024-09-22 04:00:40,981][main][INFO] - Done. You can fine the generated images in /home/nicolas/Repulsive-score-distillation-RSD-/constrained_sampling/_exp/output/rsd_stable_nonaug/phase_retrieval
[2024-09-22 04:00:40,982][main][INFO] - Input image:00033.png
[2024-09-22 04:00:40,985][main][INFO] - Images loaded and measurements generated
[2024-09-22 04:00:41,088][main][INFO] - Degradated image y saved in /home/nicolas/Repulsive-score-distillation-RSD-/constrained_sampling/_exp/deg/x_deg.png
[2024-09-22 04:00:41,088][main][INFO] - Running setting with coeff: 0,                             lr: (0.3, 0.6),                             rho_reg: 0.08,                             w_t: 0.02
[2024-09-22 04:13:32,968][main][INFO] - Done. You can fine the generated images in /home/nicolas/Repulsive-score-distillation-RSD-/constrained_sampling/_exp/output/rsd_stable_nonaug/phase_retrieval
[2024-09-22 04:13:32,968][main][INFO] - Input image:00034.png
[2024-09-22 04:13:32,972][main][INFO] - Images loaded and measurements generated
[2024-09-22 04:13:33,078][main][INFO] - Degradated image y saved in /home/nicolas/Repulsive-score-distillation-RSD-/constrained_sampling/_exp/deg/x_deg.png
[2024-09-22 04:13:33,078][main][INFO] - Running setting with coeff: 0,                             lr: (0.3, 0.6),                             rho_reg: 0.08,                             w_t: 0.02
[2024-09-22 04:26:24,346][main][INFO] - Done. You can fine the generated images in /home/nicolas/Repulsive-score-distillation-RSD-/constrained_sampling/_exp/output/rsd_stable_nonaug/phase_retrieval
[2024-09-22 04:26:24,347][main][INFO] - Input image:00035.png
[2024-09-22 04:26:24,351][main][INFO] - Images loaded and measurements generated
[2024-09-22 04:26:24,455][main][INFO] - Degradated image y saved in /home/nicolas/Repulsive-score-distillation-RSD-/constrained_sampling/_exp/deg/x_deg.png
[2024-09-22 04:26:24,455][main][INFO] - Running setting with coeff: 0,                             lr: (0.3, 0.6),                             rho_reg: 0.08,                             w_t: 0.02
[2024-09-22 04:39:16,919][main][INFO] - Done. You can fine the generated images in /home/nicolas/Repulsive-score-distillation-RSD-/constrained_sampling/_exp/output/rsd_stable_nonaug/phase_retrieval
[2024-09-22 04:39:16,920][main][INFO] - Input image:00036.png
[2024-09-22 04:39:16,923][main][INFO] - Images loaded and measurements generated
[2024-09-22 04:39:17,064][main][INFO] - Degradated image y saved in /home/nicolas/Repulsive-score-distillation-RSD-/constrained_sampling/_exp/deg/x_deg.png
[2024-09-22 04:39:17,064][main][INFO] - Running setting with coeff: 0,                             lr: (0.3, 0.6),                             rho_reg: 0.08,                             w_t: 0.02
[2024-09-22 04:52:07,607][main][INFO] - Done. You can fine the generated images in /home/nicolas/Repulsive-score-distillation-RSD-/constrained_sampling/_exp/output/rsd_stable_nonaug/phase_retrieval
[2024-09-22 04:52:07,608][main][INFO] - Input image:00037.png
[2024-09-22 04:52:07,611][main][INFO] - Images loaded and measurements generated
[2024-09-22 04:52:07,724][main][INFO] - Degradated image y saved in /home/nicolas/Repulsive-score-distillation-RSD-/constrained_sampling/_exp/deg/x_deg.png
[2024-09-22 04:52:07,724][main][INFO] - Running setting with coeff: 0,                             lr: (0.3, 0.6),                             rho_reg: 0.08,                             w_t: 0.02
[2024-09-22 05:05:01,075][main][INFO] - Done. You can fine the generated images in /home/nicolas/Repulsive-score-distillation-RSD-/constrained_sampling/_exp/output/rsd_stable_nonaug/phase_retrieval
[2024-09-22 05:05:01,075][main][INFO] - Input image:00038.png
[2024-09-22 05:05:01,078][main][INFO] - Images loaded and measurements generated
[2024-09-22 05:05:01,196][main][INFO] - Degradated image y saved in /home/nicolas/Repulsive-score-distillation-RSD-/constrained_sampling/_exp/deg/x_deg.png
[2024-09-22 05:05:01,196][main][INFO] - Running setting with coeff: 0,                             lr: (0.3, 0.6),                             rho_reg: 0.08,                             w_t: 0.02
[2024-09-22 05:17:53,964][main][INFO] - Done. You can fine the generated images in /home/nicolas/Repulsive-score-distillation-RSD-/constrained_sampling/_exp/output/rsd_stable_nonaug/phase_retrieval
[2024-09-22 05:17:53,965][main][INFO] - Input image:00039.png
[2024-09-22 05:17:53,968][main][INFO] - Images loaded and measurements generated
[2024-09-22 05:17:54,080][main][INFO] - Degradated image y saved in /home/nicolas/Repulsive-score-distillation-RSD-/constrained_sampling/_exp/deg/x_deg.png
[2024-09-22 05:17:54,080][main][INFO] - Running setting with coeff: 0,                             lr: (0.3, 0.6),                             rho_reg: 0.08,                             w_t: 0.02
[2024-09-22 05:30:46,880][main][INFO] - Done. You can fine the generated images in /home/nicolas/Repulsive-score-distillation-RSD-/constrained_sampling/_exp/output/rsd_stable_nonaug/phase_retrieval
[2024-09-22 05:30:46,880][main][INFO] - Input image:00040.png
[2024-09-22 05:30:46,883][main][INFO] - Images loaded and measurements generated
[2024-09-22 05:30:47,012][main][INFO] - Degradated image y saved in /home/nicolas/Repulsive-score-distillation-RSD-/constrained_sampling/_exp/deg/x_deg.png
[2024-09-22 05:30:47,012][main][INFO] - Running setting with coeff: 0,                             lr: (0.3, 0.6),                             rho_reg: 0.08,                             w_t: 0.02
[2024-09-22 05:43:39,432][main][INFO] - Done. You can fine the generated images in /home/nicolas/Repulsive-score-distillation-RSD-/constrained_sampling/_exp/output/rsd_stable_nonaug/phase_retrieval
[2024-09-22 05:43:39,433][main][INFO] - Input image:00041.png
[2024-09-22 05:43:39,436][main][INFO] - Images loaded and measurements generated
[2024-09-22 05:43:39,557][main][INFO] - Degradated image y saved in /home/nicolas/Repulsive-score-distillation-RSD-/constrained_sampling/_exp/deg/x_deg.png
[2024-09-22 05:43:39,557][main][INFO] - Running setting with coeff: 0,                             lr: (0.3, 0.6),                             rho_reg: 0.08,                             w_t: 0.02
[2024-09-22 05:56:32,159][main][INFO] - Done. You can fine the generated images in /home/nicolas/Repulsive-score-distillation-RSD-/constrained_sampling/_exp/output/rsd_stable_nonaug/phase_retrieval
[2024-09-22 05:56:32,159][main][INFO] - Input image:00042.png
[2024-09-22 05:56:32,163][main][INFO] - Images loaded and measurements generated
[2024-09-22 05:56:32,277][main][INFO] - Degradated image y saved in /home/nicolas/Repulsive-score-distillation-RSD-/constrained_sampling/_exp/deg/x_deg.png
[2024-09-22 05:56:32,277][main][INFO] - Running setting with coeff: 0,                             lr: (0.3, 0.6),                             rho_reg: 0.08,                             w_t: 0.02
[2024-09-22 06:09:24,891][main][INFO] - Done. You can fine the generated images in /home/nicolas/Repulsive-score-distillation-RSD-/constrained_sampling/_exp/output/rsd_stable_nonaug/phase_retrieval
[2024-09-22 06:09:24,891][main][INFO] - Input image:00043.png
[2024-09-22 06:09:24,894][main][INFO] - Images loaded and measurements generated
[2024-09-22 06:09:25,016][main][INFO] - Degradated image y saved in /home/nicolas/Repulsive-score-distillation-RSD-/constrained_sampling/_exp/deg/x_deg.png
[2024-09-22 06:09:25,016][main][INFO] - Running setting with coeff: 0,                             lr: (0.3, 0.6),                             rho_reg: 0.08,                             w_t: 0.02
[2024-09-22 06:22:13,410][main][INFO] - Done. You can fine the generated images in /home/nicolas/Repulsive-score-distillation-RSD-/constrained_sampling/_exp/output/rsd_stable_nonaug/phase_retrieval
[2024-09-22 06:22:13,410][main][INFO] - Input image:00044.png
[2024-09-22 06:22:13,413][main][INFO] - Images loaded and measurements generated
[2024-09-22 06:22:13,525][main][INFO] - Degradated image y saved in /home/nicolas/Repulsive-score-distillation-RSD-/constrained_sampling/_exp/deg/x_deg.png
[2024-09-22 06:22:13,525][main][INFO] - Running setting with coeff: 0,                             lr: (0.3, 0.6),                             rho_reg: 0.08,                             w_t: 0.02
[2024-09-22 06:34:59,159][main][INFO] - Done. You can fine the generated images in /home/nicolas/Repulsive-score-distillation-RSD-/constrained_sampling/_exp/output/rsd_stable_nonaug/phase_retrieval
[2024-09-22 06:34:59,159][main][INFO] - Input image:00045.png
[2024-09-22 06:34:59,162][main][INFO] - Images loaded and measurements generated
[2024-09-22 06:34:59,279][main][INFO] - Degradated image y saved in /home/nicolas/Repulsive-score-distillation-RSD-/constrained_sampling/_exp/deg/x_deg.png
[2024-09-22 06:34:59,279][main][INFO] - Running setting with coeff: 0,                             lr: (0.3, 0.6),                             rho_reg: 0.08,                             w_t: 0.02
[2024-09-22 06:47:42,233][main][INFO] - Done. You can fine the generated images in /home/nicolas/Repulsive-score-distillation-RSD-/constrained_sampling/_exp/output/rsd_stable_nonaug/phase_retrieval
[2024-09-22 06:47:42,233][main][INFO] - Input image:00046.png
[2024-09-22 06:47:42,236][main][INFO] - Images loaded and measurements generated
[2024-09-22 06:47:42,344][main][INFO] - Degradated image y saved in /home/nicolas/Repulsive-score-distillation-RSD-/constrained_sampling/_exp/deg/x_deg.png
[2024-09-22 06:47:42,344][main][INFO] - Running setting with coeff: 0,                             lr: (0.3, 0.6),                             rho_reg: 0.08,                             w_t: 0.02
[2024-09-22 07:00:21,576][main][INFO] - Done. You can fine the generated images in /home/nicolas/Repulsive-score-distillation-RSD-/constrained_sampling/_exp/output/rsd_stable_nonaug/phase_retrieval
[2024-09-22 07:00:21,576][main][INFO] - Input image:00047.png
[2024-09-22 07:00:21,579][main][INFO] - Images loaded and measurements generated
[2024-09-22 07:00:21,710][main][INFO] - Degradated image y saved in /home/nicolas/Repulsive-score-distillation-RSD-/constrained_sampling/_exp/deg/x_deg.png
[2024-09-22 07:00:21,710][main][INFO] - Running setting with coeff: 0,                             lr: (0.3, 0.6),                             rho_reg: 0.08,                             w_t: 0.02
[2024-09-22 07:13:00,626][main][INFO] - Done. You can fine the generated images in /home/nicolas/Repulsive-score-distillation-RSD-/constrained_sampling/_exp/output/rsd_stable_nonaug/phase_retrieval
[2024-09-22 07:13:00,627][main][INFO] - Input image:00048.png
[2024-09-22 07:13:00,630][main][INFO] - Images loaded and measurements generated
[2024-09-22 07:13:00,739][main][INFO] - Degradated image y saved in /home/nicolas/Repulsive-score-distillation-RSD-/constrained_sampling/_exp/deg/x_deg.png
[2024-09-22 07:13:00,740][main][INFO] - Running setting with coeff: 0,                             lr: (0.3, 0.6),                             rho_reg: 0.08,                             w_t: 0.02
[2024-09-22 07:25:40,247][main][INFO] - Done. You can fine the generated images in /home/nicolas/Repulsive-score-distillation-RSD-/constrained_sampling/_exp/output/rsd_stable_nonaug/phase_retrieval
[2024-09-22 07:25:40,248][main][INFO] - Input image:00049.png
[2024-09-22 07:25:40,250][main][INFO] - Images loaded and measurements generated
[2024-09-22 07:25:40,365][main][INFO] - Degradated image y saved in /home/nicolas/Repulsive-score-distillation-RSD-/constrained_sampling/_exp/deg/x_deg.png
[2024-09-22 07:25:40,365][main][INFO] - Running setting with coeff: 0,                             lr: (0.3, 0.6),                             rho_reg: 0.08,                             w_t: 0.02
[2024-09-22 07:38:19,734][main][INFO] - Done. You can fine the generated images in /home/nicolas/Repulsive-score-distillation-RSD-/constrained_sampling/_exp/output/rsd_stable_nonaug/phase_retrieval
[2024-09-22 07:38:19,735][main][INFO] - Input image:00050.png
[2024-09-22 07:38:19,738][main][INFO] - Images loaded and measurements generated
[2024-09-22 07:38:19,854][main][INFO] - Degradated image y saved in /home/nicolas/Repulsive-score-distillation-RSD-/constrained_sampling/_exp/deg/x_deg.png
[2024-09-22 07:38:19,855][main][INFO] - Running setting with coeff: 0,                             lr: (0.3, 0.6),                             rho_reg: 0.08,                             w_t: 0.02
[2024-09-22 07:50:59,046][main][INFO] - Done. You can fine the generated images in /home/nicolas/Repulsive-score-distillation-RSD-/constrained_sampling/_exp/output/rsd_stable_nonaug/phase_retrieval
[2024-09-22 07:50:59,047][main][INFO] - Input image:00051.png
[2024-09-22 07:50:59,051][main][INFO] - Images loaded and measurements generated
[2024-09-22 07:50:59,152][main][INFO] - Degradated image y saved in /home/nicolas/Repulsive-score-distillation-RSD-/constrained_sampling/_exp/deg/x_deg.png
[2024-09-22 07:50:59,152][main][INFO] - Running setting with coeff: 0,                             lr: (0.3, 0.6),                             rho_reg: 0.08,                             w_t: 0.02
[2024-09-22 08:03:39,171][main][INFO] - Done. You can fine the generated images in /home/nicolas/Repulsive-score-distillation-RSD-/constrained_sampling/_exp/output/rsd_stable_nonaug/phase_retrieval
[2024-09-22 08:03:39,171][main][INFO] - Input image:00052.png
[2024-09-22 08:03:39,175][main][INFO] - Images loaded and measurements generated
[2024-09-22 08:03:39,306][main][INFO] - Degradated image y saved in /home/nicolas/Repulsive-score-distillation-RSD-/constrained_sampling/_exp/deg/x_deg.png
[2024-09-22 08:03:39,307][main][INFO] - Running setting with coeff: 0,                             lr: (0.3, 0.6),                             rho_reg: 0.08,                             w_t: 0.02
[2024-09-22 08:16:17,548][main][INFO] - Done. You can fine the generated images in /home/nicolas/Repulsive-score-distillation-RSD-/constrained_sampling/_exp/output/rsd_stable_nonaug/phase_retrieval
[2024-09-22 08:16:17,548][main][INFO] - Input image:00053.png
[2024-09-22 08:16:17,551][main][INFO] - Images loaded and measurements generated
[2024-09-22 08:16:17,667][main][INFO] - Degradated image y saved in /home/nicolas/Repulsive-score-distillation-RSD-/constrained_sampling/_exp/deg/x_deg.png
[2024-09-22 08:16:17,667][main][INFO] - Running setting with coeff: 0,                             lr: (0.3, 0.6),                             rho_reg: 0.08,                             w_t: 0.02
[2024-09-22 08:28:56,281][main][INFO] - Done. You can fine the generated images in /home/nicolas/Repulsive-score-distillation-RSD-/constrained_sampling/_exp/output/rsd_stable_nonaug/phase_retrieval
[2024-09-22 08:28:56,282][main][INFO] - Input image:00054.png
[2024-09-22 08:28:56,286][main][INFO] - Images loaded and measurements generated
[2024-09-22 08:28:56,402][main][INFO] - Degradated image y saved in /home/nicolas/Repulsive-score-distillation-RSD-/constrained_sampling/_exp/deg/x_deg.png
[2024-09-22 08:28:56,402][main][INFO] - Running setting with coeff: 0,                             lr: (0.3, 0.6),                             rho_reg: 0.08,                             w_t: 0.02
[2024-09-22 08:41:34,061][main][INFO] - Done. You can fine the generated images in /home/nicolas/Repulsive-score-distillation-RSD-/constrained_sampling/_exp/output/rsd_stable_nonaug/phase_retrieval
[2024-09-22 08:41:34,062][main][INFO] - Input image:00055.png
[2024-09-22 08:41:34,065][main][INFO] - Images loaded and measurements generated
[2024-09-22 08:41:34,185][main][INFO] - Degradated image y saved in /home/nicolas/Repulsive-score-distillation-RSD-/constrained_sampling/_exp/deg/x_deg.png
[2024-09-22 08:41:34,185][main][INFO] - Running setting with coeff: 0,                             lr: (0.3, 0.6),                             rho_reg: 0.08,                             w_t: 0.02
[2024-09-22 08:54:10,288][main][INFO] - Done. You can fine the generated images in /home/nicolas/Repulsive-score-distillation-RSD-/constrained_sampling/_exp/output/rsd_stable_nonaug/phase_retrieval
[2024-09-22 08:54:10,288][main][INFO] - Input image:00056.png
[2024-09-22 08:54:10,291][main][INFO] - Images loaded and measurements generated
[2024-09-22 08:54:10,401][main][INFO] - Degradated image y saved in /home/nicolas/Repulsive-score-distillation-RSD-/constrained_sampling/_exp/deg/x_deg.png
[2024-09-22 08:54:10,401][main][INFO] - Running setting with coeff: 0,                             lr: (0.3, 0.6),                             rho_reg: 0.08,                             w_t: 0.02
[2024-09-22 09:06:48,925][main][INFO] - Done. You can fine the generated images in /home/nicolas/Repulsive-score-distillation-RSD-/constrained_sampling/_exp/output/rsd_stable_nonaug/phase_retrieval
[2024-09-22 09:06:48,926][main][INFO] - Input image:00057.png
[2024-09-22 09:06:48,929][main][INFO] - Images loaded and measurements generated
[2024-09-22 09:06:49,057][main][INFO] - Degradated image y saved in /home/nicolas/Repulsive-score-distillation-RSD-/constrained_sampling/_exp/deg/x_deg.png
[2024-09-22 09:06:49,057][main][INFO] - Running setting with coeff: 0,                             lr: (0.3, 0.6),                             rho_reg: 0.08,                             w_t: 0.02
[2024-09-22 09:19:26,229][main][INFO] - Done. You can fine the generated images in /home/nicolas/Repulsive-score-distillation-RSD-/constrained_sampling/_exp/output/rsd_stable_nonaug/phase_retrieval
[2024-09-22 09:19:26,229][main][INFO] - Input image:00058.png
[2024-09-22 09:19:26,233][main][INFO] - Images loaded and measurements generated
[2024-09-22 09:19:26,338][main][INFO] - Degradated image y saved in /home/nicolas/Repulsive-score-distillation-RSD-/constrained_sampling/_exp/deg/x_deg.png
[2024-09-22 09:19:26,338][main][INFO] - Running setting with coeff: 0,                             lr: (0.3, 0.6),                             rho_reg: 0.08,                             w_t: 0.02
[2024-09-22 09:32:04,892][main][INFO] - Done. You can fine the generated images in /home/nicolas/Repulsive-score-distillation-RSD-/constrained_sampling/_exp/output/rsd_stable_nonaug/phase_retrieval
[2024-09-22 09:32:04,892][main][INFO] - Input image:00059.png
[2024-09-22 09:32:04,896][main][INFO] - Images loaded and measurements generated
[2024-09-22 09:32:05,008][main][INFO] - Degradated image y saved in /home/nicolas/Repulsive-score-distillation-RSD-/constrained_sampling/_exp/deg/x_deg.png
[2024-09-22 09:32:05,008][main][INFO] - Running setting with coeff: 0,                             lr: (0.3, 0.6),                             rho_reg: 0.08,                             w_t: 0.02
[2024-09-22 09:44:42,758][main][INFO] - Done. You can fine the generated images in /home/nicolas/Repulsive-score-distillation-RSD-/constrained_sampling/_exp/output/rsd_stable_nonaug/phase_retrieval
[2024-09-22 09:44:42,758][main][INFO] - Input image:00060.png
[2024-09-22 09:44:42,761][main][INFO] - Images loaded and measurements generated
[2024-09-22 09:44:42,876][main][INFO] - Degradated image y saved in /home/nicolas/Repulsive-score-distillation-RSD-/constrained_sampling/_exp/deg/x_deg.png
[2024-09-22 09:44:42,876][main][INFO] - Running setting with coeff: 0,                             lr: (0.3, 0.6),                             rho_reg: 0.08,                             w_t: 0.02
[2024-09-22 09:57:19,297][main][INFO] - Done. You can fine the generated images in /home/nicolas/Repulsive-score-distillation-RSD-/constrained_sampling/_exp/output/rsd_stable_nonaug/phase_retrieval
[2024-09-22 09:57:19,298][main][INFO] - Input image:00061.png
[2024-09-22 09:57:19,301][main][INFO] - Images loaded and measurements generated
[2024-09-22 09:57:19,416][main][INFO] - Degradated image y saved in /home/nicolas/Repulsive-score-distillation-RSD-/constrained_sampling/_exp/deg/x_deg.png
[2024-09-22 09:57:19,416][main][INFO] - Running setting with coeff: 0,                             lr: (0.3, 0.6),                             rho_reg: 0.08,                             w_t: 0.02
[2024-09-22 10:09:56,824][main][INFO] - Done. You can fine the generated images in /home/nicolas/Repulsive-score-distillation-RSD-/constrained_sampling/_exp/output/rsd_stable_nonaug/phase_retrieval
[2024-09-22 10:09:56,824][main][INFO] - Input image:00062.png
[2024-09-22 10:09:56,828][main][INFO] - Images loaded and measurements generated
[2024-09-22 10:09:56,949][main][INFO] - Degradated image y saved in /home/nicolas/Repulsive-score-distillation-RSD-/constrained_sampling/_exp/deg/x_deg.png
[2024-09-22 10:09:56,950][main][INFO] - Running setting with coeff: 0,                             lr: (0.3, 0.6),                             rho_reg: 0.08,                             w_t: 0.02
[2024-09-22 10:22:36,579][main][INFO] - Done. You can fine the generated images in /home/nicolas/Repulsive-score-distillation-RSD-/constrained_sampling/_exp/output/rsd_stable_nonaug/phase_retrieval
[2024-09-22 10:22:36,579][main][INFO] - Input image:00063.png
[2024-09-22 10:22:36,583][main][INFO] - Images loaded and measurements generated
[2024-09-22 10:22:36,693][main][INFO] - Degradated image y saved in /home/nicolas/Repulsive-score-distillation-RSD-/constrained_sampling/_exp/deg/x_deg.png
[2024-09-22 10:22:36,694][main][INFO] - Running setting with coeff: 0,                             lr: (0.3, 0.6),                             rho_reg: 0.08,                             w_t: 0.02
[2024-09-22 10:35:21,262][main][INFO] - Done. You can fine the generated images in /home/nicolas/Repulsive-score-distillation-RSD-/constrained_sampling/_exp/output/rsd_stable_nonaug/phase_retrieval
[2024-09-22 10:35:21,262][main][INFO] - Input image:00064.png
[2024-09-22 10:35:21,265][main][INFO] - Images loaded and measurements generated
[2024-09-22 10:35:21,374][main][INFO] - Degradated image y saved in /home/nicolas/Repulsive-score-distillation-RSD-/constrained_sampling/_exp/deg/x_deg.png
[2024-09-22 10:35:21,375][main][INFO] - Running setting with coeff: 0,                             lr: (0.3, 0.6),                             rho_reg: 0.08,                             w_t: 0.02
[2024-09-22 10:48:00,385][main][INFO] - Done. You can fine the generated images in /home/nicolas/Repulsive-score-distillation-RSD-/constrained_sampling/_exp/output/rsd_stable_nonaug/phase_retrieval
[2024-09-22 10:48:00,386][main][INFO] - Input image:00065.png
[2024-09-22 10:48:00,389][main][INFO] - Images loaded and measurements generated
[2024-09-22 10:48:00,502][main][INFO] - Degradated image y saved in /home/nicolas/Repulsive-score-distillation-RSD-/constrained_sampling/_exp/deg/x_deg.png
[2024-09-22 10:48:00,502][main][INFO] - Running setting with coeff: 0,                             lr: (0.3, 0.6),                             rho_reg: 0.08,                             w_t: 0.02
[2024-09-22 11:00:43,718][main][INFO] - Done. You can fine the generated images in /home/nicolas/Repulsive-score-distillation-RSD-/constrained_sampling/_exp/output/rsd_stable_nonaug/phase_retrieval
[2024-09-22 11:00:43,719][main][INFO] - Input image:00066.png
[2024-09-22 11:00:43,721][main][INFO] - Images loaded and measurements generated
[2024-09-22 11:00:43,829][main][INFO] - Degradated image y saved in /home/nicolas/Repulsive-score-distillation-RSD-/constrained_sampling/_exp/deg/x_deg.png
[2024-09-22 11:00:43,829][main][INFO] - Running setting with coeff: 0,                             lr: (0.3, 0.6),                             rho_reg: 0.08,                             w_t: 0.02
[2024-09-22 11:13:29,805][main][INFO] - Done. You can fine the generated images in /home/nicolas/Repulsive-score-distillation-RSD-/constrained_sampling/_exp/output/rsd_stable_nonaug/phase_retrieval
[2024-09-22 11:13:29,805][main][INFO] - Input image:00067.png
[2024-09-22 11:13:29,808][main][INFO] - Images loaded and measurements generated
[2024-09-22 11:13:29,918][main][INFO] - Degradated image y saved in /home/nicolas/Repulsive-score-distillation-RSD-/constrained_sampling/_exp/deg/x_deg.png
[2024-09-22 11:13:29,918][main][INFO] - Running setting with coeff: 0,                             lr: (0.3, 0.6),                             rho_reg: 0.08,                             w_t: 0.02
[2024-09-22 11:26:15,404][main][INFO] - Done. You can fine the generated images in /home/nicolas/Repulsive-score-distillation-RSD-/constrained_sampling/_exp/output/rsd_stable_nonaug/phase_retrieval
[2024-09-22 11:26:15,404][main][INFO] - Input image:00068.png
[2024-09-22 11:26:15,407][main][INFO] - Images loaded and measurements generated
[2024-09-22 11:26:15,526][main][INFO] - Degradated image y saved in /home/nicolas/Repulsive-score-distillation-RSD-/constrained_sampling/_exp/deg/x_deg.png
[2024-09-22 11:26:15,526][main][INFO] - Running setting with coeff: 0,                             lr: (0.3, 0.6),                             rho_reg: 0.08,                             w_t: 0.02
[2024-09-22 11:38:58,922][main][INFO] - Done. You can fine the generated images in /home/nicolas/Repulsive-score-distillation-RSD-/constrained_sampling/_exp/output/rsd_stable_nonaug/phase_retrieval
[2024-09-22 11:38:58,923][main][INFO] - Input image:00069.png
[2024-09-22 11:38:58,926][main][INFO] - Images loaded and measurements generated
[2024-09-22 11:38:59,052][main][INFO] - Degradated image y saved in /home/nicolas/Repulsive-score-distillation-RSD-/constrained_sampling/_exp/deg/x_deg.png
[2024-09-22 11:38:59,052][main][INFO] - Running setting with coeff: 0,                             lr: (0.3, 0.6),                             rho_reg: 0.08,                             w_t: 0.02
[2024-09-22 11:51:41,938][main][INFO] - Done. You can fine the generated images in /home/nicolas/Repulsive-score-distillation-RSD-/constrained_sampling/_exp/output/rsd_stable_nonaug/phase_retrieval
[2024-09-22 11:51:41,938][main][INFO] - Input image:00070.png
[2024-09-22 11:51:41,942][main][INFO] - Images loaded and measurements generated
[2024-09-22 11:51:42,060][main][INFO] - Degradated image y saved in /home/nicolas/Repulsive-score-distillation-RSD-/constrained_sampling/_exp/deg/x_deg.png
[2024-09-22 11:51:42,060][main][INFO] - Running setting with coeff: 0,                             lr: (0.3, 0.6),                             rho_reg: 0.08,                             w_t: 0.02
[2024-09-22 12:04:24,276][main][INFO] - Done. You can fine the generated images in /home/nicolas/Repulsive-score-distillation-RSD-/constrained_sampling/_exp/output/rsd_stable_nonaug/phase_retrieval
[2024-09-22 12:04:24,276][main][INFO] - Input image:00071.png
[2024-09-22 12:04:24,279][main][INFO] - Images loaded and measurements generated
[2024-09-22 12:04:24,391][main][INFO] - Degradated image y saved in /home/nicolas/Repulsive-score-distillation-RSD-/constrained_sampling/_exp/deg/x_deg.png
[2024-09-22 12:04:24,391][main][INFO] - Running setting with coeff: 0,                             lr: (0.3, 0.6),                             rho_reg: 0.08,                             w_t: 0.02
[2024-09-22 12:17:10,649][main][INFO] - Done. You can fine the generated images in /home/nicolas/Repulsive-score-distillation-RSD-/constrained_sampling/_exp/output/rsd_stable_nonaug/phase_retrieval
[2024-09-22 12:17:10,649][main][INFO] - Input image:00072.png
[2024-09-22 12:17:10,653][main][INFO] - Images loaded and measurements generated
[2024-09-22 12:17:10,760][main][INFO] - Degradated image y saved in /home/nicolas/Repulsive-score-distillation-RSD-/constrained_sampling/_exp/deg/x_deg.png
[2024-09-22 12:17:10,761][main][INFO] - Running setting with coeff: 0,                             lr: (0.3, 0.6),                             rho_reg: 0.08,                             w_t: 0.02
[2024-09-22 12:29:57,239][main][INFO] - Done. You can fine the generated images in /home/nicolas/Repulsive-score-distillation-RSD-/constrained_sampling/_exp/output/rsd_stable_nonaug/phase_retrieval
[2024-09-22 12:29:57,239][main][INFO] - Input image:00073.png
[2024-09-22 12:29:57,242][main][INFO] - Images loaded and measurements generated
[2024-09-22 12:29:57,360][main][INFO] - Degradated image y saved in /home/nicolas/Repulsive-score-distillation-RSD-/constrained_sampling/_exp/deg/x_deg.png
[2024-09-22 12:29:57,360][main][INFO] - Running setting with coeff: 0,                             lr: (0.3, 0.6),                             rho_reg: 0.08,                             w_t: 0.02
[2024-09-22 12:42:43,049][main][INFO] - Done. You can fine the generated images in /home/nicolas/Repulsive-score-distillation-RSD-/constrained_sampling/_exp/output/rsd_stable_nonaug/phase_retrieval
[2024-09-22 12:42:43,049][main][INFO] - Input image:00074.png
[2024-09-22 12:42:43,053][main][INFO] - Images loaded and measurements generated
[2024-09-22 12:42:43,174][main][INFO] - Degradated image y saved in /home/nicolas/Repulsive-score-distillation-RSD-/constrained_sampling/_exp/deg/x_deg.png
[2024-09-22 12:42:43,174][main][INFO] - Running setting with coeff: 0,                             lr: (0.3, 0.6),                             rho_reg: 0.08,                             w_t: 0.02
[2024-09-22 12:55:29,281][main][INFO] - Done. You can fine the generated images in /home/nicolas/Repulsive-score-distillation-RSD-/constrained_sampling/_exp/output/rsd_stable_nonaug/phase_retrieval
[2024-09-22 12:55:29,282][main][INFO] - Input image:00075.png
[2024-09-22 12:55:29,285][main][INFO] - Images loaded and measurements generated
[2024-09-22 12:55:29,400][main][INFO] - Degradated image y saved in /home/nicolas/Repulsive-score-distillation-RSD-/constrained_sampling/_exp/deg/x_deg.png
[2024-09-22 12:55:29,400][main][INFO] - Running setting with coeff: 0,                             lr: (0.3, 0.6),                             rho_reg: 0.08,                             w_t: 0.02
[2024-09-22 13:08:16,070][main][INFO] - Done. You can fine the generated images in /home/nicolas/Repulsive-score-distillation-RSD-/constrained_sampling/_exp/output/rsd_stable_nonaug/phase_retrieval
[2024-09-22 13:08:16,071][main][INFO] - Input image:00076.png
[2024-09-22 13:08:16,074][main][INFO] - Images loaded and measurements generated
[2024-09-22 13:08:16,181][main][INFO] - Degradated image y saved in /home/nicolas/Repulsive-score-distillation-RSD-/constrained_sampling/_exp/deg/x_deg.png
[2024-09-22 13:08:16,181][main][INFO] - Running setting with coeff: 0,                             lr: (0.3, 0.6),                             rho_reg: 0.08,                             w_t: 0.02
[2024-09-22 13:21:02,888][main][INFO] - Done. You can fine the generated images in /home/nicolas/Repulsive-score-distillation-RSD-/constrained_sampling/_exp/output/rsd_stable_nonaug/phase_retrieval
[2024-09-22 13:21:02,888][main][INFO] - Input image:00077.png
[2024-09-22 13:21:02,892][main][INFO] - Images loaded and measurements generated
[2024-09-22 13:21:03,008][main][INFO] - Degradated image y saved in /home/nicolas/Repulsive-score-distillation-RSD-/constrained_sampling/_exp/deg/x_deg.png
[2024-09-22 13:21:03,008][main][INFO] - Running setting with coeff: 0,                             lr: (0.3, 0.6),                             rho_reg: 0.08,                             w_t: 0.02
[2024-09-22 13:33:49,537][main][INFO] - Done. You can fine the generated images in /home/nicolas/Repulsive-score-distillation-RSD-/constrained_sampling/_exp/output/rsd_stable_nonaug/phase_retrieval
[2024-09-22 13:33:49,538][main][INFO] - Input image:00078.png
[2024-09-22 13:33:49,542][main][INFO] - Images loaded and measurements generated
[2024-09-22 13:33:49,669][main][INFO] - Degradated image y saved in /home/nicolas/Repulsive-score-distillation-RSD-/constrained_sampling/_exp/deg/x_deg.png
[2024-09-22 13:33:49,670][main][INFO] - Running setting with coeff: 0,                             lr: (0.3, 0.6),                             rho_reg: 0.08,                             w_t: 0.02
[2024-09-22 13:46:35,869][main][INFO] - Done. You can fine the generated images in /home/nicolas/Repulsive-score-distillation-RSD-/constrained_sampling/_exp/output/rsd_stable_nonaug/phase_retrieval
[2024-09-22 13:46:35,870][main][INFO] - Input image:00079.png
[2024-09-22 13:46:35,873][main][INFO] - Images loaded and measurements generated
[2024-09-22 13:46:35,997][main][INFO] - Degradated image y saved in /home/nicolas/Repulsive-score-distillation-RSD-/constrained_sampling/_exp/deg/x_deg.png
[2024-09-22 13:46:35,997][main][INFO] - Running setting with coeff: 0,                             lr: (0.3, 0.6),                             rho_reg: 0.08,                             w_t: 0.02
[2024-09-22 13:59:22,242][main][INFO] - Done. You can fine the generated images in /home/nicolas/Repulsive-score-distillation-RSD-/constrained_sampling/_exp/output/rsd_stable_nonaug/phase_retrieval
[2024-09-22 13:59:22,243][main][INFO] - Input image:00080.png
[2024-09-22 13:59:22,245][main][INFO] - Images loaded and measurements generated
[2024-09-22 13:59:22,365][main][INFO] - Degradated image y saved in /home/nicolas/Repulsive-score-distillation-RSD-/constrained_sampling/_exp/deg/x_deg.png
[2024-09-22 13:59:22,365][main][INFO] - Running setting with coeff: 0,                             lr: (0.3, 0.6),                             rho_reg: 0.08,                             w_t: 0.02
