[2024-09-18 20:02:53,924][main][INFO] - Experiment name is RSD
[2024-09-18 20:02:55,683][main][INFO] - Model loaded
[2024-09-18 20:02:56,784][main][INFO] - Degradation model loaded. The experiment corresponds to phase_retrieval
[2024-09-18 20:02:56,785][main][INFO] - Dataset size is 1000
[2024-09-18 20:02:57,041][main][INFO] - Input image:00000.png
[2024-09-18 20:02:57,093][main][INFO] - Images loaded and measurements generated
[2024-09-18 20:02:57,226][main][INFO] - Degradated image y saved in /home/nicolas/Repulsive-score-distillation-RSD-/constrained_sampling/_exp/deg/x_deg.png
[2024-09-18 20:02:57,226][main][INFO] - Running setting with coeff: 0,                             lr: (0.4, 0.55),                             rho_reg: 0.1,                             w_t: 0.02
[2024-09-18 20:11:15,833][main][INFO] - Done. You can fine the generated images in /home/nicolas/Repulsive-score-distillation-RSD-/constrained_sampling/_exp/output/rsd_stable/phase_retrieval
[2024-09-18 20:11:15,833][main][INFO] - Input image:00001.png
[2024-09-18 20:11:15,837][main][INFO] - Images loaded and measurements generated
[2024-09-18 20:11:15,955][main][INFO] - Degradated image y saved in /home/nicolas/Repulsive-score-distillation-RSD-/constrained_sampling/_exp/deg/x_deg.png
[2024-09-18 20:11:15,955][main][INFO] - Running setting with coeff: 0,                             lr: (0.4, 0.55),                             rho_reg: 0.1,                             w_t: 0.02
[2024-09-18 20:19:34,596][main][INFO] - Done. You can fine the generated images in /home/nicolas/Repulsive-score-distillation-RSD-/constrained_sampling/_exp/output/rsd_stable/phase_retrieval
[2024-09-18 20:19:34,596][main][INFO] - Input image:00002.png
[2024-09-18 20:19:34,600][main][INFO] - Images loaded and measurements generated
[2024-09-18 20:19:34,707][main][INFO] - Degradated image y saved in /home/nicolas/Repulsive-score-distillation-RSD-/constrained_sampling/_exp/deg/x_deg.png
[2024-09-18 20:19:34,707][main][INFO] - Running setting with coeff: 0,                             lr: (0.4, 0.55),                             rho_reg: 0.1,                             w_t: 0.02
[2024-09-18 20:27:55,425][main][INFO] - Done. You can fine the generated images in /home/nicolas/Repulsive-score-distillation-RSD-/constrained_sampling/_exp/output/rsd_stable/phase_retrieval
[2024-09-18 20:27:55,425][main][INFO] - Input image:00003.png
[2024-09-18 20:27:55,434][main][INFO] - Images loaded and measurements generated
[2024-09-18 20:27:55,545][main][INFO] - Degradated image y saved in /home/nicolas/Repulsive-score-distillation-RSD-/constrained_sampling/_exp/deg/x_deg.png
[2024-09-18 20:27:55,545][main][INFO] - Running setting with coeff: 0,                             lr: (0.4, 0.55),                             rho_reg: 0.1,                             w_t: 0.02
[2024-09-18 20:36:15,214][main][INFO] - Done. You can fine the generated images in /home/nicolas/Repulsive-score-distillation-RSD-/constrained_sampling/_exp/output/rsd_stable/phase_retrieval
[2024-09-18 20:36:15,215][main][INFO] - Input image:00004.png
[2024-09-18 20:36:15,218][main][INFO] - Images loaded and measurements generated
[2024-09-18 20:36:15,344][main][INFO] - Degradated image y saved in /home/nicolas/Repulsive-score-distillation-RSD-/constrained_sampling/_exp/deg/x_deg.png
[2024-09-18 20:36:15,345][main][INFO] - Running setting with coeff: 0,                             lr: (0.4, 0.55),                             rho_reg: 0.1,                             w_t: 0.02
[2024-09-18 20:44:33,056][main][INFO] - Done. You can fine the generated images in /home/nicolas/Repulsive-score-distillation-RSD-/constrained_sampling/_exp/output/rsd_stable/phase_retrieval
[2024-09-18 20:44:33,056][main][INFO] - Input image:00005.png
[2024-09-18 20:44:33,060][main][INFO] - Images loaded and measurements generated
[2024-09-18 20:44:33,178][main][INFO] - Degradated image y saved in /home/nicolas/Repulsive-score-distillation-RSD-/constrained_sampling/_exp/deg/x_deg.png
[2024-09-18 20:44:33,179][main][INFO] - Running setting with coeff: 0,                             lr: (0.4, 0.55),                             rho_reg: 0.1,                             w_t: 0.02
[2024-09-18 20:52:52,462][main][INFO] - Done. You can fine the generated images in /home/nicolas/Repulsive-score-distillation-RSD-/constrained_sampling/_exp/output/rsd_stable/phase_retrieval
[2024-09-18 20:52:52,462][main][INFO] - Input image:00006.png
[2024-09-18 20:52:52,466][main][INFO] - Images loaded and measurements generated
[2024-09-18 20:52:52,567][main][INFO] - Degradated image y saved in /home/nicolas/Repulsive-score-distillation-RSD-/constrained_sampling/_exp/deg/x_deg.png
[2024-09-18 20:52:52,568][main][INFO] - Running setting with coeff: 0,                             lr: (0.4, 0.55),                             rho_reg: 0.1,                             w_t: 0.02
