[2024-09-29 19:20:44,267][main][INFO] - Experiment name is RSD
[2024-09-29 19:20:46,215][main][INFO] - Model loaded
[2024-09-29 19:21:27,472][main][INFO] - Degradation model loaded. The experiment corresponds to inp_large_box
[2024-09-29 19:21:27,473][main][INFO] - Dataset size is 1000
[2024-09-29 19:21:27,664][main][INFO] - Input image:00000.png
[2024-09-29 19:21:27,689][main][INFO] - Images loaded and measurements generated
[2024-09-29 19:21:27,759][main][INFO] - Degradated image y saved in /home/nicolas/Repulsive-score-distillation-RSD-/constrained_sampling/_exp/deg/x_deg.png
[2024-09-29 19:21:27,759][main][INFO] - Running setting with coeff: 30,                             lr: (0.4, 0.6),                             rho_reg: 0.075,                             w_t: 0.1,                             sigma_break: 999
[2024-09-29 19:32:16,852][main][INFO] - Done. You can fine the generated images in /home/nicolas/Repulsive-score-distillation-RSD-/constrained_sampling/_exp/output/rsd_stable_repulsion_gamma30/inp_large_box
[2024-09-29 19:32:16,853][main][INFO] - Input image:00001.png
[2024-09-29 19:32:16,855][main][INFO] - Images loaded and measurements generated
[2024-09-29 19:32:16,901][main][INFO] - Degradated image y saved in /home/nicolas/Repulsive-score-distillation-RSD-/constrained_sampling/_exp/deg/x_deg.png
[2024-09-29 19:32:16,901][main][INFO] - Running setting with coeff: 30,                             lr: (0.4, 0.6),                             rho_reg: 0.075,                             w_t: 0.1,                             sigma_break: 999
[2024-09-29 19:43:06,327][main][INFO] - Done. You can fine the generated images in /home/nicolas/Repulsive-score-distillation-RSD-/constrained_sampling/_exp/output/rsd_stable_repulsion_gamma30/inp_large_box
[2024-09-29 19:43:06,327][main][INFO] - Input image:00002.png
[2024-09-29 19:43:06,331][main][INFO] - Images loaded and measurements generated
[2024-09-29 19:43:06,370][main][INFO] - Degradated image y saved in /home/nicolas/Repulsive-score-distillation-RSD-/constrained_sampling/_exp/deg/x_deg.png
[2024-09-29 19:43:06,370][main][INFO] - Running setting with coeff: 30,                             lr: (0.4, 0.6),                             rho_reg: 0.075,                             w_t: 0.1,                             sigma_break: 999
[2024-09-29 19:53:57,439][main][INFO] - Done. You can fine the generated images in /home/nicolas/Repulsive-score-distillation-RSD-/constrained_sampling/_exp/output/rsd_stable_repulsion_gamma30/inp_large_box
[2024-09-29 19:53:57,439][main][INFO] - Input image:00003.png
[2024-09-29 19:53:57,446][main][INFO] - Images loaded and measurements generated
[2024-09-29 19:53:57,485][main][INFO] - Degradated image y saved in /home/nicolas/Repulsive-score-distillation-RSD-/constrained_sampling/_exp/deg/x_deg.png
[2024-09-29 19:53:57,485][main][INFO] - Running setting with coeff: 30,                             lr: (0.4, 0.6),                             rho_reg: 0.075,                             w_t: 0.1,                             sigma_break: 999
[2024-09-29 20:04:48,743][main][INFO] - Done. You can fine the generated images in /home/nicolas/Repulsive-score-distillation-RSD-/constrained_sampling/_exp/output/rsd_stable_repulsion_gamma30/inp_large_box
[2024-09-29 20:04:48,743][main][INFO] - Input image:00004.png
[2024-09-29 20:04:48,746][main][INFO] - Images loaded and measurements generated
[2024-09-29 20:04:48,795][main][INFO] - Degradated image y saved in /home/nicolas/Repulsive-score-distillation-RSD-/constrained_sampling/_exp/deg/x_deg.png
[2024-09-29 20:04:48,795][main][INFO] - Running setting with coeff: 30,                             lr: (0.4, 0.6),                             rho_reg: 0.075,                             w_t: 0.1,                             sigma_break: 999
[2024-09-29 20:15:40,133][main][INFO] - Done. You can fine the generated images in /home/nicolas/Repulsive-score-distillation-RSD-/constrained_sampling/_exp/output/rsd_stable_repulsion_gamma30/inp_large_box
[2024-09-29 20:15:40,134][main][INFO] - Input image:00005.png
[2024-09-29 20:15:40,137][main][INFO] - Images loaded and measurements generated
[2024-09-29 20:15:40,175][main][INFO] - Degradated image y saved in /home/nicolas/Repulsive-score-distillation-RSD-/constrained_sampling/_exp/deg/x_deg.png
[2024-09-29 20:15:40,175][main][INFO] - Running setting with coeff: 30,                             lr: (0.4, 0.6),                             rho_reg: 0.075,                             w_t: 0.1,                             sigma_break: 999
[2024-09-29 20:26:31,560][main][INFO] - Done. You can fine the generated images in /home/nicolas/Repulsive-score-distillation-RSD-/constrained_sampling/_exp/output/rsd_stable_repulsion_gamma30/inp_large_box
[2024-09-29 20:26:31,560][main][INFO] - Input image:00006.png
[2024-09-29 20:26:31,563][main][INFO] - Images loaded and measurements generated
[2024-09-29 20:26:31,606][main][INFO] - Degradated image y saved in /home/nicolas/Repulsive-score-distillation-RSD-/constrained_sampling/_exp/deg/x_deg.png
[2024-09-29 20:26:31,606][main][INFO] - Running setting with coeff: 30,                             lr: (0.4, 0.6),                             rho_reg: 0.075,                             w_t: 0.1,                             sigma_break: 999
[2024-09-29 20:37:23,499][main][INFO] - Done. You can fine the generated images in /home/nicolas/Repulsive-score-distillation-RSD-/constrained_sampling/_exp/output/rsd_stable_repulsion_gamma30/inp_large_box
[2024-09-29 20:37:23,499][main][INFO] - Input image:00007.png
[2024-09-29 20:37:23,503][main][INFO] - Images loaded and measurements generated
[2024-09-29 20:37:23,546][main][INFO] - Degradated image y saved in /home/nicolas/Repulsive-score-distillation-RSD-/constrained_sampling/_exp/deg/x_deg.png
[2024-09-29 20:37:23,546][main][INFO] - Running setting with coeff: 30,                             lr: (0.4, 0.6),                             rho_reg: 0.075,                             w_t: 0.1,                             sigma_break: 999
[2024-09-29 20:48:16,448][main][INFO] - Done. You can fine the generated images in /home/nicolas/Repulsive-score-distillation-RSD-/constrained_sampling/_exp/output/rsd_stable_repulsion_gamma30/inp_large_box
[2024-09-29 20:48:16,448][main][INFO] - Input image:00008.png
[2024-09-29 20:48:16,451][main][INFO] - Images loaded and measurements generated
[2024-09-29 20:48:16,497][main][INFO] - Degradated image y saved in /home/nicolas/Repulsive-score-distillation-RSD-/constrained_sampling/_exp/deg/x_deg.png
[2024-09-29 20:48:16,497][main][INFO] - Running setting with coeff: 30,                             lr: (0.4, 0.6),                             rho_reg: 0.075,                             w_t: 0.1,                             sigma_break: 999
[2024-09-29 20:59:10,058][main][INFO] - Done. You can fine the generated images in /home/nicolas/Repulsive-score-distillation-RSD-/constrained_sampling/_exp/output/rsd_stable_repulsion_gamma30/inp_large_box
[2024-09-29 20:59:10,058][main][INFO] - Input image:00009.png
[2024-09-29 20:59:10,061][main][INFO] - Images loaded and measurements generated
[2024-09-29 20:59:10,096][main][INFO] - Degradated image y saved in /home/nicolas/Repulsive-score-distillation-RSD-/constrained_sampling/_exp/deg/x_deg.png
[2024-09-29 20:59:10,096][main][INFO] - Running setting with coeff: 30,                             lr: (0.4, 0.6),                             rho_reg: 0.075,                             w_t: 0.1,                             sigma_break: 999
[2024-09-29 21:10:03,273][main][INFO] - Done. You can fine the generated images in /home/nicolas/Repulsive-score-distillation-RSD-/constrained_sampling/_exp/output/rsd_stable_repulsion_gamma30/inp_large_box
[2024-09-29 21:10:03,274][main][INFO] - Input image:00010.png
[2024-09-29 21:10:03,276][main][INFO] - Images loaded and measurements generated
[2024-09-29 21:10:03,319][main][INFO] - Degradated image y saved in /home/nicolas/Repulsive-score-distillation-RSD-/constrained_sampling/_exp/deg/x_deg.png
[2024-09-29 21:10:03,319][main][INFO] - Running setting with coeff: 30,                             lr: (0.4, 0.6),                             rho_reg: 0.075,                             w_t: 0.1,                             sigma_break: 999
[2024-09-29 21:20:56,957][main][INFO] - Done. You can fine the generated images in /home/nicolas/Repulsive-score-distillation-RSD-/constrained_sampling/_exp/output/rsd_stable_repulsion_gamma30/inp_large_box
[2024-09-29 21:20:56,957][main][INFO] - Input image:00011.png
[2024-09-29 21:20:56,960][main][INFO] - Images loaded and measurements generated
[2024-09-29 21:20:57,005][main][INFO] - Degradated image y saved in /home/nicolas/Repulsive-score-distillation-RSD-/constrained_sampling/_exp/deg/x_deg.png
[2024-09-29 21:20:57,005][main][INFO] - Running setting with coeff: 30,                             lr: (0.4, 0.6),                             rho_reg: 0.075,                             w_t: 0.1,                             sigma_break: 999
[2024-09-29 21:31:51,287][main][INFO] - Done. You can fine the generated images in /home/nicolas/Repulsive-score-distillation-RSD-/constrained_sampling/_exp/output/rsd_stable_repulsion_gamma30/inp_large_box
[2024-09-29 21:31:51,287][main][INFO] - Input image:00012.png
[2024-09-29 21:31:51,291][main][INFO] - Images loaded and measurements generated
[2024-09-29 21:31:51,326][main][INFO] - Degradated image y saved in /home/nicolas/Repulsive-score-distillation-RSD-/constrained_sampling/_exp/deg/x_deg.png
[2024-09-29 21:31:51,326][main][INFO] - Running setting with coeff: 30,                             lr: (0.4, 0.6),                             rho_reg: 0.075,                             w_t: 0.1,                             sigma_break: 999
[2024-09-29 21:42:48,198][main][INFO] - Done. You can fine the generated images in /home/nicolas/Repulsive-score-distillation-RSD-/constrained_sampling/_exp/output/rsd_stable_repulsion_gamma30/inp_large_box
[2024-09-29 21:42:48,198][main][INFO] - Input image:00013.png
[2024-09-29 21:42:48,201][main][INFO] - Images loaded and measurements generated
[2024-09-29 21:42:48,249][main][INFO] - Degradated image y saved in /home/nicolas/Repulsive-score-distillation-RSD-/constrained_sampling/_exp/deg/x_deg.png
[2024-09-29 21:42:48,249][main][INFO] - Running setting with coeff: 30,                             lr: (0.4, 0.6),                             rho_reg: 0.075,                             w_t: 0.1,                             sigma_break: 999
[2024-09-29 21:53:43,418][main][INFO] - Done. You can fine the generated images in /home/nicolas/Repulsive-score-distillation-RSD-/constrained_sampling/_exp/output/rsd_stable_repulsion_gamma30/inp_large_box
[2024-09-29 21:53:43,418][main][INFO] - Input image:00014.png
[2024-09-29 21:53:43,422][main][INFO] - Images loaded and measurements generated
[2024-09-29 21:53:43,464][main][INFO] - Degradated image y saved in /home/nicolas/Repulsive-score-distillation-RSD-/constrained_sampling/_exp/deg/x_deg.png
[2024-09-29 21:53:43,464][main][INFO] - Running setting with coeff: 30,                             lr: (0.4, 0.6),                             rho_reg: 0.075,                             w_t: 0.1,                             sigma_break: 999
[2024-09-29 22:04:40,498][main][INFO] - Done. You can fine the generated images in /home/nicolas/Repulsive-score-distillation-RSD-/constrained_sampling/_exp/output/rsd_stable_repulsion_gamma30/inp_large_box
[2024-09-29 22:04:40,499][main][INFO] - Input image:00015.png
[2024-09-29 22:04:40,502][main][INFO] - Images loaded and measurements generated
[2024-09-29 22:04:40,541][main][INFO] - Degradated image y saved in /home/nicolas/Repulsive-score-distillation-RSD-/constrained_sampling/_exp/deg/x_deg.png
[2024-09-29 22:04:40,541][main][INFO] - Running setting with coeff: 30,                             lr: (0.4, 0.6),                             rho_reg: 0.075,                             w_t: 0.1,                             sigma_break: 999
[2024-09-29 22:15:41,245][main][INFO] - Done. You can fine the generated images in /home/nicolas/Repulsive-score-distillation-RSD-/constrained_sampling/_exp/output/rsd_stable_repulsion_gamma30/inp_large_box
[2024-09-29 22:15:41,245][main][INFO] - Input image:00016.png
[2024-09-29 22:15:41,248][main][INFO] - Images loaded and measurements generated
[2024-09-29 22:15:41,288][main][INFO] - Degradated image y saved in /home/nicolas/Repulsive-score-distillation-RSD-/constrained_sampling/_exp/deg/x_deg.png
[2024-09-29 22:15:41,289][main][INFO] - Running setting with coeff: 30,                             lr: (0.4, 0.6),                             rho_reg: 0.075,                             w_t: 0.1,                             sigma_break: 999
[2024-09-29 22:26:40,758][main][INFO] - Done. You can fine the generated images in /home/nicolas/Repulsive-score-distillation-RSD-/constrained_sampling/_exp/output/rsd_stable_repulsion_gamma30/inp_large_box
[2024-09-29 22:26:40,758][main][INFO] - Input image:00017.png
[2024-09-29 22:26:40,761][main][INFO] - Images loaded and measurements generated
[2024-09-29 22:26:40,800][main][INFO] - Degradated image y saved in /home/nicolas/Repulsive-score-distillation-RSD-/constrained_sampling/_exp/deg/x_deg.png
[2024-09-29 22:26:40,801][main][INFO] - Running setting with coeff: 30,                             lr: (0.4, 0.6),                             rho_reg: 0.075,                             w_t: 0.1,                             sigma_break: 999
[2024-09-29 22:37:43,088][main][INFO] - Done. You can fine the generated images in /home/nicolas/Repulsive-score-distillation-RSD-/constrained_sampling/_exp/output/rsd_stable_repulsion_gamma30/inp_large_box
[2024-09-29 22:37:43,088][main][INFO] - Input image:00018.png
[2024-09-29 22:37:43,091][main][INFO] - Images loaded and measurements generated
[2024-09-29 22:37:43,131][main][INFO] - Degradated image y saved in /home/nicolas/Repulsive-score-distillation-RSD-/constrained_sampling/_exp/deg/x_deg.png
[2024-09-29 22:37:43,131][main][INFO] - Running setting with coeff: 30,                             lr: (0.4, 0.6),                             rho_reg: 0.075,                             w_t: 0.1,                             sigma_break: 999
[2024-09-29 22:48:48,207][main][INFO] - Done. You can fine the generated images in /home/nicolas/Repulsive-score-distillation-RSD-/constrained_sampling/_exp/output/rsd_stable_repulsion_gamma30/inp_large_box
[2024-09-29 22:48:48,208][main][INFO] - Input image:00019.png
[2024-09-29 22:48:48,210][main][INFO] - Images loaded and measurements generated
[2024-09-29 22:48:48,255][main][INFO] - Degradated image y saved in /home/nicolas/Repulsive-score-distillation-RSD-/constrained_sampling/_exp/deg/x_deg.png
[2024-09-29 22:48:48,255][main][INFO] - Running setting with coeff: 30,                             lr: (0.4, 0.6),                             rho_reg: 0.075,                             w_t: 0.1,                             sigma_break: 999
[2024-09-29 22:59:50,634][main][INFO] - Done. You can fine the generated images in /home/nicolas/Repulsive-score-distillation-RSD-/constrained_sampling/_exp/output/rsd_stable_repulsion_gamma30/inp_large_box
[2024-09-29 22:59:50,635][main][INFO] - Input image:00020.png
[2024-09-29 22:59:50,637][main][INFO] - Images loaded and measurements generated
[2024-09-29 22:59:50,681][main][INFO] - Degradated image y saved in /home/nicolas/Repulsive-score-distillation-RSD-/constrained_sampling/_exp/deg/x_deg.png
[2024-09-29 22:59:50,681][main][INFO] - Running setting with coeff: 30,                             lr: (0.4, 0.6),                             rho_reg: 0.075,                             w_t: 0.1,                             sigma_break: 999
[2024-09-29 23:10:47,917][main][INFO] - Done. You can fine the generated images in /home/nicolas/Repulsive-score-distillation-RSD-/constrained_sampling/_exp/output/rsd_stable_repulsion_gamma30/inp_large_box
[2024-09-29 23:10:47,918][main][INFO] - Input image:00021.png
[2024-09-29 23:10:47,921][main][INFO] - Images loaded and measurements generated
[2024-09-29 23:10:47,959][main][INFO] - Degradated image y saved in /home/nicolas/Repulsive-score-distillation-RSD-/constrained_sampling/_exp/deg/x_deg.png
[2024-09-29 23:10:47,959][main][INFO] - Running setting with coeff: 30,                             lr: (0.4, 0.6),                             rho_reg: 0.075,                             w_t: 0.1,                             sigma_break: 999
[2024-09-29 23:21:49,723][main][INFO] - Done. You can fine the generated images in /home/nicolas/Repulsive-score-distillation-RSD-/constrained_sampling/_exp/output/rsd_stable_repulsion_gamma30/inp_large_box
[2024-09-29 23:21:49,724][main][INFO] - Input image:00022.png
[2024-09-29 23:21:49,726][main][INFO] - Images loaded and measurements generated
[2024-09-29 23:21:49,775][main][INFO] - Degradated image y saved in /home/nicolas/Repulsive-score-distillation-RSD-/constrained_sampling/_exp/deg/x_deg.png
[2024-09-29 23:21:49,775][main][INFO] - Running setting with coeff: 30,                             lr: (0.4, 0.6),                             rho_reg: 0.075,                             w_t: 0.1,                             sigma_break: 999
[2024-09-29 23:32:55,156][main][INFO] - Done. You can fine the generated images in /home/nicolas/Repulsive-score-distillation-RSD-/constrained_sampling/_exp/output/rsd_stable_repulsion_gamma30/inp_large_box
[2024-09-29 23:32:55,156][main][INFO] - Input image:00023.png
[2024-09-29 23:32:55,160][main][INFO] - Images loaded and measurements generated
[2024-09-29 23:32:55,201][main][INFO] - Degradated image y saved in /home/nicolas/Repulsive-score-distillation-RSD-/constrained_sampling/_exp/deg/x_deg.png
[2024-09-29 23:32:55,201][main][INFO] - Running setting with coeff: 30,                             lr: (0.4, 0.6),                             rho_reg: 0.075,                             w_t: 0.1,                             sigma_break: 999
[2024-09-29 23:43:59,720][main][INFO] - Done. You can fine the generated images in /home/nicolas/Repulsive-score-distillation-RSD-/constrained_sampling/_exp/output/rsd_stable_repulsion_gamma30/inp_large_box
[2024-09-29 23:43:59,721][main][INFO] - Input image:00024.png
[2024-09-29 23:43:59,723][main][INFO] - Images loaded and measurements generated
[2024-09-29 23:43:59,767][main][INFO] - Degradated image y saved in /home/nicolas/Repulsive-score-distillation-RSD-/constrained_sampling/_exp/deg/x_deg.png
[2024-09-29 23:43:59,767][main][INFO] - Running setting with coeff: 30,                             lr: (0.4, 0.6),                             rho_reg: 0.075,                             w_t: 0.1,                             sigma_break: 999
[2024-09-29 23:55:06,267][main][INFO] - Done. You can fine the generated images in /home/nicolas/Repulsive-score-distillation-RSD-/constrained_sampling/_exp/output/rsd_stable_repulsion_gamma30/inp_large_box
[2024-09-29 23:55:06,267][main][INFO] - Input image:00025.png
[2024-09-29 23:55:06,271][main][INFO] - Images loaded and measurements generated
[2024-09-29 23:55:06,316][main][INFO] - Degradated image y saved in /home/nicolas/Repulsive-score-distillation-RSD-/constrained_sampling/_exp/deg/x_deg.png
[2024-09-29 23:55:06,316][main][INFO] - Running setting with coeff: 30,                             lr: (0.4, 0.6),                             rho_reg: 0.075,                             w_t: 0.1,                             sigma_break: 999
[2024-09-30 00:06:12,171][main][INFO] - Done. You can fine the generated images in /home/nicolas/Repulsive-score-distillation-RSD-/constrained_sampling/_exp/output/rsd_stable_repulsion_gamma30/inp_large_box
[2024-09-30 00:06:12,171][main][INFO] - Input image:00026.png
[2024-09-30 00:06:12,174][main][INFO] - Images loaded and measurements generated
[2024-09-30 00:06:12,222][main][INFO] - Degradated image y saved in /home/nicolas/Repulsive-score-distillation-RSD-/constrained_sampling/_exp/deg/x_deg.png
[2024-09-30 00:06:12,222][main][INFO] - Running setting with coeff: 30,                             lr: (0.4, 0.6),                             rho_reg: 0.075,                             w_t: 0.1,                             sigma_break: 999
[2024-09-30 00:17:17,647][main][INFO] - Done. You can fine the generated images in /home/nicolas/Repulsive-score-distillation-RSD-/constrained_sampling/_exp/output/rsd_stable_repulsion_gamma30/inp_large_box
[2024-09-30 00:17:17,648][main][INFO] - Input image:00027.png
[2024-09-30 00:17:17,650][main][INFO] - Images loaded and measurements generated
[2024-09-30 00:17:17,696][main][INFO] - Degradated image y saved in /home/nicolas/Repulsive-score-distillation-RSD-/constrained_sampling/_exp/deg/x_deg.png
[2024-09-30 00:17:17,696][main][INFO] - Running setting with coeff: 30,                             lr: (0.4, 0.6),                             rho_reg: 0.075,                             w_t: 0.1,                             sigma_break: 999
[2024-09-30 00:28:24,693][main][INFO] - Done. You can fine the generated images in /home/nicolas/Repulsive-score-distillation-RSD-/constrained_sampling/_exp/output/rsd_stable_repulsion_gamma30/inp_large_box
[2024-09-30 00:28:24,693][main][INFO] - Input image:00028.png
[2024-09-30 00:28:24,696][main][INFO] - Images loaded and measurements generated
[2024-09-30 00:28:24,734][main][INFO] - Degradated image y saved in /home/nicolas/Repulsive-score-distillation-RSD-/constrained_sampling/_exp/deg/x_deg.png
[2024-09-30 00:28:24,734][main][INFO] - Running setting with coeff: 30,                             lr: (0.4, 0.6),                             rho_reg: 0.075,                             w_t: 0.1,                             sigma_break: 999
[2024-09-30 00:39:31,640][main][INFO] - Done. You can fine the generated images in /home/nicolas/Repulsive-score-distillation-RSD-/constrained_sampling/_exp/output/rsd_stable_repulsion_gamma30/inp_large_box
[2024-09-30 00:39:31,641][main][INFO] - Input image:00029.png
[2024-09-30 00:39:31,644][main][INFO] - Images loaded and measurements generated
[2024-09-30 00:39:31,679][main][INFO] - Degradated image y saved in /home/nicolas/Repulsive-score-distillation-RSD-/constrained_sampling/_exp/deg/x_deg.png
[2024-09-30 00:39:31,680][main][INFO] - Running setting with coeff: 30,                             lr: (0.4, 0.6),                             rho_reg: 0.075,                             w_t: 0.1,                             sigma_break: 999
[2024-09-30 00:50:39,297][main][INFO] - Done. You can fine the generated images in /home/nicolas/Repulsive-score-distillation-RSD-/constrained_sampling/_exp/output/rsd_stable_repulsion_gamma30/inp_large_box
[2024-09-30 00:50:39,298][main][INFO] - Input image:00030.png
[2024-09-30 00:50:39,301][main][INFO] - Images loaded and measurements generated
[2024-09-30 00:50:39,345][main][INFO] - Degradated image y saved in /home/nicolas/Repulsive-score-distillation-RSD-/constrained_sampling/_exp/deg/x_deg.png
[2024-09-30 00:50:39,345][main][INFO] - Running setting with coeff: 30,                             lr: (0.4, 0.6),                             rho_reg: 0.075,                             w_t: 0.1,                             sigma_break: 999
[2024-09-30 01:01:47,461][main][INFO] - Done. You can fine the generated images in /home/nicolas/Repulsive-score-distillation-RSD-/constrained_sampling/_exp/output/rsd_stable_repulsion_gamma30/inp_large_box
[2024-09-30 01:01:47,461][main][INFO] - Input image:00031.png
[2024-09-30 01:01:47,464][main][INFO] - Images loaded and measurements generated
[2024-09-30 01:01:47,505][main][INFO] - Degradated image y saved in /home/nicolas/Repulsive-score-distillation-RSD-/constrained_sampling/_exp/deg/x_deg.png
[2024-09-30 01:01:47,505][main][INFO] - Running setting with coeff: 30,                             lr: (0.4, 0.6),                             rho_reg: 0.075,                             w_t: 0.1,                             sigma_break: 999
[2024-09-30 01:12:55,755][main][INFO] - Done. You can fine the generated images in /home/nicolas/Repulsive-score-distillation-RSD-/constrained_sampling/_exp/output/rsd_stable_repulsion_gamma30/inp_large_box
[2024-09-30 01:12:55,755][main][INFO] - Input image:00032.png
[2024-09-30 01:12:55,758][main][INFO] - Images loaded and measurements generated
[2024-09-30 01:12:55,806][main][INFO] - Degradated image y saved in /home/nicolas/Repulsive-score-distillation-RSD-/constrained_sampling/_exp/deg/x_deg.png
[2024-09-30 01:12:55,806][main][INFO] - Running setting with coeff: 30,                             lr: (0.4, 0.6),                             rho_reg: 0.075,                             w_t: 0.1,                             sigma_break: 999
[2024-09-30 01:24:03,758][main][INFO] - Done. You can fine the generated images in /home/nicolas/Repulsive-score-distillation-RSD-/constrained_sampling/_exp/output/rsd_stable_repulsion_gamma30/inp_large_box
[2024-09-30 01:24:03,758][main][INFO] - Input image:00033.png
[2024-09-30 01:24:03,762][main][INFO] - Images loaded and measurements generated
[2024-09-30 01:24:03,806][main][INFO] - Degradated image y saved in /home/nicolas/Repulsive-score-distillation-RSD-/constrained_sampling/_exp/deg/x_deg.png
[2024-09-30 01:24:03,806][main][INFO] - Running setting with coeff: 30,                             lr: (0.4, 0.6),                             rho_reg: 0.075,                             w_t: 0.1,                             sigma_break: 999
[2024-09-30 01:35:13,106][main][INFO] - Done. You can fine the generated images in /home/nicolas/Repulsive-score-distillation-RSD-/constrained_sampling/_exp/output/rsd_stable_repulsion_gamma30/inp_large_box
[2024-09-30 01:35:13,106][main][INFO] - Input image:00034.png
[2024-09-30 01:35:13,109][main][INFO] - Images loaded and measurements generated
[2024-09-30 01:35:13,148][main][INFO] - Degradated image y saved in /home/nicolas/Repulsive-score-distillation-RSD-/constrained_sampling/_exp/deg/x_deg.png
[2024-09-30 01:35:13,148][main][INFO] - Running setting with coeff: 30,                             lr: (0.4, 0.6),                             rho_reg: 0.075,                             w_t: 0.1,                             sigma_break: 999
[2024-09-30 01:46:20,336][main][INFO] - Done. You can fine the generated images in /home/nicolas/Repulsive-score-distillation-RSD-/constrained_sampling/_exp/output/rsd_stable_repulsion_gamma30/inp_large_box
[2024-09-30 01:46:20,337][main][INFO] - Input image:00035.png
[2024-09-30 01:46:20,339][main][INFO] - Images loaded and measurements generated
[2024-09-30 01:46:20,377][main][INFO] - Degradated image y saved in /home/nicolas/Repulsive-score-distillation-RSD-/constrained_sampling/_exp/deg/x_deg.png
[2024-09-30 01:46:20,378][main][INFO] - Running setting with coeff: 30,                             lr: (0.4, 0.6),                             rho_reg: 0.075,                             w_t: 0.1,                             sigma_break: 999
[2024-09-30 01:57:29,069][main][INFO] - Done. You can fine the generated images in /home/nicolas/Repulsive-score-distillation-RSD-/constrained_sampling/_exp/output/rsd_stable_repulsion_gamma30/inp_large_box
[2024-09-30 01:57:29,070][main][INFO] - Input image:00036.png
[2024-09-30 01:57:29,073][main][INFO] - Images loaded and measurements generated
[2024-09-30 01:57:29,123][main][INFO] - Degradated image y saved in /home/nicolas/Repulsive-score-distillation-RSD-/constrained_sampling/_exp/deg/x_deg.png
[2024-09-30 01:57:29,123][main][INFO] - Running setting with coeff: 30,                             lr: (0.4, 0.6),                             rho_reg: 0.075,                             w_t: 0.1,                             sigma_break: 999
[2024-09-30 02:08:31,643][main][INFO] - Done. You can fine the generated images in /home/nicolas/Repulsive-score-distillation-RSD-/constrained_sampling/_exp/output/rsd_stable_repulsion_gamma30/inp_large_box
[2024-09-30 02:08:31,643][main][INFO] - Input image:00037.png
[2024-09-30 02:08:31,646][main][INFO] - Images loaded and measurements generated
[2024-09-30 02:08:31,691][main][INFO] - Degradated image y saved in /home/nicolas/Repulsive-score-distillation-RSD-/constrained_sampling/_exp/deg/x_deg.png
[2024-09-30 02:08:31,691][main][INFO] - Running setting with coeff: 30,                             lr: (0.4, 0.6),                             rho_reg: 0.075,                             w_t: 0.1,                             sigma_break: 999
[2024-09-30 02:19:29,736][main][INFO] - Done. You can fine the generated images in /home/nicolas/Repulsive-score-distillation-RSD-/constrained_sampling/_exp/output/rsd_stable_repulsion_gamma30/inp_large_box
[2024-09-30 02:19:29,736][main][INFO] - Input image:00038.png
[2024-09-30 02:19:29,739][main][INFO] - Images loaded and measurements generated
[2024-09-30 02:19:29,782][main][INFO] - Degradated image y saved in /home/nicolas/Repulsive-score-distillation-RSD-/constrained_sampling/_exp/deg/x_deg.png
[2024-09-30 02:19:29,782][main][INFO] - Running setting with coeff: 30,                             lr: (0.4, 0.6),                             rho_reg: 0.075,                             w_t: 0.1,                             sigma_break: 999
[2024-09-30 02:30:26,650][main][INFO] - Done. You can fine the generated images in /home/nicolas/Repulsive-score-distillation-RSD-/constrained_sampling/_exp/output/rsd_stable_repulsion_gamma30/inp_large_box
[2024-09-30 02:30:26,651][main][INFO] - Input image:00039.png
[2024-09-30 02:30:26,654][main][INFO] - Images loaded and measurements generated
[2024-09-30 02:30:26,691][main][INFO] - Degradated image y saved in /home/nicolas/Repulsive-score-distillation-RSD-/constrained_sampling/_exp/deg/x_deg.png
[2024-09-30 02:30:26,691][main][INFO] - Running setting with coeff: 30,                             lr: (0.4, 0.6),                             rho_reg: 0.075,                             w_t: 0.1,                             sigma_break: 999
[2024-09-30 02:41:24,309][main][INFO] - Done. You can fine the generated images in /home/nicolas/Repulsive-score-distillation-RSD-/constrained_sampling/_exp/output/rsd_stable_repulsion_gamma30/inp_large_box
[2024-09-30 02:41:24,310][main][INFO] - Input image:00040.png
[2024-09-30 02:41:24,313][main][INFO] - Images loaded and measurements generated
[2024-09-30 02:41:24,363][main][INFO] - Degradated image y saved in /home/nicolas/Repulsive-score-distillation-RSD-/constrained_sampling/_exp/deg/x_deg.png
[2024-09-30 02:41:24,364][main][INFO] - Running setting with coeff: 30,                             lr: (0.4, 0.6),                             rho_reg: 0.075,                             w_t: 0.1,                             sigma_break: 999
[2024-09-30 02:52:21,505][main][INFO] - Done. You can fine the generated images in /home/nicolas/Repulsive-score-distillation-RSD-/constrained_sampling/_exp/output/rsd_stable_repulsion_gamma30/inp_large_box
[2024-09-30 02:52:21,505][main][INFO] - Input image:00041.png
[2024-09-30 02:52:21,514][main][INFO] - Images loaded and measurements generated
[2024-09-30 02:52:21,560][main][INFO] - Degradated image y saved in /home/nicolas/Repulsive-score-distillation-RSD-/constrained_sampling/_exp/deg/x_deg.png
[2024-09-30 02:52:21,561][main][INFO] - Running setting with coeff: 30,                             lr: (0.4, 0.6),                             rho_reg: 0.075,                             w_t: 0.1,                             sigma_break: 999
[2024-09-30 03:03:18,703][main][INFO] - Done. You can fine the generated images in /home/nicolas/Repulsive-score-distillation-RSD-/constrained_sampling/_exp/output/rsd_stable_repulsion_gamma30/inp_large_box
[2024-09-30 03:03:18,703][main][INFO] - Input image:00042.png
[2024-09-30 03:03:18,711][main][INFO] - Images loaded and measurements generated
[2024-09-30 03:03:18,751][main][INFO] - Degradated image y saved in /home/nicolas/Repulsive-score-distillation-RSD-/constrained_sampling/_exp/deg/x_deg.png
[2024-09-30 03:03:18,751][main][INFO] - Running setting with coeff: 30,                             lr: (0.4, 0.6),                             rho_reg: 0.075,                             w_t: 0.1,                             sigma_break: 999
[2024-09-30 03:14:14,923][main][INFO] - Done. You can fine the generated images in /home/nicolas/Repulsive-score-distillation-RSD-/constrained_sampling/_exp/output/rsd_stable_repulsion_gamma30/inp_large_box
[2024-09-30 03:14:14,923][main][INFO] - Input image:00043.png
[2024-09-30 03:14:14,926][main][INFO] - Images loaded and measurements generated
[2024-09-30 03:14:14,968][main][INFO] - Degradated image y saved in /home/nicolas/Repulsive-score-distillation-RSD-/constrained_sampling/_exp/deg/x_deg.png
[2024-09-30 03:14:14,968][main][INFO] - Running setting with coeff: 30,                             lr: (0.4, 0.6),                             rho_reg: 0.075,                             w_t: 0.1,                             sigma_break: 999
[2024-09-30 03:25:12,002][main][INFO] - Done. You can fine the generated images in /home/nicolas/Repulsive-score-distillation-RSD-/constrained_sampling/_exp/output/rsd_stable_repulsion_gamma30/inp_large_box
[2024-09-30 03:25:12,002][main][INFO] - Input image:00044.png
[2024-09-30 03:25:12,005][main][INFO] - Images loaded and measurements generated
[2024-09-30 03:25:12,047][main][INFO] - Degradated image y saved in /home/nicolas/Repulsive-score-distillation-RSD-/constrained_sampling/_exp/deg/x_deg.png
[2024-09-30 03:25:12,048][main][INFO] - Running setting with coeff: 30,                             lr: (0.4, 0.6),                             rho_reg: 0.075,                             w_t: 0.1,                             sigma_break: 999
[2024-09-30 03:36:09,161][main][INFO] - Done. You can fine the generated images in /home/nicolas/Repulsive-score-distillation-RSD-/constrained_sampling/_exp/output/rsd_stable_repulsion_gamma30/inp_large_box
[2024-09-30 03:36:09,162][main][INFO] - Input image:00045.png
[2024-09-30 03:36:09,164][main][INFO] - Images loaded and measurements generated
[2024-09-30 03:36:09,205][main][INFO] - Degradated image y saved in /home/nicolas/Repulsive-score-distillation-RSD-/constrained_sampling/_exp/deg/x_deg.png
[2024-09-30 03:36:09,205][main][INFO] - Running setting with coeff: 30,                             lr: (0.4, 0.6),                             rho_reg: 0.075,                             w_t: 0.1,                             sigma_break: 999
[2024-09-30 03:47:06,865][main][INFO] - Done. You can fine the generated images in /home/nicolas/Repulsive-score-distillation-RSD-/constrained_sampling/_exp/output/rsd_stable_repulsion_gamma30/inp_large_box
[2024-09-30 03:47:06,865][main][INFO] - Input image:00046.png
[2024-09-30 03:47:06,868][main][INFO] - Images loaded and measurements generated
[2024-09-30 03:47:06,910][main][INFO] - Degradated image y saved in /home/nicolas/Repulsive-score-distillation-RSD-/constrained_sampling/_exp/deg/x_deg.png
[2024-09-30 03:47:06,910][main][INFO] - Running setting with coeff: 30,                             lr: (0.4, 0.6),                             rho_reg: 0.075,                             w_t: 0.1,                             sigma_break: 999
[2024-09-30 03:58:03,536][main][INFO] - Done. You can fine the generated images in /home/nicolas/Repulsive-score-distillation-RSD-/constrained_sampling/_exp/output/rsd_stable_repulsion_gamma30/inp_large_box
[2024-09-30 03:58:03,536][main][INFO] - Input image:00047.png
[2024-09-30 03:58:03,539][main][INFO] - Images loaded and measurements generated
[2024-09-30 03:58:03,588][main][INFO] - Degradated image y saved in /home/nicolas/Repulsive-score-distillation-RSD-/constrained_sampling/_exp/deg/x_deg.png
[2024-09-30 03:58:03,588][main][INFO] - Running setting with coeff: 30,                             lr: (0.4, 0.6),                             rho_reg: 0.075,                             w_t: 0.1,                             sigma_break: 999
[2024-09-30 04:09:00,722][main][INFO] - Done. You can fine the generated images in /home/nicolas/Repulsive-score-distillation-RSD-/constrained_sampling/_exp/output/rsd_stable_repulsion_gamma30/inp_large_box
[2024-09-30 04:09:00,722][main][INFO] - Input image:00048.png
[2024-09-30 04:09:00,726][main][INFO] - Images loaded and measurements generated
[2024-09-30 04:09:00,765][main][INFO] - Degradated image y saved in /home/nicolas/Repulsive-score-distillation-RSD-/constrained_sampling/_exp/deg/x_deg.png
[2024-09-30 04:09:00,765][main][INFO] - Running setting with coeff: 30,                             lr: (0.4, 0.6),                             rho_reg: 0.075,                             w_t: 0.1,                             sigma_break: 999
[2024-09-30 04:19:56,960][main][INFO] - Done. You can fine the generated images in /home/nicolas/Repulsive-score-distillation-RSD-/constrained_sampling/_exp/output/rsd_stable_repulsion_gamma30/inp_large_box
[2024-09-30 04:19:56,960][main][INFO] - Input image:00049.png
[2024-09-30 04:19:56,963][main][INFO] - Images loaded and measurements generated
[2024-09-30 04:19:57,010][main][INFO] - Degradated image y saved in /home/nicolas/Repulsive-score-distillation-RSD-/constrained_sampling/_exp/deg/x_deg.png
[2024-09-30 04:19:57,010][main][INFO] - Running setting with coeff: 30,                             lr: (0.4, 0.6),                             rho_reg: 0.075,                             w_t: 0.1,                             sigma_break: 999
[2024-09-30 04:30:54,157][main][INFO] - Done. You can fine the generated images in /home/nicolas/Repulsive-score-distillation-RSD-/constrained_sampling/_exp/output/rsd_stable_repulsion_gamma30/inp_large_box
[2024-09-30 04:30:54,157][main][INFO] - Input image:00050.png
[2024-09-30 04:30:54,160][main][INFO] - Images loaded and measurements generated
[2024-09-30 04:30:54,203][main][INFO] - Degradated image y saved in /home/nicolas/Repulsive-score-distillation-RSD-/constrained_sampling/_exp/deg/x_deg.png
[2024-09-30 04:30:54,203][main][INFO] - Running setting with coeff: 30,                             lr: (0.4, 0.6),                             rho_reg: 0.075,                             w_t: 0.1,                             sigma_break: 999
[2024-09-30 04:41:51,541][main][INFO] - Done. You can fine the generated images in /home/nicolas/Repulsive-score-distillation-RSD-/constrained_sampling/_exp/output/rsd_stable_repulsion_gamma30/inp_large_box
[2024-09-30 04:41:51,542][main][INFO] - Input image:00051.png
[2024-09-30 04:41:51,544][main][INFO] - Images loaded and measurements generated
[2024-09-30 04:41:51,585][main][INFO] - Degradated image y saved in /home/nicolas/Repulsive-score-distillation-RSD-/constrained_sampling/_exp/deg/x_deg.png
[2024-09-30 04:41:51,585][main][INFO] - Running setting with coeff: 30,                             lr: (0.4, 0.6),                             rho_reg: 0.075,                             w_t: 0.1,                             sigma_break: 999
[2024-09-30 04:52:48,507][main][INFO] - Done. You can fine the generated images in /home/nicolas/Repulsive-score-distillation-RSD-/constrained_sampling/_exp/output/rsd_stable_repulsion_gamma30/inp_large_box
[2024-09-30 04:52:48,507][main][INFO] - Input image:00052.png
[2024-09-30 04:52:48,509][main][INFO] - Images loaded and measurements generated
[2024-09-30 04:52:48,554][main][INFO] - Degradated image y saved in /home/nicolas/Repulsive-score-distillation-RSD-/constrained_sampling/_exp/deg/x_deg.png
[2024-09-30 04:52:48,554][main][INFO] - Running setting with coeff: 30,                             lr: (0.4, 0.6),                             rho_reg: 0.075,                             w_t: 0.1,                             sigma_break: 999
[2024-09-30 05:03:45,434][main][INFO] - Done. You can fine the generated images in /home/nicolas/Repulsive-score-distillation-RSD-/constrained_sampling/_exp/output/rsd_stable_repulsion_gamma30/inp_large_box
[2024-09-30 05:03:45,434][main][INFO] - Input image:00053.png
[2024-09-30 05:03:45,437][main][INFO] - Images loaded and measurements generated
[2024-09-30 05:03:45,479][main][INFO] - Degradated image y saved in /home/nicolas/Repulsive-score-distillation-RSD-/constrained_sampling/_exp/deg/x_deg.png
[2024-09-30 05:03:45,479][main][INFO] - Running setting with coeff: 30,                             lr: (0.4, 0.6),                             rho_reg: 0.075,                             w_t: 0.1,                             sigma_break: 999
[2024-09-30 05:14:42,843][main][INFO] - Done. You can fine the generated images in /home/nicolas/Repulsive-score-distillation-RSD-/constrained_sampling/_exp/output/rsd_stable_repulsion_gamma30/inp_large_box
[2024-09-30 05:14:42,844][main][INFO] - Input image:00054.png
[2024-09-30 05:14:42,847][main][INFO] - Images loaded and measurements generated
[2024-09-30 05:14:42,889][main][INFO] - Degradated image y saved in /home/nicolas/Repulsive-score-distillation-RSD-/constrained_sampling/_exp/deg/x_deg.png
[2024-09-30 05:14:42,889][main][INFO] - Running setting with coeff: 30,                             lr: (0.4, 0.6),                             rho_reg: 0.075,                             w_t: 0.1,                             sigma_break: 999
[2024-09-30 05:25:39,165][main][INFO] - Done. You can fine the generated images in /home/nicolas/Repulsive-score-distillation-RSD-/constrained_sampling/_exp/output/rsd_stable_repulsion_gamma30/inp_large_box
[2024-09-30 05:25:39,166][main][INFO] - Input image:00055.png
[2024-09-30 05:25:39,173][main][INFO] - Images loaded and measurements generated
[2024-09-30 05:25:39,211][main][INFO] - Degradated image y saved in /home/nicolas/Repulsive-score-distillation-RSD-/constrained_sampling/_exp/deg/x_deg.png
[2024-09-30 05:25:39,211][main][INFO] - Running setting with coeff: 30,                             lr: (0.4, 0.6),                             rho_reg: 0.075,                             w_t: 0.1,                             sigma_break: 999
[2024-09-30 05:36:35,512][main][INFO] - Done. You can fine the generated images in /home/nicolas/Repulsive-score-distillation-RSD-/constrained_sampling/_exp/output/rsd_stable_repulsion_gamma30/inp_large_box
[2024-09-30 05:36:35,512][main][INFO] - Input image:00056.png
[2024-09-30 05:36:35,515][main][INFO] - Images loaded and measurements generated
[2024-09-30 05:36:35,555][main][INFO] - Degradated image y saved in /home/nicolas/Repulsive-score-distillation-RSD-/constrained_sampling/_exp/deg/x_deg.png
[2024-09-30 05:36:35,555][main][INFO] - Running setting with coeff: 30,                             lr: (0.4, 0.6),                             rho_reg: 0.075,                             w_t: 0.1,                             sigma_break: 999
[2024-09-30 05:47:33,162][main][INFO] - Done. You can fine the generated images in /home/nicolas/Repulsive-score-distillation-RSD-/constrained_sampling/_exp/output/rsd_stable_repulsion_gamma30/inp_large_box
[2024-09-30 05:47:33,162][main][INFO] - Input image:00057.png
[2024-09-30 05:47:33,165][main][INFO] - Images loaded and measurements generated
[2024-09-30 05:47:33,210][main][INFO] - Degradated image y saved in /home/nicolas/Repulsive-score-distillation-RSD-/constrained_sampling/_exp/deg/x_deg.png
[2024-09-30 05:47:33,210][main][INFO] - Running setting with coeff: 30,                             lr: (0.4, 0.6),                             rho_reg: 0.075,                             w_t: 0.1,                             sigma_break: 999
[2024-09-30 05:58:30,704][main][INFO] - Done. You can fine the generated images in /home/nicolas/Repulsive-score-distillation-RSD-/constrained_sampling/_exp/output/rsd_stable_repulsion_gamma30/inp_large_box
[2024-09-30 05:58:30,704][main][INFO] - Input image:00058.png
[2024-09-30 05:58:30,707][main][INFO] - Images loaded and measurements generated
[2024-09-30 05:58:30,742][main][INFO] - Degradated image y saved in /home/nicolas/Repulsive-score-distillation-RSD-/constrained_sampling/_exp/deg/x_deg.png
[2024-09-30 05:58:30,742][main][INFO] - Running setting with coeff: 30,                             lr: (0.4, 0.6),                             rho_reg: 0.075,                             w_t: 0.1,                             sigma_break: 999
[2024-09-30 06:09:28,142][main][INFO] - Done. You can fine the generated images in /home/nicolas/Repulsive-score-distillation-RSD-/constrained_sampling/_exp/output/rsd_stable_repulsion_gamma30/inp_large_box
[2024-09-30 06:09:28,143][main][INFO] - Input image:00059.png
[2024-09-30 06:09:28,146][main][INFO] - Images loaded and measurements generated
[2024-09-30 06:09:28,184][main][INFO] - Degradated image y saved in /home/nicolas/Repulsive-score-distillation-RSD-/constrained_sampling/_exp/deg/x_deg.png
[2024-09-30 06:09:28,184][main][INFO] - Running setting with coeff: 30,                             lr: (0.4, 0.6),                             rho_reg: 0.075,                             w_t: 0.1,                             sigma_break: 999
[2024-09-30 06:20:23,808][main][INFO] - Done. You can fine the generated images in /home/nicolas/Repulsive-score-distillation-RSD-/constrained_sampling/_exp/output/rsd_stable_repulsion_gamma30/inp_large_box
[2024-09-30 06:20:23,808][main][INFO] - Input image:00060.png
[2024-09-30 06:20:23,811][main][INFO] - Images loaded and measurements generated
[2024-09-30 06:20:23,847][main][INFO] - Degradated image y saved in /home/nicolas/Repulsive-score-distillation-RSD-/constrained_sampling/_exp/deg/x_deg.png
[2024-09-30 06:20:23,848][main][INFO] - Running setting with coeff: 30,                             lr: (0.4, 0.6),                             rho_reg: 0.075,                             w_t: 0.1,                             sigma_break: 999
[2024-09-30 06:31:16,531][main][INFO] - Done. You can fine the generated images in /home/nicolas/Repulsive-score-distillation-RSD-/constrained_sampling/_exp/output/rsd_stable_repulsion_gamma30/inp_large_box
[2024-09-30 06:31:16,532][main][INFO] - Input image:00061.png
[2024-09-30 06:31:16,543][main][INFO] - Images loaded and measurements generated
[2024-09-30 06:31:16,585][main][INFO] - Degradated image y saved in /home/nicolas/Repulsive-score-distillation-RSD-/constrained_sampling/_exp/deg/x_deg.png
[2024-09-30 06:31:16,585][main][INFO] - Running setting with coeff: 30,                             lr: (0.4, 0.6),                             rho_reg: 0.075,                             w_t: 0.1,                             sigma_break: 999
[2024-09-30 06:42:08,819][main][INFO] - Done. You can fine the generated images in /home/nicolas/Repulsive-score-distillation-RSD-/constrained_sampling/_exp/output/rsd_stable_repulsion_gamma30/inp_large_box
[2024-09-30 06:42:08,820][main][INFO] - Input image:00062.png
[2024-09-30 06:42:08,823][main][INFO] - Images loaded and measurements generated
[2024-09-30 06:42:08,867][main][INFO] - Degradated image y saved in /home/nicolas/Repulsive-score-distillation-RSD-/constrained_sampling/_exp/deg/x_deg.png
[2024-09-30 06:42:08,867][main][INFO] - Running setting with coeff: 30,                             lr: (0.4, 0.6),                             rho_reg: 0.075,                             w_t: 0.1,                             sigma_break: 999
[2024-09-30 06:53:00,255][main][INFO] - Done. You can fine the generated images in /home/nicolas/Repulsive-score-distillation-RSD-/constrained_sampling/_exp/output/rsd_stable_repulsion_gamma30/inp_large_box
[2024-09-30 06:53:00,255][main][INFO] - Input image:00063.png
[2024-09-30 06:53:00,258][main][INFO] - Images loaded and measurements generated
[2024-09-30 06:53:00,294][main][INFO] - Degradated image y saved in /home/nicolas/Repulsive-score-distillation-RSD-/constrained_sampling/_exp/deg/x_deg.png
[2024-09-30 06:53:00,294][main][INFO] - Running setting with coeff: 30,                             lr: (0.4, 0.6),                             rho_reg: 0.075,                             w_t: 0.1,                             sigma_break: 999
[2024-09-30 07:03:51,030][main][INFO] - Done. You can fine the generated images in /home/nicolas/Repulsive-score-distillation-RSD-/constrained_sampling/_exp/output/rsd_stable_repulsion_gamma30/inp_large_box
[2024-09-30 07:03:51,030][main][INFO] - Input image:00064.png
[2024-09-30 07:03:51,034][main][INFO] - Images loaded and measurements generated
[2024-09-30 07:03:51,063][main][INFO] - Degradated image y saved in /home/nicolas/Repulsive-score-distillation-RSD-/constrained_sampling/_exp/deg/x_deg.png
[2024-09-30 07:03:51,063][main][INFO] - Running setting with coeff: 30,                             lr: (0.4, 0.6),                             rho_reg: 0.075,                             w_t: 0.1,                             sigma_break: 999
[2024-09-30 07:14:38,511][main][INFO] - Done. You can fine the generated images in /home/nicolas/Repulsive-score-distillation-RSD-/constrained_sampling/_exp/output/rsd_stable_repulsion_gamma30/inp_large_box
[2024-09-30 07:14:38,511][main][INFO] - Input image:00065.png
[2024-09-30 07:14:38,515][main][INFO] - Images loaded and measurements generated
[2024-09-30 07:14:38,553][main][INFO] - Degradated image y saved in /home/nicolas/Repulsive-score-distillation-RSD-/constrained_sampling/_exp/deg/x_deg.png
[2024-09-30 07:14:38,554][main][INFO] - Running setting with coeff: 30,                             lr: (0.4, 0.6),                             rho_reg: 0.075,                             w_t: 0.1,                             sigma_break: 999
[2024-09-30 07:25:27,428][main][INFO] - Done. You can fine the generated images in /home/nicolas/Repulsive-score-distillation-RSD-/constrained_sampling/_exp/output/rsd_stable_repulsion_gamma30/inp_large_box
[2024-09-30 07:25:27,429][main][INFO] - Input image:00066.png
[2024-09-30 07:25:27,434][main][INFO] - Images loaded and measurements generated
[2024-09-30 07:25:27,470][main][INFO] - Degradated image y saved in /home/nicolas/Repulsive-score-distillation-RSD-/constrained_sampling/_exp/deg/x_deg.png
[2024-09-30 07:25:27,470][main][INFO] - Running setting with coeff: 30,                             lr: (0.4, 0.6),                             rho_reg: 0.075,                             w_t: 0.1,                             sigma_break: 999
[2024-09-30 07:36:16,424][main][INFO] - Done. You can fine the generated images in /home/nicolas/Repulsive-score-distillation-RSD-/constrained_sampling/_exp/output/rsd_stable_repulsion_gamma30/inp_large_box
[2024-09-30 07:36:16,424][main][INFO] - Input image:00067.png
[2024-09-30 07:36:16,427][main][INFO] - Images loaded and measurements generated
[2024-09-30 07:36:16,470][main][INFO] - Degradated image y saved in /home/nicolas/Repulsive-score-distillation-RSD-/constrained_sampling/_exp/deg/x_deg.png
[2024-09-30 07:36:16,470][main][INFO] - Running setting with coeff: 30,                             lr: (0.4, 0.6),                             rho_reg: 0.075,                             w_t: 0.1,                             sigma_break: 999
[2024-09-30 07:47:05,060][main][INFO] - Done. You can fine the generated images in /home/nicolas/Repulsive-score-distillation-RSD-/constrained_sampling/_exp/output/rsd_stable_repulsion_gamma30/inp_large_box
[2024-09-30 07:47:05,060][main][INFO] - Input image:00068.png
[2024-09-30 07:47:05,064][main][INFO] - Images loaded and measurements generated
[2024-09-30 07:47:05,109][main][INFO] - Degradated image y saved in /home/nicolas/Repulsive-score-distillation-RSD-/constrained_sampling/_exp/deg/x_deg.png
[2024-09-30 07:47:05,109][main][INFO] - Running setting with coeff: 30,                             lr: (0.4, 0.6),                             rho_reg: 0.075,                             w_t: 0.1,                             sigma_break: 999
[2024-09-30 07:57:53,348][main][INFO] - Done. You can fine the generated images in /home/nicolas/Repulsive-score-distillation-RSD-/constrained_sampling/_exp/output/rsd_stable_repulsion_gamma30/inp_large_box
[2024-09-30 07:57:53,349][main][INFO] - Input image:00069.png
[2024-09-30 07:57:53,352][main][INFO] - Images loaded and measurements generated
[2024-09-30 07:57:53,393][main][INFO] - Degradated image y saved in /home/nicolas/Repulsive-score-distillation-RSD-/constrained_sampling/_exp/deg/x_deg.png
[2024-09-30 07:57:53,393][main][INFO] - Running setting with coeff: 30,                             lr: (0.4, 0.6),                             rho_reg: 0.075,                             w_t: 0.1,                             sigma_break: 999
[2024-09-30 08:08:40,934][main][INFO] - Done. You can fine the generated images in /home/nicolas/Repulsive-score-distillation-RSD-/constrained_sampling/_exp/output/rsd_stable_repulsion_gamma30/inp_large_box
[2024-09-30 08:08:40,934][main][INFO] - Input image:00070.png
[2024-09-30 08:08:40,936][main][INFO] - Images loaded and measurements generated
[2024-09-30 08:08:40,978][main][INFO] - Degradated image y saved in /home/nicolas/Repulsive-score-distillation-RSD-/constrained_sampling/_exp/deg/x_deg.png
[2024-09-30 08:08:40,978][main][INFO] - Running setting with coeff: 30,                             lr: (0.4, 0.6),                             rho_reg: 0.075,                             w_t: 0.1,                             sigma_break: 999
[2024-09-30 08:19:29,103][main][INFO] - Done. You can fine the generated images in /home/nicolas/Repulsive-score-distillation-RSD-/constrained_sampling/_exp/output/rsd_stable_repulsion_gamma30/inp_large_box
[2024-09-30 08:19:29,103][main][INFO] - Input image:00071.png
[2024-09-30 08:19:29,106][main][INFO] - Images loaded and measurements generated
[2024-09-30 08:19:29,148][main][INFO] - Degradated image y saved in /home/nicolas/Repulsive-score-distillation-RSD-/constrained_sampling/_exp/deg/x_deg.png
[2024-09-30 08:19:29,148][main][INFO] - Running setting with coeff: 30,                             lr: (0.4, 0.6),                             rho_reg: 0.075,                             w_t: 0.1,                             sigma_break: 999
[2024-09-30 08:30:17,429][main][INFO] - Done. You can fine the generated images in /home/nicolas/Repulsive-score-distillation-RSD-/constrained_sampling/_exp/output/rsd_stable_repulsion_gamma30/inp_large_box
[2024-09-30 08:30:17,430][main][INFO] - Input image:00072.png
[2024-09-30 08:30:17,434][main][INFO] - Images loaded and measurements generated
[2024-09-30 08:30:17,475][main][INFO] - Degradated image y saved in /home/nicolas/Repulsive-score-distillation-RSD-/constrained_sampling/_exp/deg/x_deg.png
[2024-09-30 08:30:17,475][main][INFO] - Running setting with coeff: 30,                             lr: (0.4, 0.6),                             rho_reg: 0.075,                             w_t: 0.1,                             sigma_break: 999
[2024-09-30 08:41:08,208][main][INFO] - Done. You can fine the generated images in /home/nicolas/Repulsive-score-distillation-RSD-/constrained_sampling/_exp/output/rsd_stable_repulsion_gamma30/inp_large_box
[2024-09-30 08:41:08,209][main][INFO] - Input image:00073.png
[2024-09-30 08:41:08,212][main][INFO] - Images loaded and measurements generated
[2024-09-30 08:41:08,256][main][INFO] - Degradated image y saved in /home/nicolas/Repulsive-score-distillation-RSD-/constrained_sampling/_exp/deg/x_deg.png
[2024-09-30 08:41:08,257][main][INFO] - Running setting with coeff: 30,                             lr: (0.4, 0.6),                             rho_reg: 0.075,                             w_t: 0.1,                             sigma_break: 999
[2024-09-30 08:51:51,717][main][INFO] - Done. You can fine the generated images in /home/nicolas/Repulsive-score-distillation-RSD-/constrained_sampling/_exp/output/rsd_stable_repulsion_gamma30/inp_large_box
[2024-09-30 08:51:51,718][main][INFO] - Input image:00074.png
[2024-09-30 08:51:51,721][main][INFO] - Images loaded and measurements generated
[2024-09-30 08:51:51,766][main][INFO] - Degradated image y saved in /home/nicolas/Repulsive-score-distillation-RSD-/constrained_sampling/_exp/deg/x_deg.png
[2024-09-30 08:51:51,766][main][INFO] - Running setting with coeff: 30,                             lr: (0.4, 0.6),                             rho_reg: 0.075,                             w_t: 0.1,                             sigma_break: 999
[2024-09-30 09:02:37,650][main][INFO] - Done. You can fine the generated images in /home/nicolas/Repulsive-score-distillation-RSD-/constrained_sampling/_exp/output/rsd_stable_repulsion_gamma30/inp_large_box
[2024-09-30 09:02:37,651][main][INFO] - Input image:00075.png
[2024-09-30 09:02:37,653][main][INFO] - Images loaded and measurements generated
[2024-09-30 09:02:37,695][main][INFO] - Degradated image y saved in /home/nicolas/Repulsive-score-distillation-RSD-/constrained_sampling/_exp/deg/x_deg.png
[2024-09-30 09:02:37,695][main][INFO] - Running setting with coeff: 30,                             lr: (0.4, 0.6),                             rho_reg: 0.075,                             w_t: 0.1,                             sigma_break: 999
[2024-09-30 09:13:25,216][main][INFO] - Done. You can fine the generated images in /home/nicolas/Repulsive-score-distillation-RSD-/constrained_sampling/_exp/output/rsd_stable_repulsion_gamma30/inp_large_box
[2024-09-30 09:13:25,216][main][INFO] - Input image:00076.png
[2024-09-30 09:13:25,220][main][INFO] - Images loaded and measurements generated
[2024-09-30 09:13:25,261][main][INFO] - Degradated image y saved in /home/nicolas/Repulsive-score-distillation-RSD-/constrained_sampling/_exp/deg/x_deg.png
[2024-09-30 09:13:25,262][main][INFO] - Running setting with coeff: 30,                             lr: (0.4, 0.6),                             rho_reg: 0.075,                             w_t: 0.1,                             sigma_break: 999
[2024-09-30 09:24:17,147][main][INFO] - Done. You can fine the generated images in /home/nicolas/Repulsive-score-distillation-RSD-/constrained_sampling/_exp/output/rsd_stable_repulsion_gamma30/inp_large_box
[2024-09-30 09:24:17,148][main][INFO] - Input image:00077.png
[2024-09-30 09:24:17,151][main][INFO] - Images loaded and measurements generated
[2024-09-30 09:24:17,195][main][INFO] - Degradated image y saved in /home/nicolas/Repulsive-score-distillation-RSD-/constrained_sampling/_exp/deg/x_deg.png
[2024-09-30 09:24:17,195][main][INFO] - Running setting with coeff: 30,                             lr: (0.4, 0.6),                             rho_reg: 0.075,                             w_t: 0.1,                             sigma_break: 999
[2024-09-30 09:35:09,673][main][INFO] - Done. You can fine the generated images in /home/nicolas/Repulsive-score-distillation-RSD-/constrained_sampling/_exp/output/rsd_stable_repulsion_gamma30/inp_large_box
[2024-09-30 09:35:09,673][main][INFO] - Input image:00078.png
[2024-09-30 09:35:09,680][main][INFO] - Images loaded and measurements generated
[2024-09-30 09:35:09,721][main][INFO] - Degradated image y saved in /home/nicolas/Repulsive-score-distillation-RSD-/constrained_sampling/_exp/deg/x_deg.png
[2024-09-30 09:35:09,722][main][INFO] - Running setting with coeff: 30,                             lr: (0.4, 0.6),                             rho_reg: 0.075,                             w_t: 0.1,                             sigma_break: 999
[2024-09-30 09:45:57,383][main][INFO] - Done. You can fine the generated images in /home/nicolas/Repulsive-score-distillation-RSD-/constrained_sampling/_exp/output/rsd_stable_repulsion_gamma30/inp_large_box
[2024-09-30 09:45:57,383][main][INFO] - Input image:00079.png
[2024-09-30 09:45:57,386][main][INFO] - Images loaded and measurements generated
[2024-09-30 09:45:57,425][main][INFO] - Degradated image y saved in /home/nicolas/Repulsive-score-distillation-RSD-/constrained_sampling/_exp/deg/x_deg.png
[2024-09-30 09:45:57,425][main][INFO] - Running setting with coeff: 30,                             lr: (0.4, 0.6),                             rho_reg: 0.075,                             w_t: 0.1,                             sigma_break: 999
[2024-09-30 09:56:48,756][main][INFO] - Done. You can fine the generated images in /home/nicolas/Repulsive-score-distillation-RSD-/constrained_sampling/_exp/output/rsd_stable_repulsion_gamma30/inp_large_box
[2024-09-30 09:56:48,756][main][INFO] - Input image:00080.png
[2024-09-30 09:56:48,763][main][INFO] - Images loaded and measurements generated
[2024-09-30 09:56:48,803][main][INFO] - Degradated image y saved in /home/nicolas/Repulsive-score-distillation-RSD-/constrained_sampling/_exp/deg/x_deg.png
[2024-09-30 09:56:48,803][main][INFO] - Running setting with coeff: 30,                             lr: (0.4, 0.6),                             rho_reg: 0.075,                             w_t: 0.1,                             sigma_break: 999
[2024-09-30 10:07:37,683][main][INFO] - Done. You can fine the generated images in /home/nicolas/Repulsive-score-distillation-RSD-/constrained_sampling/_exp/output/rsd_stable_repulsion_gamma30/inp_large_box
[2024-09-30 10:07:37,684][main][INFO] - Input image:00081.png
[2024-09-30 10:07:37,686][main][INFO] - Images loaded and measurements generated
[2024-09-30 10:07:37,720][main][INFO] - Degradated image y saved in /home/nicolas/Repulsive-score-distillation-RSD-/constrained_sampling/_exp/deg/x_deg.png
[2024-09-30 10:07:37,720][main][INFO] - Running setting with coeff: 30,                             lr: (0.4, 0.6),                             rho_reg: 0.075,                             w_t: 0.1,                             sigma_break: 999
[2024-09-30 10:18:23,845][main][INFO] - Done. You can fine the generated images in /home/nicolas/Repulsive-score-distillation-RSD-/constrained_sampling/_exp/output/rsd_stable_repulsion_gamma30/inp_large_box
[2024-09-30 10:18:23,845][main][INFO] - Input image:00082.png
[2024-09-30 10:18:23,848][main][INFO] - Images loaded and measurements generated
[2024-09-30 10:18:23,885][main][INFO] - Degradated image y saved in /home/nicolas/Repulsive-score-distillation-RSD-/constrained_sampling/_exp/deg/x_deg.png
[2024-09-30 10:18:23,886][main][INFO] - Running setting with coeff: 30,                             lr: (0.4, 0.6),                             rho_reg: 0.075,                             w_t: 0.1,                             sigma_break: 999
[2024-09-30 10:29:11,338][main][INFO] - Done. You can fine the generated images in /home/nicolas/Repulsive-score-distillation-RSD-/constrained_sampling/_exp/output/rsd_stable_repulsion_gamma30/inp_large_box
[2024-09-30 10:29:11,339][main][INFO] - Input image:00083.png
[2024-09-30 10:29:11,341][main][INFO] - Images loaded and measurements generated
[2024-09-30 10:29:11,380][main][INFO] - Degradated image y saved in /home/nicolas/Repulsive-score-distillation-RSD-/constrained_sampling/_exp/deg/x_deg.png
[2024-09-30 10:29:11,380][main][INFO] - Running setting with coeff: 30,                             lr: (0.4, 0.6),                             rho_reg: 0.075,                             w_t: 0.1,                             sigma_break: 999
[2024-09-30 10:39:59,947][main][INFO] - Done. You can fine the generated images in /home/nicolas/Repulsive-score-distillation-RSD-/constrained_sampling/_exp/output/rsd_stable_repulsion_gamma30/inp_large_box
[2024-09-30 10:39:59,947][main][INFO] - Input image:00084.png
[2024-09-30 10:39:59,950][main][INFO] - Images loaded and measurements generated
[2024-09-30 10:39:59,989][main][INFO] - Degradated image y saved in /home/nicolas/Repulsive-score-distillation-RSD-/constrained_sampling/_exp/deg/x_deg.png
[2024-09-30 10:39:59,989][main][INFO] - Running setting with coeff: 30,                             lr: (0.4, 0.6),                             rho_reg: 0.075,                             w_t: 0.1,                             sigma_break: 999
[2024-09-30 10:50:47,543][main][INFO] - Done. You can fine the generated images in /home/nicolas/Repulsive-score-distillation-RSD-/constrained_sampling/_exp/output/rsd_stable_repulsion_gamma30/inp_large_box
[2024-09-30 10:50:47,543][main][INFO] - Input image:00085.png
[2024-09-30 10:50:47,546][main][INFO] - Images loaded and measurements generated
[2024-09-30 10:50:47,587][main][INFO] - Degradated image y saved in /home/nicolas/Repulsive-score-distillation-RSD-/constrained_sampling/_exp/deg/x_deg.png
[2024-09-30 10:50:47,587][main][INFO] - Running setting with coeff: 30,                             lr: (0.4, 0.6),                             rho_reg: 0.075,                             w_t: 0.1,                             sigma_break: 999
[2024-09-30 11:01:35,497][main][INFO] - Done. You can fine the generated images in /home/nicolas/Repulsive-score-distillation-RSD-/constrained_sampling/_exp/output/rsd_stable_repulsion_gamma30/inp_large_box
[2024-09-30 11:01:35,498][main][INFO] - Input image:00086.png
[2024-09-30 11:01:35,501][main][INFO] - Images loaded and measurements generated
[2024-09-30 11:01:35,536][main][INFO] - Degradated image y saved in /home/nicolas/Repulsive-score-distillation-RSD-/constrained_sampling/_exp/deg/x_deg.png
[2024-09-30 11:01:35,537][main][INFO] - Running setting with coeff: 30,                             lr: (0.4, 0.6),                             rho_reg: 0.075,                             w_t: 0.1,                             sigma_break: 999
[2024-09-30 11:12:20,215][main][INFO] - Done. You can fine the generated images in /home/nicolas/Repulsive-score-distillation-RSD-/constrained_sampling/_exp/output/rsd_stable_repulsion_gamma30/inp_large_box
[2024-09-30 11:12:20,215][main][INFO] - Input image:00087.png
[2024-09-30 11:12:20,219][main][INFO] - Images loaded and measurements generated
[2024-09-30 11:12:20,265][main][INFO] - Degradated image y saved in /home/nicolas/Repulsive-score-distillation-RSD-/constrained_sampling/_exp/deg/x_deg.png
[2024-09-30 11:12:20,265][main][INFO] - Running setting with coeff: 30,                             lr: (0.4, 0.6),                             rho_reg: 0.075,                             w_t: 0.1,                             sigma_break: 999
[2024-09-30 11:23:09,419][main][INFO] - Done. You can fine the generated images in /home/nicolas/Repulsive-score-distillation-RSD-/constrained_sampling/_exp/output/rsd_stable_repulsion_gamma30/inp_large_box
[2024-09-30 11:23:09,419][main][INFO] - Input image:00088.png
[2024-09-30 11:23:09,423][main][INFO] - Images loaded and measurements generated
[2024-09-30 11:23:09,464][main][INFO] - Degradated image y saved in /home/nicolas/Repulsive-score-distillation-RSD-/constrained_sampling/_exp/deg/x_deg.png
[2024-09-30 11:23:09,464][main][INFO] - Running setting with coeff: 30,                             lr: (0.4, 0.6),                             rho_reg: 0.075,                             w_t: 0.1,                             sigma_break: 999
[2024-09-30 11:33:54,644][main][INFO] - Done. You can fine the generated images in /home/nicolas/Repulsive-score-distillation-RSD-/constrained_sampling/_exp/output/rsd_stable_repulsion_gamma30/inp_large_box
[2024-09-30 11:33:54,644][main][INFO] - Input image:00089.png
[2024-09-30 11:33:54,652][main][INFO] - Images loaded and measurements generated
[2024-09-30 11:33:54,691][main][INFO] - Degradated image y saved in /home/nicolas/Repulsive-score-distillation-RSD-/constrained_sampling/_exp/deg/x_deg.png
[2024-09-30 11:33:54,691][main][INFO] - Running setting with coeff: 30,                             lr: (0.4, 0.6),                             rho_reg: 0.075,                             w_t: 0.1,                             sigma_break: 999
[2024-09-30 11:44:43,595][main][INFO] - Done. You can fine the generated images in /home/nicolas/Repulsive-score-distillation-RSD-/constrained_sampling/_exp/output/rsd_stable_repulsion_gamma30/inp_large_box
[2024-09-30 11:44:43,595][main][INFO] - Input image:00090.png
[2024-09-30 11:44:43,598][main][INFO] - Images loaded and measurements generated
[2024-09-30 11:44:43,646][main][INFO] - Degradated image y saved in /home/nicolas/Repulsive-score-distillation-RSD-/constrained_sampling/_exp/deg/x_deg.png
[2024-09-30 11:44:43,646][main][INFO] - Running setting with coeff: 30,                             lr: (0.4, 0.6),                             rho_reg: 0.075,                             w_t: 0.1,                             sigma_break: 999
[2024-09-30 11:55:31,670][main][INFO] - Done. You can fine the generated images in /home/nicolas/Repulsive-score-distillation-RSD-/constrained_sampling/_exp/output/rsd_stable_repulsion_gamma30/inp_large_box
[2024-09-30 11:55:31,670][main][INFO] - Input image:00091.png
[2024-09-30 11:55:31,673][main][INFO] - Images loaded and measurements generated
[2024-09-30 11:55:31,718][main][INFO] - Degradated image y saved in /home/nicolas/Repulsive-score-distillation-RSD-/constrained_sampling/_exp/deg/x_deg.png
[2024-09-30 11:55:31,718][main][INFO] - Running setting with coeff: 30,                             lr: (0.4, 0.6),                             rho_reg: 0.075,                             w_t: 0.1,                             sigma_break: 999
[2024-09-30 12:06:18,614][main][INFO] - Done. You can fine the generated images in /home/nicolas/Repulsive-score-distillation-RSD-/constrained_sampling/_exp/output/rsd_stable_repulsion_gamma30/inp_large_box
[2024-09-30 12:06:18,615][main][INFO] - Input image:00092.png
[2024-09-30 12:06:18,617][main][INFO] - Images loaded and measurements generated
[2024-09-30 12:06:18,666][main][INFO] - Degradated image y saved in /home/nicolas/Repulsive-score-distillation-RSD-/constrained_sampling/_exp/deg/x_deg.png
[2024-09-30 12:06:18,666][main][INFO] - Running setting with coeff: 30,                             lr: (0.4, 0.6),                             rho_reg: 0.075,                             w_t: 0.1,                             sigma_break: 999
[2024-09-30 12:17:05,241][main][INFO] - Done. You can fine the generated images in /home/nicolas/Repulsive-score-distillation-RSD-/constrained_sampling/_exp/output/rsd_stable_repulsion_gamma30/inp_large_box
[2024-09-30 12:17:05,241][main][INFO] - Input image:00093.png
[2024-09-30 12:17:05,244][main][INFO] - Images loaded and measurements generated
[2024-09-30 12:17:05,286][main][INFO] - Degradated image y saved in /home/nicolas/Repulsive-score-distillation-RSD-/constrained_sampling/_exp/deg/x_deg.png
[2024-09-30 12:17:05,287][main][INFO] - Running setting with coeff: 30,                             lr: (0.4, 0.6),                             rho_reg: 0.075,                             w_t: 0.1,                             sigma_break: 999
[2024-09-30 12:27:53,413][main][INFO] - Done. You can fine the generated images in /home/nicolas/Repulsive-score-distillation-RSD-/constrained_sampling/_exp/output/rsd_stable_repulsion_gamma30/inp_large_box
[2024-09-30 12:27:53,414][main][INFO] - Input image:00094.png
[2024-09-30 12:27:53,417][main][INFO] - Images loaded and measurements generated
[2024-09-30 12:27:53,456][main][INFO] - Degradated image y saved in /home/nicolas/Repulsive-score-distillation-RSD-/constrained_sampling/_exp/deg/x_deg.png
[2024-09-30 12:27:53,457][main][INFO] - Running setting with coeff: 30,                             lr: (0.4, 0.6),                             rho_reg: 0.075,                             w_t: 0.1,                             sigma_break: 999
[2024-09-30 12:38:45,158][main][INFO] - Done. You can fine the generated images in /home/nicolas/Repulsive-score-distillation-RSD-/constrained_sampling/_exp/output/rsd_stable_repulsion_gamma30/inp_large_box
[2024-09-30 12:38:45,158][main][INFO] - Input image:00095.png
[2024-09-30 12:38:45,161][main][INFO] - Images loaded and measurements generated
[2024-09-30 12:38:45,199][main][INFO] - Degradated image y saved in /home/nicolas/Repulsive-score-distillation-RSD-/constrained_sampling/_exp/deg/x_deg.png
[2024-09-30 12:38:45,199][main][INFO] - Running setting with coeff: 30,                             lr: (0.4, 0.6),                             rho_reg: 0.075,                             w_t: 0.1,                             sigma_break: 999
[2024-09-30 12:49:34,813][main][INFO] - Done. You can fine the generated images in /home/nicolas/Repulsive-score-distillation-RSD-/constrained_sampling/_exp/output/rsd_stable_repulsion_gamma30/inp_large_box
[2024-09-30 12:49:34,814][main][INFO] - Input image:00096.png
[2024-09-30 12:49:34,817][main][INFO] - Images loaded and measurements generated
[2024-09-30 12:49:34,857][main][INFO] - Degradated image y saved in /home/nicolas/Repulsive-score-distillation-RSD-/constrained_sampling/_exp/deg/x_deg.png
[2024-09-30 12:49:34,858][main][INFO] - Running setting with coeff: 30,                             lr: (0.4, 0.6),                             rho_reg: 0.075,                             w_t: 0.1,                             sigma_break: 999
[2024-09-30 13:00:20,687][main][INFO] - Done. You can fine the generated images in /home/nicolas/Repulsive-score-distillation-RSD-/constrained_sampling/_exp/output/rsd_stable_repulsion_gamma30/inp_large_box
[2024-09-30 13:00:20,688][main][INFO] - Input image:00097.png
[2024-09-30 13:00:20,695][main][INFO] - Images loaded and measurements generated
[2024-09-30 13:00:20,737][main][INFO] - Degradated image y saved in /home/nicolas/Repulsive-score-distillation-RSD-/constrained_sampling/_exp/deg/x_deg.png
[2024-09-30 13:00:20,737][main][INFO] - Running setting with coeff: 30,                             lr: (0.4, 0.6),                             rho_reg: 0.075,                             w_t: 0.1,                             sigma_break: 999
[2024-09-30 13:11:05,092][main][INFO] - Done. You can fine the generated images in /home/nicolas/Repulsive-score-distillation-RSD-/constrained_sampling/_exp/output/rsd_stable_repulsion_gamma30/inp_large_box
[2024-09-30 13:11:05,092][main][INFO] - Input image:00098.png
[2024-09-30 13:11:05,095][main][INFO] - Images loaded and measurements generated
[2024-09-30 13:11:05,135][main][INFO] - Degradated image y saved in /home/nicolas/Repulsive-score-distillation-RSD-/constrained_sampling/_exp/deg/x_deg.png
[2024-09-30 13:11:05,135][main][INFO] - Running setting with coeff: 30,                             lr: (0.4, 0.6),                             rho_reg: 0.075,                             w_t: 0.1,                             sigma_break: 999
[2024-09-30 13:21:47,648][main][INFO] - Done. You can fine the generated images in /home/nicolas/Repulsive-score-distillation-RSD-/constrained_sampling/_exp/output/rsd_stable_repulsion_gamma30/inp_large_box
[2024-09-30 13:21:47,648][main][INFO] - Input image:00099.png
[2024-09-30 13:21:47,651][main][INFO] - Images loaded and measurements generated
[2024-09-30 13:21:47,695][main][INFO] - Degradated image y saved in /home/nicolas/Repulsive-score-distillation-RSD-/constrained_sampling/_exp/deg/x_deg.png
[2024-09-30 13:21:47,695][main][INFO] - Running setting with coeff: 30,                             lr: (0.4, 0.6),                             rho_reg: 0.075,                             w_t: 0.1,                             sigma_break: 999
[2024-09-30 13:32:30,636][main][INFO] - Done. You can fine the generated images in /home/nicolas/Repulsive-score-distillation-RSD-/constrained_sampling/_exp/output/rsd_stable_repulsion_gamma30/inp_large_box
[2024-09-30 13:32:30,637][main][INFO] - Input image:00100.png
[2024-09-30 13:32:30,641][main][INFO] - Images loaded and measurements generated
[2024-09-30 13:32:30,678][main][INFO] - Degradated image y saved in /home/nicolas/Repulsive-score-distillation-RSD-/constrained_sampling/_exp/deg/x_deg.png
[2024-09-30 13:32:30,678][main][INFO] - Running setting with coeff: 30,                             lr: (0.4, 0.6),                             rho_reg: 0.075,                             w_t: 0.1,                             sigma_break: 999
[2024-09-30 13:43:12,630][main][INFO] - Done. You can fine the generated images in /home/nicolas/Repulsive-score-distillation-RSD-/constrained_sampling/_exp/output/rsd_stable_repulsion_gamma30/inp_large_box
[2024-09-30 13:43:12,630][main][INFO] - Input image:00101.png
[2024-09-30 13:43:12,638][main][INFO] - Images loaded and measurements generated
[2024-09-30 13:43:12,680][main][INFO] - Degradated image y saved in /home/nicolas/Repulsive-score-distillation-RSD-/constrained_sampling/_exp/deg/x_deg.png
[2024-09-30 13:43:12,680][main][INFO] - Running setting with coeff: 30,                             lr: (0.4, 0.6),                             rho_reg: 0.075,                             w_t: 0.1,                             sigma_break: 999
[2024-09-30 13:53:56,948][main][INFO] - Done. You can fine the generated images in /home/nicolas/Repulsive-score-distillation-RSD-/constrained_sampling/_exp/output/rsd_stable_repulsion_gamma30/inp_large_box
[2024-09-30 13:53:56,949][main][INFO] - Input image:00102.png
[2024-09-30 13:53:56,952][main][INFO] - Images loaded and measurements generated
[2024-09-30 13:53:56,995][main][INFO] - Degradated image y saved in /home/nicolas/Repulsive-score-distillation-RSD-/constrained_sampling/_exp/deg/x_deg.png
[2024-09-30 13:53:56,995][main][INFO] - Running setting with coeff: 30,                             lr: (0.4, 0.6),                             rho_reg: 0.075,                             w_t: 0.1,                             sigma_break: 999
[2024-09-30 14:04:41,887][main][INFO] - Done. You can fine the generated images in /home/nicolas/Repulsive-score-distillation-RSD-/constrained_sampling/_exp/output/rsd_stable_repulsion_gamma30/inp_large_box
[2024-09-30 14:04:41,887][main][INFO] - Input image:00103.png
[2024-09-30 14:04:41,891][main][INFO] - Images loaded and measurements generated
[2024-09-30 14:04:41,927][main][INFO] - Degradated image y saved in /home/nicolas/Repulsive-score-distillation-RSD-/constrained_sampling/_exp/deg/x_deg.png
[2024-09-30 14:04:41,928][main][INFO] - Running setting with coeff: 30,                             lr: (0.4, 0.6),                             rho_reg: 0.075,                             w_t: 0.1,                             sigma_break: 999
[2024-09-30 14:15:26,114][main][INFO] - Done. You can fine the generated images in /home/nicolas/Repulsive-score-distillation-RSD-/constrained_sampling/_exp/output/rsd_stable_repulsion_gamma30/inp_large_box
[2024-09-30 14:15:26,115][main][INFO] - Input image:00104.png
[2024-09-30 14:15:26,118][main][INFO] - Images loaded and measurements generated
[2024-09-30 14:15:26,167][main][INFO] - Degradated image y saved in /home/nicolas/Repulsive-score-distillation-RSD-/constrained_sampling/_exp/deg/x_deg.png
[2024-09-30 14:15:26,167][main][INFO] - Running setting with coeff: 30,                             lr: (0.4, 0.6),                             rho_reg: 0.075,                             w_t: 0.1,                             sigma_break: 999
