[2024-09-16 17:15:26,525][main][INFO] - Experiment name is RSD
[2024-09-16 17:15:28,112][main][INFO] - Model loaded
[2024-09-16 17:15:29,189][main][INFO] - Degradation model loaded. The experiment corresponds to hdr
[2024-09-16 17:15:29,190][main][INFO] - Dataset size is 1000
[2024-09-16 17:15:29,413][main][INFO] - Input image:00000.png
[2024-09-16 17:15:29,461][main][INFO] - Images loaded and measurements generated
[2024-09-16 17:15:29,514][main][INFO] - Degradated image y saved in /home/nicolas/Repulsive-score-distillation-RSD-/constrained_sampling/_exp/deg/x_deg.png
[2024-09-16 17:15:29,514][main][INFO] - Running setting with coeff: 0,                             lr: (0.1, 0.2),                             rho_reg: 0.2,                             w_t: 0.001
[2024-09-16 17:31:54,260][main][INFO] - Done. You can fine the generated images in /home/nicolas/Repulsive-score-distillation-RSD-/constrained_sampling/_exp/output/rsd_stable/hdr
[2024-09-16 17:31:54,260][main][INFO] - Input image:00001.png
[2024-09-16 17:31:54,263][main][INFO] - Images loaded and measurements generated
[2024-09-16 17:31:54,308][main][INFO] - Degradated image y saved in /home/nicolas/Repulsive-score-distillation-RSD-/constrained_sampling/_exp/deg/x_deg.png
[2024-09-16 17:31:54,308][main][INFO] - Running setting with coeff: 0,                             lr: (0.1, 0.2),                             rho_reg: 0.2,                             w_t: 0.001
[2024-09-16 17:48:20,201][main][INFO] - Done. You can fine the generated images in /home/nicolas/Repulsive-score-distillation-RSD-/constrained_sampling/_exp/output/rsd_stable/hdr
[2024-09-16 17:48:20,201][main][INFO] - Input image:00002.png
[2024-09-16 17:48:20,204][main][INFO] - Images loaded and measurements generated
[2024-09-16 17:48:20,244][main][INFO] - Degradated image y saved in /home/nicolas/Repulsive-score-distillation-RSD-/constrained_sampling/_exp/deg/x_deg.png
[2024-09-16 17:48:20,244][main][INFO] - Running setting with coeff: 0,                             lr: (0.1, 0.2),                             rho_reg: 0.2,                             w_t: 0.001
[2024-09-16 18:04:42,305][main][INFO] - Done. You can fine the generated images in /home/nicolas/Repulsive-score-distillation-RSD-/constrained_sampling/_exp/output/rsd_stable/hdr
[2024-09-16 18:04:42,305][main][INFO] - Input image:00003.png
[2024-09-16 18:04:42,308][main][INFO] - Images loaded and measurements generated
[2024-09-16 18:04:42,345][main][INFO] - Degradated image y saved in /home/nicolas/Repulsive-score-distillation-RSD-/constrained_sampling/_exp/deg/x_deg.png
[2024-09-16 18:04:42,345][main][INFO] - Running setting with coeff: 0,                             lr: (0.1, 0.2),                             rho_reg: 0.2,                             w_t: 0.001
