[2024-09-19 00:17:44,649][main][INFO] - Experiment name is RSD
[2024-09-19 00:17:46,495][main][INFO] - Model loaded
[2024-09-19 00:17:47,520][main][INFO] - Degradation model loaded. The experiment corresponds to phase_retrieval
[2024-09-19 00:17:47,520][main][INFO] - Dataset size is 1000
[2024-09-19 00:17:47,751][main][INFO] - Input image:00000.png
[2024-09-19 00:17:47,798][main][INFO] - Images loaded and measurements generated
[2024-09-19 00:17:47,929][main][INFO] - Degradated image y saved in /home/nicolas/Repulsive-score-distillation-RSD-/constrained_sampling/_exp/deg/x_deg.png
[2024-09-19 00:17:47,929][main][INFO] - Running setting with coeff: 0,                             lr: (0.4, 0.6),                             rho_reg: 0.08,                             w_t: 0.009
[2024-09-19 00:34:36,830][main][INFO] - Done. You can fine the generated images in /home/nicolas/Repulsive-score-distillation-RSD-/constrained_sampling/_exp/output/rsd_stable/phase_retrieval
[2024-09-19 00:34:36,830][main][INFO] - Input image:00001.png
[2024-09-19 00:34:36,834][main][INFO] - Images loaded and measurements generated
[2024-09-19 00:34:36,955][main][INFO] - Degradated image y saved in /home/nicolas/Repulsive-score-distillation-RSD-/constrained_sampling/_exp/deg/x_deg.png
[2024-09-19 00:34:36,955][main][INFO] - Running setting with coeff: 0,                             lr: (0.4, 0.6),                             rho_reg: 0.08,                             w_t: 0.009
[2024-09-19 00:51:26,412][main][INFO] - Done. You can fine the generated images in /home/nicolas/Repulsive-score-distillation-RSD-/constrained_sampling/_exp/output/rsd_stable/phase_retrieval
[2024-09-19 00:51:26,412][main][INFO] - Input image:00002.png
[2024-09-19 00:51:26,416][main][INFO] - Images loaded and measurements generated
[2024-09-19 00:51:26,523][main][INFO] - Degradated image y saved in /home/nicolas/Repulsive-score-distillation-RSD-/constrained_sampling/_exp/deg/x_deg.png
[2024-09-19 00:51:26,524][main][INFO] - Running setting with coeff: 0,                             lr: (0.4, 0.6),                             rho_reg: 0.08,                             w_t: 0.009
[2024-09-19 01:08:17,861][main][INFO] - Done. You can fine the generated images in /home/nicolas/Repulsive-score-distillation-RSD-/constrained_sampling/_exp/output/rsd_stable/phase_retrieval
[2024-09-19 01:08:17,861][main][INFO] - Input image:00003.png
[2024-09-19 01:08:17,870][main][INFO] - Images loaded and measurements generated
[2024-09-19 01:08:17,985][main][INFO] - Degradated image y saved in /home/nicolas/Repulsive-score-distillation-RSD-/constrained_sampling/_exp/deg/x_deg.png
[2024-09-19 01:08:17,985][main][INFO] - Running setting with coeff: 0,                             lr: (0.4, 0.6),                             rho_reg: 0.08,                             w_t: 0.009
[2024-09-19 01:25:08,219][main][INFO] - Done. You can fine the generated images in /home/nicolas/Repulsive-score-distillation-RSD-/constrained_sampling/_exp/output/rsd_stable/phase_retrieval
[2024-09-19 01:25:08,219][main][INFO] - Input image:00004.png
[2024-09-19 01:25:08,225][main][INFO] - Images loaded and measurements generated
[2024-09-19 01:25:08,353][main][INFO] - Degradated image y saved in /home/nicolas/Repulsive-score-distillation-RSD-/constrained_sampling/_exp/deg/x_deg.png
[2024-09-19 01:25:08,354][main][INFO] - Running setting with coeff: 0,                             lr: (0.4, 0.6),                             rho_reg: 0.08,                             w_t: 0.009
[2024-09-19 01:41:54,666][main][INFO] - Done. You can fine the generated images in /home/nicolas/Repulsive-score-distillation-RSD-/constrained_sampling/_exp/output/rsd_stable/phase_retrieval
[2024-09-19 01:41:54,667][main][INFO] - Input image:00005.png
[2024-09-19 01:41:54,671][main][INFO] - Images loaded and measurements generated
[2024-09-19 01:41:54,788][main][INFO] - Degradated image y saved in /home/nicolas/Repulsive-score-distillation-RSD-/constrained_sampling/_exp/deg/x_deg.png
[2024-09-19 01:41:54,789][main][INFO] - Running setting with coeff: 0,                             lr: (0.4, 0.6),                             rho_reg: 0.08,                             w_t: 0.009
[2024-09-19 01:58:45,581][main][INFO] - Done. You can fine the generated images in /home/nicolas/Repulsive-score-distillation-RSD-/constrained_sampling/_exp/output/rsd_stable/phase_retrieval
[2024-09-19 01:58:45,582][main][INFO] - Input image:00006.png
[2024-09-19 01:58:45,585][main][INFO] - Images loaded and measurements generated
[2024-09-19 01:58:45,692][main][INFO] - Degradated image y saved in /home/nicolas/Repulsive-score-distillation-RSD-/constrained_sampling/_exp/deg/x_deg.png
[2024-09-19 01:58:45,692][main][INFO] - Running setting with coeff: 0,                             lr: (0.4, 0.6),                             rho_reg: 0.08,                             w_t: 0.009
[2024-09-19 02:15:37,460][main][INFO] - Done. You can fine the generated images in /home/nicolas/Repulsive-score-distillation-RSD-/constrained_sampling/_exp/output/rsd_stable/phase_retrieval
[2024-09-19 02:15:37,461][main][INFO] - Input image:00007.png
[2024-09-19 02:15:37,464][main][INFO] - Images loaded and measurements generated
[2024-09-19 02:15:37,584][main][INFO] - Degradated image y saved in /home/nicolas/Repulsive-score-distillation-RSD-/constrained_sampling/_exp/deg/x_deg.png
[2024-09-19 02:15:37,584][main][INFO] - Running setting with coeff: 0,                             lr: (0.4, 0.6),                             rho_reg: 0.08,                             w_t: 0.009
[2024-09-19 02:32:26,870][main][INFO] - Done. You can fine the generated images in /home/nicolas/Repulsive-score-distillation-RSD-/constrained_sampling/_exp/output/rsd_stable/phase_retrieval
[2024-09-19 02:32:26,871][main][INFO] - Input image:00008.png
[2024-09-19 02:32:26,875][main][INFO] - Images loaded and measurements generated
[2024-09-19 02:32:26,996][main][INFO] - Degradated image y saved in /home/nicolas/Repulsive-score-distillation-RSD-/constrained_sampling/_exp/deg/x_deg.png
[2024-09-19 02:32:26,996][main][INFO] - Running setting with coeff: 0,                             lr: (0.4, 0.6),                             rho_reg: 0.08,                             w_t: 0.009
[2024-09-19 02:49:15,825][main][INFO] - Done. You can fine the generated images in /home/nicolas/Repulsive-score-distillation-RSD-/constrained_sampling/_exp/output/rsd_stable/phase_retrieval
[2024-09-19 02:49:15,825][main][INFO] - Input image:00009.png
[2024-09-19 02:49:15,829][main][INFO] - Images loaded and measurements generated
[2024-09-19 02:49:15,935][main][INFO] - Degradated image y saved in /home/nicolas/Repulsive-score-distillation-RSD-/constrained_sampling/_exp/deg/x_deg.png
[2024-09-19 02:49:15,935][main][INFO] - Running setting with coeff: 0,                             lr: (0.4, 0.6),                             rho_reg: 0.08,                             w_t: 0.009
[2024-09-19 03:06:06,762][main][INFO] - Done. You can fine the generated images in /home/nicolas/Repulsive-score-distillation-RSD-/constrained_sampling/_exp/output/rsd_stable/phase_retrieval
[2024-09-19 03:06:06,762][main][INFO] - Input image:00010.png
[2024-09-19 03:06:06,770][main][INFO] - Images loaded and measurements generated
[2024-09-19 03:06:06,894][main][INFO] - Degradated image y saved in /home/nicolas/Repulsive-score-distillation-RSD-/constrained_sampling/_exp/deg/x_deg.png
[2024-09-19 03:06:06,895][main][INFO] - Running setting with coeff: 0,                             lr: (0.4, 0.6),                             rho_reg: 0.08,                             w_t: 0.009
[2024-09-19 03:22:54,941][main][INFO] - Done. You can fine the generated images in /home/nicolas/Repulsive-score-distillation-RSD-/constrained_sampling/_exp/output/rsd_stable/phase_retrieval
[2024-09-19 03:22:54,942][main][INFO] - Input image:00011.png
[2024-09-19 03:22:54,945][main][INFO] - Images loaded and measurements generated
[2024-09-19 03:22:55,060][main][INFO] - Degradated image y saved in /home/nicolas/Repulsive-score-distillation-RSD-/constrained_sampling/_exp/deg/x_deg.png
[2024-09-19 03:22:55,061][main][INFO] - Running setting with coeff: 0,                             lr: (0.4, 0.6),                             rho_reg: 0.08,                             w_t: 0.009
[2024-09-19 03:39:44,563][main][INFO] - Done. You can fine the generated images in /home/nicolas/Repulsive-score-distillation-RSD-/constrained_sampling/_exp/output/rsd_stable/phase_retrieval
[2024-09-19 03:39:44,563][main][INFO] - Input image:00012.png
[2024-09-19 03:39:44,566][main][INFO] - Images loaded and measurements generated
[2024-09-19 03:39:44,682][main][INFO] - Degradated image y saved in /home/nicolas/Repulsive-score-distillation-RSD-/constrained_sampling/_exp/deg/x_deg.png
[2024-09-19 03:39:44,682][main][INFO] - Running setting with coeff: 0,                             lr: (0.4, 0.6),                             rho_reg: 0.08,                             w_t: 0.009
[2024-09-19 03:56:35,821][main][INFO] - Done. You can fine the generated images in /home/nicolas/Repulsive-score-distillation-RSD-/constrained_sampling/_exp/output/rsd_stable/phase_retrieval
[2024-09-19 03:56:35,822][main][INFO] - Input image:00013.png
[2024-09-19 03:56:35,826][main][INFO] - Images loaded and measurements generated
[2024-09-19 03:56:35,942][main][INFO] - Degradated image y saved in /home/nicolas/Repulsive-score-distillation-RSD-/constrained_sampling/_exp/deg/x_deg.png
[2024-09-19 03:56:35,942][main][INFO] - Running setting with coeff: 0,                             lr: (0.4, 0.6),                             rho_reg: 0.08,                             w_t: 0.009
[2024-09-19 04:13:23,785][main][INFO] - Done. You can fine the generated images in /home/nicolas/Repulsive-score-distillation-RSD-/constrained_sampling/_exp/output/rsd_stable/phase_retrieval
[2024-09-19 04:13:23,786][main][INFO] - Input image:00014.png
[2024-09-19 04:13:23,789][main][INFO] - Images loaded and measurements generated
[2024-09-19 04:13:23,904][main][INFO] - Degradated image y saved in /home/nicolas/Repulsive-score-distillation-RSD-/constrained_sampling/_exp/deg/x_deg.png
[2024-09-19 04:13:23,904][main][INFO] - Running setting with coeff: 0,                             lr: (0.4, 0.6),                             rho_reg: 0.08,                             w_t: 0.009
[2024-09-19 04:30:14,061][main][INFO] - Done. You can fine the generated images in /home/nicolas/Repulsive-score-distillation-RSD-/constrained_sampling/_exp/output/rsd_stable/phase_retrieval
[2024-09-19 04:30:14,061][main][INFO] - Input image:00015.png
[2024-09-19 04:30:14,064][main][INFO] - Images loaded and measurements generated
[2024-09-19 04:30:14,174][main][INFO] - Degradated image y saved in /home/nicolas/Repulsive-score-distillation-RSD-/constrained_sampling/_exp/deg/x_deg.png
[2024-09-19 04:30:14,175][main][INFO] - Running setting with coeff: 0,                             lr: (0.4, 0.6),                             rho_reg: 0.08,                             w_t: 0.009
[2024-09-19 04:47:06,355][main][INFO] - Done. You can fine the generated images in /home/nicolas/Repulsive-score-distillation-RSD-/constrained_sampling/_exp/output/rsd_stable/phase_retrieval
[2024-09-19 04:47:06,355][main][INFO] - Input image:00016.png
[2024-09-19 04:47:06,359][main][INFO] - Images loaded and measurements generated
[2024-09-19 04:47:06,474][main][INFO] - Degradated image y saved in /home/nicolas/Repulsive-score-distillation-RSD-/constrained_sampling/_exp/deg/x_deg.png
[2024-09-19 04:47:06,475][main][INFO] - Running setting with coeff: 0,                             lr: (0.4, 0.6),                             rho_reg: 0.08,                             w_t: 0.009
[2024-09-19 05:03:56,379][main][INFO] - Done. You can fine the generated images in /home/nicolas/Repulsive-score-distillation-RSD-/constrained_sampling/_exp/output/rsd_stable/phase_retrieval
[2024-09-19 05:03:56,379][main][INFO] - Input image:00017.png
[2024-09-19 05:03:56,383][main][INFO] - Images loaded and measurements generated
[2024-09-19 05:03:56,487][main][INFO] - Degradated image y saved in /home/nicolas/Repulsive-score-distillation-RSD-/constrained_sampling/_exp/deg/x_deg.png
[2024-09-19 05:03:56,487][main][INFO] - Running setting with coeff: 0,                             lr: (0.4, 0.6),                             rho_reg: 0.08,                             w_t: 0.009
[2024-09-19 05:20:45,647][main][INFO] - Done. You can fine the generated images in /home/nicolas/Repulsive-score-distillation-RSD-/constrained_sampling/_exp/output/rsd_stable/phase_retrieval
[2024-09-19 05:20:45,647][main][INFO] - Input image:00018.png
[2024-09-19 05:20:45,651][main][INFO] - Images loaded and measurements generated
[2024-09-19 05:20:45,768][main][INFO] - Degradated image y saved in /home/nicolas/Repulsive-score-distillation-RSD-/constrained_sampling/_exp/deg/x_deg.png
[2024-09-19 05:20:45,768][main][INFO] - Running setting with coeff: 0,                             lr: (0.4, 0.6),                             rho_reg: 0.08,                             w_t: 0.009
[2024-09-19 05:37:36,391][main][INFO] - Done. You can fine the generated images in /home/nicolas/Repulsive-score-distillation-RSD-/constrained_sampling/_exp/output/rsd_stable/phase_retrieval
[2024-09-19 05:37:36,391][main][INFO] - Input image:00019.png
[2024-09-19 05:37:36,394][main][INFO] - Images loaded and measurements generated
[2024-09-19 05:37:36,520][main][INFO] - Degradated image y saved in /home/nicolas/Repulsive-score-distillation-RSD-/constrained_sampling/_exp/deg/x_deg.png
[2024-09-19 05:37:36,520][main][INFO] - Running setting with coeff: 0,                             lr: (0.4, 0.6),                             rho_reg: 0.08,                             w_t: 0.009
[2024-09-19 05:54:26,174][main][INFO] - Done. You can fine the generated images in /home/nicolas/Repulsive-score-distillation-RSD-/constrained_sampling/_exp/output/rsd_stable/phase_retrieval
[2024-09-19 05:54:26,174][main][INFO] - Input image:00020.png
[2024-09-19 05:54:26,183][main][INFO] - Images loaded and measurements generated
[2024-09-19 05:54:26,297][main][INFO] - Degradated image y saved in /home/nicolas/Repulsive-score-distillation-RSD-/constrained_sampling/_exp/deg/x_deg.png
[2024-09-19 05:54:26,298][main][INFO] - Running setting with coeff: 0,                             lr: (0.4, 0.6),                             rho_reg: 0.08,                             w_t: 0.009
[2024-09-19 06:11:17,370][main][INFO] - Done. You can fine the generated images in /home/nicolas/Repulsive-score-distillation-RSD-/constrained_sampling/_exp/output/rsd_stable/phase_retrieval
[2024-09-19 06:11:17,370][main][INFO] - Input image:00021.png
[2024-09-19 06:11:17,373][main][INFO] - Images loaded and measurements generated
[2024-09-19 06:11:17,490][main][INFO] - Degradated image y saved in /home/nicolas/Repulsive-score-distillation-RSD-/constrained_sampling/_exp/deg/x_deg.png
[2024-09-19 06:11:17,490][main][INFO] - Running setting with coeff: 0,                             lr: (0.4, 0.6),                             rho_reg: 0.08,                             w_t: 0.009
[2024-09-19 06:28:05,481][main][INFO] - Done. You can fine the generated images in /home/nicolas/Repulsive-score-distillation-RSD-/constrained_sampling/_exp/output/rsd_stable/phase_retrieval
[2024-09-19 06:28:05,481][main][INFO] - Input image:00022.png
[2024-09-19 06:28:05,484][main][INFO] - Images loaded and measurements generated
[2024-09-19 06:28:05,614][main][INFO] - Degradated image y saved in /home/nicolas/Repulsive-score-distillation-RSD-/constrained_sampling/_exp/deg/x_deg.png
[2024-09-19 06:28:05,614][main][INFO] - Running setting with coeff: 0,                             lr: (0.4, 0.6),                             rho_reg: 0.08,                             w_t: 0.009
[2024-09-19 06:44:42,357][main][INFO] - Done. You can fine the generated images in /home/nicolas/Repulsive-score-distillation-RSD-/constrained_sampling/_exp/output/rsd_stable/phase_retrieval
[2024-09-19 06:44:42,357][main][INFO] - Input image:00023.png
[2024-09-19 06:44:42,360][main][INFO] - Images loaded and measurements generated
[2024-09-19 06:44:42,476][main][INFO] - Degradated image y saved in /home/nicolas/Repulsive-score-distillation-RSD-/constrained_sampling/_exp/deg/x_deg.png
[2024-09-19 06:44:42,477][main][INFO] - Running setting with coeff: 0,                             lr: (0.4, 0.6),                             rho_reg: 0.08,                             w_t: 0.009
[2024-09-19 07:01:21,011][main][INFO] - Done. You can fine the generated images in /home/nicolas/Repulsive-score-distillation-RSD-/constrained_sampling/_exp/output/rsd_stable/phase_retrieval
[2024-09-19 07:01:21,012][main][INFO] - Input image:00024.png
[2024-09-19 07:01:21,019][main][INFO] - Images loaded and measurements generated
[2024-09-19 07:01:21,143][main][INFO] - Degradated image y saved in /home/nicolas/Repulsive-score-distillation-RSD-/constrained_sampling/_exp/deg/x_deg.png
[2024-09-19 07:01:21,143][main][INFO] - Running setting with coeff: 0,                             lr: (0.4, 0.6),                             rho_reg: 0.08,                             w_t: 0.009
[2024-09-19 07:17:55,410][main][INFO] - Done. You can fine the generated images in /home/nicolas/Repulsive-score-distillation-RSD-/constrained_sampling/_exp/output/rsd_stable/phase_retrieval
[2024-09-19 07:17:55,410][main][INFO] - Input image:00025.png
[2024-09-19 07:17:55,414][main][INFO] - Images loaded and measurements generated
[2024-09-19 07:17:55,544][main][INFO] - Degradated image y saved in /home/nicolas/Repulsive-score-distillation-RSD-/constrained_sampling/_exp/deg/x_deg.png
[2024-09-19 07:17:55,544][main][INFO] - Running setting with coeff: 0,                             lr: (0.4, 0.6),                             rho_reg: 0.08,                             w_t: 0.009
[2024-09-19 07:34:28,852][main][INFO] - Done. You can fine the generated images in /home/nicolas/Repulsive-score-distillation-RSD-/constrained_sampling/_exp/output/rsd_stable/phase_retrieval
[2024-09-19 07:34:28,852][main][INFO] - Input image:00026.png
[2024-09-19 07:34:28,855][main][INFO] - Images loaded and measurements generated
[2024-09-19 07:34:28,974][main][INFO] - Degradated image y saved in /home/nicolas/Repulsive-score-distillation-RSD-/constrained_sampling/_exp/deg/x_deg.png
[2024-09-19 07:34:28,974][main][INFO] - Running setting with coeff: 0,                             lr: (0.4, 0.6),                             rho_reg: 0.08,                             w_t: 0.009
[2024-09-19 07:51:04,778][main][INFO] - Done. You can fine the generated images in /home/nicolas/Repulsive-score-distillation-RSD-/constrained_sampling/_exp/output/rsd_stable/phase_retrieval
[2024-09-19 07:51:04,778][main][INFO] - Input image:00027.png
[2024-09-19 07:51:04,782][main][INFO] - Images loaded and measurements generated
[2024-09-19 07:51:04,913][main][INFO] - Degradated image y saved in /home/nicolas/Repulsive-score-distillation-RSD-/constrained_sampling/_exp/deg/x_deg.png
[2024-09-19 07:51:04,913][main][INFO] - Running setting with coeff: 0,                             lr: (0.4, 0.6),                             rho_reg: 0.08,                             w_t: 0.009
[2024-09-19 08:07:36,392][main][INFO] - Done. You can fine the generated images in /home/nicolas/Repulsive-score-distillation-RSD-/constrained_sampling/_exp/output/rsd_stable/phase_retrieval
[2024-09-19 08:07:36,392][main][INFO] - Input image:00028.png
[2024-09-19 08:07:36,395][main][INFO] - Images loaded and measurements generated
[2024-09-19 08:07:36,507][main][INFO] - Degradated image y saved in /home/nicolas/Repulsive-score-distillation-RSD-/constrained_sampling/_exp/deg/x_deg.png
[2024-09-19 08:07:36,507][main][INFO] - Running setting with coeff: 0,                             lr: (0.4, 0.6),                             rho_reg: 0.08,                             w_t: 0.009
[2024-09-19 08:24:13,575][main][INFO] - Done. You can fine the generated images in /home/nicolas/Repulsive-score-distillation-RSD-/constrained_sampling/_exp/output/rsd_stable/phase_retrieval
[2024-09-19 08:24:13,575][main][INFO] - Input image:00029.png
[2024-09-19 08:24:13,578][main][INFO] - Images loaded and measurements generated
[2024-09-19 08:24:13,684][main][INFO] - Degradated image y saved in /home/nicolas/Repulsive-score-distillation-RSD-/constrained_sampling/_exp/deg/x_deg.png
[2024-09-19 08:24:13,684][main][INFO] - Running setting with coeff: 0,                             lr: (0.4, 0.6),                             rho_reg: 0.08,                             w_t: 0.009
[2024-09-19 08:40:50,184][main][INFO] - Done. You can fine the generated images in /home/nicolas/Repulsive-score-distillation-RSD-/constrained_sampling/_exp/output/rsd_stable/phase_retrieval
[2024-09-19 08:40:50,184][main][INFO] - Input image:00030.png
[2024-09-19 08:40:50,187][main][INFO] - Images loaded and measurements generated
[2024-09-19 08:40:50,305][main][INFO] - Degradated image y saved in /home/nicolas/Repulsive-score-distillation-RSD-/constrained_sampling/_exp/deg/x_deg.png
[2024-09-19 08:40:50,305][main][INFO] - Running setting with coeff: 0,                             lr: (0.4, 0.6),                             rho_reg: 0.08,                             w_t: 0.009
[2024-09-19 08:57:28,955][main][INFO] - Done. You can fine the generated images in /home/nicolas/Repulsive-score-distillation-RSD-/constrained_sampling/_exp/output/rsd_stable/phase_retrieval
[2024-09-19 08:57:28,955][main][INFO] - Input image:00031.png
[2024-09-19 08:57:28,958][main][INFO] - Images loaded and measurements generated
[2024-09-19 08:57:29,083][main][INFO] - Degradated image y saved in /home/nicolas/Repulsive-score-distillation-RSD-/constrained_sampling/_exp/deg/x_deg.png
[2024-09-19 08:57:29,083][main][INFO] - Running setting with coeff: 0,                             lr: (0.4, 0.6),                             rho_reg: 0.08,                             w_t: 0.009
[2024-09-19 09:14:08,433][main][INFO] - Done. You can fine the generated images in /home/nicolas/Repulsive-score-distillation-RSD-/constrained_sampling/_exp/output/rsd_stable/phase_retrieval
[2024-09-19 09:14:08,433][main][INFO] - Input image:00032.png
[2024-09-19 09:14:08,436][main][INFO] - Images loaded and measurements generated
[2024-09-19 09:14:08,548][main][INFO] - Degradated image y saved in /home/nicolas/Repulsive-score-distillation-RSD-/constrained_sampling/_exp/deg/x_deg.png
[2024-09-19 09:14:08,548][main][INFO] - Running setting with coeff: 0,                             lr: (0.4, 0.6),                             rho_reg: 0.08,                             w_t: 0.009
[2024-09-19 09:30:45,223][main][INFO] - Done. You can fine the generated images in /home/nicolas/Repulsive-score-distillation-RSD-/constrained_sampling/_exp/output/rsd_stable/phase_retrieval
[2024-09-19 09:30:45,224][main][INFO] - Input image:00033.png
[2024-09-19 09:30:45,227][main][INFO] - Images loaded and measurements generated
[2024-09-19 09:30:45,328][main][INFO] - Degradated image y saved in /home/nicolas/Repulsive-score-distillation-RSD-/constrained_sampling/_exp/deg/x_deg.png
[2024-09-19 09:30:45,328][main][INFO] - Running setting with coeff: 0,                             lr: (0.4, 0.6),                             rho_reg: 0.08,                             w_t: 0.009
[2024-09-19 09:47:29,896][main][INFO] - Done. You can fine the generated images in /home/nicolas/Repulsive-score-distillation-RSD-/constrained_sampling/_exp/output/rsd_stable/phase_retrieval
[2024-09-19 09:47:29,896][main][INFO] - Input image:00034.png
[2024-09-19 09:47:29,900][main][INFO] - Images loaded and measurements generated
[2024-09-19 09:47:30,007][main][INFO] - Degradated image y saved in /home/nicolas/Repulsive-score-distillation-RSD-/constrained_sampling/_exp/deg/x_deg.png
[2024-09-19 09:47:30,007][main][INFO] - Running setting with coeff: 0,                             lr: (0.4, 0.6),                             rho_reg: 0.08,                             w_t: 0.009
[2024-09-19 10:04:15,633][main][INFO] - Done. You can fine the generated images in /home/nicolas/Repulsive-score-distillation-RSD-/constrained_sampling/_exp/output/rsd_stable/phase_retrieval
[2024-09-19 10:04:15,633][main][INFO] - Input image:00035.png
[2024-09-19 10:04:15,637][main][INFO] - Images loaded and measurements generated
[2024-09-19 10:04:15,740][main][INFO] - Degradated image y saved in /home/nicolas/Repulsive-score-distillation-RSD-/constrained_sampling/_exp/deg/x_deg.png
[2024-09-19 10:04:15,740][main][INFO] - Running setting with coeff: 0,                             lr: (0.4, 0.6),                             rho_reg: 0.08,                             w_t: 0.009
[2024-09-19 10:21:01,926][main][INFO] - Done. You can fine the generated images in /home/nicolas/Repulsive-score-distillation-RSD-/constrained_sampling/_exp/output/rsd_stable/phase_retrieval
[2024-09-19 10:21:01,927][main][INFO] - Input image:00036.png
[2024-09-19 10:21:01,929][main][INFO] - Images loaded and measurements generated
[2024-09-19 10:21:02,072][main][INFO] - Degradated image y saved in /home/nicolas/Repulsive-score-distillation-RSD-/constrained_sampling/_exp/deg/x_deg.png
[2024-09-19 10:21:02,073][main][INFO] - Running setting with coeff: 0,                             lr: (0.4, 0.6),                             rho_reg: 0.08,                             w_t: 0.009
[2024-09-19 10:37:42,174][main][INFO] - Done. You can fine the generated images in /home/nicolas/Repulsive-score-distillation-RSD-/constrained_sampling/_exp/output/rsd_stable/phase_retrieval
[2024-09-19 10:37:42,174][main][INFO] - Input image:00037.png
[2024-09-19 10:37:42,177][main][INFO] - Images loaded and measurements generated
[2024-09-19 10:37:42,289][main][INFO] - Degradated image y saved in /home/nicolas/Repulsive-score-distillation-RSD-/constrained_sampling/_exp/deg/x_deg.png
[2024-09-19 10:37:42,289][main][INFO] - Running setting with coeff: 0,                             lr: (0.4, 0.6),                             rho_reg: 0.08,                             w_t: 0.009
[2024-09-19 10:54:27,224][main][INFO] - Done. You can fine the generated images in /home/nicolas/Repulsive-score-distillation-RSD-/constrained_sampling/_exp/output/rsd_stable/phase_retrieval
[2024-09-19 10:54:27,224][main][INFO] - Input image:00038.png
[2024-09-19 10:54:27,228][main][INFO] - Images loaded and measurements generated
[2024-09-19 10:54:27,345][main][INFO] - Degradated image y saved in /home/nicolas/Repulsive-score-distillation-RSD-/constrained_sampling/_exp/deg/x_deg.png
[2024-09-19 10:54:27,345][main][INFO] - Running setting with coeff: 0,                             lr: (0.4, 0.6),                             rho_reg: 0.08,                             w_t: 0.009
[2024-09-19 11:11:07,934][main][INFO] - Done. You can fine the generated images in /home/nicolas/Repulsive-score-distillation-RSD-/constrained_sampling/_exp/output/rsd_stable/phase_retrieval
[2024-09-19 11:11:07,935][main][INFO] - Input image:00039.png
[2024-09-19 11:11:07,937][main][INFO] - Images loaded and measurements generated
[2024-09-19 11:11:08,049][main][INFO] - Degradated image y saved in /home/nicolas/Repulsive-score-distillation-RSD-/constrained_sampling/_exp/deg/x_deg.png
[2024-09-19 11:11:08,049][main][INFO] - Running setting with coeff: 0,                             lr: (0.4, 0.6),                             rho_reg: 0.08,                             w_t: 0.009
[2024-09-19 11:27:52,410][main][INFO] - Done. You can fine the generated images in /home/nicolas/Repulsive-score-distillation-RSD-/constrained_sampling/_exp/output/rsd_stable/phase_retrieval
[2024-09-19 11:27:52,410][main][INFO] - Input image:00040.png
[2024-09-19 11:27:52,414][main][INFO] - Images loaded and measurements generated
[2024-09-19 11:27:52,545][main][INFO] - Degradated image y saved in /home/nicolas/Repulsive-score-distillation-RSD-/constrained_sampling/_exp/deg/x_deg.png
[2024-09-19 11:27:52,545][main][INFO] - Running setting with coeff: 0,                             lr: (0.4, 0.6),                             rho_reg: 0.08,                             w_t: 0.009
[2024-09-19 11:44:28,071][main][INFO] - Done. You can fine the generated images in /home/nicolas/Repulsive-score-distillation-RSD-/constrained_sampling/_exp/output/rsd_stable/phase_retrieval
[2024-09-19 11:44:28,071][main][INFO] - Input image:00041.png
[2024-09-19 11:44:28,074][main][INFO] - Images loaded and measurements generated
[2024-09-19 11:44:28,194][main][INFO] - Degradated image y saved in /home/nicolas/Repulsive-score-distillation-RSD-/constrained_sampling/_exp/deg/x_deg.png
[2024-09-19 11:44:28,194][main][INFO] - Running setting with coeff: 0,                             lr: (0.4, 0.6),                             rho_reg: 0.08,                             w_t: 0.009
[2024-09-19 12:01:00,365][main][INFO] - Done. You can fine the generated images in /home/nicolas/Repulsive-score-distillation-RSD-/constrained_sampling/_exp/output/rsd_stable/phase_retrieval
[2024-09-19 12:01:00,365][main][INFO] - Input image:00042.png
[2024-09-19 12:01:00,368][main][INFO] - Images loaded and measurements generated
[2024-09-19 12:01:00,481][main][INFO] - Degradated image y saved in /home/nicolas/Repulsive-score-distillation-RSD-/constrained_sampling/_exp/deg/x_deg.png
[2024-09-19 12:01:00,481][main][INFO] - Running setting with coeff: 0,                             lr: (0.4, 0.6),                             rho_reg: 0.08,                             w_t: 0.009
[2024-09-19 12:17:36,077][main][INFO] - Done. You can fine the generated images in /home/nicolas/Repulsive-score-distillation-RSD-/constrained_sampling/_exp/output/rsd_stable/phase_retrieval
[2024-09-19 12:17:36,077][main][INFO] - Input image:00043.png
[2024-09-19 12:17:36,081][main][INFO] - Images loaded and measurements generated
[2024-09-19 12:17:36,207][main][INFO] - Degradated image y saved in /home/nicolas/Repulsive-score-distillation-RSD-/constrained_sampling/_exp/deg/x_deg.png
[2024-09-19 12:17:36,207][main][INFO] - Running setting with coeff: 0,                             lr: (0.4, 0.6),                             rho_reg: 0.08,                             w_t: 0.009
[2024-09-19 12:34:15,430][main][INFO] - Done. You can fine the generated images in /home/nicolas/Repulsive-score-distillation-RSD-/constrained_sampling/_exp/output/rsd_stable/phase_retrieval
[2024-09-19 12:34:15,430][main][INFO] - Input image:00044.png
[2024-09-19 12:34:15,433][main][INFO] - Images loaded and measurements generated
[2024-09-19 12:34:15,543][main][INFO] - Degradated image y saved in /home/nicolas/Repulsive-score-distillation-RSD-/constrained_sampling/_exp/deg/x_deg.png
[2024-09-19 12:34:15,543][main][INFO] - Running setting with coeff: 0,                             lr: (0.4, 0.6),                             rho_reg: 0.08,                             w_t: 0.009
