[2024-05-27 21:41:19,023][main][INFO] - Experiment name is RSD
[2024-05-27 21:41:20,944][main][INFO] - Model loaded
[2024-05-27 21:42:03,864][main][INFO] - Degradation model loaded. The experiment corresponds to inp_random
[2024-05-27 21:42:04,258][main][INFO] - 00000.png
[2024-05-27 21:42:04,258][main][INFO] - 00001.png
[2024-05-27 21:42:04,260][main][INFO] - 00002.png
[2024-05-27 21:42:04,260][main][INFO] - 00003.png
[2024-05-27 21:42:04,263][main][INFO] - 00004.png
[2024-05-27 21:42:04,263][main][INFO] - 00005.png
[2024-05-27 21:42:04,267][main][INFO] - 00006.png
[2024-05-27 21:42:04,331][main][INFO] - 00007.png
[2024-05-27 21:42:04,336][main][INFO] - 00008.png
[2024-05-27 21:42:04,337][main][INFO] - 00009.png
[2024-05-27 21:42:04,337][main][INFO] - 00010.png
[2024-05-27 21:42:04,337][main][INFO] - 00011.png
[2024-05-27 21:42:04,337][main][INFO] - 00012.png
[2024-05-27 21:42:04,337][main][INFO] - 00013.png
[2024-05-27 21:42:04,338][main][INFO] - 00014.png
[2024-05-27 21:42:04,338][main][INFO] - 00015.png
[2024-05-27 21:42:04,338][main][INFO] - 00016.png
[2024-05-27 21:42:04,338][main][INFO] - 00017.png
[2024-05-27 21:42:04,338][main][INFO] - 00018.png
[2024-05-27 21:42:04,339][main][INFO] - 00019.png
[2024-05-27 21:42:04,339][main][INFO] - 00020.png
[2024-05-27 21:42:04,339][main][INFO] - 00021.png
[2024-05-27 21:42:04,340][main][INFO] - 00022.png
[2024-05-27 21:42:04,340][main][INFO] - 00023.png
[2024-05-27 21:42:04,340][main][INFO] - 00024.png
[2024-05-27 21:42:04,341][main][INFO] - 00025.png
[2024-05-27 21:42:04,341][main][INFO] - 00026.png
[2024-05-27 21:42:04,341][main][INFO] - 00027.png
[2024-05-27 21:42:04,341][main][INFO] - 00028.png
[2024-05-27 21:42:04,342][main][INFO] - 00029.png
[2024-05-27 21:42:04,342][main][INFO] - 00030.png
[2024-05-27 21:42:04,343][main][INFO] - 00031.png
[2024-05-27 21:42:04,349][main][INFO] - 00032.png
[2024-05-27 21:42:04,349][main][INFO] - 00033.png
[2024-05-27 21:42:04,349][main][INFO] - 00034.png
[2024-05-27 21:42:04,349][main][INFO] - 00035.png
[2024-05-27 21:42:04,353][main][INFO] - 00036.png
[2024-05-27 21:42:04,353][main][INFO] - 00037.png
[2024-05-27 21:42:04,354][main][INFO] - 00038.png
[2024-05-27 21:42:04,354][main][INFO] - 00039.png
[2024-05-27 21:42:04,354][main][INFO] - 00040.png
[2024-05-27 21:42:04,354][main][INFO] - 00041.png
[2024-05-27 21:42:04,356][main][INFO] - 00042.png
[2024-05-27 21:42:04,356][main][INFO] - 00043.png
[2024-05-27 21:42:04,361][main][INFO] - 00044.png
[2024-05-27 21:42:04,362][main][INFO] - 00045.png
[2024-05-27 21:42:04,362][main][INFO] - 00046.png
[2024-05-27 21:42:04,362][main][INFO] - 00047.png
[2024-05-27 21:42:04,366][main][INFO] - 00048.png
[2024-05-27 21:42:04,366][main][INFO] - 00049.png
[2024-05-27 21:42:04,366][main][INFO] - 00050.png
[2024-05-27 21:42:04,366][main][INFO] - 00051.png
[2024-05-27 21:42:04,367][main][INFO] - 00052.png
[2024-05-27 21:42:04,367][main][INFO] - 00053.png
[2024-05-27 21:42:04,367][main][INFO] - 00054.png
[2024-05-27 21:42:04,368][main][INFO] - 00055.png
[2024-05-27 21:42:04,371][main][INFO] - 00056.png
[2024-05-27 21:42:04,372][main][INFO] - 00057.png
[2024-05-27 21:42:04,373][main][INFO] - 00058.png
[2024-05-27 21:42:04,373][main][INFO] - 00059.png
[2024-05-27 21:42:04,375][main][INFO] - 00060.png
[2024-05-27 21:42:04,377][main][INFO] - 00061.png
[2024-05-27 21:42:04,378][main][INFO] - 00062.png
[2024-05-27 21:42:04,378][main][INFO] - 00063.png
[2024-05-27 21:42:04,379][main][INFO] - 00064.png
[2024-05-27 21:42:04,379][main][INFO] - 00065.png
[2024-05-27 21:42:04,380][main][INFO] - 00066.png
[2024-05-27 21:42:04,381][main][INFO] - 00067.png
[2024-05-27 21:42:04,385][main][INFO] - 00068.png
[2024-05-27 21:42:04,385][main][INFO] - 00069.png
[2024-05-27 21:42:04,385][main][INFO] - 00070.png
[2024-05-27 21:42:04,385][main][INFO] - 00071.png
[2024-05-27 21:42:04,389][main][INFO] - 00072.png
[2024-05-27 21:42:04,390][main][INFO] - 00073.png
[2024-05-27 21:42:04,390][main][INFO] - 00074.png
[2024-05-27 21:42:04,391][main][INFO] - 00075.png
[2024-05-27 21:42:04,391][main][INFO] - 00076.png
[2024-05-27 21:42:04,392][main][INFO] - 00077.png
[2024-05-27 21:42:04,393][main][INFO] - 00078.png
[2024-05-27 21:42:04,394][main][INFO] - 00079.png
[2024-05-27 21:42:04,396][main][INFO] - 00080.png
[2024-05-27 21:42:04,396][main][INFO] - 00081.png
[2024-05-27 21:42:04,397][main][INFO] - 00082.png
[2024-05-27 21:42:04,400][main][INFO] - 00083.png
[2024-05-27 21:42:04,401][main][INFO] - 00084.png
[2024-05-27 21:42:04,402][main][INFO] - 00085.png
[2024-05-27 21:42:04,403][main][INFO] - 00086.png
[2024-05-27 21:42:04,403][main][INFO] - 00087.png
[2024-05-27 21:42:04,405][main][INFO] - 00088.png
[2024-05-27 21:42:04,405][main][INFO] - 00089.png
[2024-05-27 21:42:04,406][main][INFO] - 00090.png
[2024-05-27 21:42:04,407][main][INFO] - 00091.png
[2024-05-27 21:42:04,411][main][INFO] - 00092.png
[2024-05-27 21:42:04,411][main][INFO] - 00093.png
[2024-05-27 21:42:04,411][main][INFO] - 00094.png
[2024-05-27 21:42:04,412][main][INFO] - 00095.png
[2024-05-27 21:42:04,415][main][INFO] - 00096.png
[2024-05-27 21:42:04,415][main][INFO] - 00097.png
[2024-05-27 21:42:04,415][main][INFO] - 00098.png
[2024-05-27 21:42:04,417][main][INFO] - 00099.png
[2024-05-27 21:42:04,417][main][INFO] - 00100.png
[2024-05-27 21:42:04,418][main][INFO] - 00101.png
[2024-05-27 21:42:04,419][main][INFO] - 00102.png
[2024-05-27 21:42:04,420][main][INFO] - 00103.png
[2024-05-27 21:42:04,421][main][INFO] - 00104.png
[2024-05-27 21:42:04,422][main][INFO] - 00105.png
[2024-05-27 21:42:04,423][main][INFO] - 00106.png
[2024-05-27 21:42:04,424][main][INFO] - 00107.png
[2024-05-27 21:42:04,425][main][INFO] - 00108.png
[2024-05-27 21:42:04,426][main][INFO] - 00109.png
[2024-05-27 21:42:04,427][main][INFO] - 00110.png
[2024-05-27 21:42:04,428][main][INFO] - 00111.png
[2024-05-27 21:42:04,429][main][INFO] - 00112.png
[2024-05-27 21:42:04,430][main][INFO] - 00113.png
[2024-05-27 21:42:04,431][main][INFO] - 00114.png
[2024-05-27 21:42:04,432][main][INFO] - 00115.png
[2024-05-27 21:42:04,433][main][INFO] - 00116.png
[2024-05-27 21:42:04,434][main][INFO] - 00117.png
[2024-05-27 21:42:04,436][main][INFO] - 00118.png
[2024-05-27 21:42:04,436][main][INFO] - 00119.png
[2024-05-27 21:42:04,438][main][INFO] - 00120.png
[2024-05-27 21:42:04,439][main][INFO] - 00121.png
[2024-05-27 21:42:04,439][main][INFO] - 00122.png
[2024-05-27 21:42:04,441][main][INFO] - 00123.png
[2024-05-27 21:42:04,441][main][INFO] - 00124.png
[2024-05-27 21:42:04,442][main][INFO] - 00125.png
[2024-05-27 21:42:04,443][main][INFO] - 00126.png
[2024-05-27 21:42:04,444][main][INFO] - 00127.png
[2024-05-27 21:42:04,445][main][INFO] - 00128.png
[2024-05-27 21:42:04,446][main][INFO] - 00129.png
[2024-05-27 21:42:04,447][main][INFO] - 00130.png
[2024-05-27 21:42:04,449][main][INFO] - 00131.png
[2024-05-27 21:42:04,450][main][INFO] - 00132.png
[2024-05-27 21:42:04,451][main][INFO] - 00133.png
[2024-05-27 21:42:04,452][main][INFO] - 00134.png
[2024-05-27 21:42:04,453][main][INFO] - 00135.png
[2024-05-27 21:42:04,453][main][INFO] - 00136.png
[2024-05-27 21:42:04,454][main][INFO] - 00137.png
[2024-05-27 21:42:04,455][main][INFO] - 00138.png
[2024-05-27 21:42:04,456][main][INFO] - 00139.png
[2024-05-27 21:42:04,457][main][INFO] - 00140.png
[2024-05-27 21:42:04,458][main][INFO] - 00141.png
[2024-05-27 21:42:04,460][main][INFO] - 00142.png
[2024-05-27 21:42:04,460][main][INFO] - 00143.png
[2024-05-27 21:42:04,461][main][INFO] - 00144.png
[2024-05-27 21:42:04,463][main][INFO] - 00145.png
[2024-05-27 21:42:04,463][main][INFO] - 00146.png
[2024-05-27 21:42:04,464][main][INFO] - 00147.png
[2024-05-27 21:42:04,465][main][INFO] - 00148.png
[2024-05-27 21:42:04,466][main][INFO] - 00149.png
[2024-05-27 21:42:04,467][main][INFO] - 00150.png
[2024-05-27 21:42:04,468][main][INFO] - 00151.png
[2024-05-27 21:42:04,469][main][INFO] - 00152.png
[2024-05-27 21:42:04,470][main][INFO] - 00153.png
[2024-05-27 21:42:04,471][main][INFO] - 00154.png
[2024-05-27 21:42:04,473][main][INFO] - 00155.png
[2024-05-27 21:42:04,474][main][INFO] - 00156.png
[2024-05-27 21:42:04,475][main][INFO] - 00157.png
[2024-05-27 21:42:04,475][main][INFO] - 00158.png
[2024-05-27 21:42:04,476][main][INFO] - 00159.png
[2024-05-27 21:42:04,477][main][INFO] - 00160.png
[2024-05-27 21:42:04,478][main][INFO] - 00161.png
[2024-05-27 21:42:04,479][main][INFO] - 00162.png
[2024-05-27 21:42:04,480][main][INFO] - 00163.png
[2024-05-27 21:42:04,482][main][INFO] - 00164.png
[2024-05-27 21:42:04,482][main][INFO] - 00165.png
[2024-05-27 21:42:04,484][main][INFO] - 00166.png
[2024-05-27 21:42:04,484][main][INFO] - 00167.png
[2024-05-27 21:42:04,485][main][INFO] - 00168.png
[2024-05-27 21:42:04,486][main][INFO] - 00169.png
[2024-05-27 21:42:04,487][main][INFO] - 00170.png
[2024-05-27 21:42:04,488][main][INFO] - 00171.png
[2024-05-27 21:42:04,489][main][INFO] - 00172.png
[2024-05-27 21:42:04,490][main][INFO] - 00173.png
[2024-05-27 21:42:04,491][main][INFO] - 00174.png
[2024-05-27 21:42:04,492][main][INFO] - 00175.png
[2024-05-27 21:42:04,493][main][INFO] - 00176.png
[2024-05-27 21:42:04,494][main][INFO] - 00177.png
[2024-05-27 21:42:04,495][main][INFO] - 00178.png
[2024-05-27 21:42:04,497][main][INFO] - 00179.png
[2024-05-27 21:42:04,498][main][INFO] - 00180.png
[2024-05-27 21:42:04,499][main][INFO] - 00181.png
[2024-05-27 21:42:04,500][main][INFO] - 00182.png
[2024-05-27 21:42:04,500][main][INFO] - 00183.png
[2024-05-27 21:42:04,501][main][INFO] - 00184.png
[2024-05-27 21:42:04,502][main][INFO] - 00185.png
[2024-05-27 21:42:04,503][main][INFO] - 00186.png
[2024-05-27 21:42:04,504][main][INFO] - 00187.png
[2024-05-27 21:42:04,506][main][INFO] - 00188.png
[2024-05-27 21:42:04,507][main][INFO] - 00189.png
[2024-05-27 21:42:04,508][main][INFO] - 00190.png
[2024-05-27 21:42:04,509][main][INFO] - 00191.png
[2024-05-27 21:42:04,510][main][INFO] - 00192.png
[2024-05-27 21:42:04,511][main][INFO] - 00193.png
[2024-05-27 21:42:04,511][main][INFO] - 00194.png
[2024-05-27 21:42:04,512][main][INFO] - 00195.png
[2024-05-27 21:42:04,513][main][INFO] - 00196.png
[2024-05-27 21:42:04,514][main][INFO] - 00197.png
[2024-05-27 21:42:04,515][main][INFO] - 00198.png
[2024-05-27 21:42:04,516][main][INFO] - 00199.png
[2024-05-27 21:42:04,518][main][INFO] - 00200.png
[2024-05-27 21:42:04,519][main][INFO] - 00201.png
[2024-05-27 21:42:04,520][main][INFO] - 00202.png
[2024-05-27 21:42:04,521][main][INFO] - 00203.png
[2024-05-27 21:42:04,522][main][INFO] - 00204.png
[2024-05-27 21:42:04,523][main][INFO] - 00205.png
[2024-05-27 21:42:04,524][main][INFO] - 00206.png
[2024-05-27 21:42:04,524][main][INFO] - 00207.png
[2024-05-27 21:42:04,525][main][INFO] - 00208.png
[2024-05-27 21:42:04,526][main][INFO] - 00209.png
[2024-05-27 21:42:04,527][main][INFO] - 00210.png
[2024-05-27 21:42:04,528][main][INFO] - 00211.png
[2024-05-27 21:42:04,531][main][INFO] - 00212.png
[2024-05-27 21:42:04,531][main][INFO] - 00213.png
[2024-05-27 21:42:04,533][main][INFO] - 00214.png
[2024-05-27 21:42:04,533][main][INFO] - 00215.png
[2024-05-27 21:42:04,534][main][INFO] - 00216.png
[2024-05-27 21:42:04,535][main][INFO] - 00217.png
[2024-05-27 21:42:04,536][main][INFO] - 00218.png
[2024-05-27 21:42:04,537][main][INFO] - 00219.png
[2024-05-27 21:42:04,538][main][INFO] - 00220.png
[2024-05-27 21:42:04,539][main][INFO] - 00221.png
[2024-05-27 21:42:04,540][main][INFO] - 00222.png
[2024-05-27 21:42:04,541][main][INFO] - 00223.png
[2024-05-27 21:42:04,542][main][INFO] - 00224.png
[2024-05-27 21:42:04,543][main][INFO] - 00225.png
[2024-05-27 21:42:04,544][main][INFO] - 00226.png
[2024-05-27 21:42:04,545][main][INFO] - 00227.png
[2024-05-27 21:42:04,546][main][INFO] - 00228.png
[2024-05-27 21:42:04,547][main][INFO] - 00229.png
[2024-05-27 21:42:04,548][main][INFO] - 00230.png
[2024-05-27 21:42:04,549][main][INFO] - 00231.png
[2024-05-27 21:42:04,550][main][INFO] - 00232.png
[2024-05-27 21:42:04,551][main][INFO] - 00233.png
[2024-05-27 21:42:04,552][main][INFO] - 00234.png
[2024-05-27 21:42:04,553][main][INFO] - 00235.png
[2024-05-27 21:42:04,555][main][INFO] - 00236.png
[2024-05-27 21:42:04,555][main][INFO] - 00237.png
[2024-05-27 21:42:04,557][main][INFO] - 00238.png
[2024-05-27 21:42:04,557][main][INFO] - 00239.png
[2024-05-27 21:42:04,558][main][INFO] - 00240.png
[2024-05-27 21:42:04,559][main][INFO] - 00241.png
[2024-05-27 21:42:04,560][main][INFO] - 00242.png
[2024-05-27 21:42:04,561][main][INFO] - 00243.png
[2024-05-27 21:42:04,562][main][INFO] - 00244.png
[2024-05-27 21:42:04,563][main][INFO] - 00245.png
[2024-05-27 21:42:04,565][main][INFO] - 00246.png
[2024-05-27 21:42:04,566][main][INFO] - 00247.png
[2024-05-27 21:42:04,567][main][INFO] - 00248.png
[2024-05-27 21:42:04,568][main][INFO] - 00249.png
[2024-05-27 21:42:04,569][main][INFO] - 00250.png
[2024-05-27 21:42:04,570][main][INFO] - 00251.png
[2024-05-27 21:42:04,571][main][INFO] - 00252.png
[2024-05-27 21:42:04,572][main][INFO] - 00253.png
[2024-05-27 21:42:04,572][main][INFO] - 00254.png
[2024-05-27 21:42:04,573][main][INFO] - 00255.png
[2024-05-27 21:42:04,574][main][INFO] - 00256.png
[2024-05-27 21:42:04,575][main][INFO] - 00257.png
[2024-05-27 21:42:04,576][main][INFO] - 00258.png
[2024-05-27 21:42:04,577][main][INFO] - 00259.png
[2024-05-27 21:42:04,579][main][INFO] - 00260.png
[2024-05-27 21:42:04,580][main][INFO] - 00261.png
[2024-05-27 21:42:04,581][main][INFO] - 00262.png
[2024-05-27 21:42:04,582][main][INFO] - 00263.png
[2024-05-27 21:42:04,583][main][INFO] - 00264.png
[2024-05-27 21:42:04,584][main][INFO] - 00265.png
[2024-05-27 21:42:04,585][main][INFO] - 00266.png
[2024-05-27 21:42:04,586][main][INFO] - 00267.png
[2024-05-27 21:42:04,587][main][INFO] - 00268.png
[2024-05-27 21:42:04,588][main][INFO] - 00269.png
[2024-05-27 21:42:04,589][main][INFO] - 00270.png
[2024-05-27 21:42:04,590][main][INFO] - 00271.png
[2024-05-27 21:42:04,592][main][INFO] - 00272.png
[2024-05-27 21:42:04,593][main][INFO] - 00273.png
[2024-05-27 21:42:04,593][main][INFO] - 00274.png
[2024-05-27 21:42:04,595][main][INFO] - 00275.png
[2024-05-27 21:42:04,596][main][INFO] - 00276.png
[2024-05-27 21:42:04,597][main][INFO] - 00277.png
[2024-05-27 21:42:04,598][main][INFO] - 00278.png
[2024-05-27 21:42:04,599][main][INFO] - 00279.png
[2024-05-27 21:42:04,600][main][INFO] - 00280.png
[2024-05-27 21:42:04,601][main][INFO] - 00281.png
[2024-05-27 21:42:04,602][main][INFO] - 00282.png
[2024-05-27 21:42:04,603][main][INFO] - 00283.png
[2024-05-27 21:42:04,605][main][INFO] - 00284.png
[2024-05-27 21:42:04,605][main][INFO] - 00285.png
[2024-05-27 21:42:04,606][main][INFO] - 00286.png
[2024-05-27 21:42:04,607][main][INFO] - 00287.png
[2024-05-27 21:42:04,608][main][INFO] - 00288.png
[2024-05-27 21:42:04,609][main][INFO] - 00289.png
[2024-05-27 21:42:04,610][main][INFO] - 00290.png
[2024-05-27 21:42:04,611][main][INFO] - 00291.png
[2024-05-27 21:42:04,612][main][INFO] - 00292.png
[2024-05-27 21:42:04,613][main][INFO] - 00293.png
[2024-05-27 21:42:04,614][main][INFO] - 00294.png
[2024-05-27 21:42:04,615][main][INFO] - 00295.png
[2024-05-27 21:42:04,618][main][INFO] - 00296.png
[2024-05-27 21:42:04,618][main][INFO] - 00297.png
[2024-05-27 21:42:04,619][main][INFO] - 00298.png
[2024-05-27 21:42:04,620][main][INFO] - 00299.png
[2024-05-27 21:42:04,621][main][INFO] - 00300.png
[2024-05-27 21:42:04,622][main][INFO] - 00301.png
[2024-05-27 21:42:04,623][main][INFO] - 00302.png
[2024-05-27 21:42:04,624][main][INFO] - 00303.png
[2024-05-27 21:42:04,625][main][INFO] - 00304.png
[2024-05-27 21:42:04,626][main][INFO] - 00305.png
[2024-05-27 21:42:04,627][main][INFO] - 00306.png
[2024-05-27 21:42:04,628][main][INFO] - 00307.png
[2024-05-27 21:42:04,630][main][INFO] - 00308.png
[2024-05-27 21:42:04,630][main][INFO] - 00309.png
[2024-05-27 21:42:04,631][main][INFO] - 00310.png
[2024-05-27 21:42:04,632][main][INFO] - 00311.png
[2024-05-27 21:42:04,633][main][INFO] - 00312.png
[2024-05-27 21:42:04,634][main][INFO] - 00313.png
[2024-05-27 21:42:04,635][main][INFO] - 00314.png
[2024-05-27 21:42:04,636][main][INFO] - 00315.png
[2024-05-27 21:42:04,637][main][INFO] - 00316.png
[2024-05-27 21:42:04,638][main][INFO] - 00317.png
[2024-05-27 21:42:04,639][main][INFO] - 00318.png
[2024-05-27 21:42:04,640][main][INFO] - 00319.png
[2024-05-27 21:42:04,643][main][INFO] - 00320.png
[2024-05-27 21:42:04,643][main][INFO] - 00321.png
[2024-05-27 21:42:04,644][main][INFO] - 00322.png
[2024-05-27 21:42:04,645][main][INFO] - 00323.png
[2024-05-27 21:42:04,646][main][INFO] - 00324.png
[2024-05-27 21:42:04,647][main][INFO] - 00325.png
[2024-05-27 21:42:04,648][main][INFO] - 00326.png
[2024-05-27 21:42:04,649][main][INFO] - 00327.png
[2024-05-27 21:42:04,650][main][INFO] - 00328.png
[2024-05-27 21:42:04,651][main][INFO] - 00329.png
[2024-05-27 21:42:04,652][main][INFO] - 00330.png
[2024-05-27 21:42:04,653][main][INFO] - 00331.png
[2024-05-27 21:42:04,655][main][INFO] - 00332.png
[2024-05-27 21:42:04,655][main][INFO] - 00333.png
[2024-05-27 21:42:04,656][main][INFO] - 00334.png
[2024-05-27 21:42:04,657][main][INFO] - 00335.png
[2024-05-27 21:42:04,658][main][INFO] - 00336.png
[2024-05-27 21:42:04,659][main][INFO] - 00337.png
[2024-05-27 21:42:04,660][main][INFO] - 00338.png
[2024-05-27 21:42:04,661][main][INFO] - 00339.png
[2024-05-27 21:42:04,662][main][INFO] - 00340.png
[2024-05-27 21:42:04,663][main][INFO] - 00341.png
[2024-05-27 21:42:04,664][main][INFO] - 00342.png
[2024-05-27 21:42:04,665][main][INFO] - 00343.png
[2024-05-27 21:42:04,667][main][INFO] - 00344.png
[2024-05-27 21:42:04,667][main][INFO] - 00345.png
[2024-05-27 21:42:04,668][main][INFO] - 00346.png
[2024-05-27 21:42:04,669][main][INFO] - 00347.png
[2024-05-27 21:42:04,671][main][INFO] - 00348.png
[2024-05-27 21:42:04,672][main][INFO] - 00349.png
[2024-05-27 21:42:04,673][main][INFO] - 00350.png
[2024-05-27 21:42:04,674][main][INFO] - 00351.png
[2024-05-27 21:42:04,675][main][INFO] - 00352.png
[2024-05-27 21:42:04,676][main][INFO] - 00353.png
[2024-05-27 21:42:04,677][main][INFO] - 00354.png
[2024-05-27 21:42:04,678][main][INFO] - 00355.png
[2024-05-27 21:42:04,680][main][INFO] - 00356.png
[2024-05-27 21:42:04,680][main][INFO] - 00357.png
[2024-05-27 21:42:04,681][main][INFO] - 00358.png
[2024-05-27 21:42:04,682][main][INFO] - 00359.png
[2024-05-27 21:42:04,683][main][INFO] - 00360.png
[2024-05-27 21:42:04,684][main][INFO] - 00361.png
[2024-05-27 21:42:04,685][main][INFO] - 00362.png
[2024-05-27 21:42:04,686][main][INFO] - 00363.png
[2024-05-27 21:42:04,687][main][INFO] - 00364.png
[2024-05-27 21:42:04,688][main][INFO] - 00365.png
[2024-05-27 21:42:04,689][main][INFO] - 00366.png
[2024-05-27 21:42:04,690][main][INFO] - 00367.png
[2024-05-27 21:42:04,692][main][INFO] - 00368.png
[2024-05-27 21:42:04,692][main][INFO] - 00369.png
[2024-05-27 21:42:04,693][main][INFO] - 00370.png
[2024-05-27 21:42:04,694][main][INFO] - 00371.png
[2024-05-27 21:42:04,695][main][INFO] - 00372.png
[2024-05-27 21:42:04,696][main][INFO] - 00373.png
[2024-05-27 21:42:04,697][main][INFO] - 00374.png
[2024-05-27 21:42:04,698][main][INFO] - 00375.png
[2024-05-27 21:42:04,699][main][INFO] - 00376.png
[2024-05-27 21:42:04,700][main][INFO] - 00377.png
[2024-05-27 21:42:04,701][main][INFO] - 00378.png
[2024-05-27 21:42:04,702][main][INFO] - 00379.png
[2024-05-27 21:42:04,704][main][INFO] - 00380.png
[2024-05-27 21:42:04,704][main][INFO] - 00381.png
[2024-05-27 21:42:04,705][main][INFO] - 00382.png
[2024-05-27 21:42:04,706][main][INFO] - 00383.png
[2024-05-27 21:42:04,707][main][INFO] - 00384.png
[2024-05-27 21:42:04,708][main][INFO] - 00385.png
[2024-05-27 21:42:04,709][main][INFO] - 00386.png
[2024-05-27 21:42:04,710][main][INFO] - 00387.png
[2024-05-27 21:42:04,711][main][INFO] - 00388.png
[2024-05-27 21:42:04,712][main][INFO] - 00389.png
[2024-05-27 21:42:04,713][main][INFO] - 00390.png
[2024-05-27 21:42:04,714][main][INFO] - 00391.png
[2024-05-27 21:42:04,716][main][INFO] - 00392.png
[2024-05-27 21:42:04,716][main][INFO] - 00393.png
[2024-05-27 21:42:04,717][main][INFO] - 00394.png
[2024-05-27 21:42:04,718][main][INFO] - 00395.png
[2024-05-27 21:42:04,719][main][INFO] - 00396.png
[2024-05-27 21:42:04,720][main][INFO] - 00397.png
[2024-05-27 21:42:04,721][main][INFO] - 00398.png
[2024-05-27 21:42:04,722][main][INFO] - 00399.png
[2024-05-27 21:42:04,723][main][INFO] - 00400.png
[2024-05-27 21:42:04,724][main][INFO] - 00401.png
[2024-05-27 21:42:04,725][main][INFO] - 00402.png
[2024-05-27 21:42:04,726][main][INFO] - 00403.png
[2024-05-27 21:42:04,728][main][INFO] - 00404.png
[2024-05-27 21:42:04,728][main][INFO] - 00405.png
[2024-05-27 21:42:04,729][main][INFO] - 00406.png
[2024-05-27 21:42:04,730][main][INFO] - 00407.png
[2024-05-27 21:42:04,731][main][INFO] - 00408.png
[2024-05-27 21:42:04,732][main][INFO] - 00409.png
[2024-05-27 21:42:04,733][main][INFO] - 00410.png
[2024-05-27 21:42:04,735][main][INFO] - 00411.png
[2024-05-27 21:42:04,735][main][INFO] - 00412.png
[2024-05-27 21:42:04,737][main][INFO] - 00413.png
[2024-05-27 21:42:04,738][main][INFO] - 00414.png
[2024-05-27 21:42:04,739][main][INFO] - 00415.png
[2024-05-27 21:42:04,740][main][INFO] - 00416.png
[2024-05-27 21:42:04,741][main][INFO] - 00417.png
[2024-05-27 21:42:04,742][main][INFO] - 00418.png
[2024-05-27 21:42:04,743][main][INFO] - 00419.png
[2024-05-27 21:42:04,744][main][INFO] - 00420.png
[2024-05-27 21:42:04,745][main][INFO] - 00421.png
[2024-05-27 21:42:04,746][main][INFO] - 00422.png
[2024-05-27 21:42:04,747][main][INFO] - 00423.png
[2024-05-27 21:42:04,748][main][INFO] - 00424.png
[2024-05-27 21:42:04,749][main][INFO] - 00425.png
[2024-05-27 21:42:04,750][main][INFO] - 00426.png
[2024-05-27 21:42:04,751][main][INFO] - 00427.png
[2024-05-27 21:42:04,753][main][INFO] - 00428.png
[2024-05-27 21:42:04,753][main][INFO] - 00429.png
[2024-05-27 21:42:04,754][main][INFO] - 00430.png
[2024-05-27 21:42:04,755][main][INFO] - 00431.png
[2024-05-27 21:42:04,756][main][INFO] - 00432.png
[2024-05-27 21:42:04,757][main][INFO] - 00433.png
[2024-05-27 21:42:04,758][main][INFO] - 00434.png
[2024-05-27 21:42:04,759][main][INFO] - 00435.png
[2024-05-27 21:42:04,760][main][INFO] - 00436.png
[2024-05-27 21:42:04,761][main][INFO] - 00437.png
[2024-05-27 21:42:04,762][main][INFO] - 00438.png
[2024-05-27 21:42:04,763][main][INFO] - 00439.png
[2024-05-27 21:42:04,765][main][INFO] - 00440.png
[2024-05-27 21:42:04,765][main][INFO] - 00441.png
[2024-05-27 21:42:04,766][main][INFO] - 00442.png
[2024-05-27 21:42:04,767][main][INFO] - 00443.png
[2024-05-27 21:42:04,768][main][INFO] - 00444.png
[2024-05-27 21:42:04,769][main][INFO] - 00445.png
[2024-05-27 21:42:04,770][main][INFO] - 00446.png
[2024-05-27 21:42:04,771][main][INFO] - 00447.png
[2024-05-27 21:42:04,772][main][INFO] - 00448.png
[2024-05-27 21:42:04,773][main][INFO] - 00449.png
[2024-05-27 21:42:04,774][main][INFO] - 00450.png
[2024-05-27 21:42:04,775][main][INFO] - 00451.png
[2024-05-27 21:42:04,777][main][INFO] - 00452.png
[2024-05-27 21:42:04,777][main][INFO] - 00453.png
[2024-05-27 21:42:04,778][main][INFO] - 00454.png
[2024-05-27 21:42:04,779][main][INFO] - 00455.png
[2024-05-27 21:42:04,781][main][INFO] - 00456.png
[2024-05-27 21:42:04,782][main][INFO] - 00457.png
[2024-05-27 21:42:04,783][main][INFO] - 00458.png
[2024-05-27 21:42:04,783][main][INFO] - 00459.png
[2024-05-27 21:42:04,785][main][INFO] - 00460.png
[2024-05-27 21:42:04,786][main][INFO] - 00461.png
[2024-05-27 21:42:04,787][main][INFO] - 00462.png
[2024-05-27 21:42:04,788][main][INFO] - 00463.png
[2024-05-27 21:42:04,789][main][INFO] - 00464.png
[2024-05-27 21:42:04,790][main][INFO] - 00465.png
[2024-05-27 21:42:04,790][main][INFO] - 00466.png
[2024-05-27 21:42:04,792][main][INFO] - 00467.png
[2024-05-27 21:42:04,793][main][INFO] - 00468.png
[2024-05-27 21:42:04,794][main][INFO] - 00469.png
[2024-05-27 21:42:04,795][main][INFO] - 00470.png
[2024-05-27 21:42:04,796][main][INFO] - 00471.png
[2024-05-27 21:42:04,797][main][INFO] - 00472.png
[2024-05-27 21:42:04,798][main][INFO] - 00473.png
[2024-05-27 21:42:04,799][main][INFO] - 00474.png
[2024-05-27 21:42:04,800][main][INFO] - 00475.png
[2024-05-27 21:42:04,801][main][INFO] - 00476.png
[2024-05-27 21:42:04,802][main][INFO] - 00477.png
[2024-05-27 21:42:04,802][main][INFO] - 00478.png
[2024-05-27 21:42:04,804][main][INFO] - 00479.png
[2024-05-27 21:42:04,805][main][INFO] - 00480.png
[2024-05-27 21:42:04,806][main][INFO] - 00481.png
[2024-05-27 21:42:04,807][main][INFO] - 00482.png
[2024-05-27 21:42:04,808][main][INFO] - 00483.png
[2024-05-27 21:42:04,809][main][INFO] - 00484.png
[2024-05-27 21:42:04,810][main][INFO] - 00485.png
[2024-05-27 21:42:04,811][main][INFO] - 00486.png
[2024-05-27 21:42:04,812][main][INFO] - 00487.png
[2024-05-27 21:42:04,814][main][INFO] - 00488.png
[2024-05-27 21:42:04,814][main][INFO] - 00489.png
[2024-05-27 21:42:04,815][main][INFO] - 00490.png
[2024-05-27 21:42:04,816][main][INFO] - 00491.png
[2024-05-27 21:42:04,817][main][INFO] - 00492.png
[2024-05-27 21:42:04,818][main][INFO] - 00493.png
[2024-05-27 21:42:04,819][main][INFO] - 00494.png
[2024-05-27 21:42:04,820][main][INFO] - 00495.png
[2024-05-27 21:42:04,821][main][INFO] - 00496.png
[2024-05-27 21:42:04,822][main][INFO] - 00497.png
[2024-05-27 21:42:04,823][main][INFO] - 00498.png
[2024-05-27 21:42:04,824][main][INFO] - 00499.png
[2024-05-27 21:42:04,826][main][INFO] - 00500.png
[2024-05-27 21:42:04,826][main][INFO] - 00501.png
[2024-05-27 21:42:04,827][main][INFO] - 00502.png
[2024-05-27 21:42:04,828][main][INFO] - 00503.png
[2024-05-27 21:42:04,829][main][INFO] - 00504.png
[2024-05-27 21:42:04,830][main][INFO] - 00505.png
[2024-05-27 21:42:04,831][main][INFO] - 00506.png
[2024-05-27 21:42:04,832][main][INFO] - 00507.png
[2024-05-27 21:42:04,833][main][INFO] - 00508.png
[2024-05-27 21:42:04,834][main][INFO] - 00509.png
[2024-05-27 21:42:04,835][main][INFO] - 00510.png
[2024-05-27 21:42:04,836][main][INFO] - 00511.png
[2024-05-27 21:42:04,839][main][INFO] - 00512.png
[2024-05-27 21:42:04,839][main][INFO] - 00513.png
[2024-05-27 21:42:04,840][main][INFO] - 00514.png
[2024-05-27 21:42:04,841][main][INFO] - 00515.png
[2024-05-27 21:42:04,842][main][INFO] - 00516.png
[2024-05-27 21:42:04,843][main][INFO] - 00517.png
[2024-05-27 21:42:04,844][main][INFO] - 00518.png
[2024-05-27 21:42:04,845][main][INFO] - 00519.png
[2024-05-27 21:42:04,846][main][INFO] - 00520.png
[2024-05-27 21:42:04,847][main][INFO] - 00521.png
[2024-05-27 21:42:04,848][main][INFO] - 00522.png
[2024-05-27 21:42:04,849][main][INFO] - 00523.png
[2024-05-27 21:42:04,851][main][INFO] - 00524.png
[2024-05-27 21:42:04,851][main][INFO] - 00525.png
[2024-05-27 21:42:04,852][main][INFO] - 00526.png
[2024-05-27 21:42:04,853][main][INFO] - 00527.png
[2024-05-27 21:42:04,854][main][INFO] - 00528.png
[2024-05-27 21:42:04,855][main][INFO] - 00529.png
[2024-05-27 21:42:04,856][main][INFO] - 00530.png
[2024-05-27 21:42:04,858][main][INFO] - 00531.png
[2024-05-27 21:42:04,858][main][INFO] - 00532.png
[2024-05-27 21:42:04,859][main][INFO] - 00533.png
[2024-05-27 21:42:04,860][main][INFO] - 00534.png
[2024-05-27 21:42:04,861][main][INFO] - 00535.png
[2024-05-27 21:42:04,863][main][INFO] - 00536.png
[2024-05-27 21:42:04,863][main][INFO] - 00537.png
[2024-05-27 21:42:04,864][main][INFO] - 00538.png
[2024-05-27 21:42:04,865][main][INFO] - 00539.png
[2024-05-27 21:42:04,866][main][INFO] - 00540.png
[2024-05-27 21:42:04,867][main][INFO] - 00541.png
[2024-05-27 21:42:04,868][main][INFO] - 00542.png
[2024-05-27 21:42:04,869][main][INFO] - 00543.png
[2024-05-27 21:42:04,870][main][INFO] - 00544.png
[2024-05-27 21:42:04,871][main][INFO] - 00545.png
[2024-05-27 21:42:04,872][main][INFO] - 00546.png
[2024-05-27 21:42:04,873][main][INFO] - 00547.png
[2024-05-27 21:42:04,875][main][INFO] - 00548.png
[2024-05-27 21:42:04,876][main][INFO] - 00549.png
[2024-05-27 21:42:04,876][main][INFO] - 00550.png
[2024-05-27 21:42:04,878][main][INFO] - 00551.png
[2024-05-27 21:42:04,879][main][INFO] - 00552.png
[2024-05-27 21:42:04,880][main][INFO] - 00553.png
[2024-05-27 21:42:04,881][main][INFO] - 00554.png
[2024-05-27 21:42:04,882][main][INFO] - 00555.png
[2024-05-27 21:42:04,883][main][INFO] - 00556.png
[2024-05-27 21:42:04,884][main][INFO] - 00557.png
[2024-05-27 21:42:04,885][main][INFO] - 00558.png
[2024-05-27 21:42:04,886][main][INFO] - 00559.png
[2024-05-27 21:42:04,888][main][INFO] - 00560.png
[2024-05-27 21:42:04,888][main][INFO] - 00561.png
[2024-05-27 21:42:04,889][main][INFO] - 00562.png
[2024-05-27 21:42:04,890][main][INFO] - 00563.png
[2024-05-27 21:42:04,891][main][INFO] - 00564.png
[2024-05-27 21:42:04,892][main][INFO] - 00565.png
[2024-05-27 21:42:04,893][main][INFO] - 00566.png
[2024-05-27 21:42:04,894][main][INFO] - 00567.png
[2024-05-27 21:42:04,895][main][INFO] - 00568.png
[2024-05-27 21:42:04,896][main][INFO] - 00569.png
[2024-05-27 21:42:04,897][main][INFO] - 00570.png
[2024-05-27 21:42:04,898][main][INFO] - 00571.png
[2024-05-27 21:42:04,900][main][INFO] - 00572.png
[2024-05-27 21:42:04,900][main][INFO] - 00573.png
[2024-05-27 21:42:04,901][main][INFO] - 00574.png
[2024-05-27 21:42:04,902][main][INFO] - 00575.png
[2024-05-27 21:42:04,904][main][INFO] - 00576.png
[2024-05-27 21:42:04,905][main][INFO] - 00577.png
[2024-05-27 21:42:04,906][main][INFO] - 00578.png
[2024-05-27 21:42:04,907][main][INFO] - 00579.png
[2024-05-27 21:42:04,908][main][INFO] - 00580.png
[2024-05-27 21:42:04,909][main][INFO] - 00581.png
[2024-05-27 21:42:04,910][main][INFO] - 00582.png
[2024-05-27 21:42:04,911][main][INFO] - 00583.png
[2024-05-27 21:42:04,913][main][INFO] - 00584.png
[2024-05-27 21:42:04,913][main][INFO] - 00585.png
[2024-05-27 21:42:04,914][main][INFO] - 00586.png
[2024-05-27 21:42:04,915][main][INFO] - 00587.png
[2024-05-27 21:42:04,916][main][INFO] - 00588.png
[2024-05-27 21:42:04,917][main][INFO] - 00589.png
[2024-05-27 21:42:04,918][main][INFO] - 00590.png
[2024-05-27 21:42:04,919][main][INFO] - 00591.png
[2024-05-27 21:42:04,920][main][INFO] - 00592.png
[2024-05-27 21:42:04,921][main][INFO] - 00593.png
[2024-05-27 21:42:04,922][main][INFO] - 00594.png
[2024-05-27 21:42:04,923][main][INFO] - 00595.png
[2024-05-27 21:42:04,925][main][INFO] - 00596.png
[2024-05-27 21:42:04,925][main][INFO] - 00597.png
[2024-05-27 21:42:04,926][main][INFO] - 00598.png
[2024-05-27 21:42:04,927][main][INFO] - 00599.png
[2024-05-27 21:42:04,928][main][INFO] - 00600.png
[2024-05-27 21:42:04,929][main][INFO] - 00601.png
[2024-05-27 21:42:04,930][main][INFO] - 00602.png
[2024-05-27 21:42:04,931][main][INFO] - 00603.png
[2024-05-27 21:42:04,933][main][INFO] - 00604.png
[2024-05-27 21:42:04,933][main][INFO] - 00605.png
[2024-05-27 21:42:04,934][main][INFO] - 00606.png
[2024-05-27 21:42:04,935][main][INFO] - 00607.png
[2024-05-27 21:42:04,937][main][INFO] - 00608.png
[2024-05-27 21:42:04,937][main][INFO] - 00609.png
[2024-05-27 21:42:04,938][main][INFO] - 00610.png
[2024-05-27 21:42:04,939][main][INFO] - 00611.png
[2024-05-27 21:42:04,940][main][INFO] - 00612.png
[2024-05-27 21:42:04,941][main][INFO] - 00613.png
[2024-05-27 21:42:04,942][main][INFO] - 00614.png
[2024-05-27 21:42:04,943][main][INFO] - 00615.png
[2024-05-27 21:42:04,944][main][INFO] - 00616.png
[2024-05-27 21:42:04,945][main][INFO] - 00617.png
[2024-05-27 21:42:04,946][main][INFO] - 00618.png
[2024-05-27 21:42:04,946][main][INFO] - 00619.png
[2024-05-27 21:42:04,948][main][INFO] - 00620.png
[2024-05-27 21:42:04,949][main][INFO] - 00621.png
[2024-05-27 21:42:04,949][main][INFO] - 00622.png
[2024-05-27 21:42:04,951][main][INFO] - 00623.png
[2024-05-27 21:42:04,952][main][INFO] - 00624.png
[2024-05-27 21:42:04,953][main][INFO] - 00625.png
[2024-05-27 21:42:04,954][main][INFO] - 00626.png
[2024-05-27 21:42:04,954][main][INFO] - 00627.png
[2024-05-27 21:42:04,956][main][INFO] - 00628.png
[2024-05-27 21:42:04,956][main][INFO] - 00629.png
[2024-05-27 21:42:04,957][main][INFO] - 00630.png
[2024-05-27 21:42:04,958][main][INFO] - 00631.png
[2024-05-27 21:42:04,960][main][INFO] - 00632.png
[2024-05-27 21:42:04,960][main][INFO] - 00633.png
[2024-05-27 21:42:04,961][main][INFO] - 00634.png
[2024-05-27 21:42:04,962][main][INFO] - 00635.png
[2024-05-27 21:42:04,963][main][INFO] - 00636.png
[2024-05-27 21:42:04,964][main][INFO] - 00637.png
[2024-05-27 21:42:04,965][main][INFO] - 00638.png
[2024-05-27 21:42:04,966][main][INFO] - 00639.png
[2024-05-27 21:42:04,967][main][INFO] - 00640.png
[2024-05-27 21:42:04,968][main][INFO] - 00641.png
[2024-05-27 21:42:04,969][main][INFO] - 00642.png
[2024-05-27 21:42:04,970][main][INFO] - 00643.png
[2024-05-27 21:42:04,972][main][INFO] - 00644.png
[2024-05-27 21:42:04,972][main][INFO] - 00645.png
[2024-05-27 21:42:04,973][main][INFO] - 00646.png
[2024-05-27 21:42:04,974][main][INFO] - 00647.png
[2024-05-27 21:42:04,975][main][INFO] - 00648.png
[2024-05-27 21:42:04,976][main][INFO] - 00649.png
[2024-05-27 21:42:04,977][main][INFO] - 00650.png
[2024-05-27 21:42:04,978][main][INFO] - 00651.png
[2024-05-27 21:42:04,979][main][INFO] - 00652.png
[2024-05-27 21:42:04,980][main][INFO] - 00653.png
[2024-05-27 21:42:04,981][main][INFO] - 00654.png
[2024-05-27 21:42:04,982][main][INFO] - 00655.png
[2024-05-27 21:42:04,983][main][INFO] - 00656.png
[2024-05-27 21:42:04,984][main][INFO] - 00657.png
[2024-05-27 21:42:04,985][main][INFO] - 00658.png
[2024-05-27 21:42:04,986][main][INFO] - 00659.png
[2024-05-27 21:42:04,987][main][INFO] - 00660.png
[2024-05-27 21:42:04,988][main][INFO] - 00661.png
[2024-05-27 21:42:04,989][main][INFO] - 00662.png
[2024-05-27 21:42:04,990][main][INFO] - 00663.png
[2024-05-27 21:42:04,991][main][INFO] - 00664.png
[2024-05-27 21:42:04,992][main][INFO] - 00665.png
[2024-05-27 21:42:04,992][main][INFO] - 00666.png
[2024-05-27 21:42:04,993][main][INFO] - 00667.png
[2024-05-27 21:42:04,995][main][INFO] - 00668.png
[2024-05-27 21:42:04,995][main][INFO] - 00669.png
[2024-05-27 21:42:04,996][main][INFO] - 00670.png
[2024-05-27 21:42:04,997][main][INFO] - 00671.png
[2024-05-27 21:42:04,999][main][INFO] - 00672.png
[2024-05-27 21:42:05,000][main][INFO] - 00673.png
[2024-05-27 21:42:05,000][main][INFO] - 00674.png
[2024-05-27 21:42:05,001][main][INFO] - 00675.png
[2024-05-27 21:42:05,002][main][INFO] - 00676.png
[2024-05-27 21:42:05,003][main][INFO] - 00677.png
[2024-05-27 21:42:05,004][main][INFO] - 00678.png
[2024-05-27 21:42:05,005][main][INFO] - 00679.png
[2024-05-27 21:42:05,007][main][INFO] - 00680.png
[2024-05-27 21:42:05,007][main][INFO] - 00681.png
[2024-05-27 21:42:05,008][main][INFO] - 00682.png
[2024-05-27 21:42:05,009][main][INFO] - 00683.png
[2024-05-27 21:42:05,010][main][INFO] - 00684.png
[2024-05-27 21:42:05,011][main][INFO] - 00685.png
[2024-05-27 21:42:05,012][main][INFO] - 00686.png
[2024-05-27 21:42:05,013][main][INFO] - 00687.png
[2024-05-27 21:42:05,014][main][INFO] - 00688.png
[2024-05-27 21:42:05,015][main][INFO] - 00689.png
[2024-05-27 21:42:05,016][main][INFO] - 00690.png
[2024-05-27 21:42:05,017][main][INFO] - 00691.png
[2024-05-27 21:42:05,018][main][INFO] - 00692.png
[2024-05-27 21:42:05,019][main][INFO] - 00693.png
[2024-05-27 21:42:05,020][main][INFO] - 00694.png
[2024-05-27 21:42:05,021][main][INFO] - 00695.png
[2024-05-27 21:42:05,022][main][INFO] - 00696.png
[2024-05-27 21:42:05,023][main][INFO] - 00697.png
[2024-05-27 21:42:05,024][main][INFO] - 00698.png
[2024-05-27 21:42:05,025][main][INFO] - 00699.png
[2024-05-27 21:42:05,026][main][INFO] - 00700.png
[2024-05-27 21:42:05,027][main][INFO] - 00701.png
[2024-05-27 21:42:05,027][main][INFO] - 00702.png
[2024-05-27 21:42:05,028][main][INFO] - 00703.png
[2024-05-27 21:42:05,030][main][INFO] - 00704.png
[2024-05-27 21:42:05,031][main][INFO] - 00705.png
[2024-05-27 21:42:05,032][main][INFO] - 00706.png
[2024-05-27 21:42:05,033][main][INFO] - 00707.png
[2024-05-27 21:42:05,034][main][INFO] - 00708.png
[2024-05-27 21:42:05,035][main][INFO] - 00709.png
[2024-05-27 21:42:05,036][main][INFO] - 00710.png
[2024-05-27 21:42:05,036][main][INFO] - 00711.png
[2024-05-27 21:42:05,037][main][INFO] - 00712.png
[2024-05-27 21:42:05,038][main][INFO] - 00713.png
[2024-05-27 21:42:05,039][main][INFO] - 00714.png
[2024-05-27 21:42:05,040][main][INFO] - 00715.png
[2024-05-27 21:42:05,042][main][INFO] - 00716.png
[2024-05-27 21:42:05,042][main][INFO] - 00717.png
[2024-05-27 21:42:05,043][main][INFO] - 00718.png
[2024-05-27 21:42:05,044][main][INFO] - 00719.png
[2024-05-27 21:42:05,045][main][INFO] - 00720.png
[2024-05-27 21:42:05,046][main][INFO] - 00721.png
[2024-05-27 21:42:05,047][main][INFO] - 00722.png
[2024-05-27 21:42:05,048][main][INFO] - 00723.png
[2024-05-27 21:42:05,049][main][INFO] - 00724.png
[2024-05-27 21:42:05,050][main][INFO] - 00725.png
[2024-05-27 21:42:05,051][main][INFO] - 00726.png
[2024-05-27 21:42:05,052][main][INFO] - 00727.png
[2024-05-27 21:42:05,054][main][INFO] - 00728.png
[2024-05-27 21:42:05,054][main][INFO] - 00729.png
[2024-05-27 21:42:05,056][main][INFO] - 00730.png
[2024-05-27 21:42:05,056][main][INFO] - 00731.png
[2024-05-27 21:42:05,057][main][INFO] - 00732.png
[2024-05-27 21:42:05,058][main][INFO] - 00733.png
[2024-05-27 21:42:05,059][main][INFO] - 00734.png
[2024-05-27 21:42:05,060][main][INFO] - 00735.png
[2024-05-27 21:42:05,061][main][INFO] - 00736.png
[2024-05-27 21:42:05,062][main][INFO] - 00737.png
[2024-05-27 21:42:05,063][main][INFO] - 00738.png
[2024-05-27 21:42:05,063][main][INFO] - 00739.png
[2024-05-27 21:42:05,065][main][INFO] - 00740.png
[2024-05-27 21:42:05,066][main][INFO] - 00741.png
[2024-05-27 21:42:05,067][main][INFO] - 00742.png
[2024-05-27 21:42:05,068][main][INFO] - 00743.png
[2024-05-27 21:42:05,069][main][INFO] - 00744.png
[2024-05-27 21:42:05,070][main][INFO] - 00745.png
[2024-05-27 21:42:05,071][main][INFO] - 00746.png
[2024-05-27 21:42:05,072][main][INFO] - 00747.png
[2024-05-27 21:42:05,073][main][INFO] - 00748.png
[2024-05-27 21:42:05,074][main][INFO] - 00749.png
[2024-05-27 21:42:05,074][main][INFO] - 00750.png
[2024-05-27 21:42:05,075][main][INFO] - 00751.png
[2024-05-27 21:42:05,077][main][INFO] - 00752.png
[2024-05-27 21:42:05,077][main][INFO] - 00753.png
[2024-05-27 21:42:05,079][main][INFO] - 00754.png
[2024-05-27 21:42:05,080][main][INFO] - 00755.png
[2024-05-27 21:42:05,080][main][INFO] - 00756.png
[2024-05-27 21:42:05,082][main][INFO] - 00757.png
[2024-05-27 21:42:05,083][main][INFO] - 00758.png
[2024-05-27 21:42:05,083][main][INFO] - 00759.png
[2024-05-27 21:42:05,085][main][INFO] - 00760.png
[2024-05-27 21:42:05,085][main][INFO] - 00761.png
[2024-05-27 21:42:05,086][main][INFO] - 00762.png
[2024-05-27 21:42:05,087][main][INFO] - 00763.png
[2024-05-27 21:42:05,089][main][INFO] - 00764.png
[2024-05-27 21:42:05,090][main][INFO] - 00765.png
[2024-05-27 21:42:05,090][main][INFO] - 00766.png
[2024-05-27 21:42:05,091][main][INFO] - 00767.png
[2024-05-27 21:42:05,093][main][INFO] - 00768.png
[2024-05-27 21:42:05,094][main][INFO] - 00769.png
[2024-05-27 21:42:05,095][main][INFO] - 00770.png
[2024-05-27 21:42:05,096][main][INFO] - 00771.png
[2024-05-27 21:42:05,097][main][INFO] - 00772.png
[2024-05-27 21:42:05,098][main][INFO] - 00773.png
[2024-05-27 21:42:05,098][main][INFO] - 00774.png
[2024-05-27 21:42:05,099][main][INFO] - 00775.png
[2024-05-27 21:42:05,101][main][INFO] - 00776.png
[2024-05-27 21:42:05,102][main][INFO] - 00777.png
[2024-05-27 21:42:05,103][main][INFO] - 00778.png
[2024-05-27 21:42:05,104][main][INFO] - 00779.png
[2024-05-27 21:42:05,105][main][INFO] - 00780.png
[2024-05-27 21:42:05,106][main][INFO] - 00781.png
[2024-05-27 21:42:05,107][main][INFO] - 00782.png
[2024-05-27 21:42:05,107][main][INFO] - 00783.png
[2024-05-27 21:42:05,109][main][INFO] - 00784.png
[2024-05-27 21:42:05,109][main][INFO] - 00785.png
[2024-05-27 21:42:05,110][main][INFO] - 00786.png
[2024-05-27 21:42:05,111][main][INFO] - 00787.png
[2024-05-27 21:42:05,113][main][INFO] - 00788.png
[2024-05-27 21:42:05,113][main][INFO] - 00789.png
[2024-05-27 21:42:05,114][main][INFO] - 00790.png
[2024-05-27 21:42:05,115][main][INFO] - 00791.png
[2024-05-27 21:42:05,117][main][INFO] - 00792.png
[2024-05-27 21:42:05,118][main][INFO] - 00793.png
[2024-05-27 21:42:05,119][main][INFO] - 00794.png
[2024-05-27 21:42:05,121][main][INFO] - 00795.png
[2024-05-27 21:42:05,121][main][INFO] - 00796.png
[2024-05-27 21:42:05,122][main][INFO] - 00797.png
[2024-05-27 21:42:05,123][main][INFO] - 00798.png
[2024-05-27 21:42:05,124][main][INFO] - 00799.png
[2024-05-27 21:42:05,126][main][INFO] - 00800.png
[2024-05-27 21:42:05,126][main][INFO] - 00801.png
[2024-05-27 21:42:05,128][main][INFO] - 00802.png
[2024-05-27 21:42:05,128][main][INFO] - 00803.png
[2024-05-27 21:42:05,129][main][INFO] - 00804.png
[2024-05-27 21:42:05,131][main][INFO] - 00805.png
[2024-05-27 21:42:05,132][main][INFO] - 00806.png
[2024-05-27 21:42:05,133][main][INFO] - 00807.png
[2024-05-27 21:42:05,133][main][INFO] - 00808.png
[2024-05-27 21:42:05,134][main][INFO] - 00809.png
[2024-05-27 21:42:05,135][main][INFO] - 00810.png
[2024-05-27 21:42:05,136][main][INFO] - 00811.png
[2024-05-27 21:42:05,138][main][INFO] - 00812.png
[2024-05-27 21:42:05,138][main][INFO] - 00813.png
[2024-05-27 21:42:05,139][main][INFO] - 00814.png
[2024-05-27 21:42:05,140][main][INFO] - 00815.png
[2024-05-27 21:42:05,141][main][INFO] - 00816.png
[2024-05-27 21:42:05,142][main][INFO] - 00817.png
[2024-05-27 21:42:05,143][main][INFO] - 00818.png
[2024-05-27 21:42:05,143][main][INFO] - 00819.png
[2024-05-27 21:42:05,144][main][INFO] - 00820.png
[2024-05-27 21:42:05,145][main][INFO] - 00821.png
[2024-05-27 21:42:05,146][main][INFO] - 00822.png
[2024-05-27 21:42:05,147][main][INFO] - 00823.png
[2024-05-27 21:42:05,149][main][INFO] - 00824.png
[2024-05-27 21:42:05,149][main][INFO] - 00825.png
[2024-05-27 21:42:05,151][main][INFO] - 00826.png
[2024-05-27 21:42:05,151][main][INFO] - 00827.png
[2024-05-27 21:42:05,152][main][INFO] - 00828.png
[2024-05-27 21:42:05,153][main][INFO] - 00829.png
[2024-05-27 21:42:05,154][main][INFO] - 00830.png
[2024-05-27 21:42:05,155][main][INFO] - 00831.png
[2024-05-27 21:42:05,156][main][INFO] - 00832.png
[2024-05-27 21:42:05,157][main][INFO] - 00833.png
[2024-05-27 21:42:05,158][main][INFO] - 00834.png
[2024-05-27 21:42:05,159][main][INFO] - 00835.png
[2024-05-27 21:42:05,161][main][INFO] - 00836.png
[2024-05-27 21:42:05,161][main][INFO] - 00837.png
[2024-05-27 21:42:05,162][main][INFO] - 00838.png
[2024-05-27 21:42:05,163][main][INFO] - 00839.png
[2024-05-27 21:42:05,164][main][INFO] - 00840.png
[2024-05-27 21:42:05,165][main][INFO] - 00841.png
[2024-05-27 21:42:05,166][main][INFO] - 00842.png
[2024-05-27 21:42:05,167][main][INFO] - 00843.png
[2024-05-27 21:42:05,168][main][INFO] - 00844.png
[2024-05-27 21:42:05,169][main][INFO] - 00845.png
[2024-05-27 21:42:05,170][main][INFO] - 00846.png
[2024-05-27 21:42:05,171][main][INFO] - 00847.png
[2024-05-27 21:42:05,173][main][INFO] - 00848.png
[2024-05-27 21:42:05,173][main][INFO] - 00849.png
[2024-05-27 21:42:05,175][main][INFO] - 00850.png
[2024-05-27 21:42:05,175][main][INFO] - 00851.png
[2024-05-27 21:42:05,176][main][INFO] - 00852.png
[2024-05-27 21:42:05,177][main][INFO] - 00853.png
[2024-05-27 21:42:05,178][main][INFO] - 00854.png
[2024-05-27 21:42:05,179][main][INFO] - 00855.png
[2024-05-27 21:42:05,179][main][INFO] - 00856.png
[2024-05-27 21:42:05,180][main][INFO] - 00857.png
[2024-05-27 21:42:05,181][main][INFO] - 00858.png
[2024-05-27 21:42:05,182][main][INFO] - 00859.png
[2024-05-27 21:42:05,184][main][INFO] - 00860.png
[2024-05-27 21:42:05,184][main][INFO] - 00861.png
[2024-05-27 21:42:05,185][main][INFO] - 00862.png
[2024-05-27 21:42:05,186][main][INFO] - 00863.png
[2024-05-27 21:42:05,187][main][INFO] - 00864.png
[2024-05-27 21:42:05,188][main][INFO] - 00865.png
[2024-05-27 21:42:05,189][main][INFO] - 00866.png
[2024-05-27 21:42:05,190][main][INFO] - 00867.png
[2024-05-27 21:42:05,191][main][INFO] - 00868.png
[2024-05-27 21:42:05,192][main][INFO] - 00869.png
[2024-05-27 21:42:05,192][main][INFO] - 00870.png
[2024-05-27 21:42:05,193][main][INFO] - 00871.png
[2024-05-27 21:42:05,195][main][INFO] - 00872.png
[2024-05-27 21:42:05,195][main][INFO] - 00873.png
[2024-05-27 21:42:05,197][main][INFO] - 00874.png
[2024-05-27 21:42:05,197][main][INFO] - 00875.png
[2024-05-27 21:42:05,198][main][INFO] - 00876.png
[2024-05-27 21:42:05,199][main][INFO] - 00877.png
[2024-05-27 21:42:05,200][main][INFO] - 00878.png
[2024-05-27 21:42:05,201][main][INFO] - 00879.png
[2024-05-27 21:42:05,202][main][INFO] - 00880.png
[2024-05-27 21:42:05,203][main][INFO] - 00881.png
[2024-05-27 21:42:05,204][main][INFO] - 00882.png
[2024-05-27 21:42:05,204][main][INFO] - 00883.png
[2024-05-27 21:42:05,206][main][INFO] - 00884.png
[2024-05-27 21:42:05,207][main][INFO] - 00885.png
[2024-05-27 21:42:05,207][main][INFO] - 00886.png
[2024-05-27 21:42:05,208][main][INFO] - 00887.png
[2024-05-27 21:42:05,209][main][INFO] - 00888.png
[2024-05-27 21:42:05,210][main][INFO] - 00889.png
[2024-05-27 21:42:05,212][main][INFO] - 00890.png
[2024-05-27 21:42:05,212][main][INFO] - 00891.png
[2024-05-27 21:42:05,213][main][INFO] - 00892.png
[2024-05-27 21:42:05,214][main][INFO] - 00893.png
[2024-05-27 21:42:05,215][main][INFO] - 00894.png
[2024-05-27 21:42:05,216][main][INFO] - 00895.png
[2024-05-27 21:42:05,218][main][INFO] - 00896.png
[2024-05-27 21:42:05,218][main][INFO] - 00897.png
[2024-05-27 21:42:05,220][main][INFO] - 00898.png
[2024-05-27 21:42:05,220][main][INFO] - 00899.png
[2024-05-27 21:42:05,221][main][INFO] - 00900.png
[2024-05-27 21:42:05,222][main][INFO] - 00901.png
[2024-05-27 21:42:05,223][main][INFO] - 00902.png
[2024-05-27 21:42:05,224][main][INFO] - 00903.png
[2024-05-27 21:42:05,225][main][INFO] - 00904.png
[2024-05-27 21:42:05,226][main][INFO] - 00905.png
[2024-05-27 21:42:05,226][main][INFO] - 00906.png
[2024-05-27 21:42:05,227][main][INFO] - 00907.png
[2024-05-27 21:42:05,229][main][INFO] - 00908.png
[2024-05-27 21:42:05,229][main][INFO] - 00909.png
[2024-05-27 21:42:05,230][main][INFO] - 00910.png
[2024-05-27 21:42:05,231][main][INFO] - 00911.png
[2024-05-27 21:42:05,232][main][INFO] - 00912.png
[2024-05-27 21:42:05,233][main][INFO] - 00913.png
[2024-05-27 21:42:05,234][main][INFO] - 00914.png
[2024-05-27 21:42:05,235][main][INFO] - 00915.png
[2024-05-27 21:42:05,236][main][INFO] - 00916.png
[2024-05-27 21:42:05,237][main][INFO] - 00917.png
[2024-05-27 21:42:05,238][main][INFO] - 00918.png
[2024-05-27 21:42:05,239][main][INFO] - 00919.png
[2024-05-27 21:42:05,241][main][INFO] - 00920.png
[2024-05-27 21:42:05,241][main][INFO] - 00921.png
[2024-05-27 21:42:05,243][main][INFO] - 00922.png
[2024-05-27 21:42:05,243][main][INFO] - 00923.png
[2024-05-27 21:42:05,244][main][INFO] - 00924.png
[2024-05-27 21:42:05,245][main][INFO] - 00925.png
[2024-05-27 21:42:05,246][main][INFO] - 00926.png
[2024-05-27 21:42:05,247][main][INFO] - 00927.png
[2024-05-27 21:42:05,248][main][INFO] - 00928.png
[2024-05-27 21:42:05,249][main][INFO] - 00929.png
[2024-05-27 21:42:05,250][main][INFO] - 00930.png
[2024-05-27 21:42:05,250][main][INFO] - 00931.png
[2024-05-27 21:42:05,252][main][INFO] - 00932.png
[2024-05-27 21:42:05,253][main][INFO] - 00933.png
[2024-05-27 21:42:05,253][main][INFO] - 00934.png
[2024-05-27 21:42:05,254][main][INFO] - 00935.png
[2024-05-27 21:42:05,255][main][INFO] - 00936.png
[2024-05-27 21:42:05,256][main][INFO] - 00937.png
[2024-05-27 21:42:05,257][main][INFO] - 00938.png
[2024-05-27 21:42:05,258][main][INFO] - 00939.png
[2024-05-27 21:42:05,259][main][INFO] - 00940.png
[2024-05-27 21:42:05,260][main][INFO] - 00941.png
[2024-05-27 21:42:05,261][main][INFO] - 00942.png
[2024-05-27 21:42:05,262][main][INFO] - 00943.png
[2024-05-27 21:42:05,264][main][INFO] - 00944.png
[2024-05-27 21:42:05,264][main][INFO] - 00945.png
[2024-05-27 21:42:05,265][main][INFO] - 00946.png
[2024-05-27 21:42:05,266][main][INFO] - 00947.png
[2024-05-27 21:42:05,267][main][INFO] - 00948.png
[2024-05-27 21:42:05,268][main][INFO] - 00949.png
[2024-05-27 21:42:05,269][main][INFO] - 00950.png
[2024-05-27 21:42:05,270][main][INFO] - 00951.png
[2024-05-27 21:42:05,271][main][INFO] - 00952.png
[2024-05-27 21:42:05,272][main][INFO] - 00953.png
[2024-05-27 21:42:05,273][main][INFO] - 00954.png
[2024-05-27 21:42:05,274][main][INFO] - 00955.png
[2024-05-27 21:42:05,275][main][INFO] - 00956.png
[2024-05-27 21:42:05,276][main][INFO] - 00957.png
[2024-05-27 21:42:05,277][main][INFO] - 00958.png
[2024-05-27 21:42:05,278][main][INFO] - 00959.png
[2024-05-27 21:42:05,279][main][INFO] - 00960.png
[2024-05-27 21:42:05,280][main][INFO] - 00961.png
[2024-05-27 21:42:05,281][main][INFO] - 00962.png
[2024-05-27 21:42:05,282][main][INFO] - 00963.png
[2024-05-27 21:42:05,283][main][INFO] - 00964.png
[2024-05-27 21:42:05,284][main][INFO] - 00965.png
[2024-05-27 21:42:05,284][main][INFO] - 00966.png
[2024-05-27 21:42:05,285][main][INFO] - 00967.png
[2024-05-27 21:42:05,287][main][INFO] - 00968.png
[2024-05-27 21:42:05,288][main][INFO] - 00969.png
[2024-05-27 21:42:05,289][main][INFO] - 00970.png
[2024-05-27 21:42:05,290][main][INFO] - 00971.png
[2024-05-27 21:42:05,291][main][INFO] - 00972.png
[2024-05-27 21:42:05,292][main][INFO] - 00973.png
[2024-05-27 21:42:05,293][main][INFO] - 00974.png
[2024-05-27 21:42:05,294][main][INFO] - 00975.png
[2024-05-27 21:42:05,294][main][INFO] - 00976.png
[2024-05-27 21:42:05,295][main][INFO] - 00977.png
[2024-05-27 21:42:05,296][main][INFO] - 00978.png
[2024-05-27 21:42:05,297][main][INFO] - 00979.png
[2024-05-27 21:42:05,299][main][INFO] - 00980.png
[2024-05-27 21:42:05,299][main][INFO] - 00981.png
[2024-05-27 21:42:05,300][main][INFO] - 00982.png
[2024-05-27 21:42:05,300][main][INFO] - 00983.png
[2024-05-27 21:42:05,301][main][INFO] - 00984.png
[2024-05-27 21:42:05,302][main][INFO] - 00985.png
[2024-05-27 21:42:05,303][main][INFO] - 00986.png
[2024-05-27 21:42:05,304][main][INFO] - 00987.png
[2024-05-27 21:42:05,304][main][INFO] - 00988.png
[2024-05-27 21:42:05,305][main][INFO] - 00989.png
[2024-05-27 21:42:05,306][main][INFO] - 00990.png
[2024-05-27 21:42:05,307][main][INFO] - 00991.png
[2024-05-27 21:42:05,309][main][INFO] - 00992.png
[2024-05-27 21:42:05,309][main][INFO] - 00993.png
[2024-05-27 21:42:05,309][main][INFO] - 00994.png
[2024-05-27 21:42:05,310][main][INFO] - 00995.png
[2024-05-27 21:42:05,311][main][INFO] - 00996.png
[2024-05-27 21:42:05,312][main][INFO] - 00997.png
[2024-05-27 21:42:05,313][main][INFO] - 00998.png
[2024-05-27 21:42:05,313][main][INFO] - 00999.png
