[2024-09-06 13:28:53,173][main][INFO] - Experiment name is RED-diff
[2024-09-06 13:28:53,894][model][INFO] - Loading model from /home/nicolas/Repulsive-score-distillation-RSD-/constrained_sampling/_exp/ckpts/ffhq/ffhq_10m.pt..
[2024-09-06 13:28:55,032][main][INFO] - Dataset size is 1000
[2024-09-06 13:28:55,231][main][INFO] - Input image:00000.png
[2024-09-06 13:28:55,298][main][INFO] - Degradated image y saved in /home/nicolas/Repulsive-score-distillation-RSD-/constrained_sampling/_exp/deg/x_deg.png
[2024-09-06 13:29:50,654][main][INFO] - Input image:00001.png
[2024-09-06 13:29:50,685][main][INFO] - Degradated image y saved in /home/nicolas/Repulsive-score-distillation-RSD-/constrained_sampling/_exp/deg/x_deg.png
[2024-09-06 13:30:45,101][main][INFO] - Input image:00002.png
[2024-09-06 13:30:45,130][main][INFO] - Degradated image y saved in /home/nicolas/Repulsive-score-distillation-RSD-/constrained_sampling/_exp/deg/x_deg.png
[2024-09-06 13:31:39,604][main][INFO] - Input image:00003.png
[2024-09-06 13:31:39,632][main][INFO] - Degradated image y saved in /home/nicolas/Repulsive-score-distillation-RSD-/constrained_sampling/_exp/deg/x_deg.png
[2024-09-06 13:32:34,134][main][INFO] - Input image:00004.png
[2024-09-06 13:32:34,166][main][INFO] - Degradated image y saved in /home/nicolas/Repulsive-score-distillation-RSD-/constrained_sampling/_exp/deg/x_deg.png
[2024-09-06 13:33:28,828][main][INFO] - Input image:00005.png
[2024-09-06 13:33:28,856][main][INFO] - Degradated image y saved in /home/nicolas/Repulsive-score-distillation-RSD-/constrained_sampling/_exp/deg/x_deg.png
[2024-09-06 13:34:23,447][main][INFO] - Input image:00006.png
[2024-09-06 13:34:23,476][main][INFO] - Degradated image y saved in /home/nicolas/Repulsive-score-distillation-RSD-/constrained_sampling/_exp/deg/x_deg.png
[2024-09-06 13:35:18,033][main][INFO] - Input image:00007.png
[2024-09-06 13:35:18,063][main][INFO] - Degradated image y saved in /home/nicolas/Repulsive-score-distillation-RSD-/constrained_sampling/_exp/deg/x_deg.png
[2024-09-06 13:36:12,660][main][INFO] - Input image:00008.png
[2024-09-06 13:36:12,689][main][INFO] - Degradated image y saved in /home/nicolas/Repulsive-score-distillation-RSD-/constrained_sampling/_exp/deg/x_deg.png
[2024-09-06 13:37:07,264][main][INFO] - Input image:00009.png
[2024-09-06 13:37:07,292][main][INFO] - Degradated image y saved in /home/nicolas/Repulsive-score-distillation-RSD-/constrained_sampling/_exp/deg/x_deg.png
[2024-09-06 13:38:01,905][main][INFO] - Input image:00010.png
[2024-09-06 13:38:01,934][main][INFO] - Degradated image y saved in /home/nicolas/Repulsive-score-distillation-RSD-/constrained_sampling/_exp/deg/x_deg.png
[2024-09-06 13:38:56,540][main][INFO] - Input image:00011.png
[2024-09-06 13:38:56,570][main][INFO] - Degradated image y saved in /home/nicolas/Repulsive-score-distillation-RSD-/constrained_sampling/_exp/deg/x_deg.png
[2024-09-06 13:39:51,176][main][INFO] - Input image:00012.png
[2024-09-06 13:39:51,203][main][INFO] - Degradated image y saved in /home/nicolas/Repulsive-score-distillation-RSD-/constrained_sampling/_exp/deg/x_deg.png
[2024-09-06 13:40:45,732][main][INFO] - Input image:00013.png
[2024-09-06 13:40:45,763][main][INFO] - Degradated image y saved in /home/nicolas/Repulsive-score-distillation-RSD-/constrained_sampling/_exp/deg/x_deg.png
[2024-09-06 13:41:40,351][main][INFO] - Input image:00014.png
[2024-09-06 13:41:40,383][main][INFO] - Degradated image y saved in /home/nicolas/Repulsive-score-distillation-RSD-/constrained_sampling/_exp/deg/x_deg.png
[2024-09-06 13:42:35,066][main][INFO] - Input image:00015.png
[2024-09-06 13:42:35,096][main][INFO] - Degradated image y saved in /home/nicolas/Repulsive-score-distillation-RSD-/constrained_sampling/_exp/deg/x_deg.png
[2024-09-06 13:43:29,685][main][INFO] - Input image:00016.png
[2024-09-06 13:43:29,714][main][INFO] - Degradated image y saved in /home/nicolas/Repulsive-score-distillation-RSD-/constrained_sampling/_exp/deg/x_deg.png
[2024-09-06 13:44:24,358][main][INFO] - Input image:00017.png
[2024-09-06 13:44:24,386][main][INFO] - Degradated image y saved in /home/nicolas/Repulsive-score-distillation-RSD-/constrained_sampling/_exp/deg/x_deg.png
[2024-09-06 13:45:18,930][main][INFO] - Input image:00018.png
[2024-09-06 13:45:18,960][main][INFO] - Degradated image y saved in /home/nicolas/Repulsive-score-distillation-RSD-/constrained_sampling/_exp/deg/x_deg.png
[2024-09-06 13:46:13,628][main][INFO] - Input image:00019.png
[2024-09-06 13:46:13,658][main][INFO] - Degradated image y saved in /home/nicolas/Repulsive-score-distillation-RSD-/constrained_sampling/_exp/deg/x_deg.png
[2024-09-06 13:47:08,317][main][INFO] - Input image:00020.png
[2024-09-06 13:47:08,347][main][INFO] - Degradated image y saved in /home/nicolas/Repulsive-score-distillation-RSD-/constrained_sampling/_exp/deg/x_deg.png
[2024-09-06 13:48:03,055][main][INFO] - Input image:00021.png
[2024-09-06 13:48:03,085][main][INFO] - Degradated image y saved in /home/nicolas/Repulsive-score-distillation-RSD-/constrained_sampling/_exp/deg/x_deg.png
[2024-09-06 13:48:57,738][main][INFO] - Input image:00022.png
[2024-09-06 13:48:57,769][main][INFO] - Degradated image y saved in /home/nicolas/Repulsive-score-distillation-RSD-/constrained_sampling/_exp/deg/x_deg.png
[2024-09-06 13:49:52,482][main][INFO] - Input image:00023.png
[2024-09-06 13:49:52,509][main][INFO] - Degradated image y saved in /home/nicolas/Repulsive-score-distillation-RSD-/constrained_sampling/_exp/deg/x_deg.png
[2024-09-06 13:50:47,145][main][INFO] - Input image:00024.png
[2024-09-06 13:50:47,175][main][INFO] - Degradated image y saved in /home/nicolas/Repulsive-score-distillation-RSD-/constrained_sampling/_exp/deg/x_deg.png
[2024-09-06 13:51:41,816][main][INFO] - Input image:00025.png
[2024-09-06 13:51:41,847][main][INFO] - Degradated image y saved in /home/nicolas/Repulsive-score-distillation-RSD-/constrained_sampling/_exp/deg/x_deg.png
[2024-09-06 13:52:36,477][main][INFO] - Input image:00026.png
[2024-09-06 13:52:36,509][main][INFO] - Degradated image y saved in /home/nicolas/Repulsive-score-distillation-RSD-/constrained_sampling/_exp/deg/x_deg.png
[2024-09-06 13:53:31,259][main][INFO] - Input image:00027.png
[2024-09-06 13:53:31,294][main][INFO] - Degradated image y saved in /home/nicolas/Repulsive-score-distillation-RSD-/constrained_sampling/_exp/deg/x_deg.png
[2024-09-06 13:54:26,021][main][INFO] - Input image:00028.png
[2024-09-06 13:54:26,048][main][INFO] - Degradated image y saved in /home/nicolas/Repulsive-score-distillation-RSD-/constrained_sampling/_exp/deg/x_deg.png
[2024-09-06 13:55:20,743][main][INFO] - Input image:00029.png
[2024-09-06 13:55:20,770][main][INFO] - Degradated image y saved in /home/nicolas/Repulsive-score-distillation-RSD-/constrained_sampling/_exp/deg/x_deg.png
[2024-09-06 13:56:15,433][main][INFO] - Input image:00030.png
[2024-09-06 13:56:15,462][main][INFO] - Degradated image y saved in /home/nicolas/Repulsive-score-distillation-RSD-/constrained_sampling/_exp/deg/x_deg.png
[2024-09-06 13:57:10,125][main][INFO] - Input image:00031.png
[2024-09-06 13:57:10,152][main][INFO] - Degradated image y saved in /home/nicolas/Repulsive-score-distillation-RSD-/constrained_sampling/_exp/deg/x_deg.png
[2024-09-06 13:58:04,767][main][INFO] - Input image:00032.png
[2024-09-06 13:58:04,796][main][INFO] - Degradated image y saved in /home/nicolas/Repulsive-score-distillation-RSD-/constrained_sampling/_exp/deg/x_deg.png
[2024-09-06 13:58:59,534][main][INFO] - Input image:00033.png
[2024-09-06 13:58:59,563][main][INFO] - Degradated image y saved in /home/nicolas/Repulsive-score-distillation-RSD-/constrained_sampling/_exp/deg/x_deg.png
[2024-09-06 13:59:54,232][main][INFO] - Input image:00034.png
[2024-09-06 13:59:54,258][main][INFO] - Degradated image y saved in /home/nicolas/Repulsive-score-distillation-RSD-/constrained_sampling/_exp/deg/x_deg.png
[2024-09-06 14:00:48,926][main][INFO] - Input image:00035.png
[2024-09-06 14:00:48,955][main][INFO] - Degradated image y saved in /home/nicolas/Repulsive-score-distillation-RSD-/constrained_sampling/_exp/deg/x_deg.png
[2024-09-06 14:01:43,623][main][INFO] - Input image:00036.png
[2024-09-06 14:01:43,655][main][INFO] - Degradated image y saved in /home/nicolas/Repulsive-score-distillation-RSD-/constrained_sampling/_exp/deg/x_deg.png
[2024-09-06 14:02:38,334][main][INFO] - Input image:00037.png
[2024-09-06 14:02:38,362][main][INFO] - Degradated image y saved in /home/nicolas/Repulsive-score-distillation-RSD-/constrained_sampling/_exp/deg/x_deg.png
[2024-09-06 14:03:33,046][main][INFO] - Input image:00038.png
[2024-09-06 14:03:33,076][main][INFO] - Degradated image y saved in /home/nicolas/Repulsive-score-distillation-RSD-/constrained_sampling/_exp/deg/x_deg.png
[2024-09-06 14:04:27,746][main][INFO] - Input image:00039.png
[2024-09-06 14:04:27,775][main][INFO] - Degradated image y saved in /home/nicolas/Repulsive-score-distillation-RSD-/constrained_sampling/_exp/deg/x_deg.png
[2024-09-06 14:05:22,451][main][INFO] - Input image:00040.png
[2024-09-06 14:05:22,482][main][INFO] - Degradated image y saved in /home/nicolas/Repulsive-score-distillation-RSD-/constrained_sampling/_exp/deg/x_deg.png
[2024-09-06 14:06:17,178][main][INFO] - Input image:00041.png
[2024-09-06 14:06:17,207][main][INFO] - Degradated image y saved in /home/nicolas/Repulsive-score-distillation-RSD-/constrained_sampling/_exp/deg/x_deg.png
[2024-09-06 14:07:11,856][main][INFO] - Input image:00042.png
[2024-09-06 14:07:11,882][main][INFO] - Degradated image y saved in /home/nicolas/Repulsive-score-distillation-RSD-/constrained_sampling/_exp/deg/x_deg.png
[2024-09-06 14:08:06,572][main][INFO] - Input image:00043.png
[2024-09-06 14:08:06,603][main][INFO] - Degradated image y saved in /home/nicolas/Repulsive-score-distillation-RSD-/constrained_sampling/_exp/deg/x_deg.png
[2024-09-06 14:09:01,333][main][INFO] - Input image:00044.png
[2024-09-06 14:09:01,363][main][INFO] - Degradated image y saved in /home/nicolas/Repulsive-score-distillation-RSD-/constrained_sampling/_exp/deg/x_deg.png
[2024-09-06 14:09:56,087][main][INFO] - Input image:00045.png
[2024-09-06 14:09:56,117][main][INFO] - Degradated image y saved in /home/nicolas/Repulsive-score-distillation-RSD-/constrained_sampling/_exp/deg/x_deg.png
[2024-09-06 14:10:50,861][main][INFO] - Input image:00046.png
[2024-09-06 14:10:50,891][main][INFO] - Degradated image y saved in /home/nicolas/Repulsive-score-distillation-RSD-/constrained_sampling/_exp/deg/x_deg.png
[2024-09-06 14:11:45,845][main][INFO] - Input image:00047.png
[2024-09-06 14:11:45,878][main][INFO] - Degradated image y saved in /home/nicolas/Repulsive-score-distillation-RSD-/constrained_sampling/_exp/deg/x_deg.png
[2024-09-06 14:12:40,609][main][INFO] - Input image:00048.png
[2024-09-06 14:12:40,636][main][INFO] - Degradated image y saved in /home/nicolas/Repulsive-score-distillation-RSD-/constrained_sampling/_exp/deg/x_deg.png
[2024-09-06 14:13:35,304][main][INFO] - Input image:00049.png
[2024-09-06 14:13:35,336][main][INFO] - Degradated image y saved in /home/nicolas/Repulsive-score-distillation-RSD-/constrained_sampling/_exp/deg/x_deg.png
[2024-09-06 14:14:30,049][main][INFO] - Input image:00050.png
[2024-09-06 14:14:30,079][main][INFO] - Degradated image y saved in /home/nicolas/Repulsive-score-distillation-RSD-/constrained_sampling/_exp/deg/x_deg.png
[2024-09-06 14:15:24,762][main][INFO] - Input image:00051.png
[2024-09-06 14:15:24,792][main][INFO] - Degradated image y saved in /home/nicolas/Repulsive-score-distillation-RSD-/constrained_sampling/_exp/deg/x_deg.png
[2024-09-06 14:16:19,505][main][INFO] - Input image:00052.png
[2024-09-06 14:16:19,536][main][INFO] - Degradated image y saved in /home/nicolas/Repulsive-score-distillation-RSD-/constrained_sampling/_exp/deg/x_deg.png
[2024-09-06 14:17:14,197][main][INFO] - Input image:00053.png
[2024-09-06 14:17:14,228][main][INFO] - Degradated image y saved in /home/nicolas/Repulsive-score-distillation-RSD-/constrained_sampling/_exp/deg/x_deg.png
[2024-09-06 14:18:08,999][main][INFO] - Input image:00054.png
[2024-09-06 14:18:09,027][main][INFO] - Degradated image y saved in /home/nicolas/Repulsive-score-distillation-RSD-/constrained_sampling/_exp/deg/x_deg.png
[2024-09-06 14:19:03,953][main][INFO] - Input image:00055.png
[2024-09-06 14:19:03,981][main][INFO] - Degradated image y saved in /home/nicolas/Repulsive-score-distillation-RSD-/constrained_sampling/_exp/deg/x_deg.png
[2024-09-06 14:19:58,544][main][INFO] - Input image:00056.png
[2024-09-06 14:19:58,574][main][INFO] - Degradated image y saved in /home/nicolas/Repulsive-score-distillation-RSD-/constrained_sampling/_exp/deg/x_deg.png
[2024-09-06 14:20:53,297][main][INFO] - Input image:00057.png
[2024-09-06 14:20:53,329][main][INFO] - Degradated image y saved in /home/nicolas/Repulsive-score-distillation-RSD-/constrained_sampling/_exp/deg/x_deg.png
[2024-09-06 14:21:48,080][main][INFO] - Input image:00058.png
[2024-09-06 14:21:48,107][main][INFO] - Degradated image y saved in /home/nicolas/Repulsive-score-distillation-RSD-/constrained_sampling/_exp/deg/x_deg.png
[2024-09-06 14:22:42,737][main][INFO] - Input image:00059.png
[2024-09-06 14:22:42,765][main][INFO] - Degradated image y saved in /home/nicolas/Repulsive-score-distillation-RSD-/constrained_sampling/_exp/deg/x_deg.png
[2024-09-06 14:23:37,312][main][INFO] - Input image:00060.png
[2024-09-06 14:23:37,335][main][INFO] - Degradated image y saved in /home/nicolas/Repulsive-score-distillation-RSD-/constrained_sampling/_exp/deg/x_deg.png
[2024-09-06 14:24:31,852][main][INFO] - Input image:00061.png
[2024-09-06 14:24:31,882][main][INFO] - Degradated image y saved in /home/nicolas/Repulsive-score-distillation-RSD-/constrained_sampling/_exp/deg/x_deg.png
[2024-09-06 14:25:26,524][main][INFO] - Input image:00062.png
[2024-09-06 14:25:26,555][main][INFO] - Degradated image y saved in /home/nicolas/Repulsive-score-distillation-RSD-/constrained_sampling/_exp/deg/x_deg.png
[2024-09-06 14:26:21,256][main][INFO] - Input image:00063.png
[2024-09-06 14:26:21,286][main][INFO] - Degradated image y saved in /home/nicolas/Repulsive-score-distillation-RSD-/constrained_sampling/_exp/deg/x_deg.png
[2024-09-06 14:27:15,990][main][INFO] - Input image:00064.png
[2024-09-06 14:27:16,015][main][INFO] - Degradated image y saved in /home/nicolas/Repulsive-score-distillation-RSD-/constrained_sampling/_exp/deg/x_deg.png
[2024-09-06 14:28:10,485][main][INFO] - Input image:00065.png
[2024-09-06 14:28:10,515][main][INFO] - Degradated image y saved in /home/nicolas/Repulsive-score-distillation-RSD-/constrained_sampling/_exp/deg/x_deg.png
[2024-09-06 14:29:05,191][main][INFO] - Input image:00066.png
[2024-09-06 14:29:05,220][main][INFO] - Degradated image y saved in /home/nicolas/Repulsive-score-distillation-RSD-/constrained_sampling/_exp/deg/x_deg.png
[2024-09-06 14:29:59,910][main][INFO] - Input image:00067.png
[2024-09-06 14:29:59,941][main][INFO] - Degradated image y saved in /home/nicolas/Repulsive-score-distillation-RSD-/constrained_sampling/_exp/deg/x_deg.png
[2024-09-06 14:30:54,676][main][INFO] - Input image:00068.png
[2024-09-06 14:30:54,708][main][INFO] - Degradated image y saved in /home/nicolas/Repulsive-score-distillation-RSD-/constrained_sampling/_exp/deg/x_deg.png
[2024-09-06 14:31:49,385][main][INFO] - Input image:00069.png
[2024-09-06 14:31:49,414][main][INFO] - Degradated image y saved in /home/nicolas/Repulsive-score-distillation-RSD-/constrained_sampling/_exp/deg/x_deg.png
[2024-09-06 14:32:44,007][main][INFO] - Input image:00070.png
[2024-09-06 14:32:44,037][main][INFO] - Degradated image y saved in /home/nicolas/Repulsive-score-distillation-RSD-/constrained_sampling/_exp/deg/x_deg.png
[2024-09-06 14:33:38,790][main][INFO] - Input image:00071.png
[2024-09-06 14:33:38,821][main][INFO] - Degradated image y saved in /home/nicolas/Repulsive-score-distillation-RSD-/constrained_sampling/_exp/deg/x_deg.png
[2024-09-06 14:34:33,575][main][INFO] - Input image:00072.png
[2024-09-06 14:34:33,606][main][INFO] - Degradated image y saved in /home/nicolas/Repulsive-score-distillation-RSD-/constrained_sampling/_exp/deg/x_deg.png
[2024-09-06 14:35:28,316][main][INFO] - Input image:00073.png
[2024-09-06 14:35:28,346][main][INFO] - Degradated image y saved in /home/nicolas/Repulsive-score-distillation-RSD-/constrained_sampling/_exp/deg/x_deg.png
[2024-09-06 14:36:23,092][main][INFO] - Input image:00074.png
[2024-09-06 14:36:23,124][main][INFO] - Degradated image y saved in /home/nicolas/Repulsive-score-distillation-RSD-/constrained_sampling/_exp/deg/x_deg.png
[2024-09-06 14:37:17,827][main][INFO] - Input image:00075.png
[2024-09-06 14:37:17,856][main][INFO] - Degradated image y saved in /home/nicolas/Repulsive-score-distillation-RSD-/constrained_sampling/_exp/deg/x_deg.png
[2024-09-06 14:38:12,588][main][INFO] - Input image:00076.png
[2024-09-06 14:38:12,619][main][INFO] - Degradated image y saved in /home/nicolas/Repulsive-score-distillation-RSD-/constrained_sampling/_exp/deg/x_deg.png
[2024-09-06 14:39:07,326][main][INFO] - Input image:00077.png
[2024-09-06 14:39:07,355][main][INFO] - Degradated image y saved in /home/nicolas/Repulsive-score-distillation-RSD-/constrained_sampling/_exp/deg/x_deg.png
[2024-09-06 14:40:02,060][main][INFO] - Input image:00078.png
[2024-09-06 14:40:02,090][main][INFO] - Degradated image y saved in /home/nicolas/Repulsive-score-distillation-RSD-/constrained_sampling/_exp/deg/x_deg.png
[2024-09-06 14:40:56,773][main][INFO] - Input image:00079.png
[2024-09-06 14:40:56,803][main][INFO] - Degradated image y saved in /home/nicolas/Repulsive-score-distillation-RSD-/constrained_sampling/_exp/deg/x_deg.png
[2024-09-06 14:41:51,487][main][INFO] - Input image:00080.png
[2024-09-06 14:41:51,516][main][INFO] - Degradated image y saved in /home/nicolas/Repulsive-score-distillation-RSD-/constrained_sampling/_exp/deg/x_deg.png
[2024-09-06 14:42:46,215][main][INFO] - Input image:00081.png
[2024-09-06 14:42:46,240][main][INFO] - Degradated image y saved in /home/nicolas/Repulsive-score-distillation-RSD-/constrained_sampling/_exp/deg/x_deg.png
[2024-09-06 14:43:40,830][main][INFO] - Input image:00082.png
[2024-09-06 14:43:40,859][main][INFO] - Degradated image y saved in /home/nicolas/Repulsive-score-distillation-RSD-/constrained_sampling/_exp/deg/x_deg.png
[2024-09-06 14:44:35,641][main][INFO] - Input image:00083.png
[2024-09-06 14:44:35,671][main][INFO] - Degradated image y saved in /home/nicolas/Repulsive-score-distillation-RSD-/constrained_sampling/_exp/deg/x_deg.png
[2024-09-06 14:45:30,386][main][INFO] - Input image:00084.png
[2024-09-06 14:45:30,415][main][INFO] - Degradated image y saved in /home/nicolas/Repulsive-score-distillation-RSD-/constrained_sampling/_exp/deg/x_deg.png
[2024-09-06 14:46:25,106][main][INFO] - Input image:00085.png
[2024-09-06 14:46:25,136][main][INFO] - Degradated image y saved in /home/nicolas/Repulsive-score-distillation-RSD-/constrained_sampling/_exp/deg/x_deg.png
[2024-09-06 14:47:19,833][main][INFO] - Input image:00086.png
[2024-09-06 14:47:19,859][main][INFO] - Degradated image y saved in /home/nicolas/Repulsive-score-distillation-RSD-/constrained_sampling/_exp/deg/x_deg.png
[2024-09-06 14:48:14,480][main][INFO] - Input image:00087.png
[2024-09-06 14:48:14,512][main][INFO] - Degradated image y saved in /home/nicolas/Repulsive-score-distillation-RSD-/constrained_sampling/_exp/deg/x_deg.png
[2024-09-06 14:49:09,178][main][INFO] - Input image:00088.png
[2024-09-06 14:49:09,207][main][INFO] - Degradated image y saved in /home/nicolas/Repulsive-score-distillation-RSD-/constrained_sampling/_exp/deg/x_deg.png
[2024-09-06 14:50:03,959][main][INFO] - Input image:00089.png
[2024-09-06 14:50:03,988][main][INFO] - Degradated image y saved in /home/nicolas/Repulsive-score-distillation-RSD-/constrained_sampling/_exp/deg/x_deg.png
[2024-09-06 14:50:58,665][main][INFO] - Input image:00090.png
[2024-09-06 14:50:58,697][main][INFO] - Degradated image y saved in /home/nicolas/Repulsive-score-distillation-RSD-/constrained_sampling/_exp/deg/x_deg.png
[2024-09-06 14:51:53,412][main][INFO] - Input image:00091.png
[2024-09-06 14:51:53,442][main][INFO] - Degradated image y saved in /home/nicolas/Repulsive-score-distillation-RSD-/constrained_sampling/_exp/deg/x_deg.png
[2024-09-06 14:52:48,142][main][INFO] - Input image:00092.png
[2024-09-06 14:52:48,174][main][INFO] - Degradated image y saved in /home/nicolas/Repulsive-score-distillation-RSD-/constrained_sampling/_exp/deg/x_deg.png
[2024-09-06 14:53:42,904][main][INFO] - Input image:00093.png
[2024-09-06 14:53:42,932][main][INFO] - Degradated image y saved in /home/nicolas/Repulsive-score-distillation-RSD-/constrained_sampling/_exp/deg/x_deg.png
[2024-09-06 14:54:37,678][main][INFO] - Input image:00094.png
[2024-09-06 14:54:37,706][main][INFO] - Degradated image y saved in /home/nicolas/Repulsive-score-distillation-RSD-/constrained_sampling/_exp/deg/x_deg.png
[2024-09-06 14:55:32,367][main][INFO] - Input image:00095.png
[2024-09-06 14:55:32,397][main][INFO] - Degradated image y saved in /home/nicolas/Repulsive-score-distillation-RSD-/constrained_sampling/_exp/deg/x_deg.png
[2024-09-06 14:56:27,122][main][INFO] - Input image:00096.png
[2024-09-06 14:56:27,150][main][INFO] - Degradated image y saved in /home/nicolas/Repulsive-score-distillation-RSD-/constrained_sampling/_exp/deg/x_deg.png
[2024-09-06 14:57:21,834][main][INFO] - Input image:00097.png
[2024-09-06 14:57:21,863][main][INFO] - Degradated image y saved in /home/nicolas/Repulsive-score-distillation-RSD-/constrained_sampling/_exp/deg/x_deg.png
[2024-09-06 14:58:16,611][main][INFO] - Input image:00098.png
[2024-09-06 14:58:16,640][main][INFO] - Degradated image y saved in /home/nicolas/Repulsive-score-distillation-RSD-/constrained_sampling/_exp/deg/x_deg.png
[2024-09-06 14:59:11,363][main][INFO] - Input image:00099.png
[2024-09-06 14:59:11,394][main][INFO] - Degradated image y saved in /home/nicolas/Repulsive-score-distillation-RSD-/constrained_sampling/_exp/deg/x_deg.png
[2024-09-06 15:00:06,144][main][INFO] - Input image:00100.png
[2024-09-06 15:00:06,173][main][INFO] - Degradated image y saved in /home/nicolas/Repulsive-score-distillation-RSD-/constrained_sampling/_exp/deg/x_deg.png
[2024-09-06 15:01:00,924][main][INFO] - Input image:00101.png
[2024-09-06 15:01:00,953][main][INFO] - Degradated image y saved in /home/nicolas/Repulsive-score-distillation-RSD-/constrained_sampling/_exp/deg/x_deg.png
[2024-09-06 15:01:55,784][main][INFO] - Input image:00102.png
[2024-09-06 15:01:55,814][main][INFO] - Degradated image y saved in /home/nicolas/Repulsive-score-distillation-RSD-/constrained_sampling/_exp/deg/x_deg.png
[2024-09-06 15:02:50,555][main][INFO] - Input image:00103.png
[2024-09-06 15:02:50,583][main][INFO] - Degradated image y saved in /home/nicolas/Repulsive-score-distillation-RSD-/constrained_sampling/_exp/deg/x_deg.png
[2024-09-06 15:03:45,241][main][INFO] - Input image:00104.png
[2024-09-06 15:03:45,273][main][INFO] - Degradated image y saved in /home/nicolas/Repulsive-score-distillation-RSD-/constrained_sampling/_exp/deg/x_deg.png
[2024-09-06 15:04:39,966][main][INFO] - Input image:00105.png
[2024-09-06 15:04:39,994][main][INFO] - Degradated image y saved in /home/nicolas/Repulsive-score-distillation-RSD-/constrained_sampling/_exp/deg/x_deg.png
[2024-09-06 15:05:34,684][main][INFO] - Input image:00106.png
[2024-09-06 15:05:34,716][main][INFO] - Degradated image y saved in /home/nicolas/Repulsive-score-distillation-RSD-/constrained_sampling/_exp/deg/x_deg.png
[2024-09-06 15:06:29,437][main][INFO] - Input image:00107.png
[2024-09-06 15:06:29,469][main][INFO] - Degradated image y saved in /home/nicolas/Repulsive-score-distillation-RSD-/constrained_sampling/_exp/deg/x_deg.png
[2024-09-06 15:07:24,180][main][INFO] - Input image:00108.png
[2024-09-06 15:07:24,209][main][INFO] - Degradated image y saved in /home/nicolas/Repulsive-score-distillation-RSD-/constrained_sampling/_exp/deg/x_deg.png
[2024-09-06 15:08:19,017][main][INFO] - Input image:00109.png
[2024-09-06 15:08:19,047][main][INFO] - Degradated image y saved in /home/nicolas/Repulsive-score-distillation-RSD-/constrained_sampling/_exp/deg/x_deg.png
[2024-09-06 15:09:13,770][main][INFO] - Input image:00110.png
[2024-09-06 15:09:13,799][main][INFO] - Degradated image y saved in /home/nicolas/Repulsive-score-distillation-RSD-/constrained_sampling/_exp/deg/x_deg.png
[2024-09-06 15:10:08,514][main][INFO] - Input image:00111.png
[2024-09-06 15:10:08,542][main][INFO] - Degradated image y saved in /home/nicolas/Repulsive-score-distillation-RSD-/constrained_sampling/_exp/deg/x_deg.png
[2024-09-06 15:11:03,238][main][INFO] - Input image:00112.png
[2024-09-06 15:11:03,268][main][INFO] - Degradated image y saved in /home/nicolas/Repulsive-score-distillation-RSD-/constrained_sampling/_exp/deg/x_deg.png
[2024-09-06 15:11:57,870][main][INFO] - Input image:00113.png
[2024-09-06 15:11:57,897][main][INFO] - Degradated image y saved in /home/nicolas/Repulsive-score-distillation-RSD-/constrained_sampling/_exp/deg/x_deg.png
[2024-09-06 15:12:52,543][main][INFO] - Input image:00114.png
[2024-09-06 15:12:52,573][main][INFO] - Degradated image y saved in /home/nicolas/Repulsive-score-distillation-RSD-/constrained_sampling/_exp/deg/x_deg.png
[2024-09-06 15:13:47,319][main][INFO] - Input image:00115.png
[2024-09-06 15:13:47,349][main][INFO] - Degradated image y saved in /home/nicolas/Repulsive-score-distillation-RSD-/constrained_sampling/_exp/deg/x_deg.png
