[2024-09-25 18:06:39,490][main][INFO] - Experiment name is RSD
[2024-09-25 18:06:41,186][main][INFO] - Model loaded
[2024-09-25 18:06:42,232][main][INFO] - Degradation model loaded. The experiment corresponds to hdr
[2024-09-25 18:06:42,233][main][INFO] - Dataset size is 1000
[2024-09-25 18:06:42,438][main][INFO] - Input image:00000.png
[2024-09-25 18:06:42,481][main][INFO] - Images loaded and measurements generated
[2024-09-25 18:06:42,534][main][INFO] - Degradated image y saved in /home/nicolas/Repulsive-score-distillation-RSD-/constrained_sampling/_exp/deg/x_deg.png
[2024-09-25 18:06:42,534][main][INFO] - Running setting with coeff: 0,                             lr: (0.1, 0.2),                             rho_reg: 0.2,                             w_t: 0.001
[2024-09-25 18:13:38,080][main][INFO] - Done. You can fine the generated images in /home/nicolas/Repulsive-score-distillation-RSD-/constrained_sampling/_exp/output/rsd_stable_nonaug/hdr
[2024-09-25 18:13:38,080][main][INFO] - Input image:00001.png
[2024-09-25 18:13:38,083][main][INFO] - Images loaded and measurements generated
[2024-09-25 18:13:38,131][main][INFO] - Degradated image y saved in /home/nicolas/Repulsive-score-distillation-RSD-/constrained_sampling/_exp/deg/x_deg.png
[2024-09-25 18:13:38,131][main][INFO] - Running setting with coeff: 0,                             lr: (0.1, 0.2),                             rho_reg: 0.2,                             w_t: 0.001
[2024-09-25 18:20:34,311][main][INFO] - Done. You can fine the generated images in /home/nicolas/Repulsive-score-distillation-RSD-/constrained_sampling/_exp/output/rsd_stable_nonaug/hdr
[2024-09-25 18:20:34,311][main][INFO] - Input image:00002.png
[2024-09-25 18:20:34,314][main][INFO] - Images loaded and measurements generated
[2024-09-25 18:20:34,357][main][INFO] - Degradated image y saved in /home/nicolas/Repulsive-score-distillation-RSD-/constrained_sampling/_exp/deg/x_deg.png
[2024-09-25 18:20:34,357][main][INFO] - Running setting with coeff: 0,                             lr: (0.1, 0.2),                             rho_reg: 0.2,                             w_t: 0.001
[2024-09-25 18:27:30,798][main][INFO] - Done. You can fine the generated images in /home/nicolas/Repulsive-score-distillation-RSD-/constrained_sampling/_exp/output/rsd_stable_nonaug/hdr
[2024-09-25 18:27:30,799][main][INFO] - Input image:00003.png
[2024-09-25 18:27:30,801][main][INFO] - Images loaded and measurements generated
[2024-09-25 18:27:30,840][main][INFO] - Degradated image y saved in /home/nicolas/Repulsive-score-distillation-RSD-/constrained_sampling/_exp/deg/x_deg.png
[2024-09-25 18:27:30,840][main][INFO] - Running setting with coeff: 0,                             lr: (0.1, 0.2),                             rho_reg: 0.2,                             w_t: 0.001
[2024-09-25 18:34:27,586][main][INFO] - Done. You can fine the generated images in /home/nicolas/Repulsive-score-distillation-RSD-/constrained_sampling/_exp/output/rsd_stable_nonaug/hdr
[2024-09-25 18:34:27,587][main][INFO] - Input image:00004.png
[2024-09-25 18:34:27,590][main][INFO] - Images loaded and measurements generated
[2024-09-25 18:34:27,637][main][INFO] - Degradated image y saved in /home/nicolas/Repulsive-score-distillation-RSD-/constrained_sampling/_exp/deg/x_deg.png
[2024-09-25 18:34:27,637][main][INFO] - Running setting with coeff: 0,                             lr: (0.1, 0.2),                             rho_reg: 0.2,                             w_t: 0.001
[2024-09-25 18:41:24,753][main][INFO] - Done. You can fine the generated images in /home/nicolas/Repulsive-score-distillation-RSD-/constrained_sampling/_exp/output/rsd_stable_nonaug/hdr
[2024-09-25 18:41:24,753][main][INFO] - Input image:00005.png
[2024-09-25 18:41:24,756][main][INFO] - Images loaded and measurements generated
[2024-09-25 18:41:24,792][main][INFO] - Degradated image y saved in /home/nicolas/Repulsive-score-distillation-RSD-/constrained_sampling/_exp/deg/x_deg.png
[2024-09-25 18:41:24,792][main][INFO] - Running setting with coeff: 0,                             lr: (0.1, 0.2),                             rho_reg: 0.2,                             w_t: 0.001
[2024-09-25 18:48:21,429][main][INFO] - Done. You can fine the generated images in /home/nicolas/Repulsive-score-distillation-RSD-/constrained_sampling/_exp/output/rsd_stable_nonaug/hdr
[2024-09-25 18:48:21,429][main][INFO] - Input image:00006.png
[2024-09-25 18:48:21,432][main][INFO] - Images loaded and measurements generated
[2024-09-25 18:48:21,471][main][INFO] - Degradated image y saved in /home/nicolas/Repulsive-score-distillation-RSD-/constrained_sampling/_exp/deg/x_deg.png
[2024-09-25 18:48:21,471][main][INFO] - Running setting with coeff: 0,                             lr: (0.1, 0.2),                             rho_reg: 0.2,                             w_t: 0.001
[2024-09-25 18:55:17,764][main][INFO] - Done. You can fine the generated images in /home/nicolas/Repulsive-score-distillation-RSD-/constrained_sampling/_exp/output/rsd_stable_nonaug/hdr
[2024-09-25 18:55:17,764][main][INFO] - Input image:00007.png
[2024-09-25 18:55:17,767][main][INFO] - Images loaded and measurements generated
[2024-09-25 18:55:17,803][main][INFO] - Degradated image y saved in /home/nicolas/Repulsive-score-distillation-RSD-/constrained_sampling/_exp/deg/x_deg.png
[2024-09-25 18:55:17,803][main][INFO] - Running setting with coeff: 0,                             lr: (0.1, 0.2),                             rho_reg: 0.2,                             w_t: 0.001
[2024-09-25 19:02:13,847][main][INFO] - Done. You can fine the generated images in /home/nicolas/Repulsive-score-distillation-RSD-/constrained_sampling/_exp/output/rsd_stable_nonaug/hdr
[2024-09-25 19:02:13,847][main][INFO] - Input image:00008.png
[2024-09-25 19:02:13,851][main][INFO] - Images loaded and measurements generated
[2024-09-25 19:02:13,890][main][INFO] - Degradated image y saved in /home/nicolas/Repulsive-score-distillation-RSD-/constrained_sampling/_exp/deg/x_deg.png
[2024-09-25 19:02:13,890][main][INFO] - Running setting with coeff: 0,                             lr: (0.1, 0.2),                             rho_reg: 0.2,                             w_t: 0.001
[2024-09-25 19:09:09,917][main][INFO] - Done. You can fine the generated images in /home/nicolas/Repulsive-score-distillation-RSD-/constrained_sampling/_exp/output/rsd_stable_nonaug/hdr
[2024-09-25 19:09:09,918][main][INFO] - Input image:00009.png
[2024-09-25 19:09:09,925][main][INFO] - Images loaded and measurements generated
[2024-09-25 19:09:09,964][main][INFO] - Degradated image y saved in /home/nicolas/Repulsive-score-distillation-RSD-/constrained_sampling/_exp/deg/x_deg.png
[2024-09-25 19:09:09,964][main][INFO] - Running setting with coeff: 0,                             lr: (0.1, 0.2),                             rho_reg: 0.2,                             w_t: 0.001
[2024-09-25 19:16:06,224][main][INFO] - Done. You can fine the generated images in /home/nicolas/Repulsive-score-distillation-RSD-/constrained_sampling/_exp/output/rsd_stable_nonaug/hdr
[2024-09-25 19:16:06,225][main][INFO] - Input image:00010.png
[2024-09-25 19:16:06,228][main][INFO] - Images loaded and measurements generated
[2024-09-25 19:16:06,273][main][INFO] - Degradated image y saved in /home/nicolas/Repulsive-score-distillation-RSD-/constrained_sampling/_exp/deg/x_deg.png
[2024-09-25 19:16:06,273][main][INFO] - Running setting with coeff: 0,                             lr: (0.1, 0.2),                             rho_reg: 0.2,                             w_t: 0.001
[2024-09-25 19:23:02,902][main][INFO] - Done. You can fine the generated images in /home/nicolas/Repulsive-score-distillation-RSD-/constrained_sampling/_exp/output/rsd_stable_nonaug/hdr
[2024-09-25 19:23:02,903][main][INFO] - Input image:00011.png
[2024-09-25 19:23:02,906][main][INFO] - Images loaded and measurements generated
[2024-09-25 19:23:02,953][main][INFO] - Degradated image y saved in /home/nicolas/Repulsive-score-distillation-RSD-/constrained_sampling/_exp/deg/x_deg.png
[2024-09-25 19:23:02,953][main][INFO] - Running setting with coeff: 0,                             lr: (0.1, 0.2),                             rho_reg: 0.2,                             w_t: 0.001
[2024-09-25 19:29:59,008][main][INFO] - Done. You can fine the generated images in /home/nicolas/Repulsive-score-distillation-RSD-/constrained_sampling/_exp/output/rsd_stable_nonaug/hdr
[2024-09-25 19:29:59,009][main][INFO] - Input image:00012.png
[2024-09-25 19:29:59,012][main][INFO] - Images loaded and measurements generated
[2024-09-25 19:29:59,049][main][INFO] - Degradated image y saved in /home/nicolas/Repulsive-score-distillation-RSD-/constrained_sampling/_exp/deg/x_deg.png
[2024-09-25 19:29:59,050][main][INFO] - Running setting with coeff: 0,                             lr: (0.1, 0.2),                             rho_reg: 0.2,                             w_t: 0.001
[2024-09-25 19:36:54,016][main][INFO] - Done. You can fine the generated images in /home/nicolas/Repulsive-score-distillation-RSD-/constrained_sampling/_exp/output/rsd_stable_nonaug/hdr
[2024-09-25 19:36:54,016][main][INFO] - Input image:00013.png
[2024-09-25 19:36:54,020][main][INFO] - Images loaded and measurements generated
[2024-09-25 19:36:54,066][main][INFO] - Degradated image y saved in /home/nicolas/Repulsive-score-distillation-RSD-/constrained_sampling/_exp/deg/x_deg.png
[2024-09-25 19:36:54,066][main][INFO] - Running setting with coeff: 0,                             lr: (0.1, 0.2),                             rho_reg: 0.2,                             w_t: 0.001
[2024-09-25 19:43:48,651][main][INFO] - Done. You can fine the generated images in /home/nicolas/Repulsive-score-distillation-RSD-/constrained_sampling/_exp/output/rsd_stable_nonaug/hdr
[2024-09-25 19:43:48,657][main][INFO] - Input image:00014.png
[2024-09-25 19:43:48,660][main][INFO] - Images loaded and measurements generated
[2024-09-25 19:43:48,710][main][INFO] - Degradated image y saved in /home/nicolas/Repulsive-score-distillation-RSD-/constrained_sampling/_exp/deg/x_deg.png
[2024-09-25 19:43:48,710][main][INFO] - Running setting with coeff: 0,                             lr: (0.1, 0.2),                             rho_reg: 0.2,                             w_t: 0.001
[2024-09-25 19:50:43,462][main][INFO] - Done. You can fine the generated images in /home/nicolas/Repulsive-score-distillation-RSD-/constrained_sampling/_exp/output/rsd_stable_nonaug/hdr
[2024-09-25 19:50:43,463][main][INFO] - Input image:00015.png
[2024-09-25 19:50:43,465][main][INFO] - Images loaded and measurements generated
[2024-09-25 19:50:43,508][main][INFO] - Degradated image y saved in /home/nicolas/Repulsive-score-distillation-RSD-/constrained_sampling/_exp/deg/x_deg.png
[2024-09-25 19:50:43,508][main][INFO] - Running setting with coeff: 0,                             lr: (0.1, 0.2),                             rho_reg: 0.2,                             w_t: 0.001
[2024-09-25 19:57:37,258][main][INFO] - Done. You can fine the generated images in /home/nicolas/Repulsive-score-distillation-RSD-/constrained_sampling/_exp/output/rsd_stable_nonaug/hdr
[2024-09-25 19:57:37,258][main][INFO] - Input image:00016.png
[2024-09-25 19:57:37,261][main][INFO] - Images loaded and measurements generated
[2024-09-25 19:57:37,303][main][INFO] - Degradated image y saved in /home/nicolas/Repulsive-score-distillation-RSD-/constrained_sampling/_exp/deg/x_deg.png
[2024-09-25 19:57:37,303][main][INFO] - Running setting with coeff: 0,                             lr: (0.1, 0.2),                             rho_reg: 0.2,                             w_t: 0.001
[2024-09-25 20:04:31,111][main][INFO] - Done. You can fine the generated images in /home/nicolas/Repulsive-score-distillation-RSD-/constrained_sampling/_exp/output/rsd_stable_nonaug/hdr
[2024-09-25 20:04:31,112][main][INFO] - Input image:00017.png
[2024-09-25 20:04:31,114][main][INFO] - Images loaded and measurements generated
[2024-09-25 20:04:31,149][main][INFO] - Degradated image y saved in /home/nicolas/Repulsive-score-distillation-RSD-/constrained_sampling/_exp/deg/x_deg.png
[2024-09-25 20:04:31,150][main][INFO] - Running setting with coeff: 0,                             lr: (0.1, 0.2),                             rho_reg: 0.2,                             w_t: 0.001
[2024-09-25 20:11:24,451][main][INFO] - Done. You can fine the generated images in /home/nicolas/Repulsive-score-distillation-RSD-/constrained_sampling/_exp/output/rsd_stable_nonaug/hdr
[2024-09-25 20:11:24,452][main][INFO] - Input image:00018.png
[2024-09-25 20:11:24,454][main][INFO] - Images loaded and measurements generated
[2024-09-25 20:11:24,497][main][INFO] - Degradated image y saved in /home/nicolas/Repulsive-score-distillation-RSD-/constrained_sampling/_exp/deg/x_deg.png
[2024-09-25 20:11:24,497][main][INFO] - Running setting with coeff: 0,                             lr: (0.1, 0.2),                             rho_reg: 0.2,                             w_t: 0.001
[2024-09-25 20:18:18,360][main][INFO] - Done. You can fine the generated images in /home/nicolas/Repulsive-score-distillation-RSD-/constrained_sampling/_exp/output/rsd_stable_nonaug/hdr
[2024-09-25 20:18:18,361][main][INFO] - Input image:00019.png
[2024-09-25 20:18:18,363][main][INFO] - Images loaded and measurements generated
[2024-09-25 20:18:18,408][main][INFO] - Degradated image y saved in /home/nicolas/Repulsive-score-distillation-RSD-/constrained_sampling/_exp/deg/x_deg.png
[2024-09-25 20:18:18,408][main][INFO] - Running setting with coeff: 0,                             lr: (0.1, 0.2),                             rho_reg: 0.2,                             w_t: 0.001
[2024-09-25 20:25:12,090][main][INFO] - Done. You can fine the generated images in /home/nicolas/Repulsive-score-distillation-RSD-/constrained_sampling/_exp/output/rsd_stable_nonaug/hdr
[2024-09-25 20:25:12,090][main][INFO] - Input image:00020.png
[2024-09-25 20:25:12,093][main][INFO] - Images loaded and measurements generated
[2024-09-25 20:25:12,134][main][INFO] - Degradated image y saved in /home/nicolas/Repulsive-score-distillation-RSD-/constrained_sampling/_exp/deg/x_deg.png
[2024-09-25 20:25:12,135][main][INFO] - Running setting with coeff: 0,                             lr: (0.1, 0.2),                             rho_reg: 0.2,                             w_t: 0.001
[2024-09-25 20:32:06,780][main][INFO] - Done. You can fine the generated images in /home/nicolas/Repulsive-score-distillation-RSD-/constrained_sampling/_exp/output/rsd_stable_nonaug/hdr
[2024-09-25 20:32:06,781][main][INFO] - Input image:00021.png
[2024-09-25 20:32:06,784][main][INFO] - Images loaded and measurements generated
[2024-09-25 20:32:06,823][main][INFO] - Degradated image y saved in /home/nicolas/Repulsive-score-distillation-RSD-/constrained_sampling/_exp/deg/x_deg.png
[2024-09-25 20:32:06,823][main][INFO] - Running setting with coeff: 0,                             lr: (0.1, 0.2),                             rho_reg: 0.2,                             w_t: 0.001
[2024-09-25 20:39:01,372][main][INFO] - Done. You can fine the generated images in /home/nicolas/Repulsive-score-distillation-RSD-/constrained_sampling/_exp/output/rsd_stable_nonaug/hdr
[2024-09-25 20:39:01,372][main][INFO] - Input image:00022.png
[2024-09-25 20:39:01,375][main][INFO] - Images loaded and measurements generated
[2024-09-25 20:39:01,427][main][INFO] - Degradated image y saved in /home/nicolas/Repulsive-score-distillation-RSD-/constrained_sampling/_exp/deg/x_deg.png
[2024-09-25 20:39:01,428][main][INFO] - Running setting with coeff: 0,                             lr: (0.1, 0.2),                             rho_reg: 0.2,                             w_t: 0.001
[2024-09-25 20:45:55,511][main][INFO] - Done. You can fine the generated images in /home/nicolas/Repulsive-score-distillation-RSD-/constrained_sampling/_exp/output/rsd_stable_nonaug/hdr
[2024-09-25 20:45:55,512][main][INFO] - Input image:00023.png
[2024-09-25 20:45:55,514][main][INFO] - Images loaded and measurements generated
[2024-09-25 20:45:55,557][main][INFO] - Degradated image y saved in /home/nicolas/Repulsive-score-distillation-RSD-/constrained_sampling/_exp/deg/x_deg.png
[2024-09-25 20:45:55,557][main][INFO] - Running setting with coeff: 0,                             lr: (0.1, 0.2),                             rho_reg: 0.2,                             w_t: 0.001
[2024-09-25 20:52:48,961][main][INFO] - Done. You can fine the generated images in /home/nicolas/Repulsive-score-distillation-RSD-/constrained_sampling/_exp/output/rsd_stable_nonaug/hdr
[2024-09-25 20:52:48,961][main][INFO] - Input image:00024.png
[2024-09-25 20:52:48,964][main][INFO] - Images loaded and measurements generated
[2024-09-25 20:52:49,014][main][INFO] - Degradated image y saved in /home/nicolas/Repulsive-score-distillation-RSD-/constrained_sampling/_exp/deg/x_deg.png
[2024-09-25 20:52:49,014][main][INFO] - Running setting with coeff: 0,                             lr: (0.1, 0.2),                             rho_reg: 0.2,                             w_t: 0.001
[2024-09-25 20:59:43,313][main][INFO] - Done. You can fine the generated images in /home/nicolas/Repulsive-score-distillation-RSD-/constrained_sampling/_exp/output/rsd_stable_nonaug/hdr
[2024-09-25 20:59:43,313][main][INFO] - Input image:00025.png
[2024-09-25 20:59:43,316][main][INFO] - Images loaded and measurements generated
[2024-09-25 20:59:43,366][main][INFO] - Degradated image y saved in /home/nicolas/Repulsive-score-distillation-RSD-/constrained_sampling/_exp/deg/x_deg.png
[2024-09-25 20:59:43,366][main][INFO] - Running setting with coeff: 0,                             lr: (0.1, 0.2),                             rho_reg: 0.2,                             w_t: 0.001
[2024-09-25 21:06:37,924][main][INFO] - Done. You can fine the generated images in /home/nicolas/Repulsive-score-distillation-RSD-/constrained_sampling/_exp/output/rsd_stable_nonaug/hdr
[2024-09-25 21:06:37,925][main][INFO] - Input image:00026.png
[2024-09-25 21:06:37,928][main][INFO] - Images loaded and measurements generated
[2024-09-25 21:06:37,983][main][INFO] - Degradated image y saved in /home/nicolas/Repulsive-score-distillation-RSD-/constrained_sampling/_exp/deg/x_deg.png
[2024-09-25 21:06:37,983][main][INFO] - Running setting with coeff: 0,                             lr: (0.1, 0.2),                             rho_reg: 0.2,                             w_t: 0.001
[2024-09-25 21:13:33,034][main][INFO] - Done. You can fine the generated images in /home/nicolas/Repulsive-score-distillation-RSD-/constrained_sampling/_exp/output/rsd_stable_nonaug/hdr
[2024-09-25 21:13:33,035][main][INFO] - Input image:00027.png
[2024-09-25 21:13:33,037][main][INFO] - Images loaded and measurements generated
[2024-09-25 21:13:33,089][main][INFO] - Degradated image y saved in /home/nicolas/Repulsive-score-distillation-RSD-/constrained_sampling/_exp/deg/x_deg.png
[2024-09-25 21:13:33,090][main][INFO] - Running setting with coeff: 0,                             lr: (0.1, 0.2),                             rho_reg: 0.2,                             w_t: 0.001
[2024-09-25 21:20:27,602][main][INFO] - Done. You can fine the generated images in /home/nicolas/Repulsive-score-distillation-RSD-/constrained_sampling/_exp/output/rsd_stable_nonaug/hdr
[2024-09-25 21:20:27,602][main][INFO] - Input image:00028.png
[2024-09-25 21:20:27,605][main][INFO] - Images loaded and measurements generated
[2024-09-25 21:20:27,652][main][INFO] - Degradated image y saved in /home/nicolas/Repulsive-score-distillation-RSD-/constrained_sampling/_exp/deg/x_deg.png
[2024-09-25 21:20:27,653][main][INFO] - Running setting with coeff: 0,                             lr: (0.1, 0.2),                             rho_reg: 0.2,                             w_t: 0.001
[2024-09-25 21:27:19,590][main][INFO] - Done. You can fine the generated images in /home/nicolas/Repulsive-score-distillation-RSD-/constrained_sampling/_exp/output/rsd_stable_nonaug/hdr
[2024-09-25 21:27:19,590][main][INFO] - Input image:00029.png
[2024-09-25 21:27:19,593][main][INFO] - Images loaded and measurements generated
[2024-09-25 21:27:19,637][main][INFO] - Degradated image y saved in /home/nicolas/Repulsive-score-distillation-RSD-/constrained_sampling/_exp/deg/x_deg.png
[2024-09-25 21:27:19,637][main][INFO] - Running setting with coeff: 0,                             lr: (0.1, 0.2),                             rho_reg: 0.2,                             w_t: 0.001
[2024-09-25 21:34:09,081][main][INFO] - Done. You can fine the generated images in /home/nicolas/Repulsive-score-distillation-RSD-/constrained_sampling/_exp/output/rsd_stable_nonaug/hdr
[2024-09-25 21:34:09,082][main][INFO] - Input image:00030.png
[2024-09-25 21:34:09,085][main][INFO] - Images loaded and measurements generated
[2024-09-25 21:34:09,121][main][INFO] - Degradated image y saved in /home/nicolas/Repulsive-score-distillation-RSD-/constrained_sampling/_exp/deg/x_deg.png
[2024-09-25 21:34:09,121][main][INFO] - Running setting with coeff: 0,                             lr: (0.1, 0.2),                             rho_reg: 0.2,                             w_t: 0.001
[2024-09-25 21:40:58,178][main][INFO] - Done. You can fine the generated images in /home/nicolas/Repulsive-score-distillation-RSD-/constrained_sampling/_exp/output/rsd_stable_nonaug/hdr
[2024-09-25 21:40:58,178][main][INFO] - Input image:00031.png
[2024-09-25 21:40:58,181][main][INFO] - Images loaded and measurements generated
[2024-09-25 21:40:58,214][main][INFO] - Degradated image y saved in /home/nicolas/Repulsive-score-distillation-RSD-/constrained_sampling/_exp/deg/x_deg.png
[2024-09-25 21:40:58,214][main][INFO] - Running setting with coeff: 0,                             lr: (0.1, 0.2),                             rho_reg: 0.2,                             w_t: 0.001
[2024-09-25 21:59:37,782][main][INFO] - Done. You can fine the generated images in /home/nicolas/Repulsive-score-distillation-RSD-/constrained_sampling/_exp/output/rsd_stable_nonaug/hdr
[2024-09-25 21:59:37,782][main][INFO] - Input image:00032.png
[2024-09-25 21:59:37,785][main][INFO] - Images loaded and measurements generated
[2024-09-25 21:59:37,825][main][INFO] - Degradated image y saved in /home/nicolas/Repulsive-score-distillation-RSD-/constrained_sampling/_exp/deg/x_deg.png
[2024-09-25 21:59:37,826][main][INFO] - Running setting with coeff: 0,                             lr: (0.1, 0.2),                             rho_reg: 0.2,                             w_t: 0.001
[2024-09-25 22:06:28,768][main][INFO] - Done. You can fine the generated images in /home/nicolas/Repulsive-score-distillation-RSD-/constrained_sampling/_exp/output/rsd_stable_nonaug/hdr
[2024-09-25 22:06:28,768][main][INFO] - Input image:00033.png
[2024-09-25 22:06:28,771][main][INFO] - Images loaded and measurements generated
[2024-09-25 22:06:28,809][main][INFO] - Degradated image y saved in /home/nicolas/Repulsive-score-distillation-RSD-/constrained_sampling/_exp/deg/x_deg.png
[2024-09-25 22:06:28,810][main][INFO] - Running setting with coeff: 0,                             lr: (0.1, 0.2),                             rho_reg: 0.2,                             w_t: 0.001
[2024-09-25 22:13:20,026][main][INFO] - Done. You can fine the generated images in /home/nicolas/Repulsive-score-distillation-RSD-/constrained_sampling/_exp/output/rsd_stable_nonaug/hdr
[2024-09-25 22:13:20,026][main][INFO] - Input image:00034.png
[2024-09-25 22:13:20,029][main][INFO] - Images loaded and measurements generated
[2024-09-25 22:13:20,066][main][INFO] - Degradated image y saved in /home/nicolas/Repulsive-score-distillation-RSD-/constrained_sampling/_exp/deg/x_deg.png
[2024-09-25 22:13:20,066][main][INFO] - Running setting with coeff: 0,                             lr: (0.1, 0.2),                             rho_reg: 0.2,                             w_t: 0.001
[2024-09-25 22:20:11,437][main][INFO] - Done. You can fine the generated images in /home/nicolas/Repulsive-score-distillation-RSD-/constrained_sampling/_exp/output/rsd_stable_nonaug/hdr
[2024-09-25 22:20:11,437][main][INFO] - Input image:00035.png
[2024-09-25 22:20:11,440][main][INFO] - Images loaded and measurements generated
[2024-09-25 22:20:11,477][main][INFO] - Degradated image y saved in /home/nicolas/Repulsive-score-distillation-RSD-/constrained_sampling/_exp/deg/x_deg.png
[2024-09-25 22:20:11,477][main][INFO] - Running setting with coeff: 0,                             lr: (0.1, 0.2),                             rho_reg: 0.2,                             w_t: 0.001
[2024-09-25 22:27:02,664][main][INFO] - Done. You can fine the generated images in /home/nicolas/Repulsive-score-distillation-RSD-/constrained_sampling/_exp/output/rsd_stable_nonaug/hdr
[2024-09-25 22:27:02,665][main][INFO] - Input image:00036.png
[2024-09-25 22:27:02,667][main][INFO] - Images loaded and measurements generated
[2024-09-25 22:27:02,713][main][INFO] - Degradated image y saved in /home/nicolas/Repulsive-score-distillation-RSD-/constrained_sampling/_exp/deg/x_deg.png
[2024-09-25 22:27:02,713][main][INFO] - Running setting with coeff: 0,                             lr: (0.1, 0.2),                             rho_reg: 0.2,                             w_t: 0.001
[2024-09-25 22:33:54,391][main][INFO] - Done. You can fine the generated images in /home/nicolas/Repulsive-score-distillation-RSD-/constrained_sampling/_exp/output/rsd_stable_nonaug/hdr
[2024-09-25 22:33:54,392][main][INFO] - Input image:00037.png
[2024-09-25 22:33:54,394][main][INFO] - Images loaded and measurements generated
[2024-09-25 22:33:54,442][main][INFO] - Degradated image y saved in /home/nicolas/Repulsive-score-distillation-RSD-/constrained_sampling/_exp/deg/x_deg.png
[2024-09-25 22:33:54,442][main][INFO] - Running setting with coeff: 0,                             lr: (0.1, 0.2),                             rho_reg: 0.2,                             w_t: 0.001
[2024-09-25 22:40:46,458][main][INFO] - Done. You can fine the generated images in /home/nicolas/Repulsive-score-distillation-RSD-/constrained_sampling/_exp/output/rsd_stable_nonaug/hdr
[2024-09-25 22:40:46,459][main][INFO] - Input image:00038.png
[2024-09-25 22:40:46,461][main][INFO] - Images loaded and measurements generated
[2024-09-25 22:40:46,501][main][INFO] - Degradated image y saved in /home/nicolas/Repulsive-score-distillation-RSD-/constrained_sampling/_exp/deg/x_deg.png
[2024-09-25 22:40:46,501][main][INFO] - Running setting with coeff: 0,                             lr: (0.1, 0.2),                             rho_reg: 0.2,                             w_t: 0.001
[2024-09-25 22:47:37,936][main][INFO] - Done. You can fine the generated images in /home/nicolas/Repulsive-score-distillation-RSD-/constrained_sampling/_exp/output/rsd_stable_nonaug/hdr
[2024-09-25 22:47:37,936][main][INFO] - Input image:00039.png
[2024-09-25 22:47:37,939][main][INFO] - Images loaded and measurements generated
[2024-09-25 22:47:37,983][main][INFO] - Degradated image y saved in /home/nicolas/Repulsive-score-distillation-RSD-/constrained_sampling/_exp/deg/x_deg.png
[2024-09-25 22:47:37,984][main][INFO] - Running setting with coeff: 0,                             lr: (0.1, 0.2),                             rho_reg: 0.2,                             w_t: 0.001
[2024-09-25 22:54:29,843][main][INFO] - Done. You can fine the generated images in /home/nicolas/Repulsive-score-distillation-RSD-/constrained_sampling/_exp/output/rsd_stable_nonaug/hdr
[2024-09-25 22:54:29,843][main][INFO] - Input image:00040.png
[2024-09-25 22:54:29,846][main][INFO] - Images loaded and measurements generated
[2024-09-25 22:54:29,892][main][INFO] - Degradated image y saved in /home/nicolas/Repulsive-score-distillation-RSD-/constrained_sampling/_exp/deg/x_deg.png
[2024-09-25 22:54:29,892][main][INFO] - Running setting with coeff: 0,                             lr: (0.1, 0.2),                             rho_reg: 0.2,                             w_t: 0.001
[2024-09-25 23:01:22,089][main][INFO] - Done. You can fine the generated images in /home/nicolas/Repulsive-score-distillation-RSD-/constrained_sampling/_exp/output/rsd_stable_nonaug/hdr
[2024-09-25 23:01:22,089][main][INFO] - Input image:00041.png
[2024-09-25 23:01:22,093][main][INFO] - Images loaded and measurements generated
[2024-09-25 23:01:22,138][main][INFO] - Degradated image y saved in /home/nicolas/Repulsive-score-distillation-RSD-/constrained_sampling/_exp/deg/x_deg.png
[2024-09-25 23:01:22,138][main][INFO] - Running setting with coeff: 0,                             lr: (0.1, 0.2),                             rho_reg: 0.2,                             w_t: 0.001
[2024-09-25 23:08:13,528][main][INFO] - Done. You can fine the generated images in /home/nicolas/Repulsive-score-distillation-RSD-/constrained_sampling/_exp/output/rsd_stable_nonaug/hdr
[2024-09-25 23:08:13,529][main][INFO] - Input image:00042.png
[2024-09-25 23:08:13,531][main][INFO] - Images loaded and measurements generated
[2024-09-25 23:08:13,573][main][INFO] - Degradated image y saved in /home/nicolas/Repulsive-score-distillation-RSD-/constrained_sampling/_exp/deg/x_deg.png
[2024-09-25 23:08:13,573][main][INFO] - Running setting with coeff: 0,                             lr: (0.1, 0.2),                             rho_reg: 0.2,                             w_t: 0.001
[2024-09-25 23:15:04,997][main][INFO] - Done. You can fine the generated images in /home/nicolas/Repulsive-score-distillation-RSD-/constrained_sampling/_exp/output/rsd_stable_nonaug/hdr
[2024-09-25 23:15:04,997][main][INFO] - Input image:00043.png
[2024-09-25 23:15:05,000][main][INFO] - Images loaded and measurements generated
[2024-09-25 23:15:05,043][main][INFO] - Degradated image y saved in /home/nicolas/Repulsive-score-distillation-RSD-/constrained_sampling/_exp/deg/x_deg.png
[2024-09-25 23:15:05,043][main][INFO] - Running setting with coeff: 0,                             lr: (0.1, 0.2),                             rho_reg: 0.2,                             w_t: 0.001
[2024-09-25 23:21:56,430][main][INFO] - Done. You can fine the generated images in /home/nicolas/Repulsive-score-distillation-RSD-/constrained_sampling/_exp/output/rsd_stable_nonaug/hdr
[2024-09-25 23:21:56,430][main][INFO] - Input image:00044.png
[2024-09-25 23:21:56,432][main][INFO] - Images loaded and measurements generated
[2024-09-25 23:21:56,476][main][INFO] - Degradated image y saved in /home/nicolas/Repulsive-score-distillation-RSD-/constrained_sampling/_exp/deg/x_deg.png
[2024-09-25 23:21:56,476][main][INFO] - Running setting with coeff: 0,                             lr: (0.1, 0.2),                             rho_reg: 0.2,                             w_t: 0.001
[2024-09-25 23:28:48,221][main][INFO] - Done. You can fine the generated images in /home/nicolas/Repulsive-score-distillation-RSD-/constrained_sampling/_exp/output/rsd_stable_nonaug/hdr
[2024-09-25 23:28:48,221][main][INFO] - Input image:00045.png
[2024-09-25 23:28:48,224][main][INFO] - Images loaded and measurements generated
[2024-09-25 23:28:48,274][main][INFO] - Degradated image y saved in /home/nicolas/Repulsive-score-distillation-RSD-/constrained_sampling/_exp/deg/x_deg.png
[2024-09-25 23:28:48,275][main][INFO] - Running setting with coeff: 0,                             lr: (0.1, 0.2),                             rho_reg: 0.2,                             w_t: 0.001
[2024-09-25 23:35:40,063][main][INFO] - Done. You can fine the generated images in /home/nicolas/Repulsive-score-distillation-RSD-/constrained_sampling/_exp/output/rsd_stable_nonaug/hdr
[2024-09-25 23:35:40,063][main][INFO] - Input image:00046.png
[2024-09-25 23:35:40,066][main][INFO] - Images loaded and measurements generated
[2024-09-25 23:35:40,097][main][INFO] - Degradated image y saved in /home/nicolas/Repulsive-score-distillation-RSD-/constrained_sampling/_exp/deg/x_deg.png
[2024-09-25 23:35:40,097][main][INFO] - Running setting with coeff: 0,                             lr: (0.1, 0.2),                             rho_reg: 0.2,                             w_t: 0.001
[2024-09-25 23:42:31,725][main][INFO] - Done. You can fine the generated images in /home/nicolas/Repulsive-score-distillation-RSD-/constrained_sampling/_exp/output/rsd_stable_nonaug/hdr
[2024-09-25 23:42:31,726][main][INFO] - Input image:00047.png
[2024-09-25 23:42:31,729][main][INFO] - Images loaded and measurements generated
[2024-09-25 23:42:31,772][main][INFO] - Degradated image y saved in /home/nicolas/Repulsive-score-distillation-RSD-/constrained_sampling/_exp/deg/x_deg.png
[2024-09-25 23:42:31,772][main][INFO] - Running setting with coeff: 0,                             lr: (0.1, 0.2),                             rho_reg: 0.2,                             w_t: 0.001
[2024-09-25 23:49:23,541][main][INFO] - Done. You can fine the generated images in /home/nicolas/Repulsive-score-distillation-RSD-/constrained_sampling/_exp/output/rsd_stable_nonaug/hdr
[2024-09-25 23:49:23,541][main][INFO] - Input image:00048.png
[2024-09-25 23:49:23,544][main][INFO] - Images loaded and measurements generated
[2024-09-25 23:49:23,582][main][INFO] - Degradated image y saved in /home/nicolas/Repulsive-score-distillation-RSD-/constrained_sampling/_exp/deg/x_deg.png
[2024-09-25 23:49:23,582][main][INFO] - Running setting with coeff: 0,                             lr: (0.1, 0.2),                             rho_reg: 0.2,                             w_t: 0.001
[2024-09-25 23:56:15,170][main][INFO] - Done. You can fine the generated images in /home/nicolas/Repulsive-score-distillation-RSD-/constrained_sampling/_exp/output/rsd_stable_nonaug/hdr
[2024-09-25 23:56:15,170][main][INFO] - Input image:00049.png
[2024-09-25 23:56:15,174][main][INFO] - Images loaded and measurements generated
[2024-09-25 23:56:15,220][main][INFO] - Degradated image y saved in /home/nicolas/Repulsive-score-distillation-RSD-/constrained_sampling/_exp/deg/x_deg.png
[2024-09-25 23:56:15,220][main][INFO] - Running setting with coeff: 0,                             lr: (0.1, 0.2),                             rho_reg: 0.2,                             w_t: 0.001
[2024-09-26 00:03:06,868][main][INFO] - Done. You can fine the generated images in /home/nicolas/Repulsive-score-distillation-RSD-/constrained_sampling/_exp/output/rsd_stable_nonaug/hdr
[2024-09-26 00:03:06,868][main][INFO] - Input image:00050.png
[2024-09-26 00:03:06,871][main][INFO] - Images loaded and measurements generated
[2024-09-26 00:03:06,915][main][INFO] - Degradated image y saved in /home/nicolas/Repulsive-score-distillation-RSD-/constrained_sampling/_exp/deg/x_deg.png
[2024-09-26 00:03:06,916][main][INFO] - Running setting with coeff: 0,                             lr: (0.1, 0.2),                             rho_reg: 0.2,                             w_t: 0.001
[2024-09-26 00:09:58,327][main][INFO] - Done. You can fine the generated images in /home/nicolas/Repulsive-score-distillation-RSD-/constrained_sampling/_exp/output/rsd_stable_nonaug/hdr
[2024-09-26 00:09:58,327][main][INFO] - Input image:00051.png
[2024-09-26 00:09:58,330][main][INFO] - Images loaded and measurements generated
[2024-09-26 00:09:58,375][main][INFO] - Degradated image y saved in /home/nicolas/Repulsive-score-distillation-RSD-/constrained_sampling/_exp/deg/x_deg.png
[2024-09-26 00:09:58,376][main][INFO] - Running setting with coeff: 0,                             lr: (0.1, 0.2),                             rho_reg: 0.2,                             w_t: 0.001
[2024-09-26 00:16:49,650][main][INFO] - Done. You can fine the generated images in /home/nicolas/Repulsive-score-distillation-RSD-/constrained_sampling/_exp/output/rsd_stable_nonaug/hdr
[2024-09-26 00:16:49,651][main][INFO] - Input image:00052.png
[2024-09-26 00:16:49,654][main][INFO] - Images loaded and measurements generated
[2024-09-26 00:16:49,704][main][INFO] - Degradated image y saved in /home/nicolas/Repulsive-score-distillation-RSD-/constrained_sampling/_exp/deg/x_deg.png
[2024-09-26 00:16:49,704][main][INFO] - Running setting with coeff: 0,                             lr: (0.1, 0.2),                             rho_reg: 0.2,                             w_t: 0.001
[2024-09-26 00:23:42,571][main][INFO] - Done. You can fine the generated images in /home/nicolas/Repulsive-score-distillation-RSD-/constrained_sampling/_exp/output/rsd_stable_nonaug/hdr
[2024-09-26 00:23:42,572][main][INFO] - Input image:00053.png
[2024-09-26 00:23:42,575][main][INFO] - Images loaded and measurements generated
[2024-09-26 00:23:42,627][main][INFO] - Degradated image y saved in /home/nicolas/Repulsive-score-distillation-RSD-/constrained_sampling/_exp/deg/x_deg.png
[2024-09-26 00:23:42,628][main][INFO] - Running setting with coeff: 0,                             lr: (0.1, 0.2),                             rho_reg: 0.2,                             w_t: 0.001
[2024-09-26 00:30:34,830][main][INFO] - Done. You can fine the generated images in /home/nicolas/Repulsive-score-distillation-RSD-/constrained_sampling/_exp/output/rsd_stable_nonaug/hdr
[2024-09-26 00:30:34,830][main][INFO] - Input image:00054.png
[2024-09-26 00:30:34,834][main][INFO] - Images loaded and measurements generated
[2024-09-26 00:30:34,867][main][INFO] - Degradated image y saved in /home/nicolas/Repulsive-score-distillation-RSD-/constrained_sampling/_exp/deg/x_deg.png
[2024-09-26 00:30:34,867][main][INFO] - Running setting with coeff: 0,                             lr: (0.1, 0.2),                             rho_reg: 0.2,                             w_t: 0.001
[2024-09-26 00:37:24,559][main][INFO] - Done. You can fine the generated images in /home/nicolas/Repulsive-score-distillation-RSD-/constrained_sampling/_exp/output/rsd_stable_nonaug/hdr
[2024-09-26 00:37:24,559][main][INFO] - Input image:00055.png
[2024-09-26 00:37:24,561][main][INFO] - Images loaded and measurements generated
[2024-09-26 00:37:24,595][main][INFO] - Degradated image y saved in /home/nicolas/Repulsive-score-distillation-RSD-/constrained_sampling/_exp/deg/x_deg.png
[2024-09-26 00:37:24,595][main][INFO] - Running setting with coeff: 0,                             lr: (0.1, 0.2),                             rho_reg: 0.2,                             w_t: 0.001
[2024-09-26 00:44:15,488][main][INFO] - Done. You can fine the generated images in /home/nicolas/Repulsive-score-distillation-RSD-/constrained_sampling/_exp/output/rsd_stable_nonaug/hdr
[2024-09-26 00:44:15,488][main][INFO] - Input image:00056.png
[2024-09-26 00:44:15,492][main][INFO] - Images loaded and measurements generated
[2024-09-26 00:44:15,539][main][INFO] - Degradated image y saved in /home/nicolas/Repulsive-score-distillation-RSD-/constrained_sampling/_exp/deg/x_deg.png
[2024-09-26 00:44:15,539][main][INFO] - Running setting with coeff: 0,                             lr: (0.1, 0.2),                             rho_reg: 0.2,                             w_t: 0.001
[2024-09-26 00:51:06,692][main][INFO] - Done. You can fine the generated images in /home/nicolas/Repulsive-score-distillation-RSD-/constrained_sampling/_exp/output/rsd_stable_nonaug/hdr
[2024-09-26 00:51:06,692][main][INFO] - Input image:00057.png
[2024-09-26 00:51:06,695][main][INFO] - Images loaded and measurements generated
[2024-09-26 00:51:06,740][main][INFO] - Degradated image y saved in /home/nicolas/Repulsive-score-distillation-RSD-/constrained_sampling/_exp/deg/x_deg.png
[2024-09-26 00:51:06,741][main][INFO] - Running setting with coeff: 0,                             lr: (0.1, 0.2),                             rho_reg: 0.2,                             w_t: 0.001
[2024-09-26 00:57:58,049][main][INFO] - Done. You can fine the generated images in /home/nicolas/Repulsive-score-distillation-RSD-/constrained_sampling/_exp/output/rsd_stable_nonaug/hdr
[2024-09-26 00:57:58,050][main][INFO] - Input image:00058.png
[2024-09-26 00:57:58,052][main][INFO] - Images loaded and measurements generated
[2024-09-26 00:57:58,092][main][INFO] - Degradated image y saved in /home/nicolas/Repulsive-score-distillation-RSD-/constrained_sampling/_exp/deg/x_deg.png
[2024-09-26 00:57:58,093][main][INFO] - Running setting with coeff: 0,                             lr: (0.1, 0.2),                             rho_reg: 0.2,                             w_t: 0.001
[2024-09-26 01:04:49,035][main][INFO] - Done. You can fine the generated images in /home/nicolas/Repulsive-score-distillation-RSD-/constrained_sampling/_exp/output/rsd_stable_nonaug/hdr
[2024-09-26 01:04:49,035][main][INFO] - Input image:00059.png
[2024-09-26 01:04:49,038][main][INFO] - Images loaded and measurements generated
[2024-09-26 01:04:49,085][main][INFO] - Degradated image y saved in /home/nicolas/Repulsive-score-distillation-RSD-/constrained_sampling/_exp/deg/x_deg.png
[2024-09-26 01:04:49,086][main][INFO] - Running setting with coeff: 0,                             lr: (0.1, 0.2),                             rho_reg: 0.2,                             w_t: 0.001
[2024-09-26 01:11:40,378][main][INFO] - Done. You can fine the generated images in /home/nicolas/Repulsive-score-distillation-RSD-/constrained_sampling/_exp/output/rsd_stable_nonaug/hdr
[2024-09-26 01:11:40,378][main][INFO] - Input image:00060.png
[2024-09-26 01:11:40,381][main][INFO] - Images loaded and measurements generated
[2024-09-26 01:11:40,416][main][INFO] - Degradated image y saved in /home/nicolas/Repulsive-score-distillation-RSD-/constrained_sampling/_exp/deg/x_deg.png
[2024-09-26 01:11:40,416][main][INFO] - Running setting with coeff: 0,                             lr: (0.1, 0.2),                             rho_reg: 0.2,                             w_t: 0.001
[2024-09-26 01:18:31,809][main][INFO] - Done. You can fine the generated images in /home/nicolas/Repulsive-score-distillation-RSD-/constrained_sampling/_exp/output/rsd_stable_nonaug/hdr
[2024-09-26 01:18:31,809][main][INFO] - Input image:00061.png
[2024-09-26 01:18:31,812][main][INFO] - Images loaded and measurements generated
[2024-09-26 01:18:31,863][main][INFO] - Degradated image y saved in /home/nicolas/Repulsive-score-distillation-RSD-/constrained_sampling/_exp/deg/x_deg.png
[2024-09-26 01:18:31,863][main][INFO] - Running setting with coeff: 0,                             lr: (0.1, 0.2),                             rho_reg: 0.2,                             w_t: 0.001
[2024-09-26 01:25:23,434][main][INFO] - Done. You can fine the generated images in /home/nicolas/Repulsive-score-distillation-RSD-/constrained_sampling/_exp/output/rsd_stable_nonaug/hdr
[2024-09-26 01:25:23,434][main][INFO] - Input image:00062.png
[2024-09-26 01:25:23,437][main][INFO] - Images loaded and measurements generated
[2024-09-26 01:25:23,489][main][INFO] - Degradated image y saved in /home/nicolas/Repulsive-score-distillation-RSD-/constrained_sampling/_exp/deg/x_deg.png
[2024-09-26 01:25:23,489][main][INFO] - Running setting with coeff: 0,                             lr: (0.1, 0.2),                             rho_reg: 0.2,                             w_t: 0.001
[2024-09-26 01:32:15,000][main][INFO] - Done. You can fine the generated images in /home/nicolas/Repulsive-score-distillation-RSD-/constrained_sampling/_exp/output/rsd_stable_nonaug/hdr
[2024-09-26 01:32:15,000][main][INFO] - Input image:00063.png
[2024-09-26 01:32:15,003][main][INFO] - Images loaded and measurements generated
[2024-09-26 01:32:15,038][main][INFO] - Degradated image y saved in /home/nicolas/Repulsive-score-distillation-RSD-/constrained_sampling/_exp/deg/x_deg.png
[2024-09-26 01:32:15,039][main][INFO] - Running setting with coeff: 0,                             lr: (0.1, 0.2),                             rho_reg: 0.2,                             w_t: 0.001
[2024-09-26 01:39:06,264][main][INFO] - Done. You can fine the generated images in /home/nicolas/Repulsive-score-distillation-RSD-/constrained_sampling/_exp/output/rsd_stable_nonaug/hdr
[2024-09-26 01:39:06,264][main][INFO] - Input image:00064.png
[2024-09-26 01:39:06,267][main][INFO] - Images loaded and measurements generated
[2024-09-26 01:39:06,304][main][INFO] - Degradated image y saved in /home/nicolas/Repulsive-score-distillation-RSD-/constrained_sampling/_exp/deg/x_deg.png
[2024-09-26 01:39:06,304][main][INFO] - Running setting with coeff: 0,                             lr: (0.1, 0.2),                             rho_reg: 0.2,                             w_t: 0.001
[2024-09-26 01:45:57,481][main][INFO] - Done. You can fine the generated images in /home/nicolas/Repulsive-score-distillation-RSD-/constrained_sampling/_exp/output/rsd_stable_nonaug/hdr
[2024-09-26 01:45:57,482][main][INFO] - Input image:00065.png
[2024-09-26 01:45:57,484][main][INFO] - Images loaded and measurements generated
[2024-09-26 01:45:57,527][main][INFO] - Degradated image y saved in /home/nicolas/Repulsive-score-distillation-RSD-/constrained_sampling/_exp/deg/x_deg.png
[2024-09-26 01:45:57,527][main][INFO] - Running setting with coeff: 0,                             lr: (0.1, 0.2),                             rho_reg: 0.2,                             w_t: 0.001
[2024-09-26 01:52:48,665][main][INFO] - Done. You can fine the generated images in /home/nicolas/Repulsive-score-distillation-RSD-/constrained_sampling/_exp/output/rsd_stable_nonaug/hdr
[2024-09-26 01:52:48,665][main][INFO] - Input image:00066.png
[2024-09-26 01:52:48,668][main][INFO] - Images loaded and measurements generated
[2024-09-26 01:52:48,704][main][INFO] - Degradated image y saved in /home/nicolas/Repulsive-score-distillation-RSD-/constrained_sampling/_exp/deg/x_deg.png
[2024-09-26 01:52:48,704][main][INFO] - Running setting with coeff: 0,                             lr: (0.1, 0.2),                             rho_reg: 0.2,                             w_t: 0.001
[2024-09-26 01:59:39,799][main][INFO] - Done. You can fine the generated images in /home/nicolas/Repulsive-score-distillation-RSD-/constrained_sampling/_exp/output/rsd_stable_nonaug/hdr
[2024-09-26 01:59:39,799][main][INFO] - Input image:00067.png
[2024-09-26 01:59:39,802][main][INFO] - Images loaded and measurements generated
[2024-09-26 01:59:39,843][main][INFO] - Degradated image y saved in /home/nicolas/Repulsive-score-distillation-RSD-/constrained_sampling/_exp/deg/x_deg.png
[2024-09-26 01:59:39,843][main][INFO] - Running setting with coeff: 0,                             lr: (0.1, 0.2),                             rho_reg: 0.2,                             w_t: 0.001
[2024-09-26 02:06:31,292][main][INFO] - Done. You can fine the generated images in /home/nicolas/Repulsive-score-distillation-RSD-/constrained_sampling/_exp/output/rsd_stable_nonaug/hdr
[2024-09-26 02:06:31,292][main][INFO] - Input image:00068.png
[2024-09-26 02:06:31,295][main][INFO] - Images loaded and measurements generated
[2024-09-26 02:06:31,338][main][INFO] - Degradated image y saved in /home/nicolas/Repulsive-score-distillation-RSD-/constrained_sampling/_exp/deg/x_deg.png
[2024-09-26 02:06:31,339][main][INFO] - Running setting with coeff: 0,                             lr: (0.1, 0.2),                             rho_reg: 0.2,                             w_t: 0.001
[2024-09-26 02:13:22,875][main][INFO] - Done. You can fine the generated images in /home/nicolas/Repulsive-score-distillation-RSD-/constrained_sampling/_exp/output/rsd_stable_nonaug/hdr
[2024-09-26 02:13:22,875][main][INFO] - Input image:00069.png
[2024-09-26 02:13:22,877][main][INFO] - Images loaded and measurements generated
[2024-09-26 02:13:22,920][main][INFO] - Degradated image y saved in /home/nicolas/Repulsive-score-distillation-RSD-/constrained_sampling/_exp/deg/x_deg.png
[2024-09-26 02:13:22,920][main][INFO] - Running setting with coeff: 0,                             lr: (0.1, 0.2),                             rho_reg: 0.2,                             w_t: 0.001
[2024-09-26 02:20:14,115][main][INFO] - Done. You can fine the generated images in /home/nicolas/Repulsive-score-distillation-RSD-/constrained_sampling/_exp/output/rsd_stable_nonaug/hdr
[2024-09-26 02:20:14,115][main][INFO] - Input image:00070.png
[2024-09-26 02:20:14,118][main][INFO] - Images loaded and measurements generated
[2024-09-26 02:20:14,159][main][INFO] - Degradated image y saved in /home/nicolas/Repulsive-score-distillation-RSD-/constrained_sampling/_exp/deg/x_deg.png
[2024-09-26 02:20:14,159][main][INFO] - Running setting with coeff: 0,                             lr: (0.1, 0.2),                             rho_reg: 0.2,                             w_t: 0.001
[2024-09-26 02:27:05,340][main][INFO] - Done. You can fine the generated images in /home/nicolas/Repulsive-score-distillation-RSD-/constrained_sampling/_exp/output/rsd_stable_nonaug/hdr
[2024-09-26 02:27:05,341][main][INFO] - Input image:00071.png
[2024-09-26 02:27:05,343][main][INFO] - Images loaded and measurements generated
[2024-09-26 02:27:05,389][main][INFO] - Degradated image y saved in /home/nicolas/Repulsive-score-distillation-RSD-/constrained_sampling/_exp/deg/x_deg.png
[2024-09-26 02:27:05,390][main][INFO] - Running setting with coeff: 0,                             lr: (0.1, 0.2),                             rho_reg: 0.2,                             w_t: 0.001
[2024-09-26 02:33:56,879][main][INFO] - Done. You can fine the generated images in /home/nicolas/Repulsive-score-distillation-RSD-/constrained_sampling/_exp/output/rsd_stable_nonaug/hdr
[2024-09-26 02:33:56,880][main][INFO] - Input image:00072.png
[2024-09-26 02:33:56,882][main][INFO] - Images loaded and measurements generated
[2024-09-26 02:33:56,930][main][INFO] - Degradated image y saved in /home/nicolas/Repulsive-score-distillation-RSD-/constrained_sampling/_exp/deg/x_deg.png
[2024-09-26 02:33:56,930][main][INFO] - Running setting with coeff: 0,                             lr: (0.1, 0.2),                             rho_reg: 0.2,                             w_t: 0.001
[2024-09-26 02:40:48,286][main][INFO] - Done. You can fine the generated images in /home/nicolas/Repulsive-score-distillation-RSD-/constrained_sampling/_exp/output/rsd_stable_nonaug/hdr
[2024-09-26 02:40:48,286][main][INFO] - Input image:00073.png
[2024-09-26 02:40:48,290][main][INFO] - Images loaded and measurements generated
[2024-09-26 02:40:48,332][main][INFO] - Degradated image y saved in /home/nicolas/Repulsive-score-distillation-RSD-/constrained_sampling/_exp/deg/x_deg.png
[2024-09-26 02:40:48,332][main][INFO] - Running setting with coeff: 0,                             lr: (0.1, 0.2),                             rho_reg: 0.2,                             w_t: 0.001
[2024-09-26 02:47:39,471][main][INFO] - Done. You can fine the generated images in /home/nicolas/Repulsive-score-distillation-RSD-/constrained_sampling/_exp/output/rsd_stable_nonaug/hdr
[2024-09-26 02:47:39,471][main][INFO] - Input image:00074.png
[2024-09-26 02:47:39,473][main][INFO] - Images loaded and measurements generated
[2024-09-26 02:47:39,520][main][INFO] - Degradated image y saved in /home/nicolas/Repulsive-score-distillation-RSD-/constrained_sampling/_exp/deg/x_deg.png
[2024-09-26 02:47:39,520][main][INFO] - Running setting with coeff: 0,                             lr: (0.1, 0.2),                             rho_reg: 0.2,                             w_t: 0.001
[2024-09-26 02:54:30,848][main][INFO] - Done. You can fine the generated images in /home/nicolas/Repulsive-score-distillation-RSD-/constrained_sampling/_exp/output/rsd_stable_nonaug/hdr
[2024-09-26 02:54:30,848][main][INFO] - Input image:00075.png
[2024-09-26 02:54:30,852][main][INFO] - Images loaded and measurements generated
[2024-09-26 02:54:30,887][main][INFO] - Degradated image y saved in /home/nicolas/Repulsive-score-distillation-RSD-/constrained_sampling/_exp/deg/x_deg.png
[2024-09-26 02:54:30,888][main][INFO] - Running setting with coeff: 0,                             lr: (0.1, 0.2),                             rho_reg: 0.2,                             w_t: 0.001
[2024-09-26 03:01:22,452][main][INFO] - Done. You can fine the generated images in /home/nicolas/Repulsive-score-distillation-RSD-/constrained_sampling/_exp/output/rsd_stable_nonaug/hdr
[2024-09-26 03:01:22,453][main][INFO] - Input image:00076.png
[2024-09-26 03:01:22,455][main][INFO] - Images loaded and measurements generated
[2024-09-26 03:01:22,503][main][INFO] - Degradated image y saved in /home/nicolas/Repulsive-score-distillation-RSD-/constrained_sampling/_exp/deg/x_deg.png
[2024-09-26 03:01:22,503][main][INFO] - Running setting with coeff: 0,                             lr: (0.1, 0.2),                             rho_reg: 0.2,                             w_t: 0.001
[2024-09-26 03:08:14,742][main][INFO] - Done. You can fine the generated images in /home/nicolas/Repulsive-score-distillation-RSD-/constrained_sampling/_exp/output/rsd_stable_nonaug/hdr
[2024-09-26 03:08:14,743][main][INFO] - Input image:00077.png
[2024-09-26 03:08:14,746][main][INFO] - Images loaded and measurements generated
[2024-09-26 03:08:14,784][main][INFO] - Degradated image y saved in /home/nicolas/Repulsive-score-distillation-RSD-/constrained_sampling/_exp/deg/x_deg.png
[2024-09-26 03:08:14,784][main][INFO] - Running setting with coeff: 0,                             lr: (0.1, 0.2),                             rho_reg: 0.2,                             w_t: 0.001
[2024-09-26 03:15:07,261][main][INFO] - Done. You can fine the generated images in /home/nicolas/Repulsive-score-distillation-RSD-/constrained_sampling/_exp/output/rsd_stable_nonaug/hdr
[2024-09-26 03:15:07,261][main][INFO] - Input image:00078.png
[2024-09-26 03:15:07,265][main][INFO] - Images loaded and measurements generated
[2024-09-26 03:15:07,311][main][INFO] - Degradated image y saved in /home/nicolas/Repulsive-score-distillation-RSD-/constrained_sampling/_exp/deg/x_deg.png
[2024-09-26 03:15:07,312][main][INFO] - Running setting with coeff: 0,                             lr: (0.1, 0.2),                             rho_reg: 0.2,                             w_t: 0.001
[2024-09-26 03:22:00,859][main][INFO] - Done. You can fine the generated images in /home/nicolas/Repulsive-score-distillation-RSD-/constrained_sampling/_exp/output/rsd_stable_nonaug/hdr
[2024-09-26 03:22:00,859][main][INFO] - Input image:00079.png
[2024-09-26 03:22:00,861][main][INFO] - Images loaded and measurements generated
[2024-09-26 03:22:00,929][main][INFO] - Degradated image y saved in /home/nicolas/Repulsive-score-distillation-RSD-/constrained_sampling/_exp/deg/x_deg.png
[2024-09-26 03:22:00,929][main][INFO] - Running setting with coeff: 0,                             lr: (0.1, 0.2),                             rho_reg: 0.2,                             w_t: 0.001
[2024-09-26 03:28:54,748][main][INFO] - Done. You can fine the generated images in /home/nicolas/Repulsive-score-distillation-RSD-/constrained_sampling/_exp/output/rsd_stable_nonaug/hdr
[2024-09-26 03:28:54,748][main][INFO] - Input image:00080.png
[2024-09-26 03:28:54,751][main][INFO] - Images loaded and measurements generated
[2024-09-26 03:28:54,791][main][INFO] - Degradated image y saved in /home/nicolas/Repulsive-score-distillation-RSD-/constrained_sampling/_exp/deg/x_deg.png
[2024-09-26 03:28:54,792][main][INFO] - Running setting with coeff: 0,                             lr: (0.1, 0.2),                             rho_reg: 0.2,                             w_t: 0.001
[2024-09-26 03:35:48,428][main][INFO] - Done. You can fine the generated images in /home/nicolas/Repulsive-score-distillation-RSD-/constrained_sampling/_exp/output/rsd_stable_nonaug/hdr
[2024-09-26 03:35:48,429][main][INFO] - Input image:00081.png
[2024-09-26 03:35:48,431][main][INFO] - Images loaded and measurements generated
[2024-09-26 03:35:48,467][main][INFO] - Degradated image y saved in /home/nicolas/Repulsive-score-distillation-RSD-/constrained_sampling/_exp/deg/x_deg.png
[2024-09-26 03:35:48,467][main][INFO] - Running setting with coeff: 0,                             lr: (0.1, 0.2),                             rho_reg: 0.2,                             w_t: 0.001
[2024-09-26 03:42:42,603][main][INFO] - Done. You can fine the generated images in /home/nicolas/Repulsive-score-distillation-RSD-/constrained_sampling/_exp/output/rsd_stable_nonaug/hdr
[2024-09-26 03:42:42,603][main][INFO] - Input image:00082.png
[2024-09-26 03:42:42,606][main][INFO] - Images loaded and measurements generated
[2024-09-26 03:42:42,650][main][INFO] - Degradated image y saved in /home/nicolas/Repulsive-score-distillation-RSD-/constrained_sampling/_exp/deg/x_deg.png
[2024-09-26 03:42:42,650][main][INFO] - Running setting with coeff: 0,                             lr: (0.1, 0.2),                             rho_reg: 0.2,                             w_t: 0.001
[2024-09-26 03:49:37,216][main][INFO] - Done. You can fine the generated images in /home/nicolas/Repulsive-score-distillation-RSD-/constrained_sampling/_exp/output/rsd_stable_nonaug/hdr
[2024-09-26 03:49:37,216][main][INFO] - Input image:00083.png
[2024-09-26 03:49:37,219][main][INFO] - Images loaded and measurements generated
[2024-09-26 03:49:37,257][main][INFO] - Degradated image y saved in /home/nicolas/Repulsive-score-distillation-RSD-/constrained_sampling/_exp/deg/x_deg.png
[2024-09-26 03:49:37,258][main][INFO] - Running setting with coeff: 0,                             lr: (0.1, 0.2),                             rho_reg: 0.2,                             w_t: 0.001
[2024-09-26 03:56:31,671][main][INFO] - Done. You can fine the generated images in /home/nicolas/Repulsive-score-distillation-RSD-/constrained_sampling/_exp/output/rsd_stable_nonaug/hdr
[2024-09-26 03:56:31,671][main][INFO] - Input image:00084.png
[2024-09-26 03:56:31,675][main][INFO] - Images loaded and measurements generated
[2024-09-26 03:56:31,715][main][INFO] - Degradated image y saved in /home/nicolas/Repulsive-score-distillation-RSD-/constrained_sampling/_exp/deg/x_deg.png
[2024-09-26 03:56:31,716][main][INFO] - Running setting with coeff: 0,                             lr: (0.1, 0.2),                             rho_reg: 0.2,                             w_t: 0.001
[2024-09-26 04:03:26,894][main][INFO] - Done. You can fine the generated images in /home/nicolas/Repulsive-score-distillation-RSD-/constrained_sampling/_exp/output/rsd_stable_nonaug/hdr
[2024-09-26 04:03:26,895][main][INFO] - Input image:00085.png
[2024-09-26 04:03:26,898][main][INFO] - Images loaded and measurements generated
[2024-09-26 04:03:26,941][main][INFO] - Degradated image y saved in /home/nicolas/Repulsive-score-distillation-RSD-/constrained_sampling/_exp/deg/x_deg.png
[2024-09-26 04:03:26,941][main][INFO] - Running setting with coeff: 0,                             lr: (0.1, 0.2),                             rho_reg: 0.2,                             w_t: 0.001
[2024-09-26 04:10:22,077][main][INFO] - Done. You can fine the generated images in /home/nicolas/Repulsive-score-distillation-RSD-/constrained_sampling/_exp/output/rsd_stable_nonaug/hdr
[2024-09-26 04:10:22,077][main][INFO] - Input image:00086.png
[2024-09-26 04:10:22,080][main][INFO] - Images loaded and measurements generated
[2024-09-26 04:10:22,115][main][INFO] - Degradated image y saved in /home/nicolas/Repulsive-score-distillation-RSD-/constrained_sampling/_exp/deg/x_deg.png
[2024-09-26 04:10:22,115][main][INFO] - Running setting with coeff: 0,                             lr: (0.1, 0.2),                             rho_reg: 0.2,                             w_t: 0.001
[2024-09-26 04:17:17,261][main][INFO] - Done. You can fine the generated images in /home/nicolas/Repulsive-score-distillation-RSD-/constrained_sampling/_exp/output/rsd_stable_nonaug/hdr
[2024-09-26 04:17:17,261][main][INFO] - Input image:00087.png
[2024-09-26 04:17:17,264][main][INFO] - Images loaded and measurements generated
[2024-09-26 04:17:17,309][main][INFO] - Degradated image y saved in /home/nicolas/Repulsive-score-distillation-RSD-/constrained_sampling/_exp/deg/x_deg.png
[2024-09-26 04:17:17,309][main][INFO] - Running setting with coeff: 0,                             lr: (0.1, 0.2),                             rho_reg: 0.2,                             w_t: 0.001
[2024-09-26 04:24:12,985][main][INFO] - Done. You can fine the generated images in /home/nicolas/Repulsive-score-distillation-RSD-/constrained_sampling/_exp/output/rsd_stable_nonaug/hdr
[2024-09-26 04:24:12,985][main][INFO] - Input image:00088.png
[2024-09-26 04:24:12,988][main][INFO] - Images loaded and measurements generated
[2024-09-26 04:24:13,034][main][INFO] - Degradated image y saved in /home/nicolas/Repulsive-score-distillation-RSD-/constrained_sampling/_exp/deg/x_deg.png
[2024-09-26 04:24:13,034][main][INFO] - Running setting with coeff: 0,                             lr: (0.1, 0.2),                             rho_reg: 0.2,                             w_t: 0.001
[2024-09-26 04:31:08,940][main][INFO] - Done. You can fine the generated images in /home/nicolas/Repulsive-score-distillation-RSD-/constrained_sampling/_exp/output/rsd_stable_nonaug/hdr
[2024-09-26 04:31:08,940][main][INFO] - Input image:00089.png
[2024-09-26 04:31:08,942][main][INFO] - Images loaded and measurements generated
[2024-09-26 04:31:08,983][main][INFO] - Degradated image y saved in /home/nicolas/Repulsive-score-distillation-RSD-/constrained_sampling/_exp/deg/x_deg.png
[2024-09-26 04:31:08,983][main][INFO] - Running setting with coeff: 0,                             lr: (0.1, 0.2),                             rho_reg: 0.2,                             w_t: 0.001
[2024-09-26 04:38:04,381][main][INFO] - Done. You can fine the generated images in /home/nicolas/Repulsive-score-distillation-RSD-/constrained_sampling/_exp/output/rsd_stable_nonaug/hdr
[2024-09-26 04:38:04,381][main][INFO] - Input image:00090.png
[2024-09-26 04:38:04,384][main][INFO] - Images loaded and measurements generated
[2024-09-26 04:38:04,426][main][INFO] - Degradated image y saved in /home/nicolas/Repulsive-score-distillation-RSD-/constrained_sampling/_exp/deg/x_deg.png
[2024-09-26 04:38:04,426][main][INFO] - Running setting with coeff: 0,                             lr: (0.1, 0.2),                             rho_reg: 0.2,                             w_t: 0.001
[2024-09-26 04:44:59,017][main][INFO] - Done. You can fine the generated images in /home/nicolas/Repulsive-score-distillation-RSD-/constrained_sampling/_exp/output/rsd_stable_nonaug/hdr
[2024-09-26 04:44:59,017][main][INFO] - Input image:00091.png
[2024-09-26 04:44:59,020][main][INFO] - Images loaded and measurements generated
[2024-09-26 04:44:59,060][main][INFO] - Degradated image y saved in /home/nicolas/Repulsive-score-distillation-RSD-/constrained_sampling/_exp/deg/x_deg.png
[2024-09-26 04:44:59,060][main][INFO] - Running setting with coeff: 0,                             lr: (0.1, 0.2),                             rho_reg: 0.2,                             w_t: 0.001
[2024-09-26 04:51:53,694][main][INFO] - Done. You can fine the generated images in /home/nicolas/Repulsive-score-distillation-RSD-/constrained_sampling/_exp/output/rsd_stable_nonaug/hdr
[2024-09-26 04:51:53,695][main][INFO] - Input image:00092.png
[2024-09-26 04:51:53,697][main][INFO] - Images loaded and measurements generated
[2024-09-26 04:51:53,744][main][INFO] - Degradated image y saved in /home/nicolas/Repulsive-score-distillation-RSD-/constrained_sampling/_exp/deg/x_deg.png
[2024-09-26 04:51:53,744][main][INFO] - Running setting with coeff: 0,                             lr: (0.1, 0.2),                             rho_reg: 0.2,                             w_t: 0.001
[2024-09-26 04:58:48,879][main][INFO] - Done. You can fine the generated images in /home/nicolas/Repulsive-score-distillation-RSD-/constrained_sampling/_exp/output/rsd_stable_nonaug/hdr
[2024-09-26 04:58:48,879][main][INFO] - Input image:00093.png
[2024-09-26 04:58:48,882][main][INFO] - Images loaded and measurements generated
[2024-09-26 04:58:48,919][main][INFO] - Degradated image y saved in /home/nicolas/Repulsive-score-distillation-RSD-/constrained_sampling/_exp/deg/x_deg.png
[2024-09-26 04:58:48,919][main][INFO] - Running setting with coeff: 0,                             lr: (0.1, 0.2),                             rho_reg: 0.2,                             w_t: 0.001
[2024-09-26 05:05:44,007][main][INFO] - Done. You can fine the generated images in /home/nicolas/Repulsive-score-distillation-RSD-/constrained_sampling/_exp/output/rsd_stable_nonaug/hdr
[2024-09-26 05:05:44,008][main][INFO] - Input image:00094.png
[2024-09-26 05:05:44,010][main][INFO] - Images loaded and measurements generated
[2024-09-26 05:05:44,050][main][INFO] - Degradated image y saved in /home/nicolas/Repulsive-score-distillation-RSD-/constrained_sampling/_exp/deg/x_deg.png
[2024-09-26 05:05:44,050][main][INFO] - Running setting with coeff: 0,                             lr: (0.1, 0.2),                             rho_reg: 0.2,                             w_t: 0.001
[2024-09-26 05:12:39,644][main][INFO] - Done. You can fine the generated images in /home/nicolas/Repulsive-score-distillation-RSD-/constrained_sampling/_exp/output/rsd_stable_nonaug/hdr
[2024-09-26 05:12:39,645][main][INFO] - Input image:00095.png
[2024-09-26 05:12:39,647][main][INFO] - Images loaded and measurements generated
[2024-09-26 05:12:39,684][main][INFO] - Degradated image y saved in /home/nicolas/Repulsive-score-distillation-RSD-/constrained_sampling/_exp/deg/x_deg.png
[2024-09-26 05:12:39,684][main][INFO] - Running setting with coeff: 0,                             lr: (0.1, 0.2),                             rho_reg: 0.2,                             w_t: 0.001
[2024-09-26 05:19:34,895][main][INFO] - Done. You can fine the generated images in /home/nicolas/Repulsive-score-distillation-RSD-/constrained_sampling/_exp/output/rsd_stable_nonaug/hdr
[2024-09-26 05:19:34,895][main][INFO] - Input image:00096.png
[2024-09-26 05:19:34,899][main][INFO] - Images loaded and measurements generated
[2024-09-26 05:19:34,932][main][INFO] - Degradated image y saved in /home/nicolas/Repulsive-score-distillation-RSD-/constrained_sampling/_exp/deg/x_deg.png
[2024-09-26 05:19:34,932][main][INFO] - Running setting with coeff: 0,                             lr: (0.1, 0.2),                             rho_reg: 0.2,                             w_t: 0.001
[2024-09-26 05:26:30,148][main][INFO] - Done. You can fine the generated images in /home/nicolas/Repulsive-score-distillation-RSD-/constrained_sampling/_exp/output/rsd_stable_nonaug/hdr
[2024-09-26 05:26:30,148][main][INFO] - Input image:00097.png
[2024-09-26 05:26:30,151][main][INFO] - Images loaded and measurements generated
[2024-09-26 05:26:30,196][main][INFO] - Degradated image y saved in /home/nicolas/Repulsive-score-distillation-RSD-/constrained_sampling/_exp/deg/x_deg.png
[2024-09-26 05:26:30,196][main][INFO] - Running setting with coeff: 0,                             lr: (0.1, 0.2),                             rho_reg: 0.2,                             w_t: 0.001
[2024-09-26 05:33:26,405][main][INFO] - Done. You can fine the generated images in /home/nicolas/Repulsive-score-distillation-RSD-/constrained_sampling/_exp/output/rsd_stable_nonaug/hdr
[2024-09-26 05:33:26,406][main][INFO] - Input image:00098.png
[2024-09-26 05:33:26,409][main][INFO] - Images loaded and measurements generated
[2024-09-26 05:33:26,453][main][INFO] - Degradated image y saved in /home/nicolas/Repulsive-score-distillation-RSD-/constrained_sampling/_exp/deg/x_deg.png
[2024-09-26 05:33:26,453][main][INFO] - Running setting with coeff: 0,                             lr: (0.1, 0.2),                             rho_reg: 0.2,                             w_t: 0.001
[2024-09-26 05:40:22,500][main][INFO] - Done. You can fine the generated images in /home/nicolas/Repulsive-score-distillation-RSD-/constrained_sampling/_exp/output/rsd_stable_nonaug/hdr
[2024-09-26 05:40:22,500][main][INFO] - Input image:00099.png
[2024-09-26 05:40:22,503][main][INFO] - Images loaded and measurements generated
[2024-09-26 05:40:22,544][main][INFO] - Degradated image y saved in /home/nicolas/Repulsive-score-distillation-RSD-/constrained_sampling/_exp/deg/x_deg.png
[2024-09-26 05:40:22,545][main][INFO] - Running setting with coeff: 0,                             lr: (0.1, 0.2),                             rho_reg: 0.2,                             w_t: 0.001
[2024-09-26 05:47:18,798][main][INFO] - Done. You can fine the generated images in /home/nicolas/Repulsive-score-distillation-RSD-/constrained_sampling/_exp/output/rsd_stable_nonaug/hdr
[2024-09-26 05:47:18,798][main][INFO] - Input image:00100.png
[2024-09-26 05:47:18,801][main][INFO] - Images loaded and measurements generated
[2024-09-26 05:47:18,840][main][INFO] - Degradated image y saved in /home/nicolas/Repulsive-score-distillation-RSD-/constrained_sampling/_exp/deg/x_deg.png
[2024-09-26 05:47:18,840][main][INFO] - Running setting with coeff: 0,                             lr: (0.1, 0.2),                             rho_reg: 0.2,                             w_t: 0.001
[2024-09-26 05:54:15,078][main][INFO] - Done. You can fine the generated images in /home/nicolas/Repulsive-score-distillation-RSD-/constrained_sampling/_exp/output/rsd_stable_nonaug/hdr
[2024-09-26 05:54:15,079][main][INFO] - Input image:00101.png
[2024-09-26 05:54:15,081][main][INFO] - Images loaded and measurements generated
[2024-09-26 05:54:15,118][main][INFO] - Degradated image y saved in /home/nicolas/Repulsive-score-distillation-RSD-/constrained_sampling/_exp/deg/x_deg.png
[2024-09-26 05:54:15,118][main][INFO] - Running setting with coeff: 0,                             lr: (0.1, 0.2),                             rho_reg: 0.2,                             w_t: 0.001
[2024-09-26 06:01:11,582][main][INFO] - Done. You can fine the generated images in /home/nicolas/Repulsive-score-distillation-RSD-/constrained_sampling/_exp/output/rsd_stable_nonaug/hdr
[2024-09-26 06:01:11,582][main][INFO] - Input image:00102.png
[2024-09-26 06:01:11,584][main][INFO] - Images loaded and measurements generated
[2024-09-26 06:01:11,632][main][INFO] - Degradated image y saved in /home/nicolas/Repulsive-score-distillation-RSD-/constrained_sampling/_exp/deg/x_deg.png
[2024-09-26 06:01:11,632][main][INFO] - Running setting with coeff: 0,                             lr: (0.1, 0.2),                             rho_reg: 0.2,                             w_t: 0.001
[2024-09-26 06:08:08,487][main][INFO] - Done. You can fine the generated images in /home/nicolas/Repulsive-score-distillation-RSD-/constrained_sampling/_exp/output/rsd_stable_nonaug/hdr
[2024-09-26 06:08:08,488][main][INFO] - Input image:00103.png
[2024-09-26 06:08:08,491][main][INFO] - Images loaded and measurements generated
[2024-09-26 06:08:08,532][main][INFO] - Degradated image y saved in /home/nicolas/Repulsive-score-distillation-RSD-/constrained_sampling/_exp/deg/x_deg.png
[2024-09-26 06:08:08,532][main][INFO] - Running setting with coeff: 0,                             lr: (0.1, 0.2),                             rho_reg: 0.2,                             w_t: 0.001
[2024-09-26 06:15:04,300][main][INFO] - Done. You can fine the generated images in /home/nicolas/Repulsive-score-distillation-RSD-/constrained_sampling/_exp/output/rsd_stable_nonaug/hdr
[2024-09-26 06:15:04,300][main][INFO] - Input image:00104.png
[2024-09-26 06:15:04,304][main][INFO] - Images loaded and measurements generated
[2024-09-26 06:15:04,348][main][INFO] - Degradated image y saved in /home/nicolas/Repulsive-score-distillation-RSD-/constrained_sampling/_exp/deg/x_deg.png
[2024-09-26 06:15:04,348][main][INFO] - Running setting with coeff: 0,                             lr: (0.1, 0.2),                             rho_reg: 0.2,                             w_t: 0.001
[2024-09-26 06:21:59,066][main][INFO] - Done. You can fine the generated images in /home/nicolas/Repulsive-score-distillation-RSD-/constrained_sampling/_exp/output/rsd_stable_nonaug/hdr
[2024-09-26 06:21:59,066][main][INFO] - Input image:00105.png
[2024-09-26 06:21:59,069][main][INFO] - Images loaded and measurements generated
[2024-09-26 06:21:59,110][main][INFO] - Degradated image y saved in /home/nicolas/Repulsive-score-distillation-RSD-/constrained_sampling/_exp/deg/x_deg.png
[2024-09-26 06:21:59,110][main][INFO] - Running setting with coeff: 0,                             lr: (0.1, 0.2),                             rho_reg: 0.2,                             w_t: 0.001
[2024-09-26 06:28:52,880][main][INFO] - Done. You can fine the generated images in /home/nicolas/Repulsive-score-distillation-RSD-/constrained_sampling/_exp/output/rsd_stable_nonaug/hdr
[2024-09-26 06:28:52,881][main][INFO] - Input image:00106.png
[2024-09-26 06:28:52,883][main][INFO] - Images loaded and measurements generated
[2024-09-26 06:28:52,933][main][INFO] - Degradated image y saved in /home/nicolas/Repulsive-score-distillation-RSD-/constrained_sampling/_exp/deg/x_deg.png
[2024-09-26 06:28:52,933][main][INFO] - Running setting with coeff: 0,                             lr: (0.1, 0.2),                             rho_reg: 0.2,                             w_t: 0.001
[2024-09-26 06:35:47,758][main][INFO] - Done. You can fine the generated images in /home/nicolas/Repulsive-score-distillation-RSD-/constrained_sampling/_exp/output/rsd_stable_nonaug/hdr
[2024-09-26 06:35:47,758][main][INFO] - Input image:00107.png
[2024-09-26 06:35:47,762][main][INFO] - Images loaded and measurements generated
[2024-09-26 06:35:47,804][main][INFO] - Degradated image y saved in /home/nicolas/Repulsive-score-distillation-RSD-/constrained_sampling/_exp/deg/x_deg.png
[2024-09-26 06:35:47,804][main][INFO] - Running setting with coeff: 0,                             lr: (0.1, 0.2),                             rho_reg: 0.2,                             w_t: 0.001
[2024-09-26 06:42:41,755][main][INFO] - Done. You can fine the generated images in /home/nicolas/Repulsive-score-distillation-RSD-/constrained_sampling/_exp/output/rsd_stable_nonaug/hdr
[2024-09-26 06:42:41,755][main][INFO] - Input image:00108.png
[2024-09-26 06:42:41,759][main][INFO] - Images loaded and measurements generated
[2024-09-26 06:42:41,797][main][INFO] - Degradated image y saved in /home/nicolas/Repulsive-score-distillation-RSD-/constrained_sampling/_exp/deg/x_deg.png
[2024-09-26 06:42:41,797][main][INFO] - Running setting with coeff: 0,                             lr: (0.1, 0.2),                             rho_reg: 0.2,                             w_t: 0.001
[2024-09-26 06:49:35,578][main][INFO] - Done. You can fine the generated images in /home/nicolas/Repulsive-score-distillation-RSD-/constrained_sampling/_exp/output/rsd_stable_nonaug/hdr
[2024-09-26 06:49:35,578][main][INFO] - Input image:00109.png
[2024-09-26 06:49:35,581][main][INFO] - Images loaded and measurements generated
[2024-09-26 06:49:35,620][main][INFO] - Degradated image y saved in /home/nicolas/Repulsive-score-distillation-RSD-/constrained_sampling/_exp/deg/x_deg.png
[2024-09-26 06:49:35,620][main][INFO] - Running setting with coeff: 0,                             lr: (0.1, 0.2),                             rho_reg: 0.2,                             w_t: 0.001
[2024-09-26 06:56:28,932][main][INFO] - Done. You can fine the generated images in /home/nicolas/Repulsive-score-distillation-RSD-/constrained_sampling/_exp/output/rsd_stable_nonaug/hdr
[2024-09-26 06:56:28,932][main][INFO] - Input image:00110.png
[2024-09-26 06:56:28,935][main][INFO] - Images loaded and measurements generated
[2024-09-26 06:56:28,974][main][INFO] - Degradated image y saved in /home/nicolas/Repulsive-score-distillation-RSD-/constrained_sampling/_exp/deg/x_deg.png
[2024-09-26 06:56:28,975][main][INFO] - Running setting with coeff: 0,                             lr: (0.1, 0.2),                             rho_reg: 0.2,                             w_t: 0.001
[2024-09-26 07:03:21,973][main][INFO] - Done. You can fine the generated images in /home/nicolas/Repulsive-score-distillation-RSD-/constrained_sampling/_exp/output/rsd_stable_nonaug/hdr
[2024-09-26 07:03:21,973][main][INFO] - Input image:00111.png
[2024-09-26 07:03:21,976][main][INFO] - Images loaded and measurements generated
[2024-09-26 07:03:22,018][main][INFO] - Degradated image y saved in /home/nicolas/Repulsive-score-distillation-RSD-/constrained_sampling/_exp/deg/x_deg.png
[2024-09-26 07:03:22,019][main][INFO] - Running setting with coeff: 0,                             lr: (0.1, 0.2),                             rho_reg: 0.2,                             w_t: 0.001
[2024-09-26 07:10:15,114][main][INFO] - Done. You can fine the generated images in /home/nicolas/Repulsive-score-distillation-RSD-/constrained_sampling/_exp/output/rsd_stable_nonaug/hdr
[2024-09-26 07:10:15,114][main][INFO] - Input image:00112.png
[2024-09-26 07:10:15,117][main][INFO] - Images loaded and measurements generated
[2024-09-26 07:10:15,161][main][INFO] - Degradated image y saved in /home/nicolas/Repulsive-score-distillation-RSD-/constrained_sampling/_exp/deg/x_deg.png
[2024-09-26 07:10:15,161][main][INFO] - Running setting with coeff: 0,                             lr: (0.1, 0.2),                             rho_reg: 0.2,                             w_t: 0.001
[2024-09-26 07:17:08,364][main][INFO] - Done. You can fine the generated images in /home/nicolas/Repulsive-score-distillation-RSD-/constrained_sampling/_exp/output/rsd_stable_nonaug/hdr
[2024-09-26 07:17:08,364][main][INFO] - Input image:00113.png
[2024-09-26 07:17:08,367][main][INFO] - Images loaded and measurements generated
[2024-09-26 07:17:08,403][main][INFO] - Degradated image y saved in /home/nicolas/Repulsive-score-distillation-RSD-/constrained_sampling/_exp/deg/x_deg.png
[2024-09-26 07:17:08,403][main][INFO] - Running setting with coeff: 0,                             lr: (0.1, 0.2),                             rho_reg: 0.2,                             w_t: 0.001
[2024-09-26 07:24:01,144][main][INFO] - Done. You can fine the generated images in /home/nicolas/Repulsive-score-distillation-RSD-/constrained_sampling/_exp/output/rsd_stable_nonaug/hdr
[2024-09-26 07:24:01,144][main][INFO] - Input image:00114.png
[2024-09-26 07:24:01,147][main][INFO] - Images loaded and measurements generated
[2024-09-26 07:24:01,191][main][INFO] - Degradated image y saved in /home/nicolas/Repulsive-score-distillation-RSD-/constrained_sampling/_exp/deg/x_deg.png
[2024-09-26 07:24:01,191][main][INFO] - Running setting with coeff: 0,                             lr: (0.1, 0.2),                             rho_reg: 0.2,                             w_t: 0.001
[2024-09-26 07:30:53,487][main][INFO] - Done. You can fine the generated images in /home/nicolas/Repulsive-score-distillation-RSD-/constrained_sampling/_exp/output/rsd_stable_nonaug/hdr
[2024-09-26 07:30:53,487][main][INFO] - Input image:00115.png
[2024-09-26 07:30:53,489][main][INFO] - Images loaded and measurements generated
[2024-09-26 07:30:53,530][main][INFO] - Degradated image y saved in /home/nicolas/Repulsive-score-distillation-RSD-/constrained_sampling/_exp/deg/x_deg.png
[2024-09-26 07:30:53,530][main][INFO] - Running setting with coeff: 0,                             lr: (0.1, 0.2),                             rho_reg: 0.2,                             w_t: 0.001
[2024-09-26 07:37:45,870][main][INFO] - Done. You can fine the generated images in /home/nicolas/Repulsive-score-distillation-RSD-/constrained_sampling/_exp/output/rsd_stable_nonaug/hdr
[2024-09-26 07:37:45,870][main][INFO] - Input image:00116.png
[2024-09-26 07:37:45,873][main][INFO] - Images loaded and measurements generated
[2024-09-26 07:37:45,920][main][INFO] - Degradated image y saved in /home/nicolas/Repulsive-score-distillation-RSD-/constrained_sampling/_exp/deg/x_deg.png
[2024-09-26 07:37:45,920][main][INFO] - Running setting with coeff: 0,                             lr: (0.1, 0.2),                             rho_reg: 0.2,                             w_t: 0.001
[2024-09-26 07:44:38,272][main][INFO] - Done. You can fine the generated images in /home/nicolas/Repulsive-score-distillation-RSD-/constrained_sampling/_exp/output/rsd_stable_nonaug/hdr
[2024-09-26 07:44:38,272][main][INFO] - Input image:00117.png
[2024-09-26 07:44:38,275][main][INFO] - Images loaded and measurements generated
[2024-09-26 07:44:38,327][main][INFO] - Degradated image y saved in /home/nicolas/Repulsive-score-distillation-RSD-/constrained_sampling/_exp/deg/x_deg.png
[2024-09-26 07:44:38,327][main][INFO] - Running setting with coeff: 0,                             lr: (0.1, 0.2),                             rho_reg: 0.2,                             w_t: 0.001
[2024-09-26 07:51:30,633][main][INFO] - Done. You can fine the generated images in /home/nicolas/Repulsive-score-distillation-RSD-/constrained_sampling/_exp/output/rsd_stable_nonaug/hdr
[2024-09-26 07:51:30,633][main][INFO] - Input image:00118.png
[2024-09-26 07:51:30,637][main][INFO] - Images loaded and measurements generated
[2024-09-26 07:51:30,679][main][INFO] - Degradated image y saved in /home/nicolas/Repulsive-score-distillation-RSD-/constrained_sampling/_exp/deg/x_deg.png
[2024-09-26 07:51:30,679][main][INFO] - Running setting with coeff: 0,                             lr: (0.1, 0.2),                             rho_reg: 0.2,                             w_t: 0.001
