[2024-09-16 18:14:14,142][main][INFO] - Experiment name is RSD
[2024-09-16 18:14:15,799][main][INFO] - Model loaded
[2024-09-16 18:14:16,934][main][INFO] - Degradation model loaded. The experiment corresponds to hdr
[2024-09-16 18:14:16,935][main][INFO] - Dataset size is 1000
[2024-09-16 18:14:17,187][main][INFO] - Input image:00003.png
[2024-09-16 18:14:17,230][main][INFO] - Images loaded and measurements generated
[2024-09-16 18:14:17,276][main][INFO] - Degradated image y saved in /home/nicolas/Repulsive-score-distillation-RSD-/constrained_sampling/_exp/deg/x_deg.png
[2024-09-16 18:14:17,276][main][INFO] - Running setting with coeff: 0,                             lr: (0.1, 0.2),                             rho_reg: 0.2,                             w_t: 0.001
[2024-09-16 18:23:07,591][main][INFO] - Done. You can fine the generated images in /home/nicolas/Repulsive-score-distillation-RSD-/constrained_sampling/_exp/output/rsd_stable/hdr
[2024-09-16 18:23:07,591][main][INFO] - Input image:00004.png
[2024-09-16 18:23:07,594][main][INFO] - Images loaded and measurements generated
[2024-09-16 18:23:07,640][main][INFO] - Degradated image y saved in /home/nicolas/Repulsive-score-distillation-RSD-/constrained_sampling/_exp/deg/x_deg.png
[2024-09-16 18:23:07,640][main][INFO] - Running setting with coeff: 0,                             lr: (0.1, 0.2),                             rho_reg: 0.2,                             w_t: 0.001
[2024-09-16 18:31:59,774][main][INFO] - Done. You can fine the generated images in /home/nicolas/Repulsive-score-distillation-RSD-/constrained_sampling/_exp/output/rsd_stable/hdr
[2024-09-16 18:31:59,774][main][INFO] - Input image:00005.png
[2024-09-16 18:31:59,777][main][INFO] - Images loaded and measurements generated
[2024-09-16 18:31:59,816][main][INFO] - Degradated image y saved in /home/nicolas/Repulsive-score-distillation-RSD-/constrained_sampling/_exp/deg/x_deg.png
[2024-09-16 18:31:59,816][main][INFO] - Running setting with coeff: 0,                             lr: (0.1, 0.2),                             rho_reg: 0.2,                             w_t: 0.001
[2024-09-16 18:40:51,138][main][INFO] - Done. You can fine the generated images in /home/nicolas/Repulsive-score-distillation-RSD-/constrained_sampling/_exp/output/rsd_stable/hdr
[2024-09-16 18:40:51,138][main][INFO] - Input image:00006.png
[2024-09-16 18:40:51,141][main][INFO] - Images loaded and measurements generated
[2024-09-16 18:40:51,179][main][INFO] - Degradated image y saved in /home/nicolas/Repulsive-score-distillation-RSD-/constrained_sampling/_exp/deg/x_deg.png
[2024-09-16 18:40:51,180][main][INFO] - Running setting with coeff: 0,                             lr: (0.1, 0.2),                             rho_reg: 0.2,                             w_t: 0.001
[2024-09-16 18:49:40,666][main][INFO] - Done. You can fine the generated images in /home/nicolas/Repulsive-score-distillation-RSD-/constrained_sampling/_exp/output/rsd_stable/hdr
[2024-09-16 18:49:40,666][main][INFO] - Input image:00007.png
[2024-09-16 18:49:40,669][main][INFO] - Images loaded and measurements generated
[2024-09-16 18:49:40,705][main][INFO] - Degradated image y saved in /home/nicolas/Repulsive-score-distillation-RSD-/constrained_sampling/_exp/deg/x_deg.png
[2024-09-16 18:49:40,705][main][INFO] - Running setting with coeff: 0,                             lr: (0.1, 0.2),                             rho_reg: 0.2,                             w_t: 0.001
[2024-09-16 18:58:30,418][main][INFO] - Done. You can fine the generated images in /home/nicolas/Repulsive-score-distillation-RSD-/constrained_sampling/_exp/output/rsd_stable/hdr
[2024-09-16 18:58:30,419][main][INFO] - Input image:00008.png
[2024-09-16 18:58:30,422][main][INFO] - Images loaded and measurements generated
[2024-09-16 18:58:30,461][main][INFO] - Degradated image y saved in /home/nicolas/Repulsive-score-distillation-RSD-/constrained_sampling/_exp/deg/x_deg.png
[2024-09-16 18:58:30,461][main][INFO] - Running setting with coeff: 0,                             lr: (0.1, 0.2),                             rho_reg: 0.2,                             w_t: 0.001
