[2024-09-21 16:37:30,900][main][INFO] - Experiment name is RED-diff
[2024-09-21 16:37:31,611][model][INFO] - Loading model from /home/nicolas/Repulsive-score-distillation-RSD-/constrained_sampling/_exp/ckpts/ffhq/ffhq_10m.pt..
[2024-09-21 16:37:32,392][main][INFO] - Dataset size is 1000
[2024-09-21 16:37:32,572][main][INFO] - Input image:00000.png
[2024-09-21 16:37:32,652][main][INFO] - Degradated image y saved in /home/nicolas/Repulsive-score-distillation-RSD-/constrained_sampling/_exp/deg/x_deg.png
[2024-09-21 16:38:30,666][main][INFO] - Input image:00001.png
[2024-09-21 16:38:30,676][main][INFO] - Degradated image y saved in /home/nicolas/Repulsive-score-distillation-RSD-/constrained_sampling/_exp/deg/x_deg.png
[2024-09-21 16:39:27,874][main][INFO] - Input image:00002.png
[2024-09-21 16:39:27,882][main][INFO] - Degradated image y saved in /home/nicolas/Repulsive-score-distillation-RSD-/constrained_sampling/_exp/deg/x_deg.png
[2024-09-21 16:40:24,593][main][INFO] - Input image:00003.png
[2024-09-21 16:40:24,602][main][INFO] - Degradated image y saved in /home/nicolas/Repulsive-score-distillation-RSD-/constrained_sampling/_exp/deg/x_deg.png
[2024-09-21 16:41:21,231][main][INFO] - Input image:00004.png
[2024-09-21 16:41:21,239][main][INFO] - Degradated image y saved in /home/nicolas/Repulsive-score-distillation-RSD-/constrained_sampling/_exp/deg/x_deg.png
[2024-09-21 16:42:17,849][main][INFO] - Input image:00005.png
[2024-09-21 16:42:17,858][main][INFO] - Degradated image y saved in /home/nicolas/Repulsive-score-distillation-RSD-/constrained_sampling/_exp/deg/x_deg.png
[2024-09-21 16:43:14,501][main][INFO] - Input image:00006.png
[2024-09-21 16:43:14,509][main][INFO] - Degradated image y saved in /home/nicolas/Repulsive-score-distillation-RSD-/constrained_sampling/_exp/deg/x_deg.png
[2024-09-21 16:44:11,124][main][INFO] - Input image:00007.png
[2024-09-21 16:44:11,133][main][INFO] - Degradated image y saved in /home/nicolas/Repulsive-score-distillation-RSD-/constrained_sampling/_exp/deg/x_deg.png
[2024-09-21 16:45:07,799][main][INFO] - Input image:00008.png
[2024-09-21 16:45:07,813][main][INFO] - Degradated image y saved in /home/nicolas/Repulsive-score-distillation-RSD-/constrained_sampling/_exp/deg/x_deg.png
[2024-09-21 16:46:04,421][main][INFO] - Input image:00009.png
[2024-09-21 16:46:04,430][main][INFO] - Degradated image y saved in /home/nicolas/Repulsive-score-distillation-RSD-/constrained_sampling/_exp/deg/x_deg.png
[2024-09-21 16:47:01,053][main][INFO] - Input image:00010.png
[2024-09-21 16:47:01,066][main][INFO] - Degradated image y saved in /home/nicolas/Repulsive-score-distillation-RSD-/constrained_sampling/_exp/deg/x_deg.png
[2024-09-21 16:47:57,691][main][INFO] - Input image:00011.png
[2024-09-21 16:47:57,700][main][INFO] - Degradated image y saved in /home/nicolas/Repulsive-score-distillation-RSD-/constrained_sampling/_exp/deg/x_deg.png
[2024-09-21 16:48:54,372][main][INFO] - Input image:00012.png
[2024-09-21 16:48:54,380][main][INFO] - Degradated image y saved in /home/nicolas/Repulsive-score-distillation-RSD-/constrained_sampling/_exp/deg/x_deg.png
[2024-09-21 16:49:50,997][main][INFO] - Input image:00013.png
[2024-09-21 16:49:51,006][main][INFO] - Degradated image y saved in /home/nicolas/Repulsive-score-distillation-RSD-/constrained_sampling/_exp/deg/x_deg.png
[2024-09-21 16:50:47,714][main][INFO] - Input image:00014.png
[2024-09-21 16:50:47,722][main][INFO] - Degradated image y saved in /home/nicolas/Repulsive-score-distillation-RSD-/constrained_sampling/_exp/deg/x_deg.png
[2024-09-21 16:51:44,358][main][INFO] - Input image:00015.png
[2024-09-21 16:51:44,367][main][INFO] - Degradated image y saved in /home/nicolas/Repulsive-score-distillation-RSD-/constrained_sampling/_exp/deg/x_deg.png
[2024-09-21 16:52:41,035][main][INFO] - Input image:00016.png
[2024-09-21 16:52:41,043][main][INFO] - Degradated image y saved in /home/nicolas/Repulsive-score-distillation-RSD-/constrained_sampling/_exp/deg/x_deg.png
[2024-09-21 16:53:37,671][main][INFO] - Input image:00017.png
[2024-09-21 16:53:37,679][main][INFO] - Degradated image y saved in /home/nicolas/Repulsive-score-distillation-RSD-/constrained_sampling/_exp/deg/x_deg.png
[2024-09-21 16:54:34,378][main][INFO] - Input image:00018.png
[2024-09-21 16:54:34,387][main][INFO] - Degradated image y saved in /home/nicolas/Repulsive-score-distillation-RSD-/constrained_sampling/_exp/deg/x_deg.png
[2024-09-21 16:55:30,907][main][INFO] - Input image:00019.png
[2024-09-21 16:55:30,916][main][INFO] - Degradated image y saved in /home/nicolas/Repulsive-score-distillation-RSD-/constrained_sampling/_exp/deg/x_deg.png
[2024-09-21 16:56:27,534][main][INFO] - Input image:00020.png
[2024-09-21 16:56:27,543][main][INFO] - Degradated image y saved in /home/nicolas/Repulsive-score-distillation-RSD-/constrained_sampling/_exp/deg/x_deg.png
[2024-09-21 16:57:24,124][main][INFO] - Input image:00021.png
[2024-09-21 16:57:24,132][main][INFO] - Degradated image y saved in /home/nicolas/Repulsive-score-distillation-RSD-/constrained_sampling/_exp/deg/x_deg.png
[2024-09-21 16:58:20,744][main][INFO] - Input image:00022.png
[2024-09-21 16:58:20,753][main][INFO] - Degradated image y saved in /home/nicolas/Repulsive-score-distillation-RSD-/constrained_sampling/_exp/deg/x_deg.png
[2024-09-21 16:59:17,329][main][INFO] - Input image:00023.png
[2024-09-21 16:59:17,338][main][INFO] - Degradated image y saved in /home/nicolas/Repulsive-score-distillation-RSD-/constrained_sampling/_exp/deg/x_deg.png
[2024-09-21 17:00:13,929][main][INFO] - Input image:00024.png
[2024-09-21 17:00:13,939][main][INFO] - Degradated image y saved in /home/nicolas/Repulsive-score-distillation-RSD-/constrained_sampling/_exp/deg/x_deg.png
[2024-09-21 17:01:10,533][main][INFO] - Input image:00025.png
[2024-09-21 17:01:10,543][main][INFO] - Degradated image y saved in /home/nicolas/Repulsive-score-distillation-RSD-/constrained_sampling/_exp/deg/x_deg.png
[2024-09-21 17:02:07,177][main][INFO] - Input image:00026.png
[2024-09-21 17:02:07,187][main][INFO] - Degradated image y saved in /home/nicolas/Repulsive-score-distillation-RSD-/constrained_sampling/_exp/deg/x_deg.png
[2024-09-21 17:03:03,797][main][INFO] - Input image:00027.png
[2024-09-21 17:03:03,807][main][INFO] - Degradated image y saved in /home/nicolas/Repulsive-score-distillation-RSD-/constrained_sampling/_exp/deg/x_deg.png
[2024-09-21 17:04:00,434][main][INFO] - Input image:00028.png
[2024-09-21 17:04:00,444][main][INFO] - Degradated image y saved in /home/nicolas/Repulsive-score-distillation-RSD-/constrained_sampling/_exp/deg/x_deg.png
[2024-09-21 17:04:57,016][main][INFO] - Input image:00029.png
[2024-09-21 17:04:57,025][main][INFO] - Degradated image y saved in /home/nicolas/Repulsive-score-distillation-RSD-/constrained_sampling/_exp/deg/x_deg.png
[2024-09-21 17:05:53,574][main][INFO] - Input image:00030.png
[2024-09-21 17:05:53,584][main][INFO] - Degradated image y saved in /home/nicolas/Repulsive-score-distillation-RSD-/constrained_sampling/_exp/deg/x_deg.png
[2024-09-21 17:06:50,108][main][INFO] - Input image:00031.png
[2024-09-21 17:06:50,118][main][INFO] - Degradated image y saved in /home/nicolas/Repulsive-score-distillation-RSD-/constrained_sampling/_exp/deg/x_deg.png
[2024-09-21 17:07:46,574][main][INFO] - Input image:00032.png
[2024-09-21 17:07:46,584][main][INFO] - Degradated image y saved in /home/nicolas/Repulsive-score-distillation-RSD-/constrained_sampling/_exp/deg/x_deg.png
[2024-09-21 17:08:43,044][main][INFO] - Input image:00033.png
[2024-09-21 17:08:43,054][main][INFO] - Degradated image y saved in /home/nicolas/Repulsive-score-distillation-RSD-/constrained_sampling/_exp/deg/x_deg.png
[2024-09-21 17:09:39,544][main][INFO] - Input image:00034.png
[2024-09-21 17:09:39,553][main][INFO] - Degradated image y saved in /home/nicolas/Repulsive-score-distillation-RSD-/constrained_sampling/_exp/deg/x_deg.png
[2024-09-21 17:10:36,013][main][INFO] - Input image:00035.png
[2024-09-21 17:10:36,023][main][INFO] - Degradated image y saved in /home/nicolas/Repulsive-score-distillation-RSD-/constrained_sampling/_exp/deg/x_deg.png
[2024-09-21 17:11:32,522][main][INFO] - Input image:00036.png
[2024-09-21 17:11:32,532][main][INFO] - Degradated image y saved in /home/nicolas/Repulsive-score-distillation-RSD-/constrained_sampling/_exp/deg/x_deg.png
[2024-09-21 17:12:28,966][main][INFO] - Input image:00037.png
[2024-09-21 17:12:28,975][main][INFO] - Degradated image y saved in /home/nicolas/Repulsive-score-distillation-RSD-/constrained_sampling/_exp/deg/x_deg.png
[2024-09-21 17:13:25,461][main][INFO] - Input image:00038.png
[2024-09-21 17:13:25,471][main][INFO] - Degradated image y saved in /home/nicolas/Repulsive-score-distillation-RSD-/constrained_sampling/_exp/deg/x_deg.png
[2024-09-21 17:14:21,943][main][INFO] - Input image:00039.png
[2024-09-21 17:14:21,953][main][INFO] - Degradated image y saved in /home/nicolas/Repulsive-score-distillation-RSD-/constrained_sampling/_exp/deg/x_deg.png
[2024-09-21 17:15:18,466][main][INFO] - Input image:00040.png
[2024-09-21 17:15:18,476][main][INFO] - Degradated image y saved in /home/nicolas/Repulsive-score-distillation-RSD-/constrained_sampling/_exp/deg/x_deg.png
[2024-09-21 17:16:15,065][main][INFO] - Input image:00041.png
[2024-09-21 17:16:15,074][main][INFO] - Degradated image y saved in /home/nicolas/Repulsive-score-distillation-RSD-/constrained_sampling/_exp/deg/x_deg.png
[2024-09-21 17:17:11,619][main][INFO] - Input image:00042.png
[2024-09-21 17:17:11,629][main][INFO] - Degradated image y saved in /home/nicolas/Repulsive-score-distillation-RSD-/constrained_sampling/_exp/deg/x_deg.png
[2024-09-21 17:18:08,069][main][INFO] - Input image:00043.png
[2024-09-21 17:18:08,079][main][INFO] - Degradated image y saved in /home/nicolas/Repulsive-score-distillation-RSD-/constrained_sampling/_exp/deg/x_deg.png
[2024-09-21 17:19:04,594][main][INFO] - Input image:00044.png
[2024-09-21 17:19:04,603][main][INFO] - Degradated image y saved in /home/nicolas/Repulsive-score-distillation-RSD-/constrained_sampling/_exp/deg/x_deg.png
[2024-09-21 17:20:01,121][main][INFO] - Input image:00045.png
[2024-09-21 17:20:01,136][main][INFO] - Degradated image y saved in /home/nicolas/Repulsive-score-distillation-RSD-/constrained_sampling/_exp/deg/x_deg.png
[2024-09-21 17:20:57,685][main][INFO] - Input image:00046.png
[2024-09-21 17:20:57,695][main][INFO] - Degradated image y saved in /home/nicolas/Repulsive-score-distillation-RSD-/constrained_sampling/_exp/deg/x_deg.png
[2024-09-21 17:21:54,244][main][INFO] - Input image:00047.png
[2024-09-21 17:21:54,253][main][INFO] - Degradated image y saved in /home/nicolas/Repulsive-score-distillation-RSD-/constrained_sampling/_exp/deg/x_deg.png
[2024-09-21 17:22:50,803][main][INFO] - Input image:00048.png
[2024-09-21 17:22:50,812][main][INFO] - Degradated image y saved in /home/nicolas/Repulsive-score-distillation-RSD-/constrained_sampling/_exp/deg/x_deg.png
[2024-09-21 17:23:47,325][main][INFO] - Input image:00049.png
[2024-09-21 17:23:47,335][main][INFO] - Degradated image y saved in /home/nicolas/Repulsive-score-distillation-RSD-/constrained_sampling/_exp/deg/x_deg.png
[2024-09-21 17:24:43,878][main][INFO] - Input image:00050.png
[2024-09-21 17:24:43,888][main][INFO] - Degradated image y saved in /home/nicolas/Repulsive-score-distillation-RSD-/constrained_sampling/_exp/deg/x_deg.png
[2024-09-21 17:25:40,417][main][INFO] - Input image:00051.png
[2024-09-21 17:25:40,426][main][INFO] - Degradated image y saved in /home/nicolas/Repulsive-score-distillation-RSD-/constrained_sampling/_exp/deg/x_deg.png
[2024-09-21 17:26:36,982][main][INFO] - Input image:00052.png
[2024-09-21 17:26:36,992][main][INFO] - Degradated image y saved in /home/nicolas/Repulsive-score-distillation-RSD-/constrained_sampling/_exp/deg/x_deg.png
[2024-09-21 17:27:33,484][main][INFO] - Input image:00053.png
[2024-09-21 17:27:33,494][main][INFO] - Degradated image y saved in /home/nicolas/Repulsive-score-distillation-RSD-/constrained_sampling/_exp/deg/x_deg.png
[2024-09-21 17:28:30,025][main][INFO] - Input image:00054.png
[2024-09-21 17:28:30,034][main][INFO] - Degradated image y saved in /home/nicolas/Repulsive-score-distillation-RSD-/constrained_sampling/_exp/deg/x_deg.png
[2024-09-21 17:29:26,493][main][INFO] - Input image:00055.png
[2024-09-21 17:29:26,503][main][INFO] - Degradated image y saved in /home/nicolas/Repulsive-score-distillation-RSD-/constrained_sampling/_exp/deg/x_deg.png
[2024-09-21 17:30:22,989][main][INFO] - Input image:00056.png
[2024-09-21 17:30:22,999][main][INFO] - Degradated image y saved in /home/nicolas/Repulsive-score-distillation-RSD-/constrained_sampling/_exp/deg/x_deg.png
[2024-09-21 17:31:19,467][main][INFO] - Input image:00057.png
[2024-09-21 17:31:19,476][main][INFO] - Degradated image y saved in /home/nicolas/Repulsive-score-distillation-RSD-/constrained_sampling/_exp/deg/x_deg.png
[2024-09-21 17:32:15,977][main][INFO] - Input image:00058.png
[2024-09-21 17:32:15,985][main][INFO] - Degradated image y saved in /home/nicolas/Repulsive-score-distillation-RSD-/constrained_sampling/_exp/deg/x_deg.png
[2024-09-21 17:33:12,457][main][INFO] - Input image:00059.png
[2024-09-21 17:33:12,466][main][INFO] - Degradated image y saved in /home/nicolas/Repulsive-score-distillation-RSD-/constrained_sampling/_exp/deg/x_deg.png
[2024-09-21 17:34:09,019][main][INFO] - Input image:00060.png
[2024-09-21 17:34:09,028][main][INFO] - Degradated image y saved in /home/nicolas/Repulsive-score-distillation-RSD-/constrained_sampling/_exp/deg/x_deg.png
[2024-09-21 17:35:05,498][main][INFO] - Input image:00061.png
[2024-09-21 17:35:05,508][main][INFO] - Degradated image y saved in /home/nicolas/Repulsive-score-distillation-RSD-/constrained_sampling/_exp/deg/x_deg.png
[2024-09-21 17:36:02,040][main][INFO] - Input image:00062.png
[2024-09-21 17:36:02,050][main][INFO] - Degradated image y saved in /home/nicolas/Repulsive-score-distillation-RSD-/constrained_sampling/_exp/deg/x_deg.png
[2024-09-21 17:36:58,550][main][INFO] - Input image:00063.png
[2024-09-21 17:36:58,560][main][INFO] - Degradated image y saved in /home/nicolas/Repulsive-score-distillation-RSD-/constrained_sampling/_exp/deg/x_deg.png
[2024-09-21 17:37:55,051][main][INFO] - Input image:00064.png
[2024-09-21 17:37:55,060][main][INFO] - Degradated image y saved in /home/nicolas/Repulsive-score-distillation-RSD-/constrained_sampling/_exp/deg/x_deg.png
[2024-09-21 17:38:51,554][main][INFO] - Input image:00065.png
[2024-09-21 17:38:51,564][main][INFO] - Degradated image y saved in /home/nicolas/Repulsive-score-distillation-RSD-/constrained_sampling/_exp/deg/x_deg.png
[2024-09-21 17:39:48,085][main][INFO] - Input image:00066.png
[2024-09-21 17:39:48,094][main][INFO] - Degradated image y saved in /home/nicolas/Repulsive-score-distillation-RSD-/constrained_sampling/_exp/deg/x_deg.png
[2024-09-21 17:40:44,586][main][INFO] - Input image:00067.png
[2024-09-21 17:40:44,596][main][INFO] - Degradated image y saved in /home/nicolas/Repulsive-score-distillation-RSD-/constrained_sampling/_exp/deg/x_deg.png
[2024-09-21 17:41:41,112][main][INFO] - Input image:00068.png
[2024-09-21 17:41:41,122][main][INFO] - Degradated image y saved in /home/nicolas/Repulsive-score-distillation-RSD-/constrained_sampling/_exp/deg/x_deg.png
[2024-09-21 17:42:37,625][main][INFO] - Input image:00069.png
[2024-09-21 17:42:37,635][main][INFO] - Degradated image y saved in /home/nicolas/Repulsive-score-distillation-RSD-/constrained_sampling/_exp/deg/x_deg.png
[2024-09-21 17:43:34,167][main][INFO] - Input image:00070.png
[2024-09-21 17:43:34,194][main][INFO] - Degradated image y saved in /home/nicolas/Repulsive-score-distillation-RSD-/constrained_sampling/_exp/deg/x_deg.png
[2024-09-21 17:44:30,658][main][INFO] - Input image:00071.png
[2024-09-21 17:44:30,668][main][INFO] - Degradated image y saved in /home/nicolas/Repulsive-score-distillation-RSD-/constrained_sampling/_exp/deg/x_deg.png
[2024-09-21 17:45:27,193][main][INFO] - Input image:00072.png
[2024-09-21 17:45:27,203][main][INFO] - Degradated image y saved in /home/nicolas/Repulsive-score-distillation-RSD-/constrained_sampling/_exp/deg/x_deg.png
[2024-09-21 17:46:23,711][main][INFO] - Input image:00073.png
[2024-09-21 17:46:23,721][main][INFO] - Degradated image y saved in /home/nicolas/Repulsive-score-distillation-RSD-/constrained_sampling/_exp/deg/x_deg.png
[2024-09-21 17:47:20,263][main][INFO] - Input image:00074.png
[2024-09-21 17:47:20,273][main][INFO] - Degradated image y saved in /home/nicolas/Repulsive-score-distillation-RSD-/constrained_sampling/_exp/deg/x_deg.png
[2024-09-21 17:48:16,818][main][INFO] - Input image:00075.png
[2024-09-21 17:48:16,827][main][INFO] - Degradated image y saved in /home/nicolas/Repulsive-score-distillation-RSD-/constrained_sampling/_exp/deg/x_deg.png
[2024-09-21 17:49:13,393][main][INFO] - Input image:00076.png
[2024-09-21 17:49:13,403][main][INFO] - Degradated image y saved in /home/nicolas/Repulsive-score-distillation-RSD-/constrained_sampling/_exp/deg/x_deg.png
[2024-09-21 17:50:09,927][main][INFO] - Input image:00077.png
[2024-09-21 17:50:09,936][main][INFO] - Degradated image y saved in /home/nicolas/Repulsive-score-distillation-RSD-/constrained_sampling/_exp/deg/x_deg.png
[2024-09-21 17:51:06,489][main][INFO] - Input image:00078.png
[2024-09-21 17:51:06,499][main][INFO] - Degradated image y saved in /home/nicolas/Repulsive-score-distillation-RSD-/constrained_sampling/_exp/deg/x_deg.png
[2024-09-21 17:52:03,013][main][INFO] - Input image:00079.png
[2024-09-21 17:52:03,023][main][INFO] - Degradated image y saved in /home/nicolas/Repulsive-score-distillation-RSD-/constrained_sampling/_exp/deg/x_deg.png
[2024-09-21 17:52:59,565][main][INFO] - Input image:00080.png
[2024-09-21 17:52:59,575][main][INFO] - Degradated image y saved in /home/nicolas/Repulsive-score-distillation-RSD-/constrained_sampling/_exp/deg/x_deg.png
[2024-09-21 17:53:56,105][main][INFO] - Input image:00081.png
[2024-09-21 17:53:56,115][main][INFO] - Degradated image y saved in /home/nicolas/Repulsive-score-distillation-RSD-/constrained_sampling/_exp/deg/x_deg.png
[2024-09-21 17:54:52,666][main][INFO] - Input image:00082.png
[2024-09-21 17:54:52,675][main][INFO] - Degradated image y saved in /home/nicolas/Repulsive-score-distillation-RSD-/constrained_sampling/_exp/deg/x_deg.png
[2024-09-21 17:55:49,167][main][INFO] - Input image:00083.png
[2024-09-21 17:55:49,183][main][INFO] - Degradated image y saved in /home/nicolas/Repulsive-score-distillation-RSD-/constrained_sampling/_exp/deg/x_deg.png
[2024-09-21 17:56:45,714][main][INFO] - Input image:00084.png
[2024-09-21 17:56:45,724][main][INFO] - Degradated image y saved in /home/nicolas/Repulsive-score-distillation-RSD-/constrained_sampling/_exp/deg/x_deg.png
[2024-09-21 17:57:42,291][main][INFO] - Input image:00085.png
[2024-09-21 17:57:42,300][main][INFO] - Degradated image y saved in /home/nicolas/Repulsive-score-distillation-RSD-/constrained_sampling/_exp/deg/x_deg.png
[2024-09-21 17:58:38,863][main][INFO] - Input image:00086.png
[2024-09-21 17:58:38,872][main][INFO] - Degradated image y saved in /home/nicolas/Repulsive-score-distillation-RSD-/constrained_sampling/_exp/deg/x_deg.png
[2024-09-21 17:59:35,404][main][INFO] - Input image:00087.png
[2024-09-21 17:59:35,414][main][INFO] - Degradated image y saved in /home/nicolas/Repulsive-score-distillation-RSD-/constrained_sampling/_exp/deg/x_deg.png
[2024-09-21 18:00:31,988][main][INFO] - Input image:00088.png
[2024-09-21 18:00:31,998][main][INFO] - Degradated image y saved in /home/nicolas/Repulsive-score-distillation-RSD-/constrained_sampling/_exp/deg/x_deg.png
[2024-09-21 18:01:28,548][main][INFO] - Input image:00089.png
[2024-09-21 18:01:28,557][main][INFO] - Degradated image y saved in /home/nicolas/Repulsive-score-distillation-RSD-/constrained_sampling/_exp/deg/x_deg.png
[2024-09-21 18:02:25,130][main][INFO] - Input image:00090.png
[2024-09-21 18:02:25,140][main][INFO] - Degradated image y saved in /home/nicolas/Repulsive-score-distillation-RSD-/constrained_sampling/_exp/deg/x_deg.png
[2024-09-21 18:03:21,627][main][INFO] - Input image:00091.png
[2024-09-21 18:03:21,637][main][INFO] - Degradated image y saved in /home/nicolas/Repulsive-score-distillation-RSD-/constrained_sampling/_exp/deg/x_deg.png
[2024-09-21 18:04:18,189][main][INFO] - Input image:00092.png
[2024-09-21 18:04:18,199][main][INFO] - Degradated image y saved in /home/nicolas/Repulsive-score-distillation-RSD-/constrained_sampling/_exp/deg/x_deg.png
[2024-09-21 18:05:14,743][main][INFO] - Input image:00093.png
[2024-09-21 18:05:14,752][main][INFO] - Degradated image y saved in /home/nicolas/Repulsive-score-distillation-RSD-/constrained_sampling/_exp/deg/x_deg.png
[2024-09-21 18:06:11,320][main][INFO] - Input image:00094.png
[2024-09-21 18:06:11,330][main][INFO] - Degradated image y saved in /home/nicolas/Repulsive-score-distillation-RSD-/constrained_sampling/_exp/deg/x_deg.png
[2024-09-21 18:07:07,867][main][INFO] - Input image:00095.png
[2024-09-21 18:07:07,876][main][INFO] - Degradated image y saved in /home/nicolas/Repulsive-score-distillation-RSD-/constrained_sampling/_exp/deg/x_deg.png
[2024-09-21 18:08:04,478][main][INFO] - Input image:00096.png
[2024-09-21 18:08:04,487][main][INFO] - Degradated image y saved in /home/nicolas/Repulsive-score-distillation-RSD-/constrained_sampling/_exp/deg/x_deg.png
[2024-09-21 18:09:01,035][main][INFO] - Input image:00097.png
[2024-09-21 18:09:01,045][main][INFO] - Degradated image y saved in /home/nicolas/Repulsive-score-distillation-RSD-/constrained_sampling/_exp/deg/x_deg.png
[2024-09-21 18:09:57,629][main][INFO] - Input image:00098.png
[2024-09-21 18:09:57,639][main][INFO] - Degradated image y saved in /home/nicolas/Repulsive-score-distillation-RSD-/constrained_sampling/_exp/deg/x_deg.png
[2024-09-21 18:10:54,180][main][INFO] - Input image:00099.png
[2024-09-21 18:10:54,189][main][INFO] - Degradated image y saved in /home/nicolas/Repulsive-score-distillation-RSD-/constrained_sampling/_exp/deg/x_deg.png
[2024-09-21 18:11:50,748][main][INFO] - Input image:00100.png
[2024-09-21 18:11:50,757][main][INFO] - Degradated image y saved in /home/nicolas/Repulsive-score-distillation-RSD-/constrained_sampling/_exp/deg/x_deg.png
[2024-09-21 18:12:47,298][main][INFO] - Input image:00101.png
[2024-09-21 18:12:47,308][main][INFO] - Degradated image y saved in /home/nicolas/Repulsive-score-distillation-RSD-/constrained_sampling/_exp/deg/x_deg.png
[2024-09-21 18:13:43,897][main][INFO] - Input image:00102.png
[2024-09-21 18:13:43,907][main][INFO] - Degradated image y saved in /home/nicolas/Repulsive-score-distillation-RSD-/constrained_sampling/_exp/deg/x_deg.png
[2024-09-21 18:14:40,415][main][INFO] - Input image:00103.png
[2024-09-21 18:14:40,424][main][INFO] - Degradated image y saved in /home/nicolas/Repulsive-score-distillation-RSD-/constrained_sampling/_exp/deg/x_deg.png
[2024-09-21 18:15:36,974][main][INFO] - Input image:00104.png
[2024-09-21 18:15:36,984][main][INFO] - Degradated image y saved in /home/nicolas/Repulsive-score-distillation-RSD-/constrained_sampling/_exp/deg/x_deg.png
[2024-09-21 18:16:33,562][main][INFO] - Input image:00105.png
[2024-09-21 18:16:33,572][main][INFO] - Degradated image y saved in /home/nicolas/Repulsive-score-distillation-RSD-/constrained_sampling/_exp/deg/x_deg.png
[2024-09-21 18:17:30,134][main][INFO] - Input image:00106.png
[2024-09-21 18:17:30,143][main][INFO] - Degradated image y saved in /home/nicolas/Repulsive-score-distillation-RSD-/constrained_sampling/_exp/deg/x_deg.png
[2024-09-21 18:18:26,689][main][INFO] - Input image:00107.png
[2024-09-21 18:18:26,699][main][INFO] - Degradated image y saved in /home/nicolas/Repulsive-score-distillation-RSD-/constrained_sampling/_exp/deg/x_deg.png
[2024-09-21 18:19:23,288][main][INFO] - Input image:00108.png
[2024-09-21 18:19:23,297][main][INFO] - Degradated image y saved in /home/nicolas/Repulsive-score-distillation-RSD-/constrained_sampling/_exp/deg/x_deg.png
[2024-09-21 18:20:19,844][main][INFO] - Input image:00109.png
[2024-09-21 18:20:19,854][main][INFO] - Degradated image y saved in /home/nicolas/Repulsive-score-distillation-RSD-/constrained_sampling/_exp/deg/x_deg.png
[2024-09-21 18:21:16,413][main][INFO] - Input image:00110.png
[2024-09-21 18:21:16,422][main][INFO] - Degradated image y saved in /home/nicolas/Repulsive-score-distillation-RSD-/constrained_sampling/_exp/deg/x_deg.png
[2024-09-21 18:22:12,936][main][INFO] - Input image:00111.png
[2024-09-21 18:22:12,946][main][INFO] - Degradated image y saved in /home/nicolas/Repulsive-score-distillation-RSD-/constrained_sampling/_exp/deg/x_deg.png
[2024-09-21 18:23:09,509][main][INFO] - Input image:00112.png
[2024-09-21 18:23:09,524][main][INFO] - Degradated image y saved in /home/nicolas/Repulsive-score-distillation-RSD-/constrained_sampling/_exp/deg/x_deg.png
[2024-09-21 18:24:06,056][main][INFO] - Input image:00113.png
[2024-09-21 18:24:06,066][main][INFO] - Degradated image y saved in /home/nicolas/Repulsive-score-distillation-RSD-/constrained_sampling/_exp/deg/x_deg.png
[2024-09-21 18:25:02,787][main][INFO] - Input image:00114.png
[2024-09-21 18:25:02,797][main][INFO] - Degradated image y saved in /home/nicolas/Repulsive-score-distillation-RSD-/constrained_sampling/_exp/deg/x_deg.png
[2024-09-21 18:25:59,373][main][INFO] - Input image:00115.png
[2024-09-21 18:25:59,383][main][INFO] - Degradated image y saved in /home/nicolas/Repulsive-score-distillation-RSD-/constrained_sampling/_exp/deg/x_deg.png
[2024-09-21 18:26:55,998][main][INFO] - Input image:00116.png
[2024-09-21 18:26:56,008][main][INFO] - Degradated image y saved in /home/nicolas/Repulsive-score-distillation-RSD-/constrained_sampling/_exp/deg/x_deg.png
[2024-09-21 18:27:52,619][main][INFO] - Input image:00117.png
[2024-09-21 18:27:52,629][main][INFO] - Degradated image y saved in /home/nicolas/Repulsive-score-distillation-RSD-/constrained_sampling/_exp/deg/x_deg.png
[2024-09-21 18:28:49,217][main][INFO] - Input image:00118.png
[2024-09-21 18:28:49,227][main][INFO] - Degradated image y saved in /home/nicolas/Repulsive-score-distillation-RSD-/constrained_sampling/_exp/deg/x_deg.png
[2024-09-21 18:29:45,787][main][INFO] - Input image:00119.png
[2024-09-21 18:29:45,799][main][INFO] - Degradated image y saved in /home/nicolas/Repulsive-score-distillation-RSD-/constrained_sampling/_exp/deg/x_deg.png
[2024-09-21 18:30:42,396][main][INFO] - Input image:00120.png
[2024-09-21 18:30:42,406][main][INFO] - Degradated image y saved in /home/nicolas/Repulsive-score-distillation-RSD-/constrained_sampling/_exp/deg/x_deg.png
[2024-09-21 18:31:38,954][main][INFO] - Input image:00121.png
[2024-09-21 18:31:38,964][main][INFO] - Degradated image y saved in /home/nicolas/Repulsive-score-distillation-RSD-/constrained_sampling/_exp/deg/x_deg.png
[2024-09-21 18:32:35,554][main][INFO] - Input image:00122.png
[2024-09-21 18:32:35,563][main][INFO] - Degradated image y saved in /home/nicolas/Repulsive-score-distillation-RSD-/constrained_sampling/_exp/deg/x_deg.png
[2024-09-21 18:33:32,129][main][INFO] - Input image:00123.png
[2024-09-21 18:33:32,139][main][INFO] - Degradated image y saved in /home/nicolas/Repulsive-score-distillation-RSD-/constrained_sampling/_exp/deg/x_deg.png
[2024-09-21 18:34:28,717][main][INFO] - Input image:00124.png
[2024-09-21 18:34:28,727][main][INFO] - Degradated image y saved in /home/nicolas/Repulsive-score-distillation-RSD-/constrained_sampling/_exp/deg/x_deg.png
[2024-09-21 18:35:25,283][main][INFO] - Input image:00125.png
[2024-09-21 18:35:25,293][main][INFO] - Degradated image y saved in /home/nicolas/Repulsive-score-distillation-RSD-/constrained_sampling/_exp/deg/x_deg.png
[2024-09-21 18:36:21,884][main][INFO] - Input image:00126.png
[2024-09-21 18:36:21,894][main][INFO] - Degradated image y saved in /home/nicolas/Repulsive-score-distillation-RSD-/constrained_sampling/_exp/deg/x_deg.png
[2024-09-21 18:37:18,417][main][INFO] - Input image:00127.png
[2024-09-21 18:37:18,426][main][INFO] - Degradated image y saved in /home/nicolas/Repulsive-score-distillation-RSD-/constrained_sampling/_exp/deg/x_deg.png
[2024-09-21 18:38:15,025][main][INFO] - Input image:00128.png
[2024-09-21 18:38:15,035][main][INFO] - Degradated image y saved in /home/nicolas/Repulsive-score-distillation-RSD-/constrained_sampling/_exp/deg/x_deg.png
[2024-09-21 18:39:11,588][main][INFO] - Input image:00129.png
[2024-09-21 18:39:11,598][main][INFO] - Degradated image y saved in /home/nicolas/Repulsive-score-distillation-RSD-/constrained_sampling/_exp/deg/x_deg.png
[2024-09-21 18:40:08,198][main][INFO] - Input image:00130.png
[2024-09-21 18:40:08,207][main][INFO] - Degradated image y saved in /home/nicolas/Repulsive-score-distillation-RSD-/constrained_sampling/_exp/deg/x_deg.png
[2024-09-21 18:41:04,733][main][INFO] - Input image:00131.png
[2024-09-21 18:41:04,743][main][INFO] - Degradated image y saved in /home/nicolas/Repulsive-score-distillation-RSD-/constrained_sampling/_exp/deg/x_deg.png
[2024-09-21 18:42:01,352][main][INFO] - Input image:00132.png
[2024-09-21 18:42:01,362][main][INFO] - Degradated image y saved in /home/nicolas/Repulsive-score-distillation-RSD-/constrained_sampling/_exp/deg/x_deg.png
[2024-09-21 18:42:57,934][main][INFO] - Input image:00133.png
[2024-09-21 18:42:57,943][main][INFO] - Degradated image y saved in /home/nicolas/Repulsive-score-distillation-RSD-/constrained_sampling/_exp/deg/x_deg.png
[2024-09-21 18:43:54,542][main][INFO] - Input image:00134.png
[2024-09-21 18:43:54,552][main][INFO] - Degradated image y saved in /home/nicolas/Repulsive-score-distillation-RSD-/constrained_sampling/_exp/deg/x_deg.png
[2024-09-21 18:44:51,143][main][INFO] - Input image:00135.png
[2024-09-21 18:44:51,153][main][INFO] - Degradated image y saved in /home/nicolas/Repulsive-score-distillation-RSD-/constrained_sampling/_exp/deg/x_deg.png
[2024-09-21 18:45:47,755][main][INFO] - Input image:00136.png
[2024-09-21 18:45:47,765][main][INFO] - Degradated image y saved in /home/nicolas/Repulsive-score-distillation-RSD-/constrained_sampling/_exp/deg/x_deg.png
[2024-09-21 18:46:44,295][main][INFO] - Input image:00137.png
[2024-09-21 18:46:44,305][main][INFO] - Degradated image y saved in /home/nicolas/Repulsive-score-distillation-RSD-/constrained_sampling/_exp/deg/x_deg.png
